<?xml version="1.0" encoding="UTF-8"?>
<robot generator="Robot 7.3.2 (Python 3.13.5 on win32)" generated="2025-08-21T17:17:24.720424" rpa="false" schemaversion="5">
<suite id="s1" name="Tests" source="D:\Automation practice\Robot Training\Tests">
<suite id="s1-s1" name="RestApi" source="D:\Automation practice\Robot Training\Tests\RestApi">
<suite id="s1-s1-s1" name="FirstApi" source="D:\Automation practice\Robot Training\Tests\RestApi\FirstApi.robot">
<test id="s1-s1-s1-t1" name="First test On Rest API" line="10">
<kw name="Create Session" owner="RequestsLibrary">
<msg time="2025-08-21T17:17:30.556555" level="INFO">Creating Session using : alias=ses, url=https://jsonplaceholder.typicode.com, headers={},                     cookies={}, auth=None, timeout=None, proxies=None, verify=False,                     debug=0 </msg>
<msg time="2025-08-21T17:17:30.564353" level="INFO">${Session} = &lt;requests.sessions.Session object at 0x00000287379D2120&gt;</msg>
<var>${Session}</var>
<arg>ses</arg>
<arg>${url}</arg>
<doc>Create Session: create a HTTP session to a server</doc>
<status status="PASS" start="2025-08-21T17:17:30.554529" elapsed="0.009981"/>
</kw>
<kw name="Log To Console" owner="BuiltIn">
<arg>Created Session:${Session}</arg>
<doc>Logs the given message to the console.</doc>
<status status="PASS" start="2025-08-21T17:17:30.565206" elapsed="0.001209"/>
</kw>
<kw name="Session Exists" owner="RequestsLibrary">
<msg time="2025-08-21T17:17:30.567529" level="INFO">${is_exist} = True</msg>
<var>${is_exist}</var>
<arg>ses</arg>
<doc>Return True if the session has been already created</doc>
<status status="PASS" start="2025-08-21T17:17:30.566914" elapsed="0.000725"/>
</kw>
<kw name="Should Be True" owner="BuiltIn">
<arg>${is_exist}</arg>
<doc>Fails if the given condition is not true.</doc>
<status status="PASS" start="2025-08-21T17:17:30.568005" elapsed="0.000617"/>
</kw>
<kw name="Log To Console" owner="BuiltIn">
<arg>${is_exist}</arg>
<doc>Logs the given message to the console.</doc>
<status status="PASS" start="2025-08-21T17:17:30.569016" elapsed="0.000643"/>
</kw>
<status status="PASS" start="2025-08-21T17:17:30.551295" elapsed="0.018750"/>
</test>
<status status="PASS" start="2025-08-21T17:17:25.843034" elapsed="4.729551"/>
</suite>
<status status="PASS" start="2025-08-21T17:17:25.839167" elapsed="4.735292"/>
</suite>
<status status="PASS" start="2025-08-21T17:17:25.775757" elapsed="4.802327"/>
</suite>
<statistics>
<total>
<stat pass="1" fail="0" skip="0">All Tests</stat>
</total>
<tag>
</tag>
<suite>
<stat name="Tests" id="s1" pass="1" fail="0" skip="0">Tests</stat>
<stat name="RestApi" id="s1-s1" pass="1" fail="0" skip="0">Tests.RestApi</stat>
<stat name="FirstApi" id="s1-s1-s1" pass="1" fail="0" skip="0">Tests.RestApi.FirstApi</stat>
</suite>
</statistics>
<errors>
</errors>
</robot>
