<?xml version="1.0" encoding="UTF-8"?>
<robot generator="Robot 7.3.2 (Python 3.13.5 on win32)" generated="2025-08-21T17:42:59.546187" rpa="false" schemaversion="5">
<suite id="s1" name="Tests" source="D:\Automation practice\Robot Training\Tests">
<suite id="s1-s1" name="RestApi" source="D:\Automation practice\Robot Training\Tests\RestApi">
<suite id="s1-s1-s1" name="FirstApi" source="D:\Automation practice\Robot Training\Tests\RestApi\FirstApi.robot">
<test id="s1-s1-s1-t1" name="First test On Rest API" line="10">
<kw name="Create Session" owner="RequestsLibrary">
<msg time="2025-08-21T17:43:08.487884" level="INFO">Creating Session using : alias=ses, url=https://jsonplaceholder.typicode.com, headers={},                     cookies={}, auth=None, timeout=None, proxies=None, verify=False,                     debug=0 </msg>
<msg time="2025-08-21T17:43:08.488998" level="INFO">${Session} = &lt;requests.sessions.Session object at 0x00000218C6E32120&gt;</msg>
<var>${Session}</var>
<arg>ses</arg>
<arg>${url}</arg>
<doc>Create Session: create a HTTP session to a server</doc>
<status status="PASS" start="2025-08-21T17:43:08.487140" elapsed="0.002160"/>
</kw>
<kw name="Log To Console" owner="BuiltIn">
<arg>Created Session:${Session}</arg>
<doc>Logs the given message to the console.</doc>
<status status="PASS" start="2025-08-21T17:43:08.490438" elapsed="0.000868"/>
</kw>
<kw name="Session Exists" owner="RequestsLibrary">
<msg time="2025-08-21T17:43:08.492439" level="INFO">${is_exist} = True</msg>
<var>${is_exist}</var>
<arg>ses</arg>
<doc>Return True if the session has been already created</doc>
<status status="PASS" start="2025-08-21T17:43:08.491842" elapsed="0.000691"/>
</kw>
<kw name="Should Be True" owner="BuiltIn">
<arg>${is_exist}</arg>
<doc>Fails if the given condition is not true.</doc>
<status status="PASS" start="2025-08-21T17:43:08.493524" elapsed="0.001609"/>
</kw>
<kw name="Log To Console" owner="BuiltIn">
<arg>${is_exist}</arg>
<doc>Logs the given message to the console.</doc>
<status status="PASS" start="2025-08-21T17:43:08.495880" elapsed="0.002286"/>
</kw>
<status status="PASS" start="2025-08-21T17:43:08.481760" elapsed="0.017822"/>
</test>
<status status="PASS" start="2025-08-21T17:42:59.965031" elapsed="8.536469"/>
</suite>
<status status="PASS" start="2025-08-21T17:42:59.960706" elapsed="8.542943"/>
</suite>
<status status="PASS" start="2025-08-21T17:42:59.873879" elapsed="8.634864"/>
</suite>
<statistics>
<total>
<stat pass="1" fail="0" skip="0">All Tests</stat>
</total>
<tag>
</tag>
<suite>
<stat name="Tests" id="s1" pass="1" fail="0" skip="0">Tests</stat>
<stat name="RestApi" id="s1-s1" pass="1" fail="0" skip="0">Tests.RestApi</stat>
<stat name="FirstApi" id="s1-s1-s1" pass="1" fail="0" skip="0">Tests.RestApi.FirstApi</stat>
</suite>
</statistics>
<errors>
</errors>
</robot>
