<?xml version="1.0" encoding="UTF-8"?>
<robot generator="Robot 7.3.2 (Python 3.13.5 on win32)" generated="2025-08-21T15:58:03.989024" rpa="false" schemaversion="5">
<suite id="s1" name="Tests" source="D:\Automation practice\Robot Training\Tests">
<suite id="s1-s1" name="RestApi" source="D:\Automation practice\Robot Training\Tests\RestApi">
<suite id="s1-s1-s1" name="FirstApi" source="D:\Automation practice\Robot Training\Tests\RestApi\FirstApi.robot">
<test id="s1-s1-s1-t1" name="First test On Rest API" line="10">
<kw name="Create Session" owner="RequestsLibrary">
<msg time="2025-08-21T15:58:10.321240" level="INFO">Creating Session using : alias=ses, url=https://jsonplaceholder.typicode.com, headers={},                     cookies={}, auth=None, timeout=None, proxies=None, verify=False,                     debug=0 </msg>
<msg time="2025-08-21T15:58:10.322039" level="INFO">${Session} = &lt;requests.sessions.Session object at 0x000001B383CB2120&gt;</msg>
<var>${Session}</var>
<arg>ses</arg>
<arg>${url}</arg>
<doc>Create Session: create a HTTP session to a server</doc>
<status status="PASS" start="2025-08-21T15:58:10.320434" elapsed="0.001751"/>
</kw>
<kw name="Log To Console" owner="BuiltIn">
<arg>Created Session:${Session}</arg>
<doc>Logs the given message to the console.</doc>
<status status="PASS" start="2025-08-21T15:58:10.322707" elapsed="0.000779"/>
</kw>
<kw name="Session Exists" owner="RequestsLibrary">
<msg time="2025-08-21T15:58:10.324668" level="INFO">${is_exist} = True</msg>
<var>${is_exist}</var>
<arg>ses</arg>
<doc>Return True if the session has been already created</doc>
<status status="PASS" start="2025-08-21T15:58:10.323891" elapsed="0.001189"/>
</kw>
<kw name="Should Be True" owner="BuiltIn">
<arg>${is_exist}</arg>
<doc>Fails if the given condition is not true.</doc>
<status status="PASS" start="2025-08-21T15:58:10.325490" elapsed="0.000572"/>
</kw>
<kw name="Log To Console" owner="BuiltIn">
<arg>${is_exist}</arg>
<doc>Logs the given message to the console.</doc>
<status status="PASS" start="2025-08-21T15:58:10.326417" elapsed="0.000607"/>
</kw>
<status status="PASS" start="2025-08-21T15:58:10.314453" elapsed="0.012973"/>
</test>
<status status="PASS" start="2025-08-21T15:58:04.253049" elapsed="6.075967"/>
</suite>
<status status="PASS" start="2025-08-21T15:58:04.247948" elapsed="6.082903"/>
</suite>
<status status="PASS" start="2025-08-21T15:58:04.171369" elapsed="6.166175"/>
</suite>
<statistics>
<total>
<stat pass="1" fail="0" skip="0">All Tests</stat>
</total>
<tag>
</tag>
<suite>
<stat name="Tests" id="s1" pass="1" fail="0" skip="0">Tests</stat>
<stat name="RestApi" id="s1-s1" pass="1" fail="0" skip="0">Tests.RestApi</stat>
<stat name="FirstApi" id="s1-s1-s1" pass="1" fail="0" skip="0">Tests.RestApi.FirstApi</stat>
</suite>
</statistics>
<errors>
</errors>
</robot>
