<?xml version="1.0" encoding="UTF-8"?>
<robot generator="Robot 7.3.2 (Python 3.13.5 on win32)" generated="2025-08-21T12:50:14.979976" rpa="false" schemaversion="5">
<suite id="s1" name="Tests" source="D:\Automation practice\Robot Training\Tests">
<suite id="s1-s1" name="LoginTest" source="D:\Automation practice\Robot Training\Tests\LoginTest.robot">
<test id="s1-s1-t1" name="Valid Login Test" line="11">
<kw name="Open Login Page" owner="LoginPageKw" type="SETUP">
<kw name="Open Browser" owner="SeleniumLibrary">
<msg time="2025-08-21T12:50:17.436308" level="INFO">Opening browser 'chrome' to base url 'https://opensource-demo.orangehrmlive.com/web/index.php/auth/login'.</msg>
<arg>${URL}</arg>
<arg>chrome</arg>
<doc>Opens a new browser instance to the optional ``url``.</doc>
<status status="PASS" start="2025-08-21T12:50:17.433817" elapsed="6.764202"/>
</kw>
<kw name="Maximize Browser Window" owner="SeleniumLibrary">
<doc>Maximizes current browser window.</doc>
<status status="PASS" start="2025-08-21T12:50:24.199147" elapsed="0.224606"/>
</kw>
<kw name="Sleep" owner="BuiltIn">
<msg time="2025-08-21T12:50:27.425616" level="INFO">Slept 3 seconds.</msg>
<arg>3s</arg>
<doc>Pauses the test executed for the given time.</doc>
<status status="PASS" start="2025-08-21T12:50:24.424251" elapsed="3.001661"/>
</kw>
<status status="PASS" start="2025-08-21T12:50:17.430165" elapsed="9.996117"/>
</kw>
<kw name="Login" owner="LoginPageKw">
<kw name="Input User" owner="LoginPageKw">
<kw name="Input Text" owner="SeleniumLibrary">
<msg time="2025-08-21T12:50:27.430723" level="INFO">Typing text 'Admin' into text field 'name=username'.</msg>
<arg>${USERNAME_FIELD}</arg>
<arg>${username}</arg>
<doc>Types the given ``text`` into the text field identified by ``locator``.</doc>
<status status="PASS" start="2025-08-21T12:50:27.429513" elapsed="0.578739"/>
</kw>
<arg>${user}</arg>
<status status="PASS" start="2025-08-21T12:50:27.428537" elapsed="0.580232"/>
</kw>
<kw name="Input Pass" owner="LoginPageKw">
<kw name="Input Text" owner="SeleniumLibrary">
<msg time="2025-08-21T12:50:28.011477" level="INFO">Typing text 'admin123' into text field 'name=password'.</msg>
<arg>${PASSWORD_FIELD}</arg>
<arg>${password}</arg>
<doc>Types the given ``text`` into the text field identified by ``locator``.</doc>
<status status="PASS" start="2025-08-21T12:50:28.010369" elapsed="0.400019"/>
</kw>
<arg>${pass}</arg>
<status status="PASS" start="2025-08-21T12:50:28.009376" elapsed="0.401393"/>
</kw>
<kw name="Click Login Button" owner="LoginPageKw">
<kw name="Click Button" owner="SeleniumLibrary">
<msg time="2025-08-21T12:50:28.413975" level="INFO">Clicking button 'xpath=//button[@type='submit']'.</msg>
<arg>${LOGIN_BUTTON}</arg>
<doc>Clicks the button identified by ``locator``.</doc>
<status status="PASS" start="2025-08-21T12:50:28.413311" elapsed="1.510713"/>
</kw>
<status status="PASS" start="2025-08-21T12:50:28.412229" elapsed="1.512118"/>
</kw>
<kw name="Page Should Contain text" owner="LoginPageKw">
<kw name="Sleep" owner="BuiltIn">
<msg time="2025-08-21T12:50:31.928857" level="INFO">Slept 2 seconds.</msg>
<arg>2s</arg>
<doc>Pauses the test executed for the given time.</doc>
<status status="PASS" start="2025-08-21T12:50:29.925715" elapsed="2.003871"/>
</kw>
<kw name="Page Should Contain" owner="SeleniumLibrary">
<msg time="2025-08-21T12:50:32.303177" level="INFO">Current page contains text 'Dashboard'.</msg>
<arg>${message}</arg>
<doc>Verifies that current page contains ``text``.</doc>
<status status="PASS" start="2025-08-21T12:50:31.930006" elapsed="0.373417"/>
</kw>
<arg>${message}</arg>
<status status="PASS" start="2025-08-21T12:50:29.924815" elapsed="2.378916"/>
</kw>
<arg>Admin</arg>
<arg>admin123</arg>
<arg>Dashboard</arg>
<status status="PASS" start="2025-08-21T12:50:27.427144" elapsed="4.876851"/>
</kw>
<kw name="Close Browser" owner="SeleniumLibrary" type="TEARDOWN">
<doc>Closes the current browser.</doc>
<status status="PASS" start="2025-08-21T12:50:32.304676" elapsed="4.815920"/>
</kw>
<status status="PASS" start="2025-08-21T12:50:17.426916" elapsed="19.693958"/>
</test>
<test id="s1-s1-t2" name="Invalid Login Test" line="14">
<kw name="Open Login Page" owner="LoginPageKw" type="SETUP">
<kw name="Open Browser" owner="SeleniumLibrary">
<msg time="2025-08-21T12:50:37.207659" level="INFO">Opening browser 'chrome' to base url 'https://opensource-demo.orangehrmlive.com/web/index.php/auth/login'.</msg>
<arg>${URL}</arg>
<arg>chrome</arg>
<doc>Opens a new browser instance to the optional ``url``.</doc>
<status status="PASS" start="2025-08-21T12:50:37.194839" elapsed="5.017134"/>
</kw>
<kw name="Maximize Browser Window" owner="SeleniumLibrary">
<doc>Maximizes current browser window.</doc>
<status status="PASS" start="2025-08-21T12:50:42.212496" elapsed="0.048751"/>
</kw>
<kw name="Sleep" owner="BuiltIn">
<msg time="2025-08-21T12:50:45.262683" level="INFO">Slept 3 seconds.</msg>
<arg>3s</arg>
<doc>Pauses the test executed for the given time.</doc>
<status status="PASS" start="2025-08-21T12:50:42.261661" elapsed="3.001251"/>
</kw>
<status status="PASS" start="2025-08-21T12:50:37.133004" elapsed="8.130077"/>
</kw>
<kw name="Login" owner="LoginPageKw">
<kw name="Input User" owner="LoginPageKw">
<kw name="Input Text" owner="SeleniumLibrary">
<msg time="2025-08-21T12:50:45.265963" level="INFO">Typing text 'Admin' into text field 'name=username'.</msg>
<arg>${USERNAME_FIELD}</arg>
<arg>${username}</arg>
<doc>Types the given ``text`` into the text field identified by ``locator``.</doc>
<status status="PASS" start="2025-08-21T12:50:45.264981" elapsed="0.125689"/>
</kw>
<arg>${user}</arg>
<status status="PASS" start="2025-08-21T12:50:45.264125" elapsed="0.126854"/>
</kw>
<kw name="Input Pass" owner="LoginPageKw">
<kw name="Input Text" owner="SeleniumLibrary">
<msg time="2025-08-21T12:50:45.393477" level="INFO">Typing text 'Admin' into text field 'name=password'.</msg>
<arg>${PASSWORD_FIELD}</arg>
<arg>${password}</arg>
<doc>Types the given ``text`` into the text field identified by ``locator``.</doc>
<status status="PASS" start="2025-08-21T12:50:45.392131" elapsed="0.121781"/>
</kw>
<arg>${pass}</arg>
<status status="PASS" start="2025-08-21T12:50:45.391311" elapsed="0.123056"/>
</kw>
<kw name="Click Login Button" owner="LoginPageKw">
<kw name="Click Button" owner="SeleniumLibrary">
<msg time="2025-08-21T12:50:45.515750" level="INFO">Clicking button 'xpath=//button[@type='submit']'.</msg>
<arg>${LOGIN_BUTTON}</arg>
<doc>Clicks the button identified by ``locator``.</doc>
<status status="PASS" start="2025-08-21T12:50:45.515349" elapsed="1.278635"/>
</kw>
<status status="PASS" start="2025-08-21T12:50:45.514783" elapsed="1.279366"/>
</kw>
<kw name="Page Should Contain text" owner="LoginPageKw">
<kw name="Sleep" owner="BuiltIn">
<msg time="2025-08-21T12:50:48.798384" level="INFO">Slept 2 seconds.</msg>
<arg>2s</arg>
<doc>Pauses the test executed for the given time.</doc>
<status status="PASS" start="2025-08-21T12:50:46.794942" elapsed="2.003770"/>
</kw>
<kw name="Page Should Contain" owner="SeleniumLibrary">
<msg time="2025-08-21T12:50:48.848829" level="INFO">Current page contains text 'Invalid credentials'.</msg>
<arg>${message}</arg>
<doc>Verifies that current page contains ``text``.</doc>
<status status="PASS" start="2025-08-21T12:50:48.799213" elapsed="0.049850"/>
</kw>
<arg>${message}</arg>
<status status="PASS" start="2025-08-21T12:50:46.794400" elapsed="2.054950"/>
</kw>
<arg>Admin</arg>
<arg>Admin</arg>
<arg>Invalid credentials</arg>
<status status="PASS" start="2025-08-21T12:50:45.263415" elapsed="3.586159"/>
</kw>
<kw name="Close Browser" owner="SeleniumLibrary" type="TEARDOWN">
<doc>Closes the current browser.</doc>
<status status="PASS" start="2025-08-21T12:50:48.850160" elapsed="3.028361"/>
</kw>
<status status="PASS" start="2025-08-21T12:50:37.127513" elapsed="14.751271"/>
</test>
<status status="PASS" start="2025-08-21T12:50:15.396064" elapsed="36.484558"/>
</suite>
<status status="PASS" start="2025-08-21T12:50:15.150029" elapsed="36.732651"/>
</suite>
<statistics>
<total>
<stat pass="2" fail="0" skip="0">All Tests</stat>
</total>
<tag>
</tag>
<suite>
<stat name="Tests" id="s1" pass="2" fail="0" skip="0">Tests</stat>
<stat name="LoginTest" id="s1-s1" pass="2" fail="0" skip="0">Tests.LoginTest</stat>
</suite>
</statistics>
<errors>
</errors>
</robot>
