<?xml version="1.0" encoding="UTF-8"?>
<robot generator="Robot 7.3.2 (Python 3.13.5 on win32)" generated="2025-08-21T17:28:19.274607" rpa="false" schemaversion="5">
<suite id="s1" name="Tests" source="D:\Automation practice\Robot Training\Tests">
<suite id="s1-s1" name="LoginTest" source="D:\Automation practice\Robot Training\Tests\LoginTest.robot">
<test id="s1-s1-t1" name="Valid Login Test" line="11">
<kw name="Open Login Page" owner="LoginPageKw" type="SETUP">
<kw name="Open Browser" owner="SeleniumLibrary">
<msg time="2025-08-21T17:28:21.848035" level="INFO">Opening browser 'headlesschrome' to base url 'https://opensource-demo.orangehrmlive.com/web/index.php/auth/login'.</msg>
<arg>${URL}</arg>
<arg>${BROWSER}</arg>
<doc>Opens a new browser instance to the optional ``url``.</doc>
<status status="PASS" start="2025-08-21T17:28:21.847412" elapsed="7.183805"/>
</kw>
<kw name="Maximize Browser Window" owner="SeleniumLibrary">
<doc>Maximizes current browser window.</doc>
<status status="PASS" start="2025-08-21T17:28:29.031855" elapsed="0.189254"/>
</kw>
<kw name="Sleep" owner="BuiltIn">
<msg time="2025-08-21T17:28:32.222448" level="INFO">Slept 3 seconds.</msg>
<arg>3s</arg>
<doc>Pauses the test executed for the given time.</doc>
<status status="PASS" start="2025-08-21T17:28:29.221497" elapsed="3.001662"/>
</kw>
<status status="PASS" start="2025-08-21T17:28:21.845958" elapsed="10.377636"/>
</kw>
<kw name="Login" owner="LoginPageKw">
<kw name="Input User" owner="LoginPageKw">
<kw name="Input Text" owner="SeleniumLibrary">
<msg time="2025-08-21T17:28:32.227130" level="INFO">Typing text 'Admin' into text field 'name=username'.</msg>
<arg>${USERNAME_FIELD}</arg>
<arg>${username}</arg>
<doc>Types the given ``text`` into the text field identified by ``locator``.</doc>
<status status="PASS" start="2025-08-21T17:28:32.226144" elapsed="2.459025"/>
</kw>
<arg>${user}</arg>
<status status="PASS" start="2025-08-21T17:28:32.225336" elapsed="2.460197"/>
</kw>
<kw name="Input Pass" owner="LoginPageKw">
<kw name="Input Text" owner="SeleniumLibrary">
<msg time="2025-08-21T17:28:34.687556" level="INFO">Typing text 'admin123' into text field 'name=password'.</msg>
<arg>${PASSWORD_FIELD}</arg>
<arg>${password}</arg>
<doc>Types the given ``text`` into the text field identified by ``locator``.</doc>
<status status="PASS" start="2025-08-21T17:28:34.686795" elapsed="0.520898"/>
</kw>
<arg>${pass}</arg>
<status status="PASS" start="2025-08-21T17:28:34.685931" elapsed="0.522109"/>
</kw>
<kw name="Click Login Button" owner="LoginPageKw">
<kw name="Click Button" owner="SeleniumLibrary">
<msg time="2025-08-21T17:28:35.210525" level="INFO">Clicking button 'xpath=//button[@type='submit']'.</msg>
<arg>${LOGIN_BUTTON}</arg>
<doc>Clicks the button identified by ``locator``.</doc>
<status status="PASS" start="2025-08-21T17:28:35.209795" elapsed="0.279412"/>
</kw>
<status status="PASS" start="2025-08-21T17:28:35.208589" elapsed="0.280970"/>
</kw>
<kw name="Page Should Contain text" owner="LoginPageKw">
<kw name="Sleep" owner="BuiltIn">
<msg time="2025-08-21T17:28:37.493039" level="INFO">Slept 2 seconds.</msg>
<arg>2s</arg>
<doc>Pauses the test executed for the given time.</doc>
<status status="PASS" start="2025-08-21T17:28:35.491320" elapsed="2.002030"/>
</kw>
<kw name="Page Should Contain" owner="SeleniumLibrary">
<msg time="2025-08-21T17:28:37.660594" level="INFO">Current page contains text 'Dashboard'.</msg>
<arg>${message}</arg>
<doc>Verifies that current page contains ``text``.</doc>
<status status="PASS" start="2025-08-21T17:28:37.493700" elapsed="0.167089"/>
</kw>
<arg>${message}</arg>
<status status="PASS" start="2025-08-21T17:28:35.490071" elapsed="2.170944"/>
</kw>
<arg>Admin</arg>
<arg>admin123</arg>
<arg>Dashboard</arg>
<status status="PASS" start="2025-08-21T17:28:32.224250" elapsed="5.436952"/>
</kw>
<kw name="Close Browser" owner="SeleniumLibrary" type="TEARDOWN">
<doc>Closes the current browser.</doc>
<status status="PASS" start="2025-08-21T17:28:37.661711" elapsed="5.064349"/>
</kw>
<status status="PASS" start="2025-08-21T17:28:21.843778" elapsed="20.882530"/>
</test>
<test id="s1-s1-t2" name="Invalid Login Test" line="14">
<kw name="Open Login Page" owner="LoginPageKw" type="SETUP">
<kw name="Open Browser" owner="SeleniumLibrary">
<msg time="2025-08-21T17:28:42.729837" level="INFO">Opening browser 'headlesschrome' to base url 'https://opensource-demo.orangehrmlive.com/web/index.php/auth/login'.</msg>
<arg>${URL}</arg>
<arg>${BROWSER}</arg>
<doc>Opens a new browser instance to the optional ``url``.</doc>
<status status="PASS" start="2025-08-21T17:28:42.729210" elapsed="6.143024"/>
</kw>
<kw name="Maximize Browser Window" owner="SeleniumLibrary">
<doc>Maximizes current browser window.</doc>
<status status="PASS" start="2025-08-21T17:28:48.872488" elapsed="0.021930"/>
</kw>
<kw name="Sleep" owner="BuiltIn">
<msg time="2025-08-21T17:28:51.895098" level="INFO">Slept 3 seconds.</msg>
<arg>3s</arg>
<doc>Pauses the test executed for the given time.</doc>
<status status="PASS" start="2025-08-21T17:28:48.894670" elapsed="3.000570"/>
</kw>
<status status="PASS" start="2025-08-21T17:28:42.728365" elapsed="9.167013"/>
</kw>
<kw name="Login" owner="LoginPageKw">
<kw name="Input User" owner="LoginPageKw">
<kw name="Input Text" owner="SeleniumLibrary">
<msg time="2025-08-21T17:28:51.896934" level="INFO">Typing text 'Admin' into text field 'name=username'.</msg>
<arg>${USERNAME_FIELD}</arg>
<arg>${username}</arg>
<doc>Types the given ``text`` into the text field identified by ``locator``.</doc>
<status status="PASS" start="2025-08-21T17:28:51.896573" elapsed="0.237389"/>
</kw>
<arg>${user}</arg>
<status status="PASS" start="2025-08-21T17:28:51.896179" elapsed="0.238059"/>
</kw>
<kw name="Input Pass" owner="LoginPageKw">
<kw name="Input Text" owner="SeleniumLibrary">
<msg time="2025-08-21T17:28:52.136460" level="INFO">Typing text 'Admin' into text field 'name=password'.</msg>
<arg>${PASSWORD_FIELD}</arg>
<arg>${password}</arg>
<doc>Types the given ``text`` into the text field identified by ``locator``.</doc>
<status status="PASS" start="2025-08-21T17:28:52.135564" elapsed="0.109593"/>
</kw>
<arg>${pass}</arg>
<status status="PASS" start="2025-08-21T17:28:52.134817" elapsed="0.110505"/>
</kw>
<kw name="Click Login Button" owner="LoginPageKw">
<kw name="Click Button" owner="SeleniumLibrary">
<msg time="2025-08-21T17:28:52.246399" level="INFO">Clicking button 'xpath=//button[@type='submit']'.</msg>
<arg>${LOGIN_BUTTON}</arg>
<doc>Clicks the button identified by ``locator``.</doc>
<status status="PASS" start="2025-08-21T17:28:52.246059" elapsed="0.125127"/>
</kw>
<status status="PASS" start="2025-08-21T17:28:52.245560" elapsed="0.125906"/>
</kw>
<kw name="Page Should Contain text" owner="LoginPageKw">
<kw name="Sleep" owner="BuiltIn">
<msg time="2025-08-21T17:28:54.373784" level="INFO">Slept 2 seconds.</msg>
<arg>2s</arg>
<doc>Pauses the test executed for the given time.</doc>
<status status="PASS" start="2025-08-21T17:28:52.372778" elapsed="2.001241"/>
</kw>
<kw name="Page Should Contain" owner="SeleniumLibrary">
<msg time="2025-08-21T17:28:54.638958" level="INFO">Current page contains text 'Invalid credentials'.</msg>
<arg>${message}</arg>
<doc>Verifies that current page contains ``text``.</doc>
<status status="PASS" start="2025-08-21T17:28:54.374412" elapsed="0.264762"/>
</kw>
<arg>${message}</arg>
<status status="PASS" start="2025-08-21T17:28:52.371834" elapsed="2.267582"/>
</kw>
<arg>Admin</arg>
<arg>Admin</arg>
<arg>Invalid credentials</arg>
<status status="PASS" start="2025-08-21T17:28:51.895661" elapsed="2.743952"/>
</kw>
<kw name="Close Browser" owner="SeleniumLibrary" type="TEARDOWN">
<doc>Closes the current browser.</doc>
<status status="PASS" start="2025-08-21T17:28:54.640129" elapsed="2.801936"/>
</kw>
<status status="PASS" start="2025-08-21T17:28:42.727290" elapsed="14.715119"/>
</test>
<status status="PASS" start="2025-08-21T17:28:19.335982" elapsed="38.108262"/>
</suite>
<status status="PASS" start="2025-08-21T17:28:19.302693" elapsed="38.143214"/>
</suite>
<statistics>
<total>
<stat pass="2" fail="0" skip="0">All Tests</stat>
</total>
<tag>
</tag>
<suite>
<stat name="Tests" id="s1" pass="2" fail="0" skip="0">Tests</stat>
<stat name="LoginTest" id="s1-s1" pass="2" fail="0" skip="0">Tests.LoginTest</stat>
</suite>
</statistics>
<errors>
</errors>
</robot>
