<?xml version="1.0" encoding="UTF-8"?>
<robot generator="Robot 7.3.2 (Python 3.13.5 on win32)" generated="2025-08-21T15:57:53.068083" rpa="false" schemaversion="5">
<suite id="s1" name="Tests" source="D:\Automation practice\Robot Training\Tests">
<suite id="s1-s1" name="LoginTest" source="D:\Automation practice\Robot Training\Tests\LoginTest.robot">
<test id="s1-s1-t1" name="Valid Login Test" line="11">
<kw name="Open Login Page" owner="LoginPageKw" type="SETUP">
<kw name="Open Browser" owner="SeleniumLibrary">
<msg time="2025-08-21T15:57:56.283067" level="INFO">Opening browser 'chrome' to base url 'https://opensource-demo.orangehrmlive.com/web/index.php/auth/login'.</msg>
<arg>${URL}</arg>
<arg>${BROWSER}</arg>
<doc>Opens a new browser instance to the optional ``url``.</doc>
<status status="PASS" start="2025-08-21T15:57:56.282107" elapsed="6.218273"/>
</kw>
<kw name="Maximize Browser Window" owner="SeleniumLibrary">
<doc>Maximizes current browser window.</doc>
<status status="PASS" start="2025-08-21T15:58:02.500846" elapsed="0.539570"/>
</kw>
<kw name="Sleep" owner="BuiltIn">
<msg time="2025-08-21T15:58:06.058345" level="INFO">Slept 3 seconds.</msg>
<arg>3s</arg>
<doc>Pauses the test executed for the given time.</doc>
<status status="PASS" start="2025-08-21T15:58:03.040919" elapsed="3.038194"/>
</kw>
<status status="PASS" start="2025-08-21T15:57:56.280354" elapsed="9.799143"/>
</kw>
<kw name="Login" owner="LoginPageKw">
<kw name="Input User" owner="LoginPageKw">
<kw name="Input Text" owner="SeleniumLibrary">
<msg time="2025-08-21T15:58:06.085246" level="INFO">Typing text 'Admin' into text field 'name=username'.</msg>
<arg>${USERNAME_FIELD}</arg>
<arg>${username}</arg>
<doc>Types the given ``text`` into the text field identified by ``locator``.</doc>
<status status="PASS" start="2025-08-21T15:58:06.084087" elapsed="0.931857"/>
</kw>
<arg>${user}</arg>
<status status="PASS" start="2025-08-21T15:58:06.083109" elapsed="0.933169"/>
</kw>
<kw name="Input Pass" owner="LoginPageKw">
<kw name="Input Text" owner="SeleniumLibrary">
<msg time="2025-08-21T15:58:07.032947" level="INFO">Typing text 'admin123' into text field 'name=password'.</msg>
<arg>${PASSWORD_FIELD}</arg>
<arg>${password}</arg>
<doc>Types the given ``text`` into the text field identified by ``locator``.</doc>
<status status="PASS" start="2025-08-21T15:58:07.021026" elapsed="3.185318"/>
</kw>
<arg>${pass}</arg>
<status status="PASS" start="2025-08-21T15:58:07.016723" elapsed="3.189967"/>
</kw>
<kw name="Click Login Button" owner="LoginPageKw">
<kw name="Click Button" owner="SeleniumLibrary">
<msg time="2025-08-21T15:58:10.208857" level="INFO">Clicking button 'xpath=//button[@type='submit']'.</msg>
<arg>${LOGIN_BUTTON}</arg>
<doc>Clicks the button identified by ``locator``.</doc>
<status status="PASS" start="2025-08-21T15:58:10.207981" elapsed="2.366300"/>
</kw>
<status status="PASS" start="2025-08-21T15:58:10.207147" elapsed="2.367474"/>
</kw>
<kw name="Page Should Contain text" owner="LoginPageKw">
<kw name="Sleep" owner="BuiltIn">
<msg time="2025-08-21T15:58:14.608118" level="INFO">Slept 2 seconds.</msg>
<arg>2s</arg>
<doc>Pauses the test executed for the given time.</doc>
<status status="PASS" start="2025-08-21T15:58:12.576060" elapsed="2.037288"/>
</kw>
<kw name="Page Should Contain" owner="SeleniumLibrary">
<msg time="2025-08-21T15:58:14.880264" level="INFO">Current page contains text 'Dashboard'.</msg>
<arg>${message}</arg>
<doc>Verifies that current page contains ``text``.</doc>
<status status="PASS" start="2025-08-21T15:58:14.613709" elapsed="0.266744"/>
</kw>
<arg>${message}</arg>
<status status="PASS" start="2025-08-21T15:58:12.575135" elapsed="2.305533"/>
</kw>
<arg>Admin</arg>
<arg>admin123</arg>
<arg>Dashboard</arg>
<status status="PASS" start="2025-08-21T15:58:06.081889" elapsed="8.798973"/>
</kw>
<kw name="Close Browser" owner="SeleniumLibrary" type="TEARDOWN">
<doc>Closes the current browser.</doc>
<status status="PASS" start="2025-08-21T15:58:14.881353" elapsed="9.120397"/>
</kw>
<status status="PASS" start="2025-08-21T15:57:56.278999" elapsed="27.723095"/>
</test>
<test id="s1-s1-t2" name="Invalid Login Test" line="14">
<kw name="Open Login Page" owner="LoginPageKw" type="SETUP">
<kw name="Open Browser" owner="SeleniumLibrary">
<msg time="2025-08-21T15:58:24.006425" level="INFO">Opening browser 'chrome' to base url 'https://opensource-demo.orangehrmlive.com/web/index.php/auth/login'.</msg>
<arg>${URL}</arg>
<arg>${BROWSER}</arg>
<doc>Opens a new browser instance to the optional ``url``.</doc>
<status status="PASS" start="2025-08-21T15:58:24.005726" elapsed="6.775135"/>
</kw>
<kw name="Maximize Browser Window" owner="SeleniumLibrary">
<doc>Maximizes current browser window.</doc>
<status status="PASS" start="2025-08-21T15:58:30.781324" elapsed="0.086410"/>
</kw>
<kw name="Sleep" owner="BuiltIn">
<msg time="2025-08-21T15:58:33.870251" level="INFO">Slept 3 seconds.</msg>
<arg>3s</arg>
<doc>Pauses the test executed for the given time.</doc>
<status status="PASS" start="2025-08-21T15:58:30.869424" elapsed="3.001081"/>
</kw>
<status status="PASS" start="2025-08-21T15:58:24.004920" elapsed="9.865879"/>
</kw>
<kw name="Login" owner="LoginPageKw">
<kw name="Input User" owner="LoginPageKw">
<kw name="Input Text" owner="SeleniumLibrary">
<msg time="2025-08-21T15:58:33.873921" level="INFO">Typing text 'Admin' into text field 'name=username'.</msg>
<arg>${USERNAME_FIELD}</arg>
<arg>${username}</arg>
<doc>Types the given ``text`` into the text field identified by ``locator``.</doc>
<status status="PASS" start="2025-08-21T15:58:33.873224" elapsed="0.203317"/>
</kw>
<arg>${user}</arg>
<status status="PASS" start="2025-08-21T15:58:33.872264" elapsed="0.204600"/>
</kw>
<kw name="Input Pass" owner="LoginPageKw">
<kw name="Input Text" owner="SeleniumLibrary">
<msg time="2025-08-21T15:58:34.078715" level="INFO">Typing text 'Admin' into text field 'name=password'.</msg>
<arg>${PASSWORD_FIELD}</arg>
<arg>${password}</arg>
<doc>Types the given ``text`` into the text field identified by ``locator``.</doc>
<status status="PASS" start="2025-08-21T15:58:34.078072" elapsed="0.417466"/>
</kw>
<arg>${pass}</arg>
<status status="PASS" start="2025-08-21T15:58:34.077278" elapsed="0.418545"/>
</kw>
<kw name="Click Login Button" owner="LoginPageKw">
<kw name="Click Button" owner="SeleniumLibrary">
<msg time="2025-08-21T15:58:34.500102" level="INFO">Clicking button 'xpath=//button[@type='submit']'.</msg>
<arg>${LOGIN_BUTTON}</arg>
<doc>Clicks the button identified by ``locator``.</doc>
<status status="PASS" start="2025-08-21T15:58:34.499324" elapsed="0.223822"/>
</kw>
<status status="PASS" start="2025-08-21T15:58:34.496706" elapsed="0.226766"/>
</kw>
<kw name="Page Should Contain text" owner="LoginPageKw">
<kw name="Sleep" owner="BuiltIn">
<msg time="2025-08-21T15:58:36.725560" level="INFO">Slept 2 seconds.</msg>
<arg>2s</arg>
<doc>Pauses the test executed for the given time.</doc>
<status status="PASS" start="2025-08-21T15:58:34.724705" elapsed="2.001081"/>
</kw>
<kw name="Page Should Contain" owner="SeleniumLibrary">
<msg time="2025-08-21T15:58:36.773858" level="INFO">Current page contains text 'Invalid credentials'.</msg>
<arg>${message}</arg>
<doc>Verifies that current page contains ``text``.</doc>
<status status="PASS" start="2025-08-21T15:58:36.726150" elapsed="0.047951"/>
</kw>
<arg>${message}</arg>
<status status="PASS" start="2025-08-21T15:58:34.723911" elapsed="2.050489"/>
</kw>
<arg>Admin</arg>
<arg>Admin</arg>
<arg>Invalid credentials</arg>
<status status="PASS" start="2025-08-21T15:58:33.871307" elapsed="2.903310"/>
</kw>
<kw name="Close Browser" owner="SeleniumLibrary" type="TEARDOWN">
<doc>Closes the current browser.</doc>
<status status="PASS" start="2025-08-21T15:58:36.775218" elapsed="3.116286"/>
</kw>
<status status="PASS" start="2025-08-21T15:58:24.003798" elapsed="15.887937"/>
</test>
<status status="PASS" start="2025-08-21T15:57:53.117751" elapsed="46.775498"/>
</suite>
<status status="PASS" start="2025-08-21T15:57:53.094438" elapsed="46.800445"/>
</suite>
<statistics>
<total>
<stat pass="2" fail="0" skip="0">All Tests</stat>
</total>
<tag>
</tag>
<suite>
<stat name="Tests" id="s1" pass="2" fail="0" skip="0">Tests</stat>
<stat name="LoginTest" id="s1-s1" pass="2" fail="0" skip="0">Tests.LoginTest</stat>
</suite>
</statistics>
<errors>
</errors>
</robot>
