<?xml version="1.0" encoding="UTF-8"?>
<robot generator="Robot 7.3.2 (Python 3.13.5 on win32)" generated="2025-08-21T16:47:29.742815" rpa="false" schemaversion="5">
<suite id="s1" name="Tests" source="D:\Automation practice\Robot Training\Tests">
<suite id="s1-s1" name="LoginTest" source="D:\Automation practice\Robot Training\Tests\LoginTest.robot">
<test id="s1-s1-t1" name="Valid Login Test" line="11">
<kw name="Open Login Page" owner="LoginPageKw" type="SETUP">
<kw name="Open Browser" owner="SeleniumLibrary">
<msg time="2025-08-21T16:47:31.860484" level="INFO">Opening browser 'chrome' to base url 'https://opensource-demo.orangehrmlive.com/web/index.php/auth/login'.</msg>
<msg time="2025-08-21T16:47:31.860908" level="INFO">Cannot capture screenshot because no browser is open.</msg>
<msg time="2025-08-21T16:47:31.861153" level="FAIL">ValueError: Unable to parse option: "add_argument(--headless)"</msg>
<arg>${URL}</arg>
<arg>${BROWSER}</arg>
<arg>options=${OPTIONS}</arg>
<doc>Opens a new browser instance to the optional ``url``.</doc>
<status status="FAIL" start="2025-08-21T16:47:31.859445" elapsed="0.009289">ValueError: Unable to parse option: "add_argument(--headless)"</status>
</kw>
<kw name="Maximize Browser Window" owner="SeleniumLibrary">
<doc>Maximizes current browser window.</doc>
<status status="NOT RUN" start="2025-08-21T16:47:31.869421" elapsed="0.000117"/>
</kw>
<kw name="Sleep" owner="BuiltIn">
<arg>3s</arg>
<doc>Pauses the test executed for the given time.</doc>
<status status="NOT RUN" start="2025-08-21T16:47:31.869752" elapsed="0.000100"/>
</kw>
<status status="FAIL" start="2025-08-21T16:47:31.856449" elapsed="0.013642">ValueError: Unable to parse option: "add_argument(--headless)"</status>
</kw>
<kw name="Close Browser" owner="SeleniumLibrary" type="TEARDOWN">
<doc>Closes the current browser.</doc>
<status status="PASS" start="2025-08-21T16:47:31.870522" elapsed="0.000550"/>
</kw>
<status status="FAIL" start="2025-08-21T16:47:31.854865" elapsed="0.016406">Setup failed:
ValueError: Unable to parse option: "add_argument(--headless)"</status>
</test>
<test id="s1-s1-t2" name="Invalid Login Test" line="14">
<kw name="Open Login Page" owner="LoginPageKw" type="SETUP">
<kw name="Open Browser" owner="SeleniumLibrary">
<msg time="2025-08-21T16:47:31.877122" level="INFO">Opening browser 'chrome' to base url 'https://opensource-demo.orangehrmlive.com/web/index.php/auth/login'.</msg>
<msg time="2025-08-21T16:47:31.877550" level="INFO">Cannot capture screenshot because no browser is open.</msg>
<msg time="2025-08-21T16:47:31.877889" level="FAIL">ValueError: Unable to parse option: "add_argument(--headless)"</msg>
<arg>${URL}</arg>
<arg>${BROWSER}</arg>
<arg>options=${OPTIONS}</arg>
<doc>Opens a new browser instance to the optional ``url``.</doc>
<status status="FAIL" start="2025-08-21T16:47:31.875751" elapsed="0.008434">ValueError: Unable to parse option: "add_argument(--headless)"</status>
</kw>
<kw name="Maximize Browser Window" owner="SeleniumLibrary">
<doc>Maximizes current browser window.</doc>
<status status="NOT RUN" start="2025-08-21T16:47:31.884789" elapsed="0.000126"/>
</kw>
<kw name="Sleep" owner="BuiltIn">
<arg>3s</arg>
<doc>Pauses the test executed for the given time.</doc>
<status status="NOT RUN" start="2025-08-21T16:47:31.885153" elapsed="0.000105"/>
</kw>
<status status="FAIL" start="2025-08-21T16:47:31.874768" elapsed="0.010717">ValueError: Unable to parse option: "add_argument(--headless)"</status>
</kw>
<kw name="Close Browser" owner="SeleniumLibrary" type="TEARDOWN">
<doc>Closes the current browser.</doc>
<status status="PASS" start="2025-08-21T16:47:31.885894" elapsed="0.000335"/>
</kw>
<status status="FAIL" start="2025-08-21T16:47:31.872503" elapsed="0.013855">Setup failed:
ValueError: Unable to parse option: "add_argument(--headless)"</status>
</test>
<status status="FAIL" start="2025-08-21T16:47:29.794045" elapsed="2.093160"/>
</suite>
<status status="FAIL" start="2025-08-21T16:47:29.773665" elapsed="2.114824"/>
</suite>
<statistics>
<total>
<stat pass="0" fail="2" skip="0">All Tests</stat>
</total>
<tag>
</tag>
<suite>
<stat name="Tests" id="s1" pass="0" fail="2" skip="0">Tests</stat>
<stat name="LoginTest" id="s1-s1" pass="0" fail="2" skip="0">Tests.LoginTest</stat>
</suite>
</statistics>
<errors>
</errors>
</robot>
