<?xml version="1.0" encoding="UTF-8"?>
<robot generator="Robot 7.3.2 (Python 3.13.5 on win32)" generated="2025-08-21T15:57:51.885870" rpa="false" schemaversion="5">
<suite id="s1" name="Tests" source="D:\Automation practice\Robot Training\Tests">
<suite id="s1-s1" name="FirstTest" source="D:\Automation practice\Robot Training\Tests\FirstTest.robot">
<test id="s1-s1-t1" name="Verify Example Page Title" line="8">
<kw name="Open Browser" owner="SeleniumLibrary">
<msg time="2025-08-21T15:57:52.469788" level="INFO">Opening browser 'Chrome' to base url 'https://example.com'.</msg>
<arg>${URL}</arg>
<arg>Chrome</arg>
<doc>Opens a new browser instance to the optional ``url``.</doc>
<status status="PASS" start="2025-08-21T15:57:52.469258" elapsed="25.362584"/>
</kw>
<kw name="Sleep" owner="BuiltIn">
<msg time="2025-08-21T15:58:20.836723" level="INFO">Slept 3 seconds.</msg>
<arg>3s</arg>
<doc>Pauses the test executed for the given time.</doc>
<status status="PASS" start="2025-08-21T15:58:17.832653" elapsed="3.004390"/>
</kw>
<kw name="Title Should Be" owner="SeleniumLibrary">
<msg time="2025-08-21T15:58:20.851833" level="INFO">Page title is 'Example Domain'.</msg>
<arg>Example Domain</arg>
<doc>Verifies that the current page title equals ``title``.</doc>
<status status="PASS" start="2025-08-21T15:58:20.837821" elapsed="0.014238"/>
</kw>
<kw name="Sleep" owner="BuiltIn">
<msg time="2025-08-21T15:58:23.853162" level="INFO">Slept 3 seconds.</msg>
<arg>3s</arg>
<doc>Pauses the test executed for the given time.</doc>
<status status="PASS" start="2025-08-21T15:58:20.852437" elapsed="3.000951"/>
</kw>
<kw name="Close Browser" owner="SeleniumLibrary">
<doc>Closes the current browser.</doc>
<status status="PASS" start="2025-08-21T15:58:23.853779" elapsed="6.651170"/>
</kw>
<status status="PASS" start="2025-08-21T15:57:52.467483" elapsed="38.037954"/>
</test>
<status status="PASS" start="2025-08-21T15:57:51.964268" elapsed="38.542405"/>
</suite>
<status status="PASS" start="2025-08-21T15:57:51.923513" elapsed="38.585785"/>
</suite>
<statistics>
<total>
<stat pass="1" fail="0" skip="0">All Tests</stat>
</total>
<tag>
</tag>
<suite>
<stat name="Tests" id="s1" pass="1" fail="0" skip="0">Tests</stat>
<stat name="FirstTest" id="s1-s1" pass="1" fail="0" skip="0">Tests.FirstTest</stat>
</suite>
</statistics>
<errors>
</errors>
</robot>
