<?xml version="1.0" encoding="UTF-8"?>
<robot generator="Robot 7.3.2 (Python 3.13.5 on win32)" generated="2025-07-18T17:51:01.730033" rpa="false" schemaversion="5">
<suite id="s1" name="Tests" source="D:\Automation practice\Robot Training\Tests">
<suite id="s1-s1" name="Assertions" source="D:\Automation practice\Robot Training\Tests\Assertions.robot">
<test id="s1-s1-t1" name="Checking Assertions" line="5">
<kw name="Set Variable" owner="BuiltIn">
<msg time="2025-07-18T17:51:02.066234" level="INFO">${isValid} = True</msg>
<var>${isValid}</var>
<arg>${True}</arg>
<doc>Returns the given values which can then be assigned to a variables.</doc>
<status status="PASS" start="2025-07-18T17:51:02.065810" elapsed="0.000480"/>
</kw>
<kw name="Should Be True" owner="BuiltIn">
<arg>${isValid}</arg>
<doc>Fails if the given condition is not true.</doc>
<status status="PASS" start="2025-07-18T17:51:02.066496" elapsed="0.000256"/>
</kw>
<kw name="Log To Console" owner="BuiltIn">
<arg>${isValid}</arg>
<doc>Logs the given message to the console.</doc>
<status status="PASS" start="2025-07-18T17:51:02.066888" elapsed="0.000268"/>
</kw>
<kw name="Set Variable If" owner="BuiltIn">
<msg time="2025-07-18T17:51:02.067633" level="INFO">${isValid} = False</msg>
<var>${isValid}</var>
<arg>${isValid}</arg>
<arg>${False}</arg>
<doc>Sets variable based on the given condition.</doc>
<status status="PASS" start="2025-07-18T17:51:02.067295" elapsed="0.000415"/>
</kw>
<kw name="Should Not Be True" owner="BuiltIn">
<arg>${isValid}</arg>
<doc>Fails if the given condition is true.</doc>
<status status="PASS" start="2025-07-18T17:51:02.068022" elapsed="0.000321"/>
</kw>
<kw name="Log To Console" owner="BuiltIn">
<arg>${isValid}</arg>
<doc>Logs the given message to the console.</doc>
<status status="PASS" start="2025-07-18T17:51:02.068561" elapsed="0.000340"/>
</kw>
<status status="PASS" start="2025-07-18T17:51:02.064723" elapsed="0.004418"/>
</test>
<status status="PASS" start="2025-07-18T17:51:01.768817" elapsed="0.301026"/>
</suite>
<status status="PASS" start="2025-07-18T17:51:01.751520" elapsed="0.319631"/>
</suite>
<statistics>
<total>
<stat pass="1" fail="0" skip="0">All Tests</stat>
</total>
<tag>
</tag>
<suite>
<stat name="Tests" id="s1" pass="1" fail="0" skip="0">Tests</stat>
<stat name="Assertions" id="s1-s1" pass="1" fail="0" skip="0">Tests.Assertions</stat>
</suite>
</statistics>
<errors>
</errors>
</robot>
