==============================================================================
Suites                                                                        
==============================================================================
Suites.Templates                                                              
==============================================================================
Valid Login                                                             
  Traceback (most recent call last):
    ~~~~~~~~~~~~~~~~~~~~~~~~~~~~~~~~~~~~~~~~~~~~~~~~~~~~~~~~~~~~~~~~~~~~~~~~~~
    File  C:\Users\DELL\PycharmProjects\Robot Training\tests\Templates.robot:25
    T:  Valid Login    
    ~~~~~~~~~~~~~~~~~~~~~~~~~~~~~~~~~~~~~~~~~~~~~~~~~~~~~~~~~~~~~~~~~~~~~~~~~~
    File  C:\Users\DELL\PycharmProjects\Robot Training\tests\Templates.robot:26
      LoginTestCase    Admin    admin123    Dashboard
    ~~~~~~~~~~~~~~~~~~~~~~~~~~~~~~~~~~~~~~~~~~~~~~~~~~~~~~~~~~~~~~~~~~~~~~~~~~
    File  C:\Users\DELL\PycharmProjects\Robot Training\tests\Templates.robot:16
      Input Text    name=username    ${username}
      |  ${username} = Admin (str)
______________________________________________________________________________
| FAIL |
NoSuchWindowException: Message: no such window: target window already closed
from unknown error: web view not found
  (Session info: chrome=133.0.6943.142)
Stacktrace:
	GetHandleVerifier [0x00007FF737C0C6A5+28789]
	(No symbol) [0x00007FF737B75B20]
	(No symbol) [0x00007FF737A08F9A]
	(No symbol) [0x00007FF7379E1563]
	(No symbol) [0x00007FF737A8EF1E]
	(No symbol) [0x00007FF737AAF0D2]
	(No symbol) [0x00007FF737A87103]
	(No symbol) [0x00007FF737A4FFC0]
	(No symbol) [0x00007FF737A51273]
	GetHandleVerifier [0x00007FF737F51AED+3458237]
	GetHandleVerifier [0x00007FF737F6829C+3550316]
	GetHandleVerifier [0x00007FF737F5DB9D+3507565]
	GetHandleVerifier [0x00007FF737CD2C6A+841274]
	(No symbol) [0x00007FF737B809EF]
	(No symbol) [0x00007FF737B7CB34]
	(No symbol) [0x00007FF737B7CCD6]
	(No symbol) [0x00007FF737B6C119]
	BaseThreadInitThunk [0x00007FF823857374+20]
	RtlUserThreadStart [0x00007FF824DBCC91+33]
------------------------------------------------------------------------------
Invalid Login                                                           
  Traceback (most recent call last):
    ~~~~~~~~~~~~~~~~~~~~~~~~~~~~~~~~~~~~~~~~~~~~~~~~~~~~~~~~~~~~~~~~~~~~~~~~~~
    File  C:\Users\DELL\PycharmProjects\Robot Training\tests\Templates.robot:28
    T:  Invalid Login    
    ~~~~~~~~~~~~~~~~~~~~~~~~~~~~~~~~~~~~~~~~~~~~~~~~~~~~~~~~~~~~~~~~~~~~~~~~~~
    File  C:\Users\DELL\PycharmProjects\Robot Training\tests\Templates.robot:30
      LoginTestCase    admin    wrongpassword    Invalid credentials
    ~~~~~~~~~~~~~~~~~~~~~~~~~~~~~~~~~~~~~~~~~~~~~~~~~~~~~~~~~~~~~~~~~~~~~~~~~~
    File  C:\Users\DELL\PycharmProjects\Robot Training\tests\Templates.robot:14
      Maximize Browser Window    
______________________________________________________________________________
  
  Traceback (most recent call last):
    ~~~~~~~~~~~~~~~~~~~~~~~~~~~~~~~~~~~~~~~~~~~~~~~~~~~~~~~~~~~~~~~~~~~~~~~~~~
    File  C:\Users\DELL\PycharmProjects\Robot Training\tests\Templates.robot:28
    T:  Invalid Login    
    ~~~~~~~~~~~~~~~~~~~~~~~~~~~~~~~~~~~~~~~~~~~~~~~~~~~~~~~~~~~~~~~~~~~~~~~~~~
    File  C:\Users\DELL\PycharmProjects\Robot Training\tests\Templates.robot:31
      LoginTestCase    user    admin123    Invalid credentials
    ~~~~~~~~~~~~~~~~~~~~~~~~~~~~~~~~~~~~~~~~~~~~~~~~~~~~~~~~~~~~~~~~~~~~~~~~~~
    File  C:\Users\DELL\PycharmProjects\Robot Training\tests\Templates.robot:16
      Input Text    name=username    ${username}
      |  ${username} = user (str)
______________________________________________________________________________
| FAIL |
Several failures occurred:

1) NoSuchWindowException: Message: no such window: target window already closed
from unknown error: web view not found
  (Session info: chrome=133.0.6943.142)
Stacktrace:
	GetHandleVerifier [0x00007FF737C0C6A5+28789]
	(No symbol) [0x00007FF737B75B20]
	(No symbol) [0x00007FF737A08F9A]
	(No symbol) [0x00007FF7379E1563]
	(No symbol) [0x00007FF737A8EF1E]
	(No symbol) [0x00007FF737AAF0D2]
	(No symbol) [0x00007FF737A87103]
	(No symbol) [0x00007FF737A4FFC0]
	(No symbol) [0x00007FF737A51273]
	GetHandleVerifier [0x00007FF737F51AED+3458237]
	GetHandleVerifier [0x00007FF737F6829C+3550316]
	GetHandleVerifier [0x00007FF737F5DB9D+3507565]
	GetHandleVerifier [0x00007FF737CD2C6A+841274]
    [ Message content over the limit has been removed. ]
Stacktrace:
	GetHandleVerifier [0x00007FF737C0C6A5+28789]
	(No symbol) [0x00007FF737B75B20]
	(No symbol) [0x00007FF737A08F9A]
	(No symbol) [0x00007FF7379E1563]
	(No symbol) [0x00007FF737A8EF1E]
	(No symbol) [0x00007FF737AAF0D2]
	(No symbol) [0x00007FF737A87103]
	(No symbol) [0x00007FF737A4FFC0]
	(No symbol) [0x00007FF737A51273]
	GetHandleVerifier [0x00007FF737F51AED+3458237]
	GetHandleVerifier [0x00007FF737F6829C+3550316]
	GetHandleVerifier [0x00007FF737F5DB9D+3507565]
	GetHandleVerifier [0x00007FF737CD2C6A+841274]
	(No symbol) [0x00007FF737B809EF]
	(No symbol) [0x00007FF737B7CB34]
	(No symbol) [0x00007FF737B7CCD6]
	(No symbol) [0x00007FF737B6C119]
	BaseThreadInitThunk [0x00007FF823857374+20]
	RtlUserThreadStart [0x00007FF824DBCC91+33]
------------------------------------------------------------------------------
Suites.Templates                                                      | FAIL |
2 tests, 0 passed, 2 failed
==============================================================================
Suites                                                                | FAIL |
2 tests, 0 passed, 2 failed
==============================================================================
Output:  C:\Users\DELL\PycharmProjects\Robot Training\reports\pabot_results\7\output.xml
