<?xml version="1.0" encoding="UTF-8"?>
<robot generator="Robot 7.3.2 (Python 3.13.5 on win32)" generated="2025-08-21T17:42:47.240491" rpa="false" schemaversion="5">
<suite id="s1" name="Tests" source="D:\Automation practice\Robot Training\Tests">
<suite id="s1-s1" name="ForLoop" source="D:\Automation practice\Robot Training\Tests\ForLoop.robot">
<test id="s1-s1-t1" name="For_Loop" line="12">
<for flavor="IN RANGE">
<iter>
<kw name="Log To Console" owner="BuiltIn">
<arg>${i}</arg>
<doc>Logs the given message to the console.</doc>
<status status="PASS" start="2025-08-21T17:42:47.889933" elapsed="0.000738"/>
</kw>
<var name="${i}">1</var>
<status status="PASS" start="2025-08-21T17:42:47.887277" elapsed="0.005751"/>
</iter>
<iter>
<kw name="Log To Console" owner="BuiltIn">
<arg>${i}</arg>
<doc>Logs the given message to the console.</doc>
<status status="PASS" start="2025-08-21T17:42:47.893750" elapsed="0.000784"/>
</kw>
<var name="${i}">2</var>
<status status="PASS" start="2025-08-21T17:42:47.893428" elapsed="0.001246"/>
</iter>
<iter>
<kw name="Log To Console" owner="BuiltIn">
<arg>${i}</arg>
<doc>Logs the given message to the console.</doc>
<status status="PASS" start="2025-08-21T17:42:47.895895" elapsed="0.000458"/>
</kw>
<var name="${i}">3</var>
<status status="PASS" start="2025-08-21T17:42:47.894962" elapsed="0.001533"/>
</iter>
<iter>
<kw name="Log To Console" owner="BuiltIn">
<arg>${i}</arg>
<doc>Logs the given message to the console.</doc>
<status status="PASS" start="2025-08-21T17:42:47.897000" elapsed="0.000470"/>
</kw>
<var name="${i}">4</var>
<status status="PASS" start="2025-08-21T17:42:47.896744" elapsed="0.000845"/>
</iter>
<iter>
<kw name="Log To Console" owner="BuiltIn">
<arg>${i}</arg>
<doc>Logs the given message to the console.</doc>
<status status="PASS" start="2025-08-21T17:42:47.898159" elapsed="0.000439"/>
</kw>
<var name="${i}">5</var>
<status status="PASS" start="2025-08-21T17:42:47.897923" elapsed="0.000803"/>
</iter>
<iter>
<kw name="Log To Console" owner="BuiltIn">
<arg>${i}</arg>
<doc>Logs the given message to the console.</doc>
<status status="PASS" start="2025-08-21T17:42:47.899198" elapsed="0.000398"/>
</kw>
<var name="${i}">6</var>
<status status="PASS" start="2025-08-21T17:42:47.898971" elapsed="0.000748"/>
</iter>
<iter>
<kw name="Log To Console" owner="BuiltIn">
<arg>${i}</arg>
<doc>Logs the given message to the console.</doc>
<status status="PASS" start="2025-08-21T17:42:47.900177" elapsed="0.000366"/>
</kw>
<var name="${i}">7</var>
<status status="PASS" start="2025-08-21T17:42:47.899953" elapsed="0.000701"/>
</iter>
<iter>
<kw name="Log To Console" owner="BuiltIn">
<arg>${i}</arg>
<doc>Logs the given message to the console.</doc>
<status status="PASS" start="2025-08-21T17:42:47.901087" elapsed="0.000382"/>
</kw>
<var name="${i}">8</var>
<status status="PASS" start="2025-08-21T17:42:47.900875" elapsed="0.000717"/>
</iter>
<iter>
<kw name="Log To Console" owner="BuiltIn">
<arg>${i}</arg>
<doc>Logs the given message to the console.</doc>
<status status="PASS" start="2025-08-21T17:42:47.902336" elapsed="0.000673"/>
</kw>
<var name="${i}">9</var>
<status status="PASS" start="2025-08-21T17:42:47.902087" elapsed="0.001059"/>
</iter>
<var>${i}</var>
<value>1</value>
<value>10</value>
<status status="PASS" start="2025-08-21T17:42:47.886656" elapsed="0.016622"/>
</for>
<status status="PASS" start="2025-08-21T17:42:47.885998" elapsed="0.017577"/>
</test>
<test id="s1-s1-t2" name="For_Loop for List" line="16">
<for flavor="IN">
<iter>
<kw name="Log To Console" owner="BuiltIn">
<arg>${element}</arg>
<doc>Logs the given message to the console.</doc>
<status status="PASS" start="2025-08-21T17:42:47.905409" elapsed="0.000661"/>
</kw>
<var name="${element}">1 2 3 4 5 6 7 8 9</var>
<status status="PASS" start="2025-08-21T17:42:47.905181" elapsed="0.001036"/>
</iter>
<var>${element}</var>
<value>@{nums}</value>
<status status="PASS" start="2025-08-21T17:42:47.904802" elapsed="0.001529"/>
</for>
<status status="PASS" start="2025-08-21T17:42:47.904165" elapsed="0.002691"/>
</test>
<test id="s1-s1-t3" name="For_loop with Strings" line="20">
<for flavor="IN">
<iter>
<kw name="Log To Console" owner="BuiltIn">
<arg>${string}</arg>
<doc>Logs the given message to the console.</doc>
<status status="PASS" start="2025-08-21T17:42:47.908641" elapsed="0.000395"/>
</kw>
<var name="${string}">mahi</var>
<status status="PASS" start="2025-08-21T17:42:47.908406" elapsed="0.000781"/>
</iter>
<iter>
<kw name="Log To Console" owner="BuiltIn">
<arg>${string}</arg>
<doc>Logs the given message to the console.</doc>
<status status="PASS" start="2025-08-21T17:42:47.909676" elapsed="0.000401"/>
</kw>
<var name="${string}">mahesh</var>
<status status="PASS" start="2025-08-21T17:42:47.909413" elapsed="0.000792"/>
</iter>
<iter>
<kw name="Log To Console" owner="BuiltIn">
<arg>${string}</arg>
<doc>Logs the given message to the console.</doc>
<status status="PASS" start="2025-08-21T17:42:47.910687" elapsed="0.000384"/>
</kw>
<var name="${string}">mahendra</var>
<status status="PASS" start="2025-08-21T17:42:47.910444" elapsed="0.000759"/>
</iter>
<var>${string}</var>
<value>@{str}</value>
<status status="PASS" start="2025-08-21T17:42:47.908057" elapsed="0.003254"/>
</for>
<status status="PASS" start="2025-08-21T17:42:47.907572" elapsed="0.004023"/>
</test>
<test id="s1-s1-t4" name="For_Loop with Condition" line="24">
<for flavor="IN RANGE">
<iter>
<kw name="Log To Console" owner="BuiltIn">
<arg>${i}</arg>
<doc>Logs the given message to the console.</doc>
<status status="PASS" start="2025-08-21T17:42:47.913187" elapsed="0.000450"/>
</kw>
<kw name="Exit For Loop If" owner="BuiltIn">
<arg>${i}==7</arg>
<doc>Stops executing the enclosing FOR loop if the ``condition`` is true.</doc>
<status status="PASS" start="2025-08-21T17:42:47.913927" elapsed="0.000550"/>
</kw>
<var name="${i}">1</var>
<status status="PASS" start="2025-08-21T17:42:47.912928" elapsed="0.001681"/>
</iter>
<iter>
<kw name="Log To Console" owner="BuiltIn">
<arg>${i}</arg>
<doc>Logs the given message to the console.</doc>
<status status="PASS" start="2025-08-21T17:42:47.915117" elapsed="0.000455"/>
</kw>
<kw name="Exit For Loop If" owner="BuiltIn">
<arg>${i}==7</arg>
<doc>Stops executing the enclosing FOR loop if the ``condition`` is true.</doc>
<status status="PASS" start="2025-08-21T17:42:47.915848" elapsed="0.000529"/>
</kw>
<var name="${i}">2</var>
<status status="PASS" start="2025-08-21T17:42:47.914864" elapsed="0.001625"/>
</iter>
<iter>
<kw name="Log To Console" owner="BuiltIn">
<arg>${i}</arg>
<doc>Logs the given message to the console.</doc>
<status status="PASS" start="2025-08-21T17:42:47.916967" elapsed="0.000435"/>
</kw>
<kw name="Exit For Loop If" owner="BuiltIn">
<arg>${i}==7</arg>
<doc>Stops executing the enclosing FOR loop if the ``condition`` is true.</doc>
<status status="PASS" start="2025-08-21T17:42:47.922277" elapsed="0.000570"/>
</kw>
<var name="${i}">3</var>
<status status="PASS" start="2025-08-21T17:42:47.916729" elapsed="0.006259"/>
</iter>
<iter>
<kw name="Log To Console" owner="BuiltIn">
<arg>${i}</arg>
<doc>Logs the given message to the console.</doc>
<status status="PASS" start="2025-08-21T17:42:47.923472" elapsed="0.000973"/>
</kw>
<kw name="Exit For Loop If" owner="BuiltIn">
<arg>${i}==7</arg>
<doc>Stops executing the enclosing FOR loop if the ``condition`` is true.</doc>
<status status="PASS" start="2025-08-21T17:42:47.924740" elapsed="0.000519"/>
</kw>
<var name="${i}">4</var>
<status status="PASS" start="2025-08-21T17:42:47.923238" elapsed="0.002161"/>
</iter>
<iter>
<kw name="Log To Console" owner="BuiltIn">
<arg>${i}</arg>
<doc>Logs the given message to the console.</doc>
<status status="PASS" start="2025-08-21T17:42:47.925959" elapsed="0.000407"/>
</kw>
<kw name="Exit For Loop If" owner="BuiltIn">
<arg>${i}==7</arg>
<doc>Stops executing the enclosing FOR loop if the ``condition`` is true.</doc>
<status status="PASS" start="2025-08-21T17:42:47.926620" elapsed="0.000567"/>
</kw>
<var name="${i}">5</var>
<status status="PASS" start="2025-08-21T17:42:47.925704" elapsed="0.001777"/>
</iter>
<iter>
<kw name="Log To Console" owner="BuiltIn">
<arg>${i}</arg>
<doc>Logs the given message to the console.</doc>
<status status="PASS" start="2025-08-21T17:42:47.927978" elapsed="0.000412"/>
</kw>
<kw name="Exit For Loop If" owner="BuiltIn">
<arg>${i}==7</arg>
<doc>Stops executing the enclosing FOR loop if the ``condition`` is true.</doc>
<status status="PASS" start="2025-08-21T17:42:47.928634" elapsed="0.000515"/>
</kw>
<var name="${i}">6</var>
<status status="PASS" start="2025-08-21T17:42:47.927751" elapsed="0.001533"/>
</iter>
<iter>
<kw name="Log To Console" owner="BuiltIn">
<arg>${i}</arg>
<doc>Logs the given message to the console.</doc>
<status status="PASS" start="2025-08-21T17:42:47.929763" elapsed="0.000391"/>
</kw>
<kw name="Exit For Loop If" owner="BuiltIn">
<msg time="2025-08-21T17:42:47.930988" level="INFO">Exiting for loop altogether.</msg>
<arg>${i}==7</arg>
<doc>Stops executing the enclosing FOR loop if the ``condition`` is true.</doc>
<status status="PASS" start="2025-08-21T17:42:47.930399" elapsed="0.000740"/>
</kw>
<var name="${i}">7</var>
<status status="PASS" start="2025-08-21T17:42:47.929525" elapsed="0.001760"/>
</iter>
<var>${i}</var>
<value>1</value>
<value>10</value>
<status status="PASS" start="2025-08-21T17:42:47.912485" elapsed="0.018914"/>
</for>
<status status="PASS" start="2025-08-21T17:42:47.911980" elapsed="0.019674"/>
</test>
<test id="s1-s1-t5" name="For_Loop With Dictonaries" line="29">
<kw name="Get Dictionary Keys" owner="Collections">
<msg time="2025-08-21T17:42:47.933175" level="INFO">@{dict_keys} = [ age | mob_no | name ]</msg>
<var>@{dict_keys}</var>
<arg>${var}</arg>
<doc>Returns keys of the given ``dictionary`` as a list.</doc>
<status status="PASS" start="2025-08-21T17:42:47.932719" elapsed="0.000528"/>
</kw>
<kw name="Log To Console" owner="BuiltIn">
<arg>${dict_keys}</arg>
<doc>Logs the given message to the console.</doc>
<status status="PASS" start="2025-08-21T17:42:47.933495" elapsed="0.000396"/>
</kw>
<kw name="Get Dictionary Values" owner="Collections">
<msg time="2025-08-21T17:42:47.934575" level="INFO">@{values} = [ 23 | 9100 | mahi ]</msg>
<var>@{values}</var>
<arg>${var}</arg>
<doc>Returns values of the given ``dictionary`` as a list.</doc>
<status status="PASS" start="2025-08-21T17:42:47.934137" elapsed="0.000504"/>
</kw>
<kw name="Log To Console" owner="BuiltIn">
<arg>${values}</arg>
<doc>Logs the given message to the console.</doc>
<status status="PASS" start="2025-08-21T17:42:47.934868" elapsed="0.000361"/>
</kw>
<for flavor="IN">
<iter>
<kw name="Log To Console" owner="BuiltIn">
<arg>${key}</arg>
<doc>Logs the given message to the console.</doc>
<status status="PASS" start="2025-08-21T17:42:47.935988" elapsed="0.000370"/>
</kw>
<kw name="Get From Dictionary" owner="Collections">
<msg time="2025-08-21T17:42:47.937028" level="INFO">${value} = 23</msg>
<var>${value}</var>
<arg>${var}</arg>
<arg>${key}</arg>
<doc>Returns a value from the given ``dictionary`` based on the given ``key``.</doc>
<status status="PASS" start="2025-08-21T17:42:47.936582" elapsed="0.000513"/>
</kw>
<kw name="Log To Console" owner="BuiltIn">
<arg>${value}</arg>
<doc>Logs the given message to the console.</doc>
<status status="PASS" start="2025-08-21T17:42:47.937339" elapsed="0.000422"/>
</kw>
<kw name="Log To Console" owner="BuiltIn">
<arg>${key}=${value}</arg>
<doc>Logs the given message to the console.</doc>
<status status="PASS" start="2025-08-21T17:42:47.938027" elapsed="0.000516"/>
</kw>
<var name="${key}">age</var>
<status status="PASS" start="2025-08-21T17:42:47.935761" elapsed="0.002906"/>
</iter>
<iter>
<kw name="Log To Console" owner="BuiltIn">
<arg>${key}</arg>
<doc>Logs the given message to the console.</doc>
<status status="PASS" start="2025-08-21T17:42:47.939173" elapsed="0.000433"/>
</kw>
<kw name="Get From Dictionary" owner="Collections">
<msg time="2025-08-21T17:42:47.940301" level="INFO">${value} = 9100</msg>
<var>${value}</var>
<arg>${var}</arg>
<arg>${key}</arg>
<doc>Returns a value from the given ``dictionary`` based on the given ``key``.</doc>
<status status="PASS" start="2025-08-21T17:42:47.939880" elapsed="0.000485"/>
</kw>
<kw name="Log To Console" owner="BuiltIn">
<arg>${value}</arg>
<doc>Logs the given message to the console.</doc>
<status status="PASS" start="2025-08-21T17:42:47.940612" elapsed="0.000383"/>
</kw>
<kw name="Log To Console" owner="BuiltIn">
<arg>${key}=${value}</arg>
<doc>Logs the given message to the console.</doc>
<status status="PASS" start="2025-08-21T17:42:47.941244" elapsed="0.000508"/>
</kw>
<var name="${key}">mob_no</var>
<status status="PASS" start="2025-08-21T17:42:47.938927" elapsed="0.002934"/>
</iter>
<iter>
<kw name="Log To Console" owner="BuiltIn">
<arg>${key}</arg>
<doc>Logs the given message to the console.</doc>
<status status="PASS" start="2025-08-21T17:42:47.942341" elapsed="0.000408"/>
</kw>
<kw name="Get From Dictionary" owner="Collections">
<msg time="2025-08-21T17:42:47.943438" level="INFO">${value} = mahi</msg>
<var>${value}</var>
<arg>${var}</arg>
<arg>${key}</arg>
<doc>Returns a value from the given ``dictionary`` based on the given ``key``.</doc>
<status status="PASS" start="2025-08-21T17:42:47.943012" elapsed="0.000505"/>
</kw>
<kw name="Log To Console" owner="BuiltIn">
<arg>${value}</arg>
<doc>Logs the given message to the console.</doc>
<status status="PASS" start="2025-08-21T17:42:47.943790" elapsed="0.000388"/>
</kw>
<kw name="Log To Console" owner="BuiltIn">
<arg>${key}=${value}</arg>
<doc>Logs the given message to the console.</doc>
<status status="PASS" start="2025-08-21T17:42:47.944408" elapsed="0.000463"/>
</kw>
<var name="${key}">name</var>
<status status="PASS" start="2025-08-21T17:42:47.942114" elapsed="0.002871"/>
</iter>
<var>${key}</var>
<value>@{dict_keys}</value>
<status status="PASS" start="2025-08-21T17:42:47.935386" elapsed="0.009717"/>
</for>
<status status="PASS" start="2025-08-21T17:42:47.932172" elapsed="0.013153"/>
</test>
<status status="PASS" start="2025-08-21T17:42:47.336828" elapsed="0.609179"/>
</suite>
<status status="PASS" start="2025-08-21T17:42:47.300436" elapsed="0.646680"/>
</suite>
<statistics>
<total>
<stat pass="5" fail="0" skip="0">All Tests</stat>
</total>
<tag>
</tag>
<suite>
<stat name="Tests" id="s1" pass="5" fail="0" skip="0">Tests</stat>
<stat name="ForLoop" id="s1-s1" pass="5" fail="0" skip="0">Tests.ForLoop</stat>
</suite>
</statistics>
<errors>
</errors>
</robot>
