<?xml version="1.0" encoding="UTF-8"?>
<robot generator="Robot 7.3.2 (Python 3.13.5 on win32)" generated="2025-08-21T15:40:19.456567" rpa="false" schemaversion="5">
<suite id="s1" name="Tests" source="D:\Automation practice\Robot Training\Tests">
<suite id="s1-s1" name="ForLoop" source="D:\Automation practice\Robot Training\Tests\ForLoop.robot">
<test id="s1-s1-t1" name="For_Loop" line="12">
<for flavor="IN RANGE">
<iter>
<kw name="Log To Console" owner="BuiltIn">
<arg>${i}</arg>
<doc>Logs the given message to the console.</doc>
<status status="PASS" start="2025-08-21T15:40:20.219175" elapsed="0.000617"/>
</kw>
<var name="${i}">1</var>
<status status="PASS" start="2025-08-21T15:40:20.217728" elapsed="0.002258"/>
</iter>
<iter>
<kw name="Log To Console" owner="BuiltIn">
<arg>${i}</arg>
<doc>Logs the given message to the console.</doc>
<status status="PASS" start="2025-08-21T15:40:20.220529" elapsed="0.000469"/>
</kw>
<var name="${i}">2</var>
<status status="PASS" start="2025-08-21T15:40:20.220251" elapsed="0.000895"/>
</iter>
<iter>
<kw name="Log To Console" owner="BuiltIn">
<arg>${i}</arg>
<doc>Logs the given message to the console.</doc>
<status status="PASS" start="2025-08-21T15:40:20.221607" elapsed="0.000413"/>
</kw>
<var name="${i}">3</var>
<status status="PASS" start="2025-08-21T15:40:20.221371" elapsed="0.000767"/>
</iter>
<iter>
<kw name="Log To Console" owner="BuiltIn">
<arg>${i}</arg>
<doc>Logs the given message to the console.</doc>
<status status="PASS" start="2025-08-21T15:40:20.222590" elapsed="0.000418"/>
</kw>
<var name="${i}">4</var>
<status status="PASS" start="2025-08-21T15:40:20.222367" elapsed="0.000772"/>
</iter>
<iter>
<kw name="Log To Console" owner="BuiltIn">
<arg>${i}</arg>
<doc>Logs the given message to the console.</doc>
<status status="PASS" start="2025-08-21T15:40:20.223601" elapsed="0.000440"/>
</kw>
<var name="${i}">5</var>
<status status="PASS" start="2025-08-21T15:40:20.223350" elapsed="0.000807"/>
</iter>
<iter>
<kw name="Log To Console" owner="BuiltIn">
<arg>${i}</arg>
<doc>Logs the given message to the console.</doc>
<status status="PASS" start="2025-08-21T15:40:20.224598" elapsed="0.000443"/>
</kw>
<var name="${i}">6</var>
<status status="PASS" start="2025-08-21T15:40:20.224372" elapsed="0.000783"/>
</iter>
<iter>
<kw name="Log To Console" owner="BuiltIn">
<arg>${i}</arg>
<doc>Logs the given message to the console.</doc>
<status status="PASS" start="2025-08-21T15:40:20.225624" elapsed="0.000387"/>
</kw>
<var name="${i}">7</var>
<status status="PASS" start="2025-08-21T15:40:20.225382" elapsed="0.000745"/>
</iter>
<iter>
<kw name="Log To Console" owner="BuiltIn">
<arg>${i}</arg>
<doc>Logs the given message to the console.</doc>
<status status="PASS" start="2025-08-21T15:40:20.226561" elapsed="0.000401"/>
</kw>
<var name="${i}">8</var>
<status status="PASS" start="2025-08-21T15:40:20.226332" elapsed="0.000744"/>
</iter>
<iter>
<kw name="Log To Console" owner="BuiltIn">
<arg>${i}</arg>
<doc>Logs the given message to the console.</doc>
<status status="PASS" start="2025-08-21T15:40:20.227523" elapsed="0.000432"/>
</kw>
<var name="${i}">9</var>
<status status="PASS" start="2025-08-21T15:40:20.227290" elapsed="0.000800"/>
</iter>
<var>${i}</var>
<value>1</value>
<value>10</value>
<status status="PASS" start="2025-08-21T15:40:20.217134" elapsed="0.011068"/>
</for>
<status status="PASS" start="2025-08-21T15:40:20.216501" elapsed="0.012008"/>
</test>
<test id="s1-s1-t2" name="For_Loop for List" line="16">
<for flavor="IN">
<iter>
<kw name="Log To Console" owner="BuiltIn">
<arg>${element}</arg>
<doc>Logs the given message to the console.</doc>
<status status="PASS" start="2025-08-21T15:40:20.230137" elapsed="0.000400"/>
</kw>
<var name="${element}">1 2 3 4 5 6 7 8 9</var>
<status status="PASS" start="2025-08-21T15:40:20.229895" elapsed="0.000753"/>
</iter>
<var>${element}</var>
<value>@{nums}</value>
<status status="PASS" start="2025-08-21T15:40:20.229545" elapsed="0.001213"/>
</for>
<status status="PASS" start="2025-08-21T15:40:20.229042" elapsed="0.001993"/>
</test>
<test id="s1-s1-t3" name="For_loop with Strings" line="20">
<for flavor="IN">
<iter>
<kw name="Log To Console" owner="BuiltIn">
<arg>${string}</arg>
<doc>Logs the given message to the console.</doc>
<status status="PASS" start="2025-08-21T15:40:20.232883" elapsed="0.000416"/>
</kw>
<var name="${string}">mahi</var>
<status status="PASS" start="2025-08-21T15:40:20.232662" elapsed="0.000792"/>
</iter>
<iter>
<kw name="Log To Console" owner="BuiltIn">
<arg>${string}</arg>
<doc>Logs the given message to the console.</doc>
<status status="PASS" start="2025-08-21T15:40:20.233978" elapsed="0.000396"/>
</kw>
<var name="${string}">mahesh</var>
<status status="PASS" start="2025-08-21T15:40:20.233709" elapsed="0.000797"/>
</iter>
<iter>
<kw name="Log To Console" owner="BuiltIn">
<arg>${string}</arg>
<doc>Logs the given message to the console.</doc>
<status status="PASS" start="2025-08-21T15:40:20.234979" elapsed="0.000392"/>
</kw>
<var name="${string}">mahendra</var>
<status status="PASS" start="2025-08-21T15:40:20.234727" elapsed="0.000778"/>
</iter>
<var>${string}</var>
<value>@{str}</value>
<status status="PASS" start="2025-08-21T15:40:20.232318" elapsed="0.003309"/>
</for>
<status status="PASS" start="2025-08-21T15:40:20.231725" elapsed="0.004149"/>
</test>
<test id="s1-s1-t4" name="For_Loop with Condition" line="24">
<for flavor="IN RANGE">
<iter>
<kw name="Log To Console" owner="BuiltIn">
<arg>${i}</arg>
<doc>Logs the given message to the console.</doc>
<status status="PASS" start="2025-08-21T15:40:20.237445" elapsed="0.000399"/>
</kw>
<kw name="Exit For Loop If" owner="BuiltIn">
<arg>${i}==7</arg>
<doc>Stops executing the enclosing FOR loop if the ``condition`` is true.</doc>
<status status="PASS" start="2025-08-21T15:40:20.238109" elapsed="0.000507"/>
</kw>
<var name="${i}">1</var>
<status status="PASS" start="2025-08-21T15:40:20.237195" elapsed="0.001543"/>
</iter>
<iter>
<kw name="Log To Console" owner="BuiltIn">
<arg>${i}</arg>
<doc>Logs the given message to the console.</doc>
<status status="PASS" start="2025-08-21T15:40:20.239221" elapsed="0.000409"/>
</kw>
<kw name="Exit For Loop If" owner="BuiltIn">
<arg>${i}==7</arg>
<doc>Stops executing the enclosing FOR loop if the ``condition`` is true.</doc>
<status status="PASS" start="2025-08-21T15:40:20.239927" elapsed="0.000523"/>
</kw>
<var name="${i}">2</var>
<status status="PASS" start="2025-08-21T15:40:20.238984" elapsed="0.001646"/>
</iter>
<iter>
<kw name="Log To Console" owner="BuiltIn">
<arg>${i}</arg>
<doc>Logs the given message to the console.</doc>
<status status="PASS" start="2025-08-21T15:40:20.241192" elapsed="0.000427"/>
</kw>
<kw name="Exit For Loop If" owner="BuiltIn">
<arg>${i}==7</arg>
<doc>Stops executing the enclosing FOR loop if the ``condition`` is true.</doc>
<status status="PASS" start="2025-08-21T15:40:20.241883" elapsed="0.000478"/>
</kw>
<var name="${i}">3</var>
<status status="PASS" start="2025-08-21T15:40:20.240929" elapsed="0.001574"/>
</iter>
<iter>
<kw name="Log To Console" owner="BuiltIn">
<arg>${i}</arg>
<doc>Logs the given message to the console.</doc>
<status status="PASS" start="2025-08-21T15:40:20.242994" elapsed="0.004909"/>
</kw>
<kw name="Exit For Loop If" owner="BuiltIn">
<arg>${i}==7</arg>
<doc>Stops executing the enclosing FOR loop if the ``condition`` is true.</doc>
<status status="PASS" start="2025-08-21T15:40:20.248537" elapsed="0.002016"/>
</kw>
<var name="${i}">4</var>
<status status="PASS" start="2025-08-21T15:40:20.242730" elapsed="0.007978"/>
</iter>
<iter>
<kw name="Log To Console" owner="BuiltIn">
<arg>${i}</arg>
<doc>Logs the given message to the console.</doc>
<status status="PASS" start="2025-08-21T15:40:20.251241" elapsed="0.000405"/>
</kw>
<kw name="Exit For Loop If" owner="BuiltIn">
<arg>${i}==7</arg>
<doc>Stops executing the enclosing FOR loop if the ``condition`` is true.</doc>
<status status="PASS" start="2025-08-21T15:40:20.251865" elapsed="0.000523"/>
</kw>
<var name="${i}">5</var>
<status status="PASS" start="2025-08-21T15:40:20.250981" elapsed="0.001689"/>
</iter>
<iter>
<kw name="Log To Console" owner="BuiltIn">
<arg>${i}</arg>
<doc>Logs the given message to the console.</doc>
<status status="PASS" start="2025-08-21T15:40:20.253460" elapsed="0.000417"/>
</kw>
<kw name="Exit For Loop If" owner="BuiltIn">
<arg>${i}==7</arg>
<doc>Stops executing the enclosing FOR loop if the ``condition`` is true.</doc>
<status status="PASS" start="2025-08-21T15:40:20.254111" elapsed="0.000506"/>
</kw>
<var name="${i}">6</var>
<status status="PASS" start="2025-08-21T15:40:20.253188" elapsed="0.001561"/>
</iter>
<iter>
<kw name="Log To Console" owner="BuiltIn">
<arg>${i}</arg>
<doc>Logs the given message to the console.</doc>
<status status="PASS" start="2025-08-21T15:40:20.255237" elapsed="0.000398"/>
</kw>
<kw name="Exit For Loop If" owner="BuiltIn">
<msg time="2025-08-21T15:40:20.256320" level="INFO">Exiting for loop altogether.</msg>
<arg>${i}==7</arg>
<doc>Stops executing the enclosing FOR loop if the ``condition`` is true.</doc>
<status status="PASS" start="2025-08-21T15:40:20.255880" elapsed="0.000581"/>
</kw>
<var name="${i}">7</var>
<status status="PASS" start="2025-08-21T15:40:20.254997" elapsed="0.001600"/>
</iter>
<var>${i}</var>
<value>1</value>
<value>10</value>
<status status="PASS" start="2025-08-21T15:40:20.236782" elapsed="0.019932"/>
</for>
<status status="PASS" start="2025-08-21T15:40:20.236280" elapsed="0.020683"/>
</test>
<test id="s1-s1-t5" name="For_Loop With Dictonaries" line="29">
<kw name="Get Dictionary Keys" owner="Collections">
<msg time="2025-08-21T15:40:20.258642" level="INFO">@{dict_keys} = [ age | mob_no | name ]</msg>
<var>@{dict_keys}</var>
<arg>${var}</arg>
<doc>Returns keys of the given ``dictionary`` as a list.</doc>
<status status="PASS" start="2025-08-21T15:40:20.258107" elapsed="0.000621"/>
</kw>
<kw name="Log To Console" owner="BuiltIn">
<arg>${dict_keys}</arg>
<doc>Logs the given message to the console.</doc>
<status status="PASS" start="2025-08-21T15:40:20.259069" elapsed="0.000420"/>
</kw>
<kw name="Get Dictionary Values" owner="Collections">
<msg time="2025-08-21T15:40:20.260171" level="INFO">@{values} = [ 23 | 9100 | mahi ]</msg>
<var>@{values}</var>
<arg>${var}</arg>
<doc>Returns values of the given ``dictionary`` as a list.</doc>
<status status="PASS" start="2025-08-21T15:40:20.259735" elapsed="0.000503"/>
</kw>
<kw name="Log To Console" owner="BuiltIn">
<arg>${values}</arg>
<doc>Logs the given message to the console.</doc>
<status status="PASS" start="2025-08-21T15:40:20.260488" elapsed="0.000382"/>
</kw>
<for flavor="IN">
<iter>
<kw name="Log To Console" owner="BuiltIn">
<arg>${key}</arg>
<doc>Logs the given message to the console.</doc>
<status status="PASS" start="2025-08-21T15:40:20.261650" elapsed="0.000395"/>
</kw>
<kw name="Get From Dictionary" owner="Collections">
<msg time="2025-08-21T15:40:20.262700" level="INFO">${value} = 23</msg>
<var>${value}</var>
<arg>${var}</arg>
<arg>${key}</arg>
<doc>Returns a value from the given ``dictionary`` based on the given ``key``.</doc>
<status status="PASS" start="2025-08-21T15:40:20.262283" elapsed="0.000482"/>
</kw>
<kw name="Log To Console" owner="BuiltIn">
<arg>${value}</arg>
<doc>Logs the given message to the console.</doc>
<status status="PASS" start="2025-08-21T15:40:20.263005" elapsed="0.000359"/>
</kw>
<kw name="Log To Console" owner="BuiltIn">
<arg>${key}=${value}</arg>
<doc>Logs the given message to the console.</doc>
<status status="PASS" start="2025-08-21T15:40:20.263602" elapsed="0.000494"/>
</kw>
<var name="${key}">age</var>
<status status="PASS" start="2025-08-21T15:40:20.261407" elapsed="0.002854"/>
</iter>
<iter>
<kw name="Log To Console" owner="BuiltIn">
<arg>${key}</arg>
<doc>Logs the given message to the console.</doc>
<status status="PASS" start="2025-08-21T15:40:20.264787" elapsed="0.000428"/>
</kw>
<kw name="Get From Dictionary" owner="Collections">
<msg time="2025-08-21T15:40:20.265856" level="INFO">${value} = 9100</msg>
<var>${value}</var>
<arg>${var}</arg>
<arg>${key}</arg>
<doc>Returns a value from the given ``dictionary`` based on the given ``key``.</doc>
<status status="PASS" start="2025-08-21T15:40:20.265464" elapsed="0.000486"/>
</kw>
<kw name="Log To Console" owner="BuiltIn">
<arg>${value}</arg>
<doc>Logs the given message to the console.</doc>
<status status="PASS" start="2025-08-21T15:40:20.266226" elapsed="0.000405"/>
</kw>
<kw name="Log To Console" owner="BuiltIn">
<arg>${key}=${value}</arg>
<doc>Logs the given message to the console.</doc>
<status status="PASS" start="2025-08-21T15:40:20.266877" elapsed="0.000587"/>
</kw>
<var name="${key}">mob_no</var>
<status status="PASS" start="2025-08-21T15:40:20.264530" elapsed="0.003094"/>
</iter>
<iter>
<kw name="Log To Console" owner="BuiltIn">
<arg>${key}</arg>
<doc>Logs the given message to the console.</doc>
<status status="PASS" start="2025-08-21T15:40:20.268105" elapsed="0.000384"/>
</kw>
<kw name="Get From Dictionary" owner="Collections">
<msg time="2025-08-21T15:40:20.269164" level="INFO">${value} = mahi</msg>
<var>${value}</var>
<arg>${var}</arg>
<arg>${key}</arg>
<doc>Returns a value from the given ``dictionary`` based on the given ``key``.</doc>
<status status="PASS" start="2025-08-21T15:40:20.268706" elapsed="0.000549"/>
</kw>
<kw name="Log To Console" owner="BuiltIn">
<arg>${value}</arg>
<doc>Logs the given message to the console.</doc>
<status status="PASS" start="2025-08-21T15:40:20.269517" elapsed="0.000452"/>
</kw>
<kw name="Log To Console" owner="BuiltIn">
<arg>${key}=${value}</arg>
<doc>Logs the given message to the console.</doc>
<status status="PASS" start="2025-08-21T15:40:20.270281" elapsed="0.000479"/>
</kw>
<var name="${key}">name</var>
<status status="PASS" start="2025-08-21T15:40:20.267862" elapsed="0.003028"/>
</iter>
<var>${key}</var>
<value>@{dict_keys}</value>
<status status="PASS" start="2025-08-21T15:40:20.261033" elapsed="0.009976"/>
</for>
<status status="PASS" start="2025-08-21T15:40:20.257355" elapsed="0.013887"/>
</test>
<status status="PASS" start="2025-08-21T15:40:19.566191" elapsed="0.705747"/>
</suite>
<status status="PASS" start="2025-08-21T15:40:19.532388" elapsed="0.740712"/>
</suite>
<statistics>
<total>
<stat pass="5" fail="0" skip="0">All Tests</stat>
</total>
<tag>
</tag>
<suite>
<stat name="Tests" id="s1" pass="5" fail="0" skip="0">Tests</stat>
<stat name="ForLoop" id="s1-s1" pass="5" fail="0" skip="0">Tests.ForLoop</stat>
</suite>
</statistics>
<errors>
</errors>
</robot>
