<?xml version="1.0" encoding="UTF-8"?>
<robot generator="Robot 7.3.2 (Python 3.13.5 on win32)" generated="2025-08-21T12:49:22.400697" rpa="false" schemaversion="5">
<suite id="s1" name="Tests" source="D:\Automation practice\Robot Training\Tests">
<suite id="s1-s1" name="Assertions" source="D:\Automation practice\Robot Training\Tests\Assertions.robot">
<test id="s1-s1-t1" name="Checking Assertions" line="5">
<kw name="Set Variable" owner="BuiltIn">
<msg time="2025-08-21T12:49:23.011018" level="INFO">${isValid} = True</msg>
<var>${isValid}</var>
<arg>${True}</arg>
<doc>Returns the given values which can then be assigned to a variables.</doc>
<status status="PASS" start="2025-08-21T12:49:23.010467" elapsed="0.000630"/>
</kw>
<kw name="Should Be True" owner="BuiltIn">
<arg>${isValid}</arg>
<doc>Fails if the given condition is not true.</doc>
<status status="PASS" start="2025-08-21T12:49:23.011432" elapsed="0.000380"/>
</kw>
<kw name="Log To Console" owner="BuiltIn">
<arg>${isValid}</arg>
<doc>Logs the given message to the console.</doc>
<status status="PASS" start="2025-08-21T12:49:23.012051" elapsed="0.000413"/>
</kw>
<kw name="Set Variable If" owner="BuiltIn">
<msg time="2025-08-21T12:49:23.013190" level="INFO">${isValid} = False</msg>
<var>${isValid}</var>
<arg>${isValid}</arg>
<arg>${False}</arg>
<doc>Sets variable based on the given condition.</doc>
<status status="PASS" start="2025-08-21T12:49:23.012711" elapsed="0.000532"/>
</kw>
<kw name="Should Not Be True" owner="BuiltIn">
<arg>${isValid}</arg>
<doc>Fails if the given condition is true.</doc>
<status status="PASS" start="2025-08-21T12:49:23.013400" elapsed="0.000191"/>
</kw>
<kw name="Log To Console" owner="BuiltIn">
<arg>${isValid}</arg>
<doc>Logs the given message to the console.</doc>
<status status="PASS" start="2025-08-21T12:49:23.013735" elapsed="0.000237"/>
</kw>
<status status="PASS" start="2025-08-21T12:49:23.008526" elapsed="0.005612"/>
</test>
<status status="PASS" start="2025-08-21T12:49:22.452730" elapsed="0.561889"/>
</suite>
<status status="PASS" start="2025-08-21T12:49:22.429336" elapsed="0.591001"/>
</suite>
<statistics>
<total>
<stat pass="1" fail="0" skip="0">All Tests</stat>
</total>
<tag>
</tag>
<suite>
<stat name="Tests" id="s1" pass="1" fail="0" skip="0">Tests</stat>
<stat name="Assertions" id="s1-s1" pass="1" fail="0" skip="0">Tests.Assertions</stat>
</suite>
</statistics>
<errors>
</errors>
</robot>
