<?xml version="1.0" encoding="UTF-8"?>
<robot generator="Robot 7.3.2 (Python 3.13.5 on win32)" generated="2025-08-21T16:13:19.144413" rpa="false" schemaversion="5">
<suite id="s1" name="Tests" source="D:\Automation practice\Robot Training\Tests">
<suite id="s1-s1" name="Tags" source="D:\Automation practice\Robot Training\Tests\Tags.robot">
<test id="s1-s1-t1" name="checking Tags keyword" line="7">
<kw name="Log To Console" owner="BuiltIn">
<arg>Inside Smoke ${TEST_TAGS}</arg>
<doc>Logs the given message to the console.</doc>
<status status="PASS" start="2025-08-21T16:13:20.238715" elapsed="0.001002"/>
</kw>
<tag>smoke</tag>
<status status="PASS" start="2025-08-21T16:13:20.234805" elapsed="0.005374"/>
</test>
<test id="s1-s1-t2" name="checking default Tags" line="12">
<kw name="Log To Console" owner="BuiltIn">
<arg>Inside Default ${TEST_TAGS}</arg>
<doc>Logs the given message to the console.</doc>
<status status="PASS" start="2025-08-21T16:13:20.241944" elapsed="0.000722"/>
</kw>
<tag>sanity</tag>
<status status="PASS" start="2025-08-21T16:13:20.240972" elapsed="0.002105"/>
</test>
<test id="s1-s1-t3" name="checking set Tags" line="16">
<kw name="Set Tags" owner="BuiltIn">
<msg time="2025-08-21T16:13:20.245930" level="INFO">Set tag 'regression'.</msg>
<arg>regression</arg>
<doc>Adds given ``tags`` for the current test or all tests in a suite.</doc>
<status status="PASS" start="2025-08-21T16:13:20.245248" elapsed="0.000864"/>
</kw>
<kw name="Log To Console" owner="BuiltIn">
<arg>Inside Set tag ${TEST_TAGS}</arg>
<doc>Logs the given message to the console.</doc>
<status status="PASS" start="2025-08-21T16:13:20.246483" elapsed="0.000626"/>
</kw>
<tag>regression</tag>
<tag>sanity</tag>
<status status="PASS" start="2025-08-21T16:13:20.244334" elapsed="0.003166"/>
</test>
<status status="PASS" start="2025-08-21T16:13:19.365552" elapsed="0.883011"/>
</suite>
<status status="PASS" start="2025-08-21T16:13:19.288455" elapsed="0.961993"/>
</suite>
<statistics>
<total>
<stat pass="3" fail="0" skip="0">All Tests</stat>
</total>
<tag>
<stat pass="1" fail="0" skip="0">regression</stat>
<stat pass="2" fail="0" skip="0">sanity</stat>
<stat pass="1" fail="0" skip="0">smoke</stat>
</tag>
<suite>
<stat name="Tests" id="s1" pass="3" fail="0" skip="0">Tests</stat>
<stat name="Tags" id="s1-s1" pass="3" fail="0" skip="0">Tests.Tags</stat>
</suite>
</statistics>
<errors>
</errors>
</robot>
