<?xml version="1.0" encoding="UTF-8"?>
<robot generator="Robot 7.3.2 (Python 3.13.5 on win32)" generated="2025-08-21T12:50:33.875104" rpa="false" schemaversion="5">
<suite id="s1" name="Tests" source="D:\Automation practice\Robot Training\Tests">
<suite id="s1-s1" name="Tags" source="D:\Automation practice\Robot Training\Tests\Tags.robot">
<test id="s1-s1-t1" name="checking Tags keyword" line="7">
<kw name="Log To Console" owner="BuiltIn">
<arg>Inside Smoke ${TEST_TAGS}</arg>
<doc>Logs the given message to the console.</doc>
<status status="PASS" start="2025-08-21T12:50:34.980135" elapsed="0.000971"/>
</kw>
<tag>smoke</tag>
<status status="PASS" start="2025-08-21T12:50:34.977246" elapsed="0.004560"/>
</test>
<test id="s1-s1-t2" name="checking default Tags" line="12">
<kw name="Log To Console" owner="BuiltIn">
<arg>Inside Default ${TEST_TAGS}</arg>
<doc>Logs the given message to the console.</doc>
<status status="PASS" start="2025-08-21T12:50:34.983862" elapsed="0.000755"/>
</kw>
<tag>sanity</tag>
<status status="PASS" start="2025-08-21T12:50:34.982767" elapsed="0.002292"/>
</test>
<test id="s1-s1-t3" name="checking set Tags" line="16">
<kw name="Set Tags" owner="BuiltIn">
<msg time="2025-08-21T12:50:34.987731" level="INFO">Set tag 'regression'.</msg>
<arg>regression</arg>
<doc>Adds given ``tags`` for the current test or all tests in a suite.</doc>
<status status="PASS" start="2025-08-21T12:50:34.987036" elapsed="0.000900"/>
</kw>
<kw name="Log To Console" owner="BuiltIn">
<arg>Inside Set tag ${TEST_TAGS}</arg>
<doc>Logs the given message to the console.</doc>
<status status="PASS" start="2025-08-21T12:50:34.988330" elapsed="0.000644"/>
</kw>
<tag>regression</tag>
<tag>sanity</tag>
<status status="PASS" start="2025-08-21T12:50:34.986099" elapsed="0.003266"/>
</test>
<status status="PASS" start="2025-08-21T12:50:34.082832" elapsed="0.907788"/>
</suite>
<status status="PASS" start="2025-08-21T12:50:34.031441" elapsed="0.961681"/>
</suite>
<statistics>
<total>
<stat pass="3" fail="0" skip="0">All Tests</stat>
</total>
<tag>
<stat pass="1" fail="0" skip="0">regression</stat>
<stat pass="2" fail="0" skip="0">sanity</stat>
<stat pass="1" fail="0" skip="0">smoke</stat>
</tag>
<suite>
<stat name="Tests" id="s1" pass="3" fail="0" skip="0">Tests</stat>
<stat name="Tags" id="s1-s1" pass="3" fail="0" skip="0">Tests.Tags</stat>
</suite>
</statistics>
<errors>
</errors>
</robot>
