<?xml version="1.0" encoding="UTF-8"?>
<robot generator="Robot 7.3.2 (Python 3.13.5 on win32)" generated="2025-07-18T11:01:43.373185" rpa="false" schemaversion="5">
<suite id="s1" name="Tests" source="D:\Automation practice\Robot Training\tests">
<suite id="s1-s1" name="Headless" source="D:\Automation practice\Robot Training\tests\Headless.robot">
<test id="s1-s1-t1" name="Run Tests under Headless Browser" line="7">
<kw name="Open Browser" owner="SeleniumLibrary">
<msg time="2025-07-18T11:01:44.363302" level="INFO">Opening browser 'headlesschrome' to base url 'https://www.google.com/'.</msg>
<arg>${URL}</arg>
<arg>headlesschrome</arg>
<doc>Opens a new browser instance to the optional ``url``.</doc>
<status status="PASS" start="2025-07-18T11:01:44.357453" elapsed="2.573375"/>
</kw>
<kw name="Maximize Browser Window" owner="SeleniumLibrary">
<doc>Maximizes current browser window.</doc>
<status status="PASS" start="2025-07-18T11:01:46.931388" elapsed="1.901873"/>
</kw>
<kw name="Sleep" owner="BuiltIn">
<msg time="2025-07-18T11:01:50.841285" level="INFO">Slept 2 seconds.</msg>
<arg>2s</arg>
<doc>Pauses the test executed for the given time.</doc>
<status status="PASS" start="2025-07-18T11:01:48.833770" elapsed="2.009431"/>
</kw>
<kw name="Input Text" owner="SeleniumLibrary">
<msg time="2025-07-18T11:01:50.849638" level="INFO">Typing text 'Automation Step by step' into text field 'class=gLFyf'.</msg>
<arg>class=gLFyf</arg>
<arg>Automation Step by step</arg>
<doc>Types the given ``text`` into the text field identified by ``locator``.</doc>
<status status="PASS" start="2025-07-18T11:01:50.844177" elapsed="0.554212"/>
</kw>
<kw name="Sleep" owner="BuiltIn">
<msg time="2025-07-18T11:01:53.400053" level="INFO">Slept 2 seconds.</msg>
<arg>2s</arg>
<doc>Pauses the test executed for the given time.</doc>
<status status="PASS" start="2025-07-18T11:01:51.398929" elapsed="2.001244"/>
</kw>
<kw name="Click Button" owner="SeleniumLibrary">
<msg time="2025-07-18T11:01:53.400677" level="INFO">Clicking button 'class=gNO89b'.</msg>
<arg>class=gNO89b</arg>
<doc>Clicks the button identified by ``locator``.</doc>
<status status="PASS" start="2025-07-18T11:01:53.400374" elapsed="0.261756"/>
</kw>
<kw name="Sleep" owner="BuiltIn">
<msg time="2025-07-18T11:01:55.663063" level="INFO">Slept 2 seconds.</msg>
<arg>2s</arg>
<doc>Pauses the test executed for the given time.</doc>
<status status="PASS" start="2025-07-18T11:01:53.662389" elapsed="2.001075"/>
</kw>
<kw name="Sleep" owner="BuiltIn">
<arg>5s</arg>
<doc>Pauses the test executed for the given time.</doc>
<status status="FAIL" start="2025-07-18T11:01:55.663999" elapsed="4.093415">Execution terminated by signal</status>
</kw>
<kw name="Close Browser" owner="SeleniumLibrary">
<doc>Closes the current browser.</doc>
<status status="NOT RUN" start="2025-07-18T11:01:59.758146" elapsed="0.000207"/>
</kw>
<status status="FAIL" start="2025-07-18T11:01:44.354109" elapsed="15.404844">Execution terminated by signal</status>
</test>
<status status="FAIL" start="2025-07-18T11:01:43.517296" elapsed="16.251024"/>
</suite>
<status status="FAIL" start="2025-07-18T11:01:43.455147" elapsed="16.315356"/>
</suite>
<statistics>
<total>
<stat pass="0" fail="1" skip="0">All Tests</stat>
</total>
<tag>
</tag>
<suite>
<stat name="Tests" id="s1" pass="0" fail="1" skip="0">Tests</stat>
<stat name="Headless" id="s1-s1" pass="0" fail="1" skip="0">Tests.Headless</stat>
</suite>
</statistics>
<errors>
</errors>
</robot>
