<?xml version="1.0" encoding="UTF-8"?>
<robot generator="Robot 7.3.2 (Python 3.13.5 on win32)" generated="2025-07-18T18:30:12.176354" rpa="false" schemaversion="5">
<suite id="s1" name="Tests" source="D:\Automation practice\Robot Training\Tests">
<suite id="s1-s1" name="Headless" source="D:\Automation practice\Robot Training\Tests\Headless.robot">
<test id="s1-s1-t1" name="Run Tests under Headless Browser" line="7">
<kw name="Open Browser" owner="SeleniumLibrary">
<msg time="2025-07-18T18:30:12.721036" level="INFO">Opening browser 'headlesschrome' to base url 'https://www.google.com/'.</msg>
<arg>${URL}</arg>
<arg>headlesschrome</arg>
<doc>Opens a new browser instance to the optional ``url``.</doc>
<status status="PASS" start="2025-07-18T18:30:12.720331" elapsed="2.692324"/>
</kw>
<kw name="Maximize Browser Window" owner="SeleniumLibrary">
<doc>Maximizes current browser window.</doc>
<status status="PASS" start="2025-07-18T18:30:15.413489" elapsed="0.037784"/>
</kw>
<kw name="Sleep" owner="BuiltIn">
<msg time="2025-07-18T18:30:17.452656" level="INFO">Slept 2 seconds.</msg>
<arg>2s</arg>
<doc>Pauses the test executed for the given time.</doc>
<status status="PASS" start="2025-07-18T18:30:15.451603" elapsed="2.001252"/>
</kw>
<kw name="Input Text" owner="SeleniumLibrary">
<msg time="2025-07-18T18:30:17.453817" level="INFO">Typing text 'Automation Step by step' into text field 'class=gLFyf'.</msg>
<arg>class=gLFyf</arg>
<arg>Automation Step by step</arg>
<doc>Types the given ``text`` into the text field identified by ``locator``.</doc>
<status status="PASS" start="2025-07-18T18:30:17.453129" elapsed="0.194111"/>
</kw>
<kw name="Sleep" owner="BuiltIn">
<msg time="2025-07-18T18:30:19.648572" level="INFO">Slept 2 seconds.</msg>
<arg>2s</arg>
<doc>Pauses the test executed for the given time.</doc>
<status status="PASS" start="2025-07-18T18:30:17.647548" elapsed="2.001225"/>
</kw>
<kw name="Click Button" owner="SeleniumLibrary">
<msg time="2025-07-18T18:30:19.649838" level="INFO">Clicking button 'class=gNO89b'.</msg>
<arg>class=gNO89b</arg>
<doc>Clicks the button identified by ``locator``.</doc>
<status status="PASS" start="2025-07-18T18:30:19.649198" elapsed="0.176885"/>
</kw>
<kw name="Sleep" owner="BuiltIn">
<msg time="2025-07-18T18:30:21.827505" level="INFO">Slept 2 seconds.</msg>
<arg>2s</arg>
<doc>Pauses the test executed for the given time.</doc>
<status status="PASS" start="2025-07-18T18:30:19.826490" elapsed="2.001290"/>
</kw>
<kw name="Sleep" owner="BuiltIn">
<msg time="2025-07-18T18:30:26.828974" level="INFO">Slept 5 seconds.</msg>
<arg>5s</arg>
<doc>Pauses the test executed for the given time.</doc>
<status status="PASS" start="2025-07-18T18:30:21.828131" elapsed="5.001044"/>
</kw>
<kw name="Close Browser" owner="SeleniumLibrary">
<doc>Closes the current browser.</doc>
<status status="PASS" start="2025-07-18T18:30:26.829517" elapsed="2.285984"/>
</kw>
<status status="PASS" start="2025-07-18T18:30:12.717901" elapsed="16.398465"/>
</test>
<status status="PASS" start="2025-07-18T18:30:12.254737" elapsed="16.864280"/>
</suite>
<status status="PASS" start="2025-07-18T18:30:12.214615" elapsed="16.910218"/>
</suite>
<statistics>
<total>
<stat pass="1" fail="0" skip="0">All Tests</stat>
</total>
<tag>
</tag>
<suite>
<stat name="Tests" id="s1" pass="1" fail="0" skip="0">Tests</stat>
<stat name="Headless" id="s1-s1" pass="1" fail="0" skip="0">Tests.Headless</stat>
</suite>
</statistics>
<errors>
</errors>
</robot>
