<?xml version="1.0" encoding="UTF-8"?>
<robot generator="Robot 7.3.2 (Python 3.13.5 on win32)" generated="2025-07-18T17:51:01.716517" rpa="false" schemaversion="5">
<suite id="s1" name="Tests" source="D:\Automation practice\Robot Training\Tests">
<suite id="s1-s1" name="DataFromCsv" source="D:\Automation practice\Robot Training\Tests\DataFromCsv.robot">
<test id="s1-s1-t1" name="Login Tests Using CSV Admin and admin123" line="19">
<kw name="Open Login Page" owner="LoginPageKw" type="SETUP">
<kw name="Open Browser" owner="SeleniumLibrary">
<msg time="2025-07-18T17:51:02.105670" level="INFO">Opening browser 'chrome' to base url 'https://opensource-demo.orangehrmlive.com/web/index.php/auth/login'.</msg>
<arg>${URL}</arg>
<arg>chrome</arg>
<doc>Opens a new browser instance to the optional ``url``.</doc>
<status status="PASS" start="2025-07-18T17:51:02.105090" elapsed="5.989471"/>
</kw>
<kw name="Maximize Browser Window" owner="SeleniumLibrary">
<doc>Maximizes current browser window.</doc>
<status status="PASS" start="2025-07-18T17:51:08.095037" elapsed="0.052723"/>
</kw>
<kw name="Sleep" owner="BuiltIn">
<msg time="2025-07-18T17:51:11.149054" level="INFO">Slept 3 seconds.</msg>
<arg>3s</arg>
<doc>Pauses the test executed for the given time.</doc>
<status status="PASS" start="2025-07-18T17:51:08.148069" elapsed="3.001206"/>
</kw>
<status status="PASS" start="2025-07-18T17:51:02.103336" elapsed="9.046158"/>
</kw>
<kw name="Test Data">
<kw name="Login" owner="LoginPageKw">
<kw name="Input User" owner="LoginPageKw">
<kw name="Input Text" owner="SeleniumLibrary">
<msg time="2025-07-18T17:51:11.153558" level="INFO">Typing text 'Admin' into text field 'name=username'.</msg>
<arg>${USERNAME_FIELD}</arg>
<arg>${username}</arg>
<doc>Types the given ``text`` into the text field identified by ``locator``.</doc>
<status status="PASS" start="2025-07-18T17:51:11.152488" elapsed="0.392619"/>
</kw>
<arg>${user}</arg>
<status status="PASS" start="2025-07-18T17:51:11.151561" elapsed="0.393770"/>
</kw>
<kw name="Input Pass" owner="LoginPageKw">
<kw name="Input Text" owner="SeleniumLibrary">
<msg time="2025-07-18T17:51:11.546996" level="INFO">Typing text 'admin123' into text field 'name=password'.</msg>
<arg>${PASSWORD_FIELD}</arg>
<arg>${password}</arg>
<doc>Types the given ``text`` into the text field identified by ``locator``.</doc>
<status status="PASS" start="2025-07-18T17:51:11.546303" elapsed="0.183846"/>
</kw>
<arg>${pass}</arg>
<status status="PASS" start="2025-07-18T17:51:11.545616" elapsed="0.184756"/>
</kw>
<kw name="Click Login Button" owner="LoginPageKw">
<kw name="Click Button" owner="SeleniumLibrary">
<msg time="2025-07-18T17:51:11.731824" level="INFO">Clicking button 'xpath=//button[@type='submit']'.</msg>
<arg>${LOGIN_BUTTON}</arg>
<doc>Clicks the button identified by ``locator``.</doc>
<status status="PASS" start="2025-07-18T17:51:11.731333" elapsed="0.133040"/>
</kw>
<status status="PASS" start="2025-07-18T17:51:11.730694" elapsed="0.133926"/>
</kw>
<kw name="Page Should Contain text" owner="LoginPageKw">
<kw name="Sleep" owner="BuiltIn">
<msg time="2025-07-18T17:51:13.866739" level="INFO">Slept 2 seconds.</msg>
<arg>2s</arg>
<doc>Pauses the test executed for the given time.</doc>
<status status="PASS" start="2025-07-18T17:51:11.865700" elapsed="2.001401"/>
</kw>
<kw name="Page Should Contain" owner="SeleniumLibrary">
<msg time="2025-07-18T17:51:13.904119" level="INFO">Current page contains text 'Dashboard'.</msg>
<arg>${message}</arg>
<doc>Verifies that current page contains ``text``.</doc>
<status status="PASS" start="2025-07-18T17:51:13.867500" elapsed="0.036837"/>
</kw>
<arg>${message}</arg>
<status status="PASS" start="2025-07-18T17:51:11.864961" elapsed="2.039832"/>
</kw>
<arg>${userName}</arg>
<arg>${Password}</arg>
<arg>${Message}</arg>
<status status="PASS" start="2025-07-18T17:51:11.150782" elapsed="2.754451"/>
</kw>
<arg>userName=Admin</arg>
<arg>Password=admin123</arg>
<arg>Message=Dashboard</arg>
<status status="PASS" start="2025-07-18T17:51:11.149967" elapsed="2.755493"/>
</kw>
<kw name="Close Browser" owner="SeleniumLibrary" type="TEARDOWN">
<doc>Closes the current browser.</doc>
<status status="PASS" start="2025-07-18T17:51:13.905867" elapsed="2.249469"/>
</kw>
<status status="PASS" start="2025-07-18T17:51:02.101325" elapsed="14.054489"/>
</test>
<test id="s1-s1-t2" name="Login Tests Using CSV admin123 and admin123" line="19">
<kw name="Open Login Page" owner="LoginPageKw" type="SETUP">
<kw name="Open Browser" owner="SeleniumLibrary">
<msg time="2025-07-18T17:51:16.165637" level="INFO">Opening browser 'chrome' to base url 'https://opensource-demo.orangehrmlive.com/web/index.php/auth/login'.</msg>
<arg>${URL}</arg>
<arg>chrome</arg>
<doc>Opens a new browser instance to the optional ``url``.</doc>
<status status="PASS" start="2025-07-18T17:51:16.164594" elapsed="5.262417"/>
</kw>
<kw name="Maximize Browser Window" owner="SeleniumLibrary">
<doc>Maximizes current browser window.</doc>
<status status="PASS" start="2025-07-18T17:51:21.427416" elapsed="0.041774"/>
</kw>
<kw name="Sleep" owner="BuiltIn">
<msg time="2025-07-18T17:51:24.470374" level="INFO">Slept 3 seconds.</msg>
<arg>3s</arg>
<doc>Pauses the test executed for the given time.</doc>
<status status="PASS" start="2025-07-18T17:51:21.469804" elapsed="3.000824"/>
</kw>
<status status="PASS" start="2025-07-18T17:51:16.163135" elapsed="8.307834"/>
</kw>
<kw name="Test Data">
<kw name="Login" owner="LoginPageKw">
<kw name="Input User" owner="LoginPageKw">
<kw name="Input Text" owner="SeleniumLibrary">
<msg time="2025-07-18T17:51:24.475217" level="INFO">Typing text 'admin123' into text field 'name=username'.</msg>
<arg>${USERNAME_FIELD}</arg>
<arg>${username}</arg>
<doc>Types the given ``text`` into the text field identified by ``locator``.</doc>
<status status="PASS" start="2025-07-18T17:51:24.474421" elapsed="0.176445"/>
</kw>
<arg>${user}</arg>
<status status="PASS" start="2025-07-18T17:51:24.473524" elapsed="0.177606"/>
</kw>
<kw name="Input Pass" owner="LoginPageKw">
<kw name="Input Text" owner="SeleniumLibrary">
<msg time="2025-07-18T17:51:24.652718" level="INFO">Typing text 'admin123' into text field 'name=password'.</msg>
<arg>${PASSWORD_FIELD}</arg>
<arg>${password}</arg>
<doc>Types the given ``text`` into the text field identified by ``locator``.</doc>
<status status="PASS" start="2025-07-18T17:51:24.652185" elapsed="0.157900"/>
</kw>
<arg>${pass}</arg>
<status status="PASS" start="2025-07-18T17:51:24.651470" elapsed="0.158928"/>
</kw>
<kw name="Click Login Button" owner="LoginPageKw">
<kw name="Click Button" owner="SeleniumLibrary">
<msg time="2025-07-18T17:51:24.812024" level="INFO">Clicking button 'xpath=//button[@type='submit']'.</msg>
<arg>${LOGIN_BUTTON}</arg>
<doc>Clicks the button identified by ``locator``.</doc>
<status status="PASS" start="2025-07-18T17:51:24.811562" elapsed="1.012013"/>
</kw>
<status status="PASS" start="2025-07-18T17:51:24.810790" elapsed="1.013093"/>
</kw>
<kw name="Page Should Contain text" owner="LoginPageKw">
<kw name="Sleep" owner="BuiltIn">
<msg time="2025-07-18T17:51:27.826511" level="INFO">Slept 2 seconds.</msg>
<arg>2s</arg>
<doc>Pauses the test executed for the given time.</doc>
<status status="PASS" start="2025-07-18T17:51:25.825399" elapsed="2.001393"/>
</kw>
<kw name="Page Should Contain" owner="SeleniumLibrary">
<msg time="2025-07-18T17:51:27.884516" level="INFO">Current page contains text 'Invalid credentials'.</msg>
<arg>${message}</arg>
<doc>Verifies that current page contains ``text``.</doc>
<status status="PASS" start="2025-07-18T17:51:27.827232" elapsed="0.057511"/>
</kw>
<arg>${message}</arg>
<status status="PASS" start="2025-07-18T17:51:25.824425" elapsed="2.060615"/>
</kw>
<arg>${userName}</arg>
<arg>${Password}</arg>
<arg>${Message}</arg>
<status status="PASS" start="2025-07-18T17:51:24.472450" elapsed="3.412796"/>
</kw>
<arg>userName=admin123</arg>
<arg>Password=admin123</arg>
<arg>Message=Invalid credentials</arg>
<status status="PASS" start="2025-07-18T17:51:24.471434" elapsed="3.414044"/>
</kw>
<kw name="Close Browser" owner="SeleniumLibrary" type="TEARDOWN">
<doc>Closes the current browser.</doc>
<status status="PASS" start="2025-07-18T17:51:27.886330" elapsed="2.316855"/>
</kw>
<status status="PASS" start="2025-07-18T17:51:16.157367" elapsed="14.046278"/>
</test>
<test id="s1-s1-t3" name="Login Tests Using CSV admin12 and admin123" line="19">
<kw name="Open Login Page" owner="LoginPageKw" type="SETUP">
<kw name="Open Browser" owner="SeleniumLibrary">
<msg time="2025-07-18T17:51:30.220472" level="INFO">Opening browser 'chrome' to base url 'https://opensource-demo.orangehrmlive.com/web/index.php/auth/login'.</msg>
<arg>${URL}</arg>
<arg>chrome</arg>
<doc>Opens a new browser instance to the optional ``url``.</doc>
<status status="PASS" start="2025-07-18T17:51:30.215284" elapsed="5.396431"/>
</kw>
<kw name="Maximize Browser Window" owner="SeleniumLibrary">
<doc>Maximizes current browser window.</doc>
<status status="PASS" start="2025-07-18T17:51:35.612845" elapsed="0.572926"/>
</kw>
<kw name="Sleep" owner="BuiltIn">
<msg time="2025-07-18T17:51:39.187290" level="INFO">Slept 3 seconds.</msg>
<arg>3s</arg>
<doc>Pauses the test executed for the given time.</doc>
<status status="PASS" start="2025-07-18T17:51:36.186260" elapsed="3.001502"/>
</kw>
<status status="PASS" start="2025-07-18T17:51:30.211467" elapsed="8.976702"/>
</kw>
<kw name="Test Data">
<kw name="Login" owner="LoginPageKw">
<kw name="Input User" owner="LoginPageKw">
<kw name="Input Text" owner="SeleniumLibrary">
<msg time="2025-07-18T17:51:39.193227" level="INFO">Typing text 'admin12' into text field 'name=username'.</msg>
<arg>${USERNAME_FIELD}</arg>
<arg>${username}</arg>
<doc>Types the given ``text`` into the text field identified by ``locator``.</doc>
<status status="PASS" start="2025-07-18T17:51:39.192401" elapsed="0.691542"/>
</kw>
<arg>${user}</arg>
<status status="PASS" start="2025-07-18T17:51:39.191344" elapsed="0.692986"/>
</kw>
<kw name="Input Pass" owner="LoginPageKw">
<kw name="Input Text" owner="SeleniumLibrary">
<msg time="2025-07-18T17:51:39.887687" level="INFO">Typing text 'admin123' into text field 'name=password'.</msg>
<arg>${PASSWORD_FIELD}</arg>
<arg>${password}</arg>
<doc>Types the given ``text`` into the text field identified by ``locator``.</doc>
<status status="PASS" start="2025-07-18T17:51:39.886143" elapsed="0.763651"/>
</kw>
<arg>${pass}</arg>
<status status="PASS" start="2025-07-18T17:51:39.884925" elapsed="0.765211"/>
</kw>
<kw name="Click Login Button" owner="LoginPageKw">
<kw name="Click Button" owner="SeleniumLibrary">
<msg time="2025-07-18T17:51:40.652711" level="INFO">Clicking button 'xpath=//button[@type='submit']'.</msg>
<arg>${LOGIN_BUTTON}</arg>
<doc>Clicks the button identified by ``locator``.</doc>
<status status="PASS" start="2025-07-18T17:51:40.652062" elapsed="2.017495"/>
</kw>
<status status="PASS" start="2025-07-18T17:51:40.650940" elapsed="2.018909"/>
</kw>
<kw name="Page Should Contain text" owner="LoginPageKw">
<kw name="Sleep" owner="BuiltIn">
<msg time="2025-07-18T17:51:44.672013" level="INFO">Slept 2 seconds.</msg>
<arg>2s</arg>
<doc>Pauses the test executed for the given time.</doc>
<status status="PASS" start="2025-07-18T17:51:42.671150" elapsed="2.001099"/>
</kw>
<kw name="Page Should Contain" owner="SeleniumLibrary">
<msg time="2025-07-18T17:51:44.696104" level="INFO">Current page contains text 'Invalid credentials'.</msg>
<arg>${message}</arg>
<doc>Verifies that current page contains ``text``.</doc>
<status status="PASS" start="2025-07-18T17:51:44.672625" elapsed="0.023677"/>
</kw>
<arg>${message}</arg>
<status status="PASS" start="2025-07-18T17:51:42.670263" elapsed="2.026329"/>
</kw>
<arg>${userName}</arg>
<arg>${Password}</arg>
<arg>${Message}</arg>
<status status="PASS" start="2025-07-18T17:51:39.189987" elapsed="5.506788"/>
</kw>
<arg>userName=admin12</arg>
<arg>Password=admin123</arg>
<arg>Message=Invalid credentials</arg>
<status status="PASS" start="2025-07-18T17:51:39.188743" elapsed="5.508237"/>
</kw>
<kw name="Close Browser" owner="SeleniumLibrary" type="TEARDOWN">
<doc>Closes the current browser.</doc>
<status status="PASS" start="2025-07-18T17:51:44.697498" elapsed="2.252874"/>
</kw>
<status status="PASS" start="2025-07-18T17:51:30.205451" elapsed="16.745074"/>
</test>
<status status="PASS" start="2025-07-18T17:51:01.760721" elapsed="45.190498"/>
</suite>
<status status="PASS" start="2025-07-18T17:51:01.740887" elapsed="45.211432"/>
</suite>
<statistics>
<total>
<stat pass="3" fail="0" skip="0">All Tests</stat>
</total>
<tag>
</tag>
<suite>
<stat name="Tests" id="s1" pass="3" fail="0" skip="0">Tests</stat>
<stat name="DataFromCsv" id="s1-s1" pass="3" fail="0" skip="0">Tests.DataFromCsv</stat>
</suite>
</statistics>
<errors>
</errors>
</robot>
