<?xml version="1.0" encoding="UTF-8"?>
<robot generator="Robot 7.3.2 (Python 3.13.5 on win32)" generated="2025-07-18T11:13:07.043721" rpa="false" schemaversion="5">
<suite id="s1" name="Tests" source="D:\Automation practice\Robot Training\tests">
<suite id="s1-s1" name="DataFromCsv" source="D:\Automation practice\Robot Training\tests\DataFromCsv.robot">
<test id="s1-s1-t1" name="Login Tests Using CSV Admin and admin123" line="19">
<kw name="Open Login Page" owner="LoginPageKw" type="SETUP">
<kw name="Open Browser" owner="SeleniumLibrary">
<msg time="2025-07-18T11:13:07.407323" level="INFO">Opening browser 'chrome' to base url 'https://opensource-demo.orangehrmlive.com/web/index.php/auth/login'.</msg>
<arg>${URL}</arg>
<arg>chrome</arg>
<doc>Opens a new browser instance to the optional ``url``.</doc>
<status status="PASS" start="2025-07-18T11:13:07.406865" elapsed="2.698390"/>
</kw>
<kw name="Maximize Browser Window" owner="SeleniumLibrary">
<doc>Maximizes current browser window.</doc>
<status status="PASS" start="2025-07-18T11:13:10.105626" elapsed="2.081316"/>
</kw>
<kw name="Sleep" owner="BuiltIn">
<msg time="2025-07-18T11:13:15.187765" level="INFO">Slept 3 seconds.</msg>
<arg>3s</arg>
<doc>Pauses the test executed for the given time.</doc>
<status status="PASS" start="2025-07-18T11:13:12.187298" elapsed="3.000579"/>
</kw>
<status status="PASS" start="2025-07-18T11:13:07.405053" elapsed="7.782934"/>
</kw>
<kw name="Test Data">
<kw name="Login" owner="LoginPageKw">
<kw name="Input User" owner="LoginPageKw">
<kw name="Input Text" owner="SeleniumLibrary">
<msg time="2025-07-18T11:13:15.190137" level="INFO">Typing text 'Admin' into text field 'name=username'.</msg>
<arg>${USERNAME_FIELD}</arg>
<arg>${username}</arg>
<doc>Types the given ``text`` into the text field identified by ``locator``.</doc>
<status status="PASS" start="2025-07-18T11:13:15.189642" elapsed="0.072626"/>
</kw>
<arg>${user}</arg>
<status status="PASS" start="2025-07-18T11:13:15.189234" elapsed="0.073249"/>
</kw>
<kw name="Input Pass" owner="LoginPageKw">
<kw name="Input Text" owner="SeleniumLibrary">
<msg time="2025-07-18T11:13:15.263712" level="INFO">Typing text 'admin123' into text field 'name=password'.</msg>
<arg>${PASSWORD_FIELD}</arg>
<arg>${password}</arg>
<doc>Types the given ``text`` into the text field identified by ``locator``.</doc>
<status status="PASS" start="2025-07-18T11:13:15.263304" elapsed="0.082026"/>
</kw>
<arg>${pass}</arg>
<status status="PASS" start="2025-07-18T11:13:15.262745" elapsed="0.082797"/>
</kw>
<kw name="Click Login Button" owner="LoginPageKw">
<kw name="Click Button" owner="SeleniumLibrary">
<msg time="2025-07-18T11:13:15.346568" level="INFO">Clicking button 'xpath=//button[@type='submit']'.</msg>
<arg>${LOGIN_BUTTON}</arg>
<doc>Clicks the button identified by ``locator``.</doc>
<status status="PASS" start="2025-07-18T11:13:15.346251" elapsed="0.077656"/>
</kw>
<status status="PASS" start="2025-07-18T11:13:15.345862" elapsed="0.078267"/>
</kw>
<kw name="Page Should Contain text" owner="LoginPageKw">
<kw name="Sleep" owner="BuiltIn">
<msg time="2025-07-18T11:13:17.425857" level="INFO">Slept 2 seconds.</msg>
<arg>2s</arg>
<doc>Pauses the test executed for the given time.</doc>
<status status="PASS" start="2025-07-18T11:13:15.424856" elapsed="2.001381"/>
</kw>
<kw name="Page Should Contain" owner="SeleniumLibrary">
<msg time="2025-07-18T11:13:17.452654" level="INFO">Current page contains text 'Dashboard'.</msg>
<arg>${message}</arg>
<doc>Verifies that current page contains ``text``.</doc>
<status status="PASS" start="2025-07-18T11:13:17.426508" elapsed="0.026250"/>
</kw>
<arg>${message}</arg>
<status status="PASS" start="2025-07-18T11:13:15.424307" elapsed="2.028566"/>
</kw>
<arg>${userName}</arg>
<arg>${Password}</arg>
<arg>${Message}</arg>
<status status="PASS" start="2025-07-18T11:13:15.188713" elapsed="2.264248"/>
</kw>
<arg>userName=Admin</arg>
<arg>Password=admin123</arg>
<arg>Message=Dashboard</arg>
<status status="PASS" start="2025-07-18T11:13:15.188187" elapsed="2.264852"/>
</kw>
<kw name="Close Browser" owner="SeleniumLibrary" type="TEARDOWN">
<doc>Closes the current browser.</doc>
<status status="PASS" start="2025-07-18T11:13:17.453337" elapsed="2.178745"/>
</kw>
<status status="PASS" start="2025-07-18T11:13:07.402875" elapsed="12.229340"/>
</test>
<test id="s1-s1-t2" name="Login Tests Using CSV admin123 and admin123" line="19">
<kw name="Open Login Page" owner="LoginPageKw" type="SETUP">
<kw name="Open Browser" owner="SeleniumLibrary">
<msg time="2025-07-18T11:13:19.634274" level="INFO">Opening browser 'chrome' to base url 'https://opensource-demo.orangehrmlive.com/web/index.php/auth/login'.</msg>
<arg>${URL}</arg>
<arg>chrome</arg>
<doc>Opens a new browser instance to the optional ``url``.</doc>
<status status="PASS" start="2025-07-18T11:13:19.634041" elapsed="3.875064"/>
</kw>
<kw name="Maximize Browser Window" owner="SeleniumLibrary">
<doc>Maximizes current browser window.</doc>
<status status="PASS" start="2025-07-18T11:13:23.509311" elapsed="0.043596"/>
</kw>
<kw name="Sleep" owner="BuiltIn">
<msg time="2025-07-18T11:13:26.553607" level="INFO">Slept 3 seconds.</msg>
<arg>3s</arg>
<doc>Pauses the test executed for the given time.</doc>
<status status="PASS" start="2025-07-18T11:13:23.553179" elapsed="3.000585"/>
</kw>
<status status="PASS" start="2025-07-18T11:13:19.633700" elapsed="6.920215"/>
</kw>
<kw name="Test Data">
<kw name="Login" owner="LoginPageKw">
<kw name="Input User" owner="LoginPageKw">
<kw name="Input Text" owner="SeleniumLibrary">
<msg time="2025-07-18T11:13:26.557108" level="INFO">Typing text 'admin123' into text field 'name=username'.</msg>
<arg>${USERNAME_FIELD}</arg>
<arg>${username}</arg>
<doc>Types the given ``text`` into the text field identified by ``locator``.</doc>
<status status="PASS" start="2025-07-18T11:13:26.556575" elapsed="0.113757"/>
</kw>
<arg>${user}</arg>
<status status="PASS" start="2025-07-18T11:13:26.555902" elapsed="0.114714"/>
</kw>
<kw name="Input Pass" owner="LoginPageKw">
<kw name="Input Text" owner="SeleniumLibrary">
<msg time="2025-07-18T11:13:26.672417" level="INFO">Typing text 'admin123' into text field 'name=password'.</msg>
<arg>${PASSWORD_FIELD}</arg>
<arg>${password}</arg>
<doc>Types the given ``text`` into the text field identified by ``locator``.</doc>
<status status="PASS" start="2025-07-18T11:13:26.671885" elapsed="0.150299"/>
</kw>
<arg>${pass}</arg>
<status status="PASS" start="2025-07-18T11:13:26.671007" elapsed="0.151463"/>
</kw>
<kw name="Click Login Button" owner="LoginPageKw">
<kw name="Click Button" owner="SeleniumLibrary">
<msg time="2025-07-18T11:13:26.824248" level="INFO">Clicking button 'xpath=//button[@type='submit']'.</msg>
<arg>${LOGIN_BUTTON}</arg>
<doc>Clicks the button identified by ``locator``.</doc>
<status status="PASS" start="2025-07-18T11:13:26.823586" elapsed="0.123509"/>
</kw>
<status status="PASS" start="2025-07-18T11:13:26.822896" elapsed="0.124421"/>
</kw>
<kw name="Page Should Contain text" owner="LoginPageKw">
<kw name="Sleep" owner="BuiltIn">
<msg time="2025-07-18T11:13:28.972456" level="INFO">Slept 2 seconds.</msg>
<arg>2s</arg>
<doc>Pauses the test executed for the given time.</doc>
<status status="PASS" start="2025-07-18T11:13:26.948450" elapsed="2.024432"/>
</kw>
<kw name="Page Should Contain" owner="SeleniumLibrary">
<msg time="2025-07-18T11:13:29.031571" level="INFO">Current page contains text 'Invalid credentials'.</msg>
<arg>${message}</arg>
<doc>Verifies that current page contains ``text``.</doc>
<status status="PASS" start="2025-07-18T11:13:28.973375" elapsed="0.058409"/>
</kw>
<arg>${message}</arg>
<status status="PASS" start="2025-07-18T11:13:26.947668" elapsed="2.084361"/>
</kw>
<arg>${userName}</arg>
<arg>${Password}</arg>
<arg>${Message}</arg>
<status status="PASS" start="2025-07-18T11:13:26.554988" elapsed="2.477241"/>
</kw>
<arg>userName=admin123</arg>
<arg>Password=admin123</arg>
<arg>Message=Invalid credentials</arg>
<status status="PASS" start="2025-07-18T11:13:26.554185" elapsed="2.478262"/>
</kw>
<kw name="Close Browser" owner="SeleniumLibrary" type="TEARDOWN">
<doc>Closes the current browser.</doc>
<status status="PASS" start="2025-07-18T11:13:29.033271" elapsed="2.527940"/>
</kw>
<status status="PASS" start="2025-07-18T11:13:19.632691" elapsed="11.928666"/>
</test>
<test id="s1-s1-t3" name="Login Tests Using CSV admin12 and admin123" line="19">
<kw name="Open Login Page" owner="LoginPageKw" type="SETUP">
<kw name="Open Browser" owner="SeleniumLibrary">
<msg time="2025-07-18T11:13:31.563858" level="INFO">Opening browser 'chrome' to base url 'https://opensource-demo.orangehrmlive.com/web/index.php/auth/login'.</msg>
<arg>${URL}</arg>
<arg>chrome</arg>
<doc>Opens a new browser instance to the optional ``url``.</doc>
<status status="PASS" start="2025-07-18T11:13:31.563596" elapsed="2.166564"/>
</kw>
<kw name="Maximize Browser Window" owner="SeleniumLibrary">
<doc>Maximizes current browser window.</doc>
<status status="PASS" start="2025-07-18T11:13:33.730569" elapsed="2.875993"/>
</kw>
<kw name="Sleep" owner="BuiltIn">
<msg time="2025-07-18T11:13:39.613905" level="INFO">Slept 3 seconds.</msg>
<arg>3s</arg>
<doc>Pauses the test executed for the given time.</doc>
<status status="PASS" start="2025-07-18T11:13:36.607148" elapsed="3.006962"/>
</kw>
<status status="PASS" start="2025-07-18T11:13:31.563180" elapsed="8.051137"/>
</kw>
<kw name="Test Data">
<kw name="Login" owner="LoginPageKw">
<kw name="Input User" owner="LoginPageKw">
<kw name="Input Text" owner="SeleniumLibrary">
<msg time="2025-07-18T11:13:39.617355" level="INFO">Typing text 'admin12' into text field 'name=username'.</msg>
<arg>${USERNAME_FIELD}</arg>
<arg>${username}</arg>
<doc>Types the given ``text`` into the text field identified by ``locator``.</doc>
<status status="PASS" start="2025-07-18T11:13:39.616911" elapsed="0.139102"/>
</kw>
<arg>${user}</arg>
<status status="PASS" start="2025-07-18T11:13:39.616410" elapsed="0.139838"/>
</kw>
<kw name="Input Pass" owner="LoginPageKw">
<kw name="Input Text" owner="SeleniumLibrary">
<msg time="2025-07-18T11:13:39.757828" level="INFO">Typing text 'admin123' into text field 'name=password'.</msg>
<arg>${PASSWORD_FIELD}</arg>
<arg>${password}</arg>
<doc>Types the given ``text`` into the text field identified by ``locator``.</doc>
<status status="PASS" start="2025-07-18T11:13:39.757365" elapsed="0.138365"/>
</kw>
<arg>${pass}</arg>
<status status="PASS" start="2025-07-18T11:13:39.756575" elapsed="0.139422"/>
</kw>
<kw name="Click Login Button" owner="LoginPageKw">
<kw name="Click Button" owner="SeleniumLibrary">
<msg time="2025-07-18T11:13:39.897818" level="INFO">Clicking button 'xpath=//button[@type='submit']'.</msg>
<arg>${LOGIN_BUTTON}</arg>
<doc>Clicks the button identified by ``locator``.</doc>
<status status="PASS" start="2025-07-18T11:13:39.896993" elapsed="1.721729"/>
</kw>
<status status="PASS" start="2025-07-18T11:13:39.896343" elapsed="1.722756"/>
</kw>
<kw name="Page Should Contain text" owner="LoginPageKw">
<kw name="Sleep" owner="BuiltIn">
<msg time="2025-07-18T11:13:43.622388" level="INFO">Slept 2 seconds.</msg>
<arg>2s</arg>
<doc>Pauses the test executed for the given time.</doc>
<status status="PASS" start="2025-07-18T11:13:41.620814" elapsed="2.002217"/>
</kw>
<kw name="Page Should Contain" owner="SeleniumLibrary">
<msg time="2025-07-18T11:13:43.689689" level="INFO">Current page contains text 'Invalid credentials'.</msg>
<arg>${message}</arg>
<doc>Verifies that current page contains ``text``.</doc>
<status status="PASS" start="2025-07-18T11:13:43.625779" elapsed="0.064164"/>
</kw>
<arg>${message}</arg>
<status status="PASS" start="2025-07-18T11:13:41.619512" elapsed="2.070698"/>
</kw>
<arg>${userName}</arg>
<arg>${Password}</arg>
<arg>${Message}</arg>
<status status="PASS" start="2025-07-18T11:13:39.615476" elapsed="4.074941"/>
</kw>
<arg>userName=admin12</arg>
<arg>Password=admin123</arg>
<arg>Message=Invalid credentials</arg>
<status status="PASS" start="2025-07-18T11:13:39.614647" elapsed="4.075916"/>
</kw>
<kw name="Close Browser" owner="SeleniumLibrary" type="TEARDOWN">
<doc>Closes the current browser.</doc>
<status status="PASS" start="2025-07-18T11:13:43.691040" elapsed="2.172872"/>
</kw>
<status status="PASS" start="2025-07-18T11:13:31.562055" elapsed="14.301971"/>
</test>
<status status="PASS" start="2025-07-18T11:13:07.089642" elapsed="38.774880"/>
</suite>
<status status="PASS" start="2025-07-18T11:13:07.067649" elapsed="38.797494"/>
</suite>
<statistics>
<total>
<stat pass="3" fail="0" skip="0">All Tests</stat>
</total>
<tag>
</tag>
<suite>
<stat name="Tests" id="s1" pass="3" fail="0" skip="0">Tests</stat>
<stat name="DataFromCsv" id="s1-s1" pass="3" fail="0" skip="0">Tests.DataFromCsv</stat>
</suite>
</statistics>
<errors>
</errors>
</robot>
