<?xml version="1.0" encoding="UTF-8"?>
<robot generator="Robot 7.3.2 (Python 3.13.5 on win32)" generated="2025-07-18T18:29:51.571252" rpa="false" schemaversion="5">
<suite id="s1" name="Tests" source="D:\Automation practice\Robot Training\Tests">
<suite id="s1-s1" name="DataFromCsv" source="D:\Automation practice\Robot Training\Tests\DataFromCsv.robot">
<test id="s1-s1-t1" name="Login Tests Using CSV Admin and admin123" line="19">
<kw name="Open Login Page" owner="LoginPageKw" type="SETUP">
<kw name="Open Browser" owner="SeleniumLibrary">
<msg time="2025-07-18T18:29:51.949600" level="INFO">Opening browser 'chrome' to base url 'https://opensource-demo.orangehrmlive.com/web/index.php/auth/login'.</msg>
<arg>${URL}</arg>
<arg>chrome</arg>
<doc>Opens a new browser instance to the optional ``url``.</doc>
<status status="PASS" start="2025-07-18T18:29:51.949235" elapsed="2.350595"/>
</kw>
<kw name="Maximize Browser Window" owner="SeleniumLibrary">
<doc>Maximizes current browser window.</doc>
<status status="PASS" start="2025-07-18T18:29:54.300291" elapsed="2.085031"/>
</kw>
<kw name="Sleep" owner="BuiltIn">
<msg time="2025-07-18T18:29:59.386060" level="INFO">Slept 3 seconds.</msg>
<arg>3s</arg>
<doc>Pauses the test executed for the given time.</doc>
<status status="PASS" start="2025-07-18T18:29:56.385574" elapsed="3.000666"/>
</kw>
<status status="PASS" start="2025-07-18T18:29:51.947957" elapsed="7.438541"/>
</kw>
<kw name="Test Data">
<kw name="Login" owner="LoginPageKw">
<kw name="Input User" owner="LoginPageKw">
<kw name="Input Text" owner="SeleniumLibrary">
<msg time="2025-07-18T18:29:59.390425" level="INFO">Typing text 'Admin' into text field 'name=username'.</msg>
<arg>${USERNAME_FIELD}</arg>
<arg>${username}</arg>
<doc>Types the given ``text`` into the text field identified by ``locator``.</doc>
<status status="PASS" start="2025-07-18T18:29:59.389590" elapsed="0.164643"/>
</kw>
<arg>${user}</arg>
<status status="PASS" start="2025-07-18T18:29:59.388840" elapsed="0.165576"/>
</kw>
<kw name="Input Pass" owner="LoginPageKw">
<kw name="Input Text" owner="SeleniumLibrary">
<msg time="2025-07-18T18:29:59.555449" level="INFO">Typing text 'admin123' into text field 'name=password'.</msg>
<arg>${PASSWORD_FIELD}</arg>
<arg>${password}</arg>
<doc>Types the given ``text`` into the text field identified by ``locator``.</doc>
<status status="PASS" start="2025-07-18T18:29:59.555104" elapsed="0.101329"/>
</kw>
<arg>${pass}</arg>
<status status="PASS" start="2025-07-18T18:29:59.554653" elapsed="0.102013"/>
</kw>
<kw name="Click Login Button" owner="LoginPageKw">
<kw name="Click Button" owner="SeleniumLibrary">
<msg time="2025-07-18T18:29:59.657592" level="INFO">Clicking button 'xpath=//button[@type='submit']'.</msg>
<arg>${LOGIN_BUTTON}</arg>
<doc>Clicks the button identified by ``locator``.</doc>
<status status="PASS" start="2025-07-18T18:29:59.657201" elapsed="1.276470"/>
</kw>
<status status="PASS" start="2025-07-18T18:29:59.656852" elapsed="1.277034"/>
</kw>
<kw name="Page Should Contain text" owner="LoginPageKw">
<kw name="Sleep" owner="BuiltIn">
<msg time="2025-07-18T18:30:02.935468" level="INFO">Slept 2 seconds.</msg>
<arg>2s</arg>
<doc>Pauses the test executed for the given time.</doc>
<status status="PASS" start="2025-07-18T18:30:00.934731" elapsed="2.000847"/>
</kw>
<kw name="Page Should Contain" owner="SeleniumLibrary">
<msg time="2025-07-18T18:30:02.952585" level="INFO">Current page contains text 'Dashboard'.</msg>
<arg>${message}</arg>
<doc>Verifies that current page contains ``text``.</doc>
<status status="PASS" start="2025-07-18T18:30:02.935763" elapsed="0.016941"/>
</kw>
<arg>${message}</arg>
<status status="PASS" start="2025-07-18T18:30:00.934182" elapsed="2.018648"/>
</kw>
<arg>${userName}</arg>
<arg>${Password}</arg>
<arg>${Message}</arg>
<status status="PASS" start="2025-07-18T18:29:59.387844" elapsed="3.565074"/>
</kw>
<arg>userName=Admin</arg>
<arg>Password=admin123</arg>
<arg>Message=Dashboard</arg>
<status status="PASS" start="2025-07-18T18:29:59.386929" elapsed="3.566066"/>
</kw>
<kw name="Close Browser" owner="SeleniumLibrary" type="TEARDOWN">
<doc>Closes the current browser.</doc>
<status status="PASS" start="2025-07-18T18:30:02.953300" elapsed="2.189402"/>
</kw>
<status status="PASS" start="2025-07-18T18:29:51.946509" elapsed="13.196500"/>
</test>
<test id="s1-s1-t2" name="Login Tests Using CSV admin123 and admin123" line="19">
<kw name="Open Login Page" owner="LoginPageKw" type="SETUP">
<kw name="Open Browser" owner="SeleniumLibrary">
<msg time="2025-07-18T18:30:05.148848" level="INFO">Opening browser 'chrome' to base url 'https://opensource-demo.orangehrmlive.com/web/index.php/auth/login'.</msg>
<arg>${URL}</arg>
<arg>chrome</arg>
<doc>Opens a new browser instance to the optional ``url``.</doc>
<status status="PASS" start="2025-07-18T18:30:05.148082" elapsed="4.437119"/>
</kw>
<kw name="Maximize Browser Window" owner="SeleniumLibrary">
<doc>Maximizes current browser window.</doc>
<status status="PASS" start="2025-07-18T18:30:09.585505" elapsed="0.042234"/>
</kw>
<kw name="Sleep" owner="BuiltIn">
<msg time="2025-07-18T18:30:12.629395" level="INFO">Slept 3 seconds.</msg>
<arg>3s</arg>
<doc>Pauses the test executed for the given time.</doc>
<status status="PASS" start="2025-07-18T18:30:09.628039" elapsed="3.001697"/>
</kw>
<status status="PASS" start="2025-07-18T18:30:05.146794" elapsed="7.483848"/>
</kw>
<kw name="Test Data">
<kw name="Login" owner="LoginPageKw">
<kw name="Input User" owner="LoginPageKw">
<kw name="Input Text" owner="SeleniumLibrary">
<msg time="2025-07-18T18:30:12.641923" level="INFO">Typing text 'admin123' into text field 'name=username'.</msg>
<arg>${USERNAME_FIELD}</arg>
<arg>${username}</arg>
<doc>Types the given ``text`` into the text field identified by ``locator``.</doc>
<status status="PASS" start="2025-07-18T18:30:12.637495" elapsed="0.229123"/>
</kw>
<arg>${user}</arg>
<status status="PASS" start="2025-07-18T18:30:12.636542" elapsed="0.230543"/>
</kw>
<kw name="Input Pass" owner="LoginPageKw">
<kw name="Input Text" owner="SeleniumLibrary">
<msg time="2025-07-18T18:30:12.869187" level="INFO">Typing text 'admin123' into text field 'name=password'.</msg>
<arg>${PASSWORD_FIELD}</arg>
<arg>${password}</arg>
<doc>Types the given ``text`` into the text field identified by ``locator``.</doc>
<status status="PASS" start="2025-07-18T18:30:12.868444" elapsed="0.183724"/>
</kw>
<arg>${pass}</arg>
<status status="PASS" start="2025-07-18T18:30:12.867516" elapsed="0.184967"/>
</kw>
<kw name="Click Login Button" owner="LoginPageKw">
<kw name="Click Button" owner="SeleniumLibrary">
<msg time="2025-07-18T18:30:13.054227" level="INFO">Clicking button 'xpath=//button[@type='submit']'.</msg>
<arg>${LOGIN_BUTTON}</arg>
<doc>Clicks the button identified by ``locator``.</doc>
<status status="PASS" start="2025-07-18T18:30:13.053671" elapsed="0.162468"/>
</kw>
<status status="PASS" start="2025-07-18T18:30:13.052909" elapsed="0.163565"/>
</kw>
<kw name="Page Should Contain text" owner="LoginPageKw">
<kw name="Sleep" owner="BuiltIn">
<msg time="2025-07-18T18:30:15.218684" level="INFO">Slept 2 seconds.</msg>
<arg>2s</arg>
<doc>Pauses the test executed for the given time.</doc>
<status status="PASS" start="2025-07-18T18:30:13.217700" elapsed="2.001172"/>
</kw>
<kw name="Page Should Contain" owner="SeleniumLibrary">
<msg time="2025-07-18T18:30:15.239119" level="INFO">Current page contains text 'Invalid credentials'.</msg>
<arg>${message}</arg>
<doc>Verifies that current page contains ``text``.</doc>
<status status="PASS" start="2025-07-18T18:30:15.219124" elapsed="0.020245"/>
</kw>
<arg>${message}</arg>
<status status="PASS" start="2025-07-18T18:30:13.216898" elapsed="2.022998"/>
</kw>
<arg>${userName}</arg>
<arg>${Password}</arg>
<arg>${Message}</arg>
<status status="PASS" start="2025-07-18T18:30:12.634877" elapsed="2.605277"/>
</kw>
<arg>userName=admin123</arg>
<arg>Password=admin123</arg>
<arg>Message=Invalid credentials</arg>
<status status="PASS" start="2025-07-18T18:30:12.632528" elapsed="2.607840"/>
</kw>
<kw name="Close Browser" owner="SeleniumLibrary" type="TEARDOWN">
<doc>Closes the current browser.</doc>
<status status="PASS" start="2025-07-18T18:30:15.241216" elapsed="2.276781"/>
</kw>
<status status="PASS" start="2025-07-18T18:30:05.143987" elapsed="12.374163"/>
</test>
<test id="s1-s1-t3" name="Login Tests Using CSV admin12 and admin123" line="19">
<kw name="Open Login Page" owner="LoginPageKw" type="SETUP">
<kw name="Open Browser" owner="SeleniumLibrary">
<msg time="2025-07-18T18:30:17.522491" level="INFO">Opening browser 'chrome' to base url 'https://opensource-demo.orangehrmlive.com/web/index.php/auth/login'.</msg>
<arg>${URL}</arg>
<arg>chrome</arg>
<doc>Opens a new browser instance to the optional ``url``.</doc>
<status status="PASS" start="2025-07-18T18:30:17.521956" elapsed="4.831469"/>
</kw>
<kw name="Maximize Browser Window" owner="SeleniumLibrary">
<doc>Maximizes current browser window.</doc>
<status status="PASS" start="2025-07-18T18:30:22.354621" elapsed="0.657091"/>
</kw>
<kw name="Sleep" owner="BuiltIn">
<msg time="2025-07-18T18:30:26.013638" level="INFO">Slept 3 seconds.</msg>
<arg>3s</arg>
<doc>Pauses the test executed for the given time.</doc>
<status status="PASS" start="2025-07-18T18:30:23.012512" elapsed="3.001459"/>
</kw>
<status status="PASS" start="2025-07-18T18:30:17.521095" elapsed="8.493230"/>
</kw>
<kw name="Test Data">
<kw name="Login" owner="LoginPageKw">
<kw name="Input User" owner="LoginPageKw">
<kw name="Input Text" owner="SeleniumLibrary">
<msg time="2025-07-18T18:30:26.018863" level="INFO">Typing text 'admin12' into text field 'name=username'.</msg>
<arg>${USERNAME_FIELD}</arg>
<arg>${username}</arg>
<doc>Types the given ``text`` into the text field identified by ``locator``.</doc>
<status status="PASS" start="2025-07-18T18:30:26.018057" elapsed="0.175646"/>
</kw>
<arg>${user}</arg>
<status status="PASS" start="2025-07-18T18:30:26.016681" elapsed="0.177274"/>
</kw>
<kw name="Input Pass" owner="LoginPageKw">
<kw name="Input Text" owner="SeleniumLibrary">
<msg time="2025-07-18T18:30:26.195445" level="INFO">Typing text 'admin123' into text field 'name=password'.</msg>
<arg>${PASSWORD_FIELD}</arg>
<arg>${password}</arg>
<doc>Types the given ``text`` into the text field identified by ``locator``.</doc>
<status status="PASS" start="2025-07-18T18:30:26.194818" elapsed="0.130651"/>
</kw>
<arg>${pass}</arg>
<status status="PASS" start="2025-07-18T18:30:26.194233" elapsed="0.131495"/>
</kw>
<kw name="Click Login Button" owner="LoginPageKw">
<kw name="Click Button" owner="SeleniumLibrary">
<msg time="2025-07-18T18:30:26.327370" level="INFO">Clicking button 'xpath=//button[@type='submit']'.</msg>
<arg>${LOGIN_BUTTON}</arg>
<doc>Clicks the button identified by ``locator``.</doc>
<status status="PASS" start="2025-07-18T18:30:26.326857" elapsed="0.120298"/>
</kw>
<status status="PASS" start="2025-07-18T18:30:26.326107" elapsed="0.121310"/>
</kw>
<kw name="Page Should Contain text" owner="LoginPageKw">
<kw name="Sleep" owner="BuiltIn">
<msg time="2025-07-18T18:30:28.449344" level="INFO">Slept 2 seconds.</msg>
<arg>2s</arg>
<doc>Pauses the test executed for the given time.</doc>
<status status="PASS" start="2025-07-18T18:30:26.448560" elapsed="2.001094"/>
</kw>
<kw name="Page Should Contain" owner="SeleniumLibrary">
<msg time="2025-07-18T18:30:28.489523" level="INFO">Current page contains text 'Invalid credentials'.</msg>
<arg>${message}</arg>
<doc>Verifies that current page contains ``text``.</doc>
<status status="PASS" start="2025-07-18T18:30:28.450167" elapsed="0.039525"/>
</kw>
<arg>${message}</arg>
<status status="PASS" start="2025-07-18T18:30:26.447851" elapsed="2.042043"/>
</kw>
<arg>${userName}</arg>
<arg>${Password}</arg>
<arg>${Message}</arg>
<status status="PASS" start="2025-07-18T18:30:26.015618" elapsed="2.474407"/>
</kw>
<arg>userName=admin12</arg>
<arg>Password=admin123</arg>
<arg>Message=Invalid credentials</arg>
<status status="PASS" start="2025-07-18T18:30:26.014727" elapsed="2.475432"/>
</kw>
<kw name="Close Browser" owner="SeleniumLibrary" type="TEARDOWN">
<doc>Closes the current browser.</doc>
<status status="PASS" start="2025-07-18T18:30:28.490533" elapsed="2.196876"/>
</kw>
<status status="PASS" start="2025-07-18T18:30:17.519152" elapsed="13.168829"/>
</test>
<status status="PASS" start="2025-07-18T18:29:51.616573" elapsed="39.073841"/>
</suite>
<status status="PASS" start="2025-07-18T18:29:51.594692" elapsed="39.098711"/>
</suite>
<statistics>
<total>
<stat pass="3" fail="0" skip="0">All Tests</stat>
</total>
<tag>
</tag>
<suite>
<stat name="Tests" id="s1" pass="3" fail="0" skip="0">Tests</stat>
<stat name="DataFromCsv" id="s1-s1" pass="3" fail="0" skip="0">Tests.DataFromCsv</stat>
</suite>
</statistics>
<errors>
</errors>
</robot>
