<?xml version="1.0" encoding="UTF-8"?>
<robot generator="Robot 7.3.2 (Python 3.13.5 on win32)" generated="2025-08-21T17:28:18.116674" rpa="false" schemaversion="5">
<suite id="s1" name="Tests" source="D:\Automation practice\Robot Training\Tests">
<suite id="s1-s1" name="DataFromJson" source="D:\Automation practice\Robot Training\Tests\DataFromJson.robot">
<test id="s1-s1-t1" name="Login Test with JSON Data" line="10">
<kw name="Load Json From File" owner="JSONLibrary">
<msg time="2025-08-21T17:28:19.074135" level="INFO">${data} = {'testdata': [{'userName': 'Admin', 'Password': 'admin123', 'Message': 'Dashboard'}, {'userName': 'User1', 'Password': 'Pass123', 'Message': 'Invalid credentials'}, {'userName': 'Adminn', 'Password': ...</msg>
<var>${data}</var>
<arg>${JSON_FILE}</arg>
<doc>Load JSON from file.</doc>
<status status="PASS" start="2025-08-21T17:28:19.073238" elapsed="0.000991"/>
</kw>
<kw name="Log To Console" owner="BuiltIn">
<arg>${data}</arg>
<doc>Logs the given message to the console.</doc>
<status status="PASS" start="2025-08-21T17:28:19.074577" elapsed="0.000837"/>
</kw>
<kw name="Log To Console" owner="BuiltIn">
<arg>${data['testdata'][2]}</arg>
<doc>Logs the given message to the console.</doc>
<status status="PASS" start="2025-08-21T17:28:19.075699" elapsed="0.000846"/>
</kw>
<for flavor="IN">
<iter>
<kw name="Open Login Page" owner="LoginPageKw">
<kw name="Open Browser" owner="SeleniumLibrary">
<msg time="2025-08-21T17:28:19.079502" level="INFO">Opening browser 'headlesschrome' to base url 'https://opensource-demo.orangehrmlive.com/web/index.php/auth/login'.</msg>
<arg>${URL}</arg>
<arg>${BROWSER}</arg>
<doc>Opens a new browser instance to the optional ``url``.</doc>
<status status="PASS" start="2025-08-21T17:28:19.079059" elapsed="5.715955"/>
</kw>
<kw name="Maximize Browser Window" owner="SeleniumLibrary">
<doc>Maximizes current browser window.</doc>
<status status="PASS" start="2025-08-21T17:28:24.795401" elapsed="0.038070"/>
</kw>
<kw name="Sleep" owner="BuiltIn">
<msg time="2025-08-21T17:28:27.834359" level="INFO">Slept 3 seconds.</msg>
<arg>3s</arg>
<doc>Pauses the test executed for the given time.</doc>
<status status="PASS" start="2025-08-21T17:28:24.833751" elapsed="3.000933"/>
</kw>
<status status="PASS" start="2025-08-21T17:28:19.078525" elapsed="8.756492"/>
</kw>
<kw name="Login" owner="LoginPageKw">
<kw name="Input User" owner="LoginPageKw">
<kw name="Input Text" owner="SeleniumLibrary">
<msg time="2025-08-21T17:28:27.842438" level="INFO">Typing text 'Admin' into text field 'name=username'.</msg>
<arg>${USERNAME_FIELD}</arg>
<arg>${username}</arg>
<doc>Types the given ``text`` into the text field identified by ``locator``.</doc>
<status status="PASS" start="2025-08-21T17:28:27.841278" elapsed="0.941523"/>
</kw>
<arg>${user}</arg>
<status status="PASS" start="2025-08-21T17:28:27.839582" elapsed="0.943556"/>
</kw>
<kw name="Input Pass" owner="LoginPageKw">
<kw name="Input Text" owner="SeleniumLibrary">
<msg time="2025-08-21T17:28:28.785486" level="INFO">Typing text 'admin123' into text field 'name=password'.</msg>
<arg>${PASSWORD_FIELD}</arg>
<arg>${password}</arg>
<doc>Types the given ``text`` into the text field identified by ``locator``.</doc>
<status status="PASS" start="2025-08-21T17:28:28.784646" elapsed="0.811409"/>
</kw>
<arg>${pass}</arg>
<status status="PASS" start="2025-08-21T17:28:28.783615" elapsed="0.812701"/>
</kw>
<kw name="Click Login Button" owner="LoginPageKw">
<kw name="Click Button" owner="SeleniumLibrary">
<msg time="2025-08-21T17:28:29.597804" level="INFO">Clicking button 'xpath=//button[@type='submit']'.</msg>
<arg>${LOGIN_BUTTON}</arg>
<doc>Clicks the button identified by ``locator``.</doc>
<status status="PASS" start="2025-08-21T17:28:29.597289" elapsed="1.667683"/>
</kw>
<status status="PASS" start="2025-08-21T17:28:29.596658" elapsed="1.668743"/>
</kw>
<kw name="Page Should Contain text" owner="LoginPageKw">
<kw name="Sleep" owner="BuiltIn">
<msg time="2025-08-21T17:28:33.268076" level="INFO">Slept 2 seconds.</msg>
<arg>2s</arg>
<doc>Pauses the test executed for the given time.</doc>
<status status="PASS" start="2025-08-21T17:28:31.267086" elapsed="2.001358"/>
</kw>
<kw name="Page Should Contain" owner="SeleniumLibrary">
<msg time="2025-08-21T17:28:34.164354" level="INFO">Current page contains text 'Dashboard'.</msg>
<arg>${message}</arg>
<doc>Verifies that current page contains ``text``.</doc>
<status status="PASS" start="2025-08-21T17:28:33.268855" elapsed="0.895758"/>
</kw>
<arg>${message}</arg>
<status status="PASS" start="2025-08-21T17:28:31.265940" elapsed="2.898911"/>
</kw>
<arg>${case['userName']}</arg>
<arg>${case['Password']}</arg>
<arg>${case['Message']}</arg>
<status status="PASS" start="2025-08-21T17:28:27.835558" elapsed="6.329517"/>
</kw>
<kw name="Close Browser" owner="SeleniumLibrary">
<doc>Closes the current browser.</doc>
<status status="PASS" start="2025-08-21T17:28:34.165406" elapsed="8.916524"/>
</kw>
<var name="${case}">{'userName': 'Admin', 'Password': 'admin123', 'Message': 'Dashboard'}</var>
<status status="PASS" start="2025-08-21T17:28:19.078203" elapsed="24.003953"/>
</iter>
<iter>
<kw name="Open Login Page" owner="LoginPageKw">
<kw name="Open Browser" owner="SeleniumLibrary">
<msg time="2025-08-21T17:28:43.084359" level="INFO">Opening browser 'headlesschrome' to base url 'https://opensource-demo.orangehrmlive.com/web/index.php/auth/login'.</msg>
<arg>${URL}</arg>
<arg>${BROWSER}</arg>
<doc>Opens a new browser instance to the optional ``url``.</doc>
<status status="PASS" start="2025-08-21T17:28:43.083792" elapsed="4.957738"/>
</kw>
<kw name="Maximize Browser Window" owner="SeleniumLibrary">
<doc>Maximizes current browser window.</doc>
<status status="PASS" start="2025-08-21T17:28:48.041962" elapsed="0.031146"/>
</kw>
<kw name="Sleep" owner="BuiltIn">
<msg time="2025-08-21T17:28:51.073926" level="INFO">Slept 3 seconds.</msg>
<arg>3s</arg>
<doc>Pauses the test executed for the given time.</doc>
<status status="PASS" start="2025-08-21T17:28:48.073358" elapsed="3.000901"/>
</kw>
<status status="PASS" start="2025-08-21T17:28:43.083056" elapsed="7.991442"/>
</kw>
<kw name="Login" owner="LoginPageKw">
<kw name="Input User" owner="LoginPageKw">
<kw name="Input Text" owner="SeleniumLibrary">
<msg time="2025-08-21T17:28:51.080464" level="INFO">Typing text 'User1' into text field 'name=username'.</msg>
<arg>${USERNAME_FIELD}</arg>
<arg>${username}</arg>
<doc>Types the given ``text`` into the text field identified by ``locator``.</doc>
<status status="PASS" start="2025-08-21T17:28:51.079767" elapsed="0.307862"/>
</kw>
<arg>${user}</arg>
<status status="PASS" start="2025-08-21T17:28:51.078939" elapsed="0.308966"/>
</kw>
<kw name="Input Pass" owner="LoginPageKw">
<kw name="Input Text" owner="SeleniumLibrary">
<msg time="2025-08-21T17:28:51.390725" level="INFO">Typing text 'Pass123' into text field 'name=password'.</msg>
<arg>${PASSWORD_FIELD}</arg>
<arg>${password}</arg>
<doc>Types the given ``text`` into the text field identified by ``locator``.</doc>
<status status="PASS" start="2025-08-21T17:28:51.389839" elapsed="0.247885"/>
</kw>
<arg>${pass}</arg>
<status status="PASS" start="2025-08-21T17:28:51.388673" elapsed="0.249317"/>
</kw>
<kw name="Click Login Button" owner="LoginPageKw">
<kw name="Click Button" owner="SeleniumLibrary">
<msg time="2025-08-21T17:28:51.639755" level="INFO">Clicking button 'xpath=//button[@type='submit']'.</msg>
<arg>${LOGIN_BUTTON}</arg>
<doc>Clicks the button identified by ``locator``.</doc>
<status status="PASS" start="2025-08-21T17:28:51.639182" elapsed="0.155437"/>
</kw>
<status status="PASS" start="2025-08-21T17:28:51.638461" elapsed="0.156455"/>
</kw>
<kw name="Page Should Contain text" owner="LoginPageKw">
<kw name="Sleep" owner="BuiltIn">
<msg time="2025-08-21T17:28:53.796876" level="INFO">Slept 2 seconds.</msg>
<arg>2s</arg>
<doc>Pauses the test executed for the given time.</doc>
<status status="PASS" start="2025-08-21T17:28:51.796227" elapsed="2.000901"/>
</kw>
<kw name="Page Should Contain" owner="SeleniumLibrary">
<msg time="2025-08-21T17:28:53.846846" level="INFO">Current page contains text 'Invalid credentials'.</msg>
<arg>${message}</arg>
<doc>Verifies that current page contains ``text``.</doc>
<status status="PASS" start="2025-08-21T17:28:53.797590" elapsed="0.049515"/>
</kw>
<arg>${message}</arg>
<status status="PASS" start="2025-08-21T17:28:51.795346" elapsed="2.052126"/>
</kw>
<arg>${case['userName']}</arg>
<arg>${case['Password']}</arg>
<arg>${case['Message']}</arg>
<status status="PASS" start="2025-08-21T17:28:51.074953" elapsed="2.773281"/>
</kw>
<kw name="Close Browser" owner="SeleniumLibrary">
<doc>Closes the current browser.</doc>
<status status="PASS" start="2025-08-21T17:28:53.848801" elapsed="3.577629"/>
</kw>
<var name="${case}">{'userName': 'User1', 'Password': 'Pass123', 'Message': 'Invalid credentials'}</var>
<status status="PASS" start="2025-08-21T17:28:43.082593" elapsed="14.344047"/>
</iter>
<iter>
<kw name="Open Login Page" owner="LoginPageKw">
<kw name="Open Browser" owner="SeleniumLibrary">
<msg time="2025-08-21T17:28:57.428925" level="INFO">Opening browser 'headlesschrome' to base url 'https://opensource-demo.orangehrmlive.com/web/index.php/auth/login'.</msg>
<arg>${URL}</arg>
<arg>${BROWSER}</arg>
<doc>Opens a new browser instance to the optional ``url``.</doc>
<status status="PASS" start="2025-08-21T17:28:57.428350" elapsed="4.781897"/>
</kw>
<kw name="Maximize Browser Window" owner="SeleniumLibrary">
<doc>Maximizes current browser window.</doc>
<status status="PASS" start="2025-08-21T17:29:02.210520" elapsed="0.036992"/>
</kw>
<kw name="Sleep" owner="BuiltIn">
<msg time="2025-08-21T17:29:05.248355" level="INFO">Slept 3 seconds.</msg>
<arg>3s</arg>
<doc>Pauses the test executed for the given time.</doc>
<status status="PASS" start="2025-08-21T17:29:02.247760" elapsed="3.000818"/>
</kw>
<status status="PASS" start="2025-08-21T17:28:57.427566" elapsed="7.821265"/>
</kw>
<kw name="Login" owner="LoginPageKw">
<kw name="Input User" owner="LoginPageKw">
<kw name="Input Text" owner="SeleniumLibrary">
<msg time="2025-08-21T17:29:05.254710" level="INFO">Typing text 'Adminn' into text field 'name=username'.</msg>
<arg>${USERNAME_FIELD}</arg>
<arg>${username}</arg>
<doc>Types the given ``text`` into the text field identified by ``locator``.</doc>
<status status="PASS" start="2025-08-21T17:29:05.254110" elapsed="0.180321"/>
</kw>
<arg>${user}</arg>
<status status="PASS" start="2025-08-21T17:29:05.253237" elapsed="0.181592"/>
</kw>
<kw name="Input Pass" owner="LoginPageKw">
<kw name="Input Text" owner="SeleniumLibrary">
<msg time="2025-08-21T17:29:05.436585" level="INFO">Typing text 'Pass123' into text field 'name=password'.</msg>
<arg>${PASSWORD_FIELD}</arg>
<arg>${password}</arg>
<doc>Types the given ``text`` into the text field identified by ``locator``.</doc>
<status status="PASS" start="2025-08-21T17:29:05.436033" elapsed="0.147017"/>
</kw>
<arg>${pass}</arg>
<status status="PASS" start="2025-08-21T17:29:05.435229" elapsed="0.148070"/>
</kw>
<kw name="Click Login Button" owner="LoginPageKw">
<kw name="Click Button" owner="SeleniumLibrary">
<msg time="2025-08-21T17:29:05.585293" level="INFO">Clicking button 'xpath=//button[@type='submit']'.</msg>
<arg>${LOGIN_BUTTON}</arg>
<doc>Clicks the button identified by ``locator``.</doc>
<status status="PASS" start="2025-08-21T17:29:05.584698" elapsed="0.980684"/>
</kw>
<status status="PASS" start="2025-08-21T17:29:05.583806" elapsed="0.981749"/>
</kw>
<kw name="Page Should Contain text" owner="LoginPageKw">
<kw name="Sleep" owner="BuiltIn">
<msg time="2025-08-21T17:29:08.566656" level="INFO">Slept 2 seconds.</msg>
<arg>2s</arg>
<doc>Pauses the test executed for the given time.</doc>
<status status="PASS" start="2025-08-21T17:29:06.566158" elapsed="2.000608"/>
</kw>
<kw name="Page Should Contain" owner="SeleniumLibrary">
<msg time="2025-08-21T17:29:08.579672" level="INFO">Current page contains text 'Invalid credentials'.</msg>
<arg>${message}</arg>
<doc>Verifies that current page contains ``text``.</doc>
<status status="PASS" start="2025-08-21T17:29:08.566931" elapsed="0.012851"/>
</kw>
<arg>${message}</arg>
<status status="PASS" start="2025-08-21T17:29:06.565758" elapsed="2.014125"/>
</kw>
<arg>${case['userName']}</arg>
<arg>${case['Password']}</arg>
<arg>${case['Message']}</arg>
<status status="PASS" start="2025-08-21T17:29:05.249257" elapsed="3.330692"/>
</kw>
<kw name="Close Browser" owner="SeleniumLibrary">
<doc>Closes the current browser.</doc>
<status status="PASS" start="2025-08-21T17:29:08.580103" elapsed="2.107221"/>
</kw>
<var name="${case}">{'userName': 'Adminn', 'Password': 'Pass123', 'Message': 'Invalid credentials'}</var>
<status status="PASS" start="2025-08-21T17:28:57.427092" elapsed="13.260651"/>
</iter>
<var>${case}</var>
<value>@{data['testdata']}</value>
<status status="PASS" start="2025-08-21T17:28:19.076721" elapsed="51.611414"/>
</for>
<status status="PASS" start="2025-08-21T17:28:19.071412" elapsed="51.617541"/>
</test>
<status status="PASS" start="2025-08-21T17:28:18.241305" elapsed="52.449591"/>
</suite>
<status status="PASS" start="2025-08-21T17:28:18.197710" elapsed="52.495521"/>
</suite>
<statistics>
<total>
<stat pass="1" fail="0" skip="0">All Tests</stat>
</total>
<tag>
</tag>
<suite>
<stat name="Tests" id="s1" pass="1" fail="0" skip="0">Tests</stat>
<stat name="DataFromJson" id="s1-s1" pass="1" fail="0" skip="0">Tests.DataFromJson</stat>
</suite>
</statistics>
<errors>
</errors>
</robot>
