<?xml version="1.0" encoding="UTF-8"?>
<robot generator="Robot 7.3.2 (Python 3.13.5 on win32)" generated="2025-08-21T16:47:28.552093" rpa="false" schemaversion="5">
<suite id="s1" name="Tests" source="D:\Automation practice\Robot Training\Tests">
<suite id="s1-s1" name="DataFromJson" source="D:\Automation practice\Robot Training\Tests\DataFromJson.robot">
<test id="s1-s1-t1" name="Login Test with JSON Data" line="10">
<kw name="Load Json From File" owner="JSONLibrary">
<msg time="2025-08-21T16:47:29.508129" level="INFO">${data} = {'testdata': [{'userName': 'Admin', 'Password': 'admin123', 'Message': 'Dashboard'}, {'userName': 'User1', 'Password': 'Pass123', 'Message': 'Invalid credentials'}, {'userName': 'Adminn', 'Password': ...</msg>
<var>${data}</var>
<arg>${JSON_FILE}</arg>
<doc>Load JSON from file.</doc>
<status status="PASS" start="2025-08-21T16:47:29.507234" elapsed="0.000983"/>
</kw>
<kw name="Log To Console" owner="BuiltIn">
<arg>${data}</arg>
<doc>Logs the given message to the console.</doc>
<status status="PASS" start="2025-08-21T16:47:29.508545" elapsed="0.000704"/>
</kw>
<kw name="Log To Console" owner="BuiltIn">
<arg>${data['testdata'][2]}</arg>
<doc>Logs the given message to the console.</doc>
<status status="PASS" start="2025-08-21T16:47:29.509548" elapsed="0.001078"/>
</kw>
<for flavor="IN">
<iter>
<kw name="Open Login Page" owner="LoginPageKw">
<kw name="Open Browser" owner="SeleniumLibrary">
<msg time="2025-08-21T16:47:29.514063" level="INFO">Opening browser 'chrome' to base url 'https://opensource-demo.orangehrmlive.com/web/index.php/auth/login'.</msg>
<msg time="2025-08-21T16:47:29.514452" level="INFO">Cannot capture screenshot because no browser is open.</msg>
<msg time="2025-08-21T16:47:29.514679" level="FAIL">ValueError: Unable to parse option: "add_argument(--headless)"</msg>
<arg>${URL}</arg>
<arg>${BROWSER}</arg>
<arg>options=${OPTIONS}</arg>
<doc>Opens a new browser instance to the optional ``url``.</doc>
<status status="FAIL" start="2025-08-21T16:47:29.513459" elapsed="0.044186">ValueError: Unable to parse option: "add_argument(--headless)"</status>
</kw>
<kw name="Maximize Browser Window" owner="SeleniumLibrary">
<doc>Maximizes current browser window.</doc>
<status status="NOT RUN" start="2025-08-21T16:47:29.558278" elapsed="0.000667"/>
</kw>
<kw name="Sleep" owner="BuiltIn">
<arg>3s</arg>
<doc>Pauses the test executed for the given time.</doc>
<status status="NOT RUN" start="2025-08-21T16:47:29.559718" elapsed="0.000138"/>
</kw>
<status status="FAIL" start="2025-08-21T16:47:29.512902" elapsed="0.047218">ValueError: Unable to parse option: "add_argument(--headless)"</status>
</kw>
<kw name="Login" owner="LoginPageKw">
<arg>${case['userName']}</arg>
<arg>${case['Password']}</arg>
<arg>${case['Message']}</arg>
<status status="NOT RUN" start="2025-08-21T16:47:29.560592" elapsed="0.000160"/>
</kw>
<kw name="Close Browser" owner="SeleniumLibrary">
<doc>Closes the current browser.</doc>
<status status="NOT RUN" start="2025-08-21T16:47:29.561032" elapsed="0.000154"/>
</kw>
<var name="${case}">{'userName': 'Admin', 'Password': 'admin123', 'Message': 'Dashboard'}</var>
<status status="FAIL" start="2025-08-21T16:47:29.512531" elapsed="0.048820">ValueError: Unable to parse option: "add_argument(--headless)"</status>
</iter>
<var>${case}</var>
<value>@{data['testdata']}</value>
<status status="FAIL" start="2025-08-21T16:47:29.510823" elapsed="0.050786">ValueError: Unable to parse option: "add_argument(--headless)"</status>
</for>
<status status="FAIL" start="2025-08-21T16:47:29.505324" elapsed="0.056803">ValueError: Unable to parse option: "add_argument(--headless)"</status>
</test>
<status status="FAIL" start="2025-08-21T16:47:28.619029" elapsed="0.944307"/>
</suite>
<status status="FAIL" start="2025-08-21T16:47:28.587556" elapsed="0.976912"/>
</suite>
<statistics>
<total>
<stat pass="0" fail="1" skip="0">All Tests</stat>
</total>
<tag>
</tag>
<suite>
<stat name="Tests" id="s1" pass="0" fail="1" skip="0">Tests</stat>
<stat name="DataFromJson" id="s1-s1" pass="0" fail="1" skip="0">Tests.DataFromJson</stat>
</suite>
</statistics>
<errors>
</errors>
</robot>
