<?xml version="1.0" encoding="UTF-8"?>
<robot generator="Robot 7.3.2 (Python 3.13.5 on win32)" generated="2025-08-21T15:40:19.396116" rpa="false" schemaversion="5">
<suite id="s1" name="Tests" source="D:\Automation practice\Robot Training\Tests">
<suite id="s1-s1" name="Iframes" source="D:\Automation practice\Robot Training\Tests\Iframes.robot">
<test id="s1-s1-t1" name="Handling iframes" line="6">
<kw name="Open Browser" owner="SeleniumLibrary">
<msg time="2025-08-21T15:40:20.024285" level="INFO">Opening browser 'chrome' to base url 'https://www.w3schools.com/js/tryit.asp?filename=tryjs_myfirst'.</msg>
<arg>https://www.w3schools.com/js/tryit.asp?filename=tryjs_myfirst</arg>
<arg>chrome</arg>
<doc>Opens a new browser instance to the optional ``url``.</doc>
<status status="PASS" start="2025-08-21T15:40:20.023707" elapsed="3.542690"/>
</kw>
<kw name="Maximize Browser Window" owner="SeleniumLibrary">
<doc>Maximizes current browser window.</doc>
<status status="PASS" start="2025-08-21T15:40:23.566791" elapsed="44.295246"/>
</kw>
<kw name="Select Frame" owner="SeleniumLibrary">
<msg time="2025-08-21T15:41:07.864766" level="INFO">Selecting frame 'id=iframeResult'.</msg>
<arg>id=iframeResult</arg>
<doc>Sets frame identified by ``locator`` as the current frame.</doc>
<status status="PASS" start="2025-08-21T15:41:07.863056" elapsed="0.430141"/>
</kw>
<kw name="Current Frame Should Contain" owner="SeleniumLibrary">
<msg time="2025-08-21T15:41:08.405348" level="INFO">Current frame contains text 'My First JavaScript'.</msg>
<arg>My First JavaScript</arg>
<doc>Verifies that the current frame contains ``text``.</doc>
<status status="PASS" start="2025-08-21T15:41:08.293659" elapsed="0.111920"/>
</kw>
<kw name="Current Frame Should Not Contain" owner="SeleniumLibrary">
<msg time="2025-08-21T15:41:08.431120" level="INFO">Current frame did not contain text 'text'.</msg>
<arg>text</arg>
<doc>Verifies that the current frame does not contain ``text``.</doc>
<status status="PASS" start="2025-08-21T15:41:08.406028" elapsed="0.025436"/>
</kw>
<kw name="Click Button" owner="SeleniumLibrary">
<msg time="2025-08-21T15:41:08.433688" level="INFO">Clicking button 'css=button[type='button']'.</msg>
<arg>css=button[type='button']</arg>
<doc>Clicks the button identified by ``locator``.</doc>
<status status="PASS" start="2025-08-21T15:41:08.432249" elapsed="0.521565"/>
</kw>
<kw name="Sleep" owner="BuiltIn">
<msg time="2025-08-21T15:41:11.955237" level="INFO">Slept 3 seconds.</msg>
<arg>3s</arg>
<doc>Pauses the test executed for the given time.</doc>
<status status="PASS" start="2025-08-21T15:41:08.954318" elapsed="3.001170"/>
</kw>
<kw name="Unselect Frame" owner="SeleniumLibrary">
<doc>Sets the main frame as the current frame.</doc>
<status status="PASS" start="2025-08-21T15:41:11.955913" elapsed="0.004727"/>
</kw>
<kw name="Frame Should Contain" owner="SeleniumLibrary">
<msg time="2025-08-21T15:41:12.075418" level="INFO">Searching for text from frame 'id=iframeResult'.</msg>
<msg time="2025-08-21T15:41:12.102657" level="INFO">Frame 'id=iframeResult' contains text 'My First JavaScript'.</msg>
<arg>id=iframeResult</arg>
<arg>My First JavaScript</arg>
<doc>Verifies that frame identified by ``locator`` contains ``text``.</doc>
<status status="PASS" start="2025-08-21T15:41:11.961100" elapsed="0.141804"/>
</kw>
<status status="PASS" start="2025-08-21T15:40:20.021743" elapsed="52.081606"/>
</test>
<status status="PASS" start="2025-08-21T15:40:19.482656" elapsed="52.622040"/>
</suite>
<status status="PASS" start="2025-08-21T15:40:19.437505" elapsed="52.669488"/>
</suite>
<statistics>
<total>
<stat pass="1" fail="0" skip="0">All Tests</stat>
</total>
<tag>
</tag>
<suite>
<stat name="Tests" id="s1" pass="1" fail="0" skip="0">Tests</stat>
<stat name="Iframes" id="s1-s1" pass="1" fail="0" skip="0">Tests.Iframes</stat>
</suite>
</statistics>
<errors>
</errors>
</robot>
