<?xml version="1.0" encoding="UTF-8"?>
<robot generator="Robot 7.3.2 (Python 3.13.5 on win32)" generated="2025-07-18T18:06:02.592117" rpa="false" schemaversion="5">
<suite id="s1" name="Tests" source="D:\Automation practice\Robot Training\Tests">
<suite id="s1-s1" name="RestApi" source="D:\Automation practice\Robot Training\Tests\RestApi">
<suite id="s1-s1-s1" name="GET Request" source="D:\Automation practice\Robot Training\Tests\RestApi\GET_Request.robot">
<test id="s1-s1-s1-t1" name="Get Information" line="11">
<kw name="Create Session" owner="RequestsLibrary">
<msg time="2025-07-18T18:06:03.851223" level="INFO">Creating Session using : alias=MySession, url=https://jsonplaceholder.typicode.com, headers={},                     cookies={}, auth=None, timeout=None, proxies=None, verify=False,                     debug=0 </msg>
<arg>MySession</arg>
<arg>${url}</arg>
<doc>Create Session: create a HTTP session to a server</doc>
<status status="PASS" start="2025-07-18T18:06:03.850586" elapsed="0.001714"/>
</kw>
<kw name="GET On Session" owner="RequestsLibrary">
<msg time="2025-07-18T18:06:03.985720" level="INFO">GET Request : url=https://jsonplaceholder.typicode.com/users/1 
 path_url=/users/1 
 headers={'User-Agent': 'python-requests/2.32.4', 'Accept-Encoding': 'gzip, deflate', 'Accept': '*/*', 'Connection': 'keep-alive'} 
 body=None 
 </msg>
<msg time="2025-07-18T18:06:03.985943" level="INFO">GET Response : url=https://jsonplaceholder.typicode.com/users/1 
 status=200, reason=OK 
 headers={'Date': 'Fri, 18 Jul 2025 12:36:03 GMT', 'Content-Type': 'application/json; charset=utf-8', 'Transfer-Encoding': 'chunked', 'Connection': 'keep-alive', 'Access-Control-Allow-Credentials': 'true', 'Cache-Control': 'max-age=43200', 'Etag': 'W/"1fd-+2Y3G3w049iSZtw5t1mzSnunngE"', 'Expires': '-1', 'Nel': '{"report_to":"heroku-nel","response_headers":["Via"],"max_age":3600,"success_fraction":0.01,"failure_fraction":0.1}', 'Pragma': 'no-cache', 'Report-To': '{"group":"heroku-nel","endpoints":[{"url":"https://nel.heroku.com/reports?s=lmbAjTdMdsn42BHhDys61EW0ttCUi43RcdgTCU4Mn8o%3D\\u0026sid=e11707d5-02a7-43ef-b45e-2cf4d2036f7d\\u0026ts=1752058228"}],"max_age":3600}', 'Reporting-Endpoints': 'heroku-nel="https://nel.heroku.com/reports?s=lmbAjTdMdsn42BHhDys61EW0ttCUi43RcdgTCU4Mn8o%3D&amp;sid=e11707d5-02a7-43ef-b45e-2cf4d2036f7d&amp;ts=1752058228"', 'Server': 'cloudflare', 'Vary': 'Origin, Accept-Encoding', 'Via': '2.0 heroku-router', 'X-Content-Type-Options': 'nosniff', 'X-Powered-By': 'Express', 'X-Ratelimit-Limit': '1000', 'X-Ratelimit-Remaining': '999', 'X-Ratelimit-Reset': '1752058236', 'Age': '28233', 'Cf-Cache-Status': 'HIT', 'Content-Encoding': 'gzip', 'CF-RAY': '961205c178c6b540-MAA', 'alt-svc': 'h3=":443"; ma=86400'} 
 body={
  "id": 1,
  "name": "Leanne Graham",
  "username": "Bret",
  "email": "Sincere@april.biz",
  "address": {
    "street": "Kulas Light",
    "suite": "Apt. 556",
    "city": "Gwenborough",
    "zipcode": "92998-3874",
    "geo": {
      "lat": "-37.3159",
      "lng": "81.1496"
    }
  },
  "phone": "1-770-736-8031 x56442",
  "website": "hildegard.org",
  "company": {
    "name": "Romaguera-Crona",
    "catchPhrase": "Multi-layered client-server neural-net",
    "bs": "harness real-time e-markets"
  }
} 
 </msg>
<msg time="2025-07-18T18:06:03.986086" level="INFO">C:\Users\LENOVO\AppData\Local\Programs\Python\Python313\Lib\site-packages\urllib3\connectionpool.py:1097: InsecureRequestWarning: Unverified HTTPS request is being made to host 'jsonplaceholder.typicode.com'. Adding certificate verification is strongly advised. See: https://urllib3.readthedocs.io/en/latest/advanced-usage.html#tls-warnings
  warnings.warn(</msg>
<msg time="2025-07-18T18:06:03.986402" level="INFO">${response} = &lt;Response [200]&gt;</msg>
<var>${response}</var>
<arg>MySession</arg>
<arg>${endpoint}</arg>
<doc>Sends a GET request on a previously created HTTP Session.</doc>
<status status="PASS" start="2025-07-18T18:06:03.852743" elapsed="0.133717"/>
</kw>
<kw name="Log To Console" owner="BuiltIn">
<arg>Getting Json formatted Response :${response.json()}</arg>
<doc>Logs the given message to the console.</doc>
<status status="PASS" start="2025-07-18T18:06:03.986730" elapsed="0.001499"/>
</kw>
<kw name="Log To Console" owner="BuiltIn">
<arg>Final Url: ${response.url}</arg>
<doc>Logs the given message to the console.</doc>
<status status="PASS" start="2025-07-18T18:06:03.988468" elapsed="0.001065"/>
</kw>
<kw name="Log To Console" owner="BuiltIn">
<arg>${response.ok}</arg>
<doc>Logs the given message to the console.</doc>
<status status="PASS" start="2025-07-18T18:06:03.989748" elapsed="0.001035"/>
</kw>
<kw name="Convert To String" owner="BuiltIn">
<msg time="2025-07-18T18:06:03.991984" level="INFO">${status_code} = 200</msg>
<var>${status_code}</var>
<arg>${response.status_code}</arg>
<doc>Converts the given item to a Unicode string.</doc>
<status status="PASS" start="2025-07-18T18:06:03.990991" elapsed="0.001050"/>
</kw>
<kw name="Log To Console" owner="BuiltIn">
<arg>Status Code: ${status_code}</arg>
<doc>Logs the given message to the console.</doc>
<status status="PASS" start="2025-07-18T18:06:03.992282" elapsed="0.000426"/>
</kw>
<kw name="Convert To String" owner="BuiltIn">
<msg time="2025-07-18T18:06:03.993836" level="INFO">${body} = {
  "id": 1,
  "name": "Leanne Graham",
  "username": "Bret",
  "email": "Sincere@april.biz",
  "address": {
    "street": "Kulas Light",
    "suite": "Apt. 556",
    "city": "Gwenborough",
    "zipco...</msg>
<var>${body}</var>
<arg>${response.content}</arg>
<doc>Converts the given item to a Unicode string.</doc>
<status status="PASS" start="2025-07-18T18:06:03.992913" elapsed="0.001013"/>
</kw>
<kw name="Log To Console" owner="BuiltIn">
<arg>Response Body: ${body}</arg>
<doc>Logs the given message to the console.</doc>
<status status="PASS" start="2025-07-18T18:06:03.994127" elapsed="0.000475"/>
</kw>
<kw name="Get From Dictionary" owner="Collections">
<msg time="2025-07-18T18:06:03.995762" level="INFO">${headers} = application/json; charset=utf-8</msg>
<var>${headers}</var>
<arg>${response.headers}</arg>
<arg>Content-Type</arg>
<doc>Returns a value from the given ``dictionary`` based on the given ``key``.</doc>
<status status="PASS" start="2025-07-18T18:06:03.994798" elapsed="0.001020"/>
</kw>
<kw name="Log To Console" owner="BuiltIn">
<arg>Content-Type Header: ${headers}</arg>
<doc>Logs the given message to the console.</doc>
<status status="PASS" start="2025-07-18T18:06:03.996077" elapsed="0.000403"/>
</kw>
<kw name="Evaluate" owner="BuiltIn">
<msg time="2025-07-18T18:06:03.997219" level="INFO">${res_body} = {'id': 1, 'name': 'Leanne Graham', 'username': 'Bret', 'email': 'Sincere@april.biz', 'address': {'street': 'Kulas Light', 'suite': 'Apt. 556', 'city': 'Gwenborough', 'zipcode': '92998-3874', 'geo': {'...</msg>
<var>${res_body}</var>
<arg>${body}</arg>
<doc>Evaluates the given expression in Python and returns the result.</doc>
<status status="PASS" start="2025-07-18T18:06:03.996664" elapsed="0.000613"/>
</kw>
<kw name="Log To Console" owner="BuiltIn">
<arg>${res_body}</arg>
<doc>Logs the given message to the console.</doc>
<status status="PASS" start="2025-07-18T18:06:03.997480" elapsed="0.000468"/>
</kw>
<kw name="Get From Dictionary" owner="Collections">
<msg time="2025-07-18T18:06:03.998636" level="INFO">${name} = Leanne Graham</msg>
<var>${name}</var>
<arg>${res_body}</arg>
<arg>name</arg>
<doc>Returns a value from the given ``dictionary`` based on the given ``key``.</doc>
<status status="PASS" start="2025-07-18T18:06:03.998155" elapsed="0.000562"/>
</kw>
<kw name="Log To Console" owner="BuiltIn">
<arg>${name}</arg>
<doc>Logs the given message to the console.</doc>
<status status="PASS" start="2025-07-18T18:06:03.999005" elapsed="0.000445"/>
</kw>
<kw name="Log To Console" owner="BuiltIn">
<arg>${res_body}[email]</arg>
<doc>Logs the given message to the console.</doc>
<status status="PASS" start="2025-07-18T18:06:03.999743" elapsed="0.000534"/>
</kw>
<kw name="Log To Console" owner="BuiltIn">
<arg>${res_body}[address]</arg>
<doc>Logs the given message to the console.</doc>
<status status="PASS" start="2025-07-18T18:06:04.000486" elapsed="0.000675"/>
</kw>
<kw name="Log To Console" owner="BuiltIn">
<arg>${res_body}[address][zipcode]</arg>
<doc>Logs the given message to the console.</doc>
<status status="PASS" start="2025-07-18T18:06:04.001452" elapsed="0.000531"/>
</kw>
<kw name="Log To Console" owner="BuiltIn">
<arg>${res_body}[company]</arg>
<doc>Logs the given message to the console.</doc>
<status status="PASS" start="2025-07-18T18:06:04.002272" elapsed="0.000491"/>
</kw>
<kw name="Log To Console" owner="BuiltIn">
<arg>${res_body}[company][bs]</arg>
<doc>Logs the given message to the console.</doc>
<status status="PASS" start="2025-07-18T18:06:04.003031" elapsed="0.000501"/>
</kw>
<kw name="Status Should Be" owner="RequestsLibrary">
<arg>200</arg>
<arg>${response}</arg>
<doc>Fails if response status code is different than the expected.</doc>
<status status="PASS" start="2025-07-18T18:06:04.003832" elapsed="0.000612"/>
</kw>
<kw name="Should Be Equal As Strings" owner="BuiltIn">
<arg>${status_code}</arg>
<arg>200</arg>
<doc>Fails if objects are unequal after converting them to strings.</doc>
<status status="PASS" start="2025-07-18T18:06:04.004738" elapsed="0.000485"/>
</kw>
<kw name="Should Contain" owner="BuiltIn">
<arg>${body}</arg>
<arg>Bret</arg>
<doc>Fails if ``container`` does not contain ``item`` one or more times.</doc>
<status status="PASS" start="2025-07-18T18:06:04.005500" elapsed="0.000423"/>
</kw>
<kw name="Should Be Equal" owner="BuiltIn">
<arg>${headers}</arg>
<arg>application/json; charset=utf-8</arg>
<doc>Fails if the given objects are unequal.</doc>
<status status="PASS" start="2025-07-18T18:06:04.006250" elapsed="0.000524"/>
</kw>
<kw name="Should Be Equal As Strings" owner="BuiltIn">
<arg>${res_body}[name]</arg>
<arg>Leanne Graham</arg>
<doc>Fails if objects are unequal after converting them to strings.</doc>
<status status="PASS" start="2025-07-18T18:06:04.007043" elapsed="0.000484"/>
</kw>
<kw name="Dictionary Should Contain Key" owner="Collections">
<arg>${response.json()}</arg>
<arg>id</arg>
<doc>Fails if ``key`` is not found from ``dictionary``.</doc>
<status status="PASS" start="2025-07-18T18:06:04.007779" elapsed="0.001288"/>
</kw>
<status status="PASS" start="2025-07-18T18:06:03.848626" elapsed="0.160768"/>
</test>
<status status="PASS" start="2025-07-18T18:06:02.722935" elapsed="1.287470"/>
</suite>
<status status="PASS" start="2025-07-18T18:06:02.719532" elapsed="1.292380"/>
</suite>
<status status="PASS" start="2025-07-18T18:06:02.672550" elapsed="1.340676"/>
</suite>
<statistics>
<total>
<stat pass="1" fail="0" skip="0">All Tests</stat>
</total>
<tag>
</tag>
<suite>
<stat name="Tests" id="s1" pass="1" fail="0" skip="0">Tests</stat>
<stat name="RestApi" id="s1-s1" pass="1" fail="0" skip="0">Tests.RestApi</stat>
<stat name="GET Request" id="s1-s1-s1" pass="1" fail="0" skip="0">Tests.RestApi.GET Request</stat>
</suite>
</statistics>
<errors>
</errors>
</robot>
