<?xml version="1.0" encoding="UTF-8"?>
<robot generator="Robot 7.3.2 (Python 3.13.5 on win32)" generated="2025-07-18T11:14:02.310865" rpa="false" schemaversion="5">
<suite id="s1" name="Tests" source="D:\Automation practice\Robot Training\tests">
<suite id="s1-s1" name="Variables" source="D:\Automation practice\Robot Training\tests\Variables.robot">
<test id="s1-s1-t1" name="Accesing Variables" line="18">
<kw name="Log To Console" owner="BuiltIn">
<arg>${Scalar}</arg>
<doc>Logs the given message to the console.</doc>
<status status="PASS" start="2025-07-18T11:14:02.838979" elapsed="0.000848"/>
</kw>
<kw name="Log To Console" owner="BuiltIn">
<arg>${lists}</arg>
<doc>Logs the given message to the console.</doc>
<status status="PASS" start="2025-07-18T11:14:02.840321" elapsed="0.000618"/>
</kw>
<kw name="Log To Console" owner="BuiltIn">
<arg>${dict}</arg>
<doc>Logs the given message to the console.</doc>
<status status="PASS" start="2025-07-18T11:14:02.841252" elapsed="0.000919"/>
</kw>
<kw name="Log To Console" owner="BuiltIn">
<arg>${env_var}</arg>
<doc>Logs the given message to the console.</doc>
<status status="PASS" start="2025-07-18T11:14:02.842526" elapsed="0.000610"/>
</kw>
<kw name="Log To Console" owner="BuiltIn">
<arg>${env_var1}</arg>
<doc>Logs the given message to the console.</doc>
<status status="PASS" start="2025-07-18T11:14:02.843481" elapsed="0.000547"/>
</kw>
<status status="PASS" start="2025-07-18T11:14:02.836682" elapsed="0.007765"/>
</test>
<status status="PASS" start="2025-07-18T11:14:02.371674" elapsed="0.473908"/>
</suite>
<status status="PASS" start="2025-07-18T11:14:02.344003" elapsed="0.503351"/>
</suite>
<statistics>
<total>
<stat pass="1" fail="0" skip="0">All Tests</stat>
</total>
<tag>
</tag>
<suite>
<stat name="Tests" id="s1" pass="1" fail="0" skip="0">Tests</stat>
<stat name="Variables" id="s1-s1" pass="1" fail="0" skip="0">Tests.Variables</stat>
</suite>
</statistics>
<errors>
</errors>
</robot>
