<?xml version="1.0" encoding="UTF-8"?>
<robot generator="Robot 7.3.2 (Python 3.13.5 on win32)" generated="2025-08-21T15:40:23.977114" rpa="false" schemaversion="5">
<suite id="s1" name="Tests" source="D:\Automation practice\Robot Training\Tests">
<suite id="s1-s1" name="RestApi" source="D:\Automation practice\Robot Training\Tests\RestApi">
<suite id="s1-s1-s1" name="DELETE Request" source="D:\Automation practice\Robot Training\Tests\RestApi\DELETE_Request.robot">
<test id="s1-s1-s1-t1" name="Delete Post" line="10">
<kw name="Create Session" owner="RequestsLibrary">
<msg time="2025-08-21T15:40:28.646293" level="INFO">Creating Session using : alias=MySession, url=https://jsonplaceholder.typicode.com, headers={},                     cookies={}, auth=None, timeout=None, proxies=None, verify=False,                     debug=0 </msg>
<arg>MySession</arg>
<arg>${url}</arg>
<doc>Create Session: create a HTTP session to a server</doc>
<status status="PASS" start="2025-08-21T15:40:28.645735" elapsed="0.001696"/>
</kw>
<kw name="Set Variable" owner="BuiltIn">
<msg time="2025-08-21T15:40:28.650069" level="INFO">${delete_endpoint} = /posts/101</msg>
<var>${delete_endpoint}</var>
<arg>${endpoint}/101</arg>
<doc>Returns the given values which can then be assigned to a variables.</doc>
<status status="PASS" start="2025-08-21T15:40:28.648613" elapsed="0.001567"/>
</kw>
<kw name="DELETE On Session" owner="RequestsLibrary">
<msg time="2025-08-21T15:40:29.562588" level="INFO">DELETE Request : url=https://jsonplaceholder.typicode.com/posts/101 
 path_url=/posts/101 
 headers={'User-Agent': 'python-requests/2.32.4', 'Accept-Encoding': 'gzip, deflate', 'Accept': '*/*', 'Connection': 'keep-alive', 'Content-Length': '0'} 
 body=None 
 </msg>
<msg time="2025-08-21T15:40:29.563734" level="INFO">DELETE Response : url=https://jsonplaceholder.typicode.com/posts/101 
 status=200, reason=OK 
 headers={'Date': 'Thu, 21 Aug 2025 10:10:29 GMT', 'Content-Type': 'application/json; charset=utf-8', 'Transfer-Encoding': 'chunked', 'Connection': 'keep-alive', 'Access-Control-Allow-Credentials': 'true', 'Cache-Control': 'no-cache', 'Etag': 'W/"2-vyGp6PvFo4RvsFtPoIWeCReyIC8"', 'Expires': '-1', 'Nel': '{"report_to":"heroku-nel","response_headers":["Via"],"max_age":3600,"success_fraction":0.01,"failure_fraction":0.1}', 'Pragma': 'no-cache', 'Report-To': '{"group":"heroku-nel","endpoints":[{"url":"https://nel.heroku.com/reports?s=9ka1p7ORMEGQifEsQ%2BOd%2Fuy608OwrzrUhV78LKK7XHk%3D\\u0026sid=e11707d5-02a7-43ef-b45e-2cf4d2036f7d\\u0026ts=1755771029"}],"max_age":3600}', 'Reporting-Endpoints': 'heroku-nel="https://nel.heroku.com/reports?s=9ka1p7ORMEGQifEsQ%2BOd%2Fuy608OwrzrUhV78LKK7XHk%3D&amp;sid=e11707d5-02a7-43ef-b45e-2cf4d2036f7d&amp;ts=1755771029"', 'Server': 'cloudflare', 'Vary': 'Origin, Accept-Encoding', 'Via': '2.0 heroku-router', 'X-Content-Type-Options': 'nosniff', 'X-Powered-By': 'Express', 'X-Ratelimit-Limit': '1000', 'X-Ratelimit-Remaining': '999', 'X-Ratelimit-Reset': '1755771037', 'Cf-Cache-Status': 'DYNAMIC', 'Content-Encoding': 'gzip', 'CF-RAY': '9729574369347efd-MAA', 'alt-svc': 'h3=":443"; ma=86400'} 
 body={} 
 </msg>
<msg time="2025-08-21T15:40:29.564051" level="INFO">C:\Users\LENOVO\AppData\Local\Programs\Python\Python313\Lib\site-packages\urllib3\connectionpool.py:1097: InsecureRequestWarning: Unverified HTTPS request is being made to host 'jsonplaceholder.typicode.com'. Adding certificate verification is strongly advised. See: https://urllib3.readthedocs.io/en/latest/advanced-usage.html#tls-warnings
  warnings.warn(</msg>
<msg time="2025-08-21T15:40:29.564580" level="INFO">${response} = &lt;Response [200]&gt;</msg>
<var>${response}</var>
<arg>MySession</arg>
<arg>${delete_endpoint}</arg>
<doc>Sends a DELETE request on a previously created HTTP Session.</doc>
<status status="PASS" start="2025-08-21T15:40:28.650604" elapsed="0.914224"/>
</kw>
<kw name="Log To Console" owner="BuiltIn">
<arg>Response : ${response}</arg>
<doc>Logs the given message to the console.</doc>
<status status="PASS" start="2025-08-21T15:40:29.565437" elapsed="0.070668"/>
</kw>
<kw name="Status Should Be" owner="RequestsLibrary">
<arg>200</arg>
<arg>${response}</arg>
<doc>Fails if response status code is different than the expected.</doc>
<status status="PASS" start="2025-08-21T15:40:29.641707" elapsed="0.001262"/>
</kw>
<kw name="Convert To String" owner="BuiltIn">
<msg time="2025-08-21T15:40:29.663666" level="INFO">${status_code} = 200</msg>
<var>${status_code}</var>
<arg>${response.status_code}</arg>
<doc>Converts the given item to a Unicode string.</doc>
<status status="PASS" start="2025-08-21T15:40:29.653405" elapsed="0.010409"/>
</kw>
<kw name="Log To Console" owner="BuiltIn">
<arg>Status Code : ${status_code}</arg>
<doc>Logs the given message to the console.</doc>
<status status="PASS" start="2025-08-21T15:40:29.664204" elapsed="0.003266"/>
</kw>
<kw name="Should Be Equal" owner="BuiltIn">
<arg>200</arg>
<arg>${status_code}</arg>
<doc>Fails if the given objects are unequal.</doc>
<status status="PASS" start="2025-08-21T15:40:29.675824" elapsed="0.001088"/>
</kw>
<kw name="Convert To String" owner="BuiltIn">
<msg time="2025-08-21T15:40:29.681817" level="INFO">${body} = {}</msg>
<var>${body}</var>
<arg>${response.content}</arg>
<doc>Converts the given item to a Unicode string.</doc>
<status status="PASS" start="2025-08-21T15:40:29.677284" elapsed="0.004647"/>
</kw>
<kw name="Log To Console" owner="BuiltIn">
<arg>Response Body: ${body}</arg>
<doc>Logs the given message to the console.</doc>
<status status="PASS" start="2025-08-21T15:40:29.682250" elapsed="0.003883"/>
</kw>
<status status="PASS" start="2025-08-21T15:40:28.636900" elapsed="1.049668"/>
</test>
<status status="PASS" start="2025-08-21T15:40:24.447360" elapsed="5.255421"/>
</suite>
<status status="PASS" start="2025-08-21T15:40:24.444968" elapsed="5.269671"/>
</suite>
<status status="PASS" start="2025-08-21T15:40:24.285325" elapsed="5.430649"/>
</suite>
<statistics>
<total>
<stat pass="1" fail="0" skip="0">All Tests</stat>
</total>
<tag>
</tag>
<suite>
<stat name="Tests" id="s1" pass="1" fail="0" skip="0">Tests</stat>
<stat name="RestApi" id="s1-s1" pass="1" fail="0" skip="0">Tests.RestApi</stat>
<stat name="DELETE Request" id="s1-s1-s1" pass="1" fail="0" skip="0">Tests.RestApi.DELETE Request</stat>
</suite>
</statistics>
<errors>
</errors>
</robot>
