<?xml version="1.0" encoding="UTF-8"?>
<robot generator="Rebot 7.3.2 (Python 3.13.5 on win32)" generated="2025-08-21T16:14:16.684174" rpa="false" schemaversion="5">
<suite id="s1" name="Tests" source="D:\Automation practice\Robot Training\Tests">
<suite id="s1-s1" name="Add To cart" source="D:\Automation practice\Robot Training\Tests\Add To cart.robot">
<test id="s1-s1-t1" name="Adding Items to cart" line="8">
<kw name="Open Browser" owner="SeleniumLibrary">
<msg time="2025-08-21T16:12:48.933494" level="INFO">Opening browser 'chrome' to base url 'https://dineshvelhal.github.io/testautomation-playground/login.html'.</msg>
<arg>${url}</arg>
<arg>chrome</arg>
<doc>Opens a new browser instance to the optional ``url``.</doc>
<status status="PASS" start="2025-08-21T16:12:48.932906" elapsed="7.268862"/>
</kw>
<kw name="Input Text" owner="SeleniumLibrary">
<msg time="2025-08-21T16:12:56.202945" level="INFO">Typing text 'admin' into text field 'xpath=//input[@id='user']'.</msg>
<arg>xpath=//input[@id='user']</arg>
<arg>admin</arg>
<doc>Types the given ``text`` into the text field identified by ``locator``.</doc>
<status status="PASS" start="2025-08-21T16:12:56.202195" elapsed="3.532720"/>
</kw>
<kw name="Input Text" owner="SeleniumLibrary">
<msg time="2025-08-21T16:12:59.736017" level="INFO">Typing text 'admin' into text field 'xpath=//input[@id='password']'.</msg>
<arg>xpath=//input[@id='password']</arg>
<arg>admin</arg>
<doc>Types the given ``text`` into the text field identified by ``locator``.</doc>
<status status="PASS" start="2025-08-21T16:12:59.735384" elapsed="5.730300"/>
</kw>
<kw name="Click Button" owner="SeleniumLibrary">
<msg time="2025-08-21T16:13:05.466498" level="INFO">Clicking button 'xpath=//button[@id='login']'.</msg>
<arg>xpath=//button[@id='login']</arg>
<doc>Clicks the button identified by ``locator``.</doc>
<status status="PASS" start="2025-08-21T16:13:05.466037" elapsed="6.802083"/>
</kw>
<kw name="Click Element" owner="SeleniumLibrary">
<msg time="2025-08-21T16:13:12.269181" level="INFO">Clicking element 'xpath=//input[@id='rad_small']'.</msg>
<arg>xpath=//input[@id='rad_small']</arg>
<doc>Click the element identified by ``locator``.</doc>
<status status="PASS" start="2025-08-21T16:13:12.268552" elapsed="2.326015"/>
</kw>
<kw name="Select From List By Label" owner="SeleniumLibrary">
<msg time="2025-08-21T16:13:14.595505" level="INFO">Selecting options from selection list 'xpath=//select[@id='select_flavor']' by label Veggie Delight.</msg>
<arg>xpath=//select[@id='select_flavor']</arg>
<arg>Veggie Delight</arg>
<doc>Selects options from selection list ``locator`` by ``labels``.</doc>
<status status="PASS" start="2025-08-21T16:13:14.594955" elapsed="2.923935"/>
</kw>
<kw name="Click Element" owner="SeleniumLibrary">
<msg time="2025-08-21T16:13:17.521137" level="INFO">Clicking element 'id=rad_barbeque'.</msg>
<arg>id=rad_barbeque</arg>
<doc>Click the element identified by ``locator``.</doc>
<status status="PASS" start="2025-08-21T16:13:17.519284" elapsed="0.415278"/>
</kw>
<kw name="Click Element" owner="SeleniumLibrary">
<msg time="2025-08-21T16:13:17.935534" level="INFO">Clicking element 'id=green_olive'.</msg>
<arg>id=green_olive</arg>
<doc>Click the element identified by ``locator``.</doc>
<status status="PASS" start="2025-08-21T16:13:17.934964" elapsed="0.255878"/>
</kw>
<kw name="Click Element" owner="SeleniumLibrary">
<msg time="2025-08-21T16:13:18.191861" level="INFO">Clicking element 'id=tomoto'.</msg>
<arg>id=tomoto</arg>
<doc>Click the element identified by ``locator``.</doc>
<status status="PASS" start="2025-08-21T16:13:18.191274" elapsed="0.240325"/>
</kw>
<kw name="Input Text" owner="SeleniumLibrary">
<msg time="2025-08-21T16:13:18.432602" level="INFO">Typing text '5' into text field 'id=quantity'.</msg>
<arg>id=quantity</arg>
<arg>5</arg>
<doc>Types the given ``text`` into the text field identified by ``locator``.</doc>
<status status="PASS" start="2025-08-21T16:13:18.432016" elapsed="0.310388"/>
</kw>
<kw name="Click Button" owner="SeleniumLibrary">
<msg time="2025-08-21T16:13:18.743659" level="INFO">Clicking button 'id=submit_button'.</msg>
<arg>id=submit_button</arg>
<doc>Clicks the button identified by ``locator``.</doc>
<status status="PASS" start="2025-08-21T16:13:18.743017" elapsed="0.359469"/>
</kw>
<kw name="Wait Until Page Contains" owner="SeleniumLibrary">
<arg>Pizza added to the cart!</arg>
<arg>5s</arg>
<doc>Waits until ``text`` appears on the current page.</doc>
<status status="PASS" start="2025-08-21T16:13:19.104820" elapsed="0.062405"/>
</kw>
<kw name="Close Browser" owner="SeleniumLibrary">
<doc>Closes the current browser.</doc>
<status status="PASS" start="2025-08-21T16:13:19.167805" elapsed="7.823908"/>
</kw>
<doc>Addding items to cart...</doc>
<status status="PASS" start="2025-08-21T16:12:48.930900" elapsed="38.061270"/>
</test>
<status status="PASS" start="2025-08-21T16:12:48.160000" elapsed="38.061000"/>
</suite>
<suite id="s1-s2" name="Assertions" source="D:\Automation practice\Robot Training\Tests\Assertions.robot">
<test id="s1-s2-t1" name="Checking Assertions" line="5">
<kw name="Set Variable" owner="BuiltIn">
<msg time="2025-08-21T16:12:48.691799" level="INFO">${isValid} = True</msg>
<var>${isValid}</var>
<arg>${True}</arg>
<doc>Returns the given values which can then be assigned to a variables.</doc>
<status status="PASS" start="2025-08-21T16:12:48.691190" elapsed="0.000695"/>
</kw>
<kw name="Should Be True" owner="BuiltIn">
<arg>${isValid}</arg>
<doc>Fails if the given condition is not true.</doc>
<status status="PASS" start="2025-08-21T16:12:48.692234" elapsed="0.000391"/>
</kw>
<kw name="Log To Console" owner="BuiltIn">
<arg>${isValid}</arg>
<doc>Logs the given message to the console.</doc>
<status status="PASS" start="2025-08-21T16:12:48.692853" elapsed="0.000402"/>
</kw>
<kw name="Set Variable If" owner="BuiltIn">
<msg time="2025-08-21T16:12:48.693984" level="INFO">${isValid} = False</msg>
<var>${isValid}</var>
<arg>${isValid}</arg>
<arg>${False}</arg>
<doc>Sets variable based on the given condition.</doc>
<status status="PASS" start="2025-08-21T16:12:48.693538" elapsed="0.000509"/>
</kw>
<kw name="Should Not Be True" owner="BuiltIn">
<arg>${isValid}</arg>
<doc>Fails if the given condition is true.</doc>
<status status="PASS" start="2025-08-21T16:12:48.694279" elapsed="0.000323"/>
</kw>
<kw name="Log To Console" owner="BuiltIn">
<arg>${isValid}</arg>
<doc>Logs the given message to the console.</doc>
<status status="PASS" start="2025-08-21T16:12:48.694819" elapsed="0.000410"/>
</kw>
<status status="PASS" start="2025-08-21T16:12:48.689348" elapsed="0.006139"/>
</test>
<status status="PASS" start="2025-08-21T16:12:48.041726" elapsed="0.654572"/>
</suite>
<suite id="s1-s3" name="CustomLib" source="D:\Automation practice\Robot Training\Tests\CustomLib.robot">
<test id="s1-s3-t1" name="Adding two Nums" line="5">
<kw name="Add Two Nums" owner="CustomLibrary">
<msg time="2025-08-21T16:12:48.065412" level="INFO">${output} = 1020</msg>
<var>${output}</var>
<arg>10</arg>
<arg>20</arg>
<status status="PASS" start="2025-08-21T16:12:48.064936" elapsed="0.000552"/>
</kw>
<kw name="Log To Console" owner="BuiltIn">
<arg>${output}</arg>
<doc>Logs the given message to the console.</doc>
<status status="PASS" start="2025-08-21T16:12:48.065809" elapsed="0.000479"/>
</kw>
<kw name="Add Nums" owner="CustomLibrary">
<msg time="2025-08-21T16:12:48.066874" level="INFO">${output} = 60</msg>
<var>${output}</var>
<arg>10</arg>
<arg>20</arg>
<arg>30</arg>
<status status="PASS" start="2025-08-21T16:12:48.066503" elapsed="0.000463"/>
</kw>
<kw name="Log To Console" owner="BuiltIn">
<arg>${output}</arg>
<doc>Logs the given message to the console.</doc>
<status status="PASS" start="2025-08-21T16:12:48.067177" elapsed="0.000451"/>
</kw>
<status status="PASS" start="2025-08-21T16:12:48.063671" elapsed="0.004213"/>
</test>
<status status="PASS" start="2025-08-21T16:12:48.058330" elapsed="0.010313"/>
</suite>
<suite id="s1-s4" name="DataFromCsv" source="D:\Automation practice\Robot Training\Tests\DataFromCsv.robot">
<test id="s1-s4-t1" name="Login Tests Using CSV Admin and admin123" line="19">
<kw name="Open Login Page" owner="LoginPageKw" type="SETUP">
<kw name="Open Browser" owner="SeleniumLibrary">
<msg time="2025-08-21T16:12:48.650920" level="INFO">Opening browser 'chrome' to base url 'https://opensource-demo.orangehrmlive.com/web/index.php/auth/login'.</msg>
<arg>${URL}</arg>
<arg>${BROWSER}</arg>
<doc>Opens a new browser instance to the optional ``url``.</doc>
<status status="PASS" start="2025-08-21T16:12:48.650350" elapsed="9.460612"/>
</kw>
<kw name="Maximize Browser Window" owner="SeleniumLibrary">
<doc>Maximizes current browser window.</doc>
<status status="PASS" start="2025-08-21T16:12:58.111366" elapsed="0.275679"/>
</kw>
<kw name="Sleep" owner="BuiltIn">
<msg time="2025-08-21T16:13:01.438467" level="INFO">Slept 3 seconds.</msg>
<arg>3s</arg>
<doc>Pauses the test executed for the given time.</doc>
<status status="PASS" start="2025-08-21T16:12:58.387489" elapsed="3.051211"/>
</kw>
<status status="PASS" start="2025-08-21T16:12:48.648157" elapsed="12.794240"/>
</kw>
<kw name="Test Data">
<kw name="Login" owner="LoginPageKw">
<kw name="Input User" owner="LoginPageKw">
<kw name="Input Text" owner="SeleniumLibrary">
<msg time="2025-08-21T16:13:01.528690" level="INFO">Typing text 'Admin' into text field 'name=username'.</msg>
<arg>${USERNAME_FIELD}</arg>
<arg>${username}</arg>
<doc>Types the given ``text`` into the text field identified by ``locator``.</doc>
<status status="PASS" start="2025-08-21T16:13:01.526928" elapsed="1.653200"/>
</kw>
<arg>${user}</arg>
<status status="PASS" start="2025-08-21T16:13:01.502962" elapsed="1.677567"/>
</kw>
<kw name="Input Pass" owner="LoginPageKw">
<kw name="Input Text" owner="SeleniumLibrary">
<msg time="2025-08-21T16:13:03.182879" level="INFO">Typing text 'admin123' into text field 'name=password'.</msg>
<arg>${PASSWORD_FIELD}</arg>
<arg>${password}</arg>
<doc>Types the given ``text`` into the text field identified by ``locator``.</doc>
<status status="PASS" start="2025-08-21T16:13:03.182136" elapsed="3.585421"/>
</kw>
<arg>${pass}</arg>
<status status="PASS" start="2025-08-21T16:13:03.181111" elapsed="3.586752"/>
</kw>
<kw name="Click Login Button" owner="LoginPageKw">
<kw name="Click Button" owner="SeleniumLibrary">
<msg time="2025-08-21T16:13:06.769415" level="INFO">Clicking button 'xpath=//button[@type='submit']'.</msg>
<arg>${LOGIN_BUTTON}</arg>
<doc>Clicks the button identified by ``locator``.</doc>
<status status="PASS" start="2025-08-21T16:13:06.768905" elapsed="3.058337"/>
</kw>
<status status="PASS" start="2025-08-21T16:13:06.768240" elapsed="3.059313"/>
</kw>
<kw name="Page Should Contain text" owner="LoginPageKw">
<kw name="Sleep" owner="BuiltIn">
<msg time="2025-08-21T16:13:11.864135" level="INFO">Slept 2 seconds.</msg>
<arg>2s</arg>
<doc>Pauses the test executed for the given time.</doc>
<status status="PASS" start="2025-08-21T16:13:09.828836" elapsed="2.035554"/>
</kw>
<kw name="Page Should Contain" owner="SeleniumLibrary">
<msg time="2025-08-21T16:13:12.534968" level="INFO">Current page contains text 'Dashboard'.</msg>
<arg>${message}</arg>
<doc>Verifies that current page contains ``text``.</doc>
<status status="PASS" start="2025-08-21T16:13:11.926767" elapsed="0.608477"/>
</kw>
<arg>${message}</arg>
<status status="PASS" start="2025-08-21T16:13:09.828035" elapsed="2.707474"/>
</kw>
<arg>${userName}</arg>
<arg>${Password}</arg>
<arg>${Message}</arg>
<status status="PASS" start="2025-08-21T16:13:01.483059" elapsed="11.052703"/>
</kw>
<arg>userName=Admin</arg>
<arg>Password=admin123</arg>
<arg>Message=Dashboard</arg>
<status status="PASS" start="2025-08-21T16:13:01.481273" elapsed="11.054728"/>
</kw>
<kw name="Close Browser" owner="SeleniumLibrary" type="TEARDOWN">
<doc>Closes the current browser.</doc>
<status status="PASS" start="2025-08-21T16:13:12.536627" elapsed="12.660170"/>
</kw>
<status status="PASS" start="2025-08-21T16:12:48.645563" elapsed="36.551432"/>
</test>
<test id="s1-s4-t2" name="Login Tests Using CSV admin123 and admin123" line="19">
<kw name="Open Login Page" owner="LoginPageKw" type="SETUP">
<kw name="Open Browser" owner="SeleniumLibrary">
<msg time="2025-08-21T16:13:25.201137" level="INFO">Opening browser 'chrome' to base url 'https://opensource-demo.orangehrmlive.com/web/index.php/auth/login'.</msg>
<arg>${URL}</arg>
<arg>${BROWSER}</arg>
<doc>Opens a new browser instance to the optional ``url``.</doc>
<status status="PASS" start="2025-08-21T16:13:25.200658" elapsed="2.322463"/>
</kw>
<kw name="Maximize Browser Window" owner="SeleniumLibrary">
<doc>Maximizes current browser window.</doc>
<status status="PASS" start="2025-08-21T16:13:27.523734" elapsed="2.698156"/>
</kw>
<kw name="Sleep" owner="BuiltIn">
<msg time="2025-08-21T16:13:33.242332" level="INFO">Slept 3 seconds.</msg>
<arg>3s</arg>
<doc>Pauses the test executed for the given time.</doc>
<status status="PASS" start="2025-08-21T16:13:30.222890" elapsed="3.038641"/>
</kw>
<status status="PASS" start="2025-08-21T16:13:25.199986" elapsed="8.061902"/>
</kw>
<kw name="Test Data">
<kw name="Login" owner="LoginPageKw">
<kw name="Input User" owner="LoginPageKw">
<kw name="Input Text" owner="SeleniumLibrary">
<msg time="2025-08-21T16:13:33.300104" level="INFO">Typing text 'admin123' into text field 'name=username'.</msg>
<arg>${USERNAME_FIELD}</arg>
<arg>${username}</arg>
<doc>Types the given ``text`` into the text field identified by ``locator``.</doc>
<status status="PASS" start="2025-08-21T16:13:33.298132" elapsed="2.132242"/>
</kw>
<arg>${user}</arg>
<status status="PASS" start="2025-08-21T16:13:33.282881" elapsed="2.147815"/>
</kw>
<kw name="Input Pass" owner="LoginPageKw">
<kw name="Input Text" owner="SeleniumLibrary">
<msg time="2025-08-21T16:13:35.433091" level="INFO">Typing text 'admin123' into text field 'name=password'.</msg>
<arg>${PASSWORD_FIELD}</arg>
<arg>${password}</arg>
<doc>Types the given ``text`` into the text field identified by ``locator``.</doc>
<status status="PASS" start="2025-08-21T16:13:35.432337" elapsed="0.345626"/>
</kw>
<arg>${pass}</arg>
<status status="PASS" start="2025-08-21T16:13:35.431153" elapsed="0.347102"/>
</kw>
<kw name="Click Login Button" owner="LoginPageKw">
<kw name="Click Button" owner="SeleniumLibrary">
<msg time="2025-08-21T16:13:35.779916" level="INFO">Clicking button 'xpath=//button[@type='submit']'.</msg>
<arg>${LOGIN_BUTTON}</arg>
<doc>Clicks the button identified by ``locator``.</doc>
<status status="PASS" start="2025-08-21T16:13:35.779370" elapsed="0.958469"/>
</kw>
<status status="PASS" start="2025-08-21T16:13:35.778663" elapsed="0.959473"/>
</kw>
<kw name="Page Should Contain text" owner="LoginPageKw">
<kw name="Sleep" owner="BuiltIn">
<msg time="2025-08-21T16:13:38.758811" level="INFO">Slept 2 seconds.</msg>
<arg>2s</arg>
<doc>Pauses the test executed for the given time.</doc>
<status status="PASS" start="2025-08-21T16:13:36.741549" elapsed="2.017789"/>
</kw>
<kw name="Page Should Contain" owner="SeleniumLibrary">
<msg time="2025-08-21T16:13:38.840351" level="INFO">Current page contains text 'Invalid credentials'.</msg>
<arg>${message}</arg>
<doc>Verifies that current page contains ``text``.</doc>
<status status="PASS" start="2025-08-21T16:13:38.759982" elapsed="0.080631"/>
</kw>
<arg>${message}</arg>
<status status="PASS" start="2025-08-21T16:13:36.738656" elapsed="2.102251"/>
</kw>
<arg>${userName}</arg>
<arg>${Password}</arg>
<arg>${Message}</arg>
<status status="PASS" start="2025-08-21T16:13:33.281284" elapsed="5.559839"/>
</kw>
<arg>userName=admin123</arg>
<arg>Password=admin123</arg>
<arg>Message=Invalid credentials</arg>
<status status="PASS" start="2025-08-21T16:13:33.262435" elapsed="5.578940"/>
</kw>
<kw name="Close Browser" owner="SeleniumLibrary" type="TEARDOWN">
<doc>Closes the current browser.</doc>
<status status="PASS" start="2025-08-21T16:13:38.842135" elapsed="4.338389"/>
</kw>
<status status="PASS" start="2025-08-21T16:13:25.197649" elapsed="17.983211"/>
</test>
<test id="s1-s4-t3" name="Login Tests Using CSV admin12 and admin123" line="19">
<kw name="Open Login Page" owner="LoginPageKw" type="SETUP">
<kw name="Open Browser" owner="SeleniumLibrary">
<msg time="2025-08-21T16:13:43.192238" level="INFO">Opening browser 'chrome' to base url 'https://opensource-demo.orangehrmlive.com/web/index.php/auth/login'.</msg>
<arg>${URL}</arg>
<arg>${BROWSER}</arg>
<doc>Opens a new browser instance to the optional ``url``.</doc>
<status status="PASS" start="2025-08-21T16:13:43.191253" elapsed="4.883614"/>
</kw>
<kw name="Maximize Browser Window" owner="SeleniumLibrary">
<doc>Maximizes current browser window.</doc>
<status status="PASS" start="2025-08-21T16:13:48.075290" elapsed="0.082208"/>
</kw>
<kw name="Sleep" owner="BuiltIn">
<msg time="2025-08-21T16:13:51.158897" level="INFO">Slept 3 seconds.</msg>
<arg>3s</arg>
<doc>Pauses the test executed for the given time.</doc>
<status status="PASS" start="2025-08-21T16:13:48.157823" elapsed="3.001629"/>
</kw>
<status status="PASS" start="2025-08-21T16:13:43.188900" elapsed="7.970843"/>
</kw>
<kw name="Test Data">
<kw name="Login" owner="LoginPageKw">
<kw name="Input User" owner="LoginPageKw">
<kw name="Input Text" owner="SeleniumLibrary">
<msg time="2025-08-21T16:13:51.163939" level="INFO">Typing text 'admin12' into text field 'name=username'.</msg>
<arg>${USERNAME_FIELD}</arg>
<arg>${username}</arg>
<doc>Types the given ``text`` into the text field identified by ``locator``.</doc>
<status status="PASS" start="2025-08-21T16:13:51.163284" elapsed="0.175531"/>
</kw>
<arg>${user}</arg>
<status status="PASS" start="2025-08-21T16:13:51.162437" elapsed="0.176683"/>
</kw>
<kw name="Input Pass" owner="LoginPageKw">
<kw name="Input Text" owner="SeleniumLibrary">
<msg time="2025-08-21T16:13:51.341324" level="INFO">Typing text 'admin123' into text field 'name=password'.</msg>
<arg>${PASSWORD_FIELD}</arg>
<arg>${password}</arg>
<doc>Types the given ``text`` into the text field identified by ``locator``.</doc>
<status status="PASS" start="2025-08-21T16:13:51.340700" elapsed="0.199844"/>
</kw>
<arg>${pass}</arg>
<status status="PASS" start="2025-08-21T16:13:51.339793" elapsed="0.201155"/>
</kw>
<kw name="Click Login Button" owner="LoginPageKw">
<kw name="Click Button" owner="SeleniumLibrary">
<msg time="2025-08-21T16:13:51.542795" level="INFO">Clicking button 'xpath=//button[@type='submit']'.</msg>
<arg>${LOGIN_BUTTON}</arg>
<doc>Clicks the button identified by ``locator``.</doc>
<status status="PASS" start="2025-08-21T16:13:51.542207" elapsed="0.931783"/>
</kw>
<status status="PASS" start="2025-08-21T16:13:51.541393" elapsed="0.932790"/>
</kw>
<kw name="Page Should Contain text" owner="LoginPageKw">
<kw name="Sleep" owner="BuiltIn">
<msg time="2025-08-21T16:13:54.475599" level="INFO">Slept 2 seconds.</msg>
<arg>2s</arg>
<doc>Pauses the test executed for the given time.</doc>
<status status="PASS" start="2025-08-21T16:13:52.475006" elapsed="2.000817"/>
</kw>
<kw name="Page Should Contain" owner="SeleniumLibrary">
<msg time="2025-08-21T16:13:54.523779" level="INFO">Current page contains text 'Invalid credentials'.</msg>
<arg>${message}</arg>
<doc>Verifies that current page contains ``text``.</doc>
<status status="PASS" start="2025-08-21T16:13:54.476187" elapsed="0.047746"/>
</kw>
<arg>${message}</arg>
<status status="PASS" start="2025-08-21T16:13:52.474470" elapsed="2.049640"/>
</kw>
<arg>${userName}</arg>
<arg>${Password}</arg>
<arg>${Message}</arg>
<status status="PASS" start="2025-08-21T16:13:51.161289" elapsed="3.363219"/>
</kw>
<arg>userName=admin12</arg>
<arg>Password=admin123</arg>
<arg>Message=Invalid credentials</arg>
<status status="PASS" start="2025-08-21T16:13:51.160181" elapsed="3.364524"/>
</kw>
<kw name="Close Browser" owner="SeleniumLibrary" type="TEARDOWN">
<doc>Closes the current browser.</doc>
<status status="PASS" start="2025-08-21T16:13:54.525257" elapsed="2.231590"/>
</kw>
<status status="PASS" start="2025-08-21T16:13:43.182553" elapsed="13.574489"/>
</test>
<status status="PASS" start="2025-08-21T16:12:47.994035" elapsed="68.763641"/>
</suite>
<suite id="s1-s5" name="DataFromExcel" source="D:\Automation practice\Robot Training\Tests\DataFromExcel.robot">
<test id="s1-s5-t1" name="Login Test Using Excel Data Admin and admin123" line="21">
<kw name="Open Login Page" owner="LoginPageKw" type="SETUP">
<kw name="Open Browser" owner="SeleniumLibrary">
<msg time="2025-08-21T16:12:49.798017" level="INFO">Opening browser 'chrome' to base url 'https://opensource-demo.orangehrmlive.com/web/index.php/auth/login'.</msg>
<arg>${URL}</arg>
<arg>${BROWSER}</arg>
<doc>Opens a new browser instance to the optional ``url``.</doc>
<status status="PASS" start="2025-08-21T16:12:49.797611" elapsed="6.054010"/>
</kw>
<kw name="Maximize Browser Window" owner="SeleniumLibrary">
<doc>Maximizes current browser window.</doc>
<status status="PASS" start="2025-08-21T16:12:55.851991" elapsed="3.903861"/>
</kw>
<kw name="Sleep" owner="BuiltIn">
<msg time="2025-08-21T16:13:02.757371" level="INFO">Slept 3 seconds.</msg>
<arg>3s</arg>
<doc>Pauses the test executed for the given time.</doc>
<status status="PASS" start="2025-08-21T16:12:59.756614" elapsed="3.001018"/>
</kw>
<status status="PASS" start="2025-08-21T16:12:49.796771" elapsed="12.964928"/>
</kw>
<kw name="Test Data">
<kw name="Login" owner="LoginPageKw">
<kw name="Input User" owner="LoginPageKw">
<kw name="Input Text" owner="SeleniumLibrary">
<msg time="2025-08-21T16:13:02.897547" level="INFO">Typing text 'Admin' into text field 'name=username'.</msg>
<arg>${USERNAME_FIELD}</arg>
<arg>${username}</arg>
<doc>Types the given ``text`` into the text field identified by ``locator``.</doc>
<status status="PASS" start="2025-08-21T16:13:02.850631" elapsed="5.183098"/>
</kw>
<arg>${user}</arg>
<status status="PASS" start="2025-08-21T16:13:02.807188" elapsed="5.226856"/>
</kw>
<kw name="Input Pass" owner="LoginPageKw">
<kw name="Input Text" owner="SeleniumLibrary">
<msg time="2025-08-21T16:13:08.036080" level="INFO">Typing text 'admin123' into text field 'name=password'.</msg>
<arg>${PASSWORD_FIELD}</arg>
<arg>${password}</arg>
<doc>Types the given ``text`` into the text field identified by ``locator``.</doc>
<status status="PASS" start="2025-08-21T16:13:08.035424" elapsed="5.291906"/>
</kw>
<arg>${pass}</arg>
<status status="PASS" start="2025-08-21T16:13:08.034489" elapsed="5.293109"/>
</kw>
<kw name="Click Login Button" owner="LoginPageKw">
<kw name="Click Button" owner="SeleniumLibrary">
<msg time="2025-08-21T16:13:13.329215" level="INFO">Clicking button 'xpath=//button[@type='submit']'.</msg>
<arg>${LOGIN_BUTTON}</arg>
<doc>Clicks the button identified by ``locator``.</doc>
<status status="PASS" start="2025-08-21T16:13:13.328657" elapsed="1.943307"/>
</kw>
<status status="PASS" start="2025-08-21T16:13:13.327979" elapsed="1.944399"/>
</kw>
<kw name="Page Should Contain text" owner="LoginPageKw">
<kw name="Sleep" owner="BuiltIn">
<msg time="2025-08-21T16:13:17.280839" level="INFO">Slept 2 seconds.</msg>
<arg>2s</arg>
<doc>Pauses the test executed for the given time.</doc>
<status status="PASS" start="2025-08-21T16:13:15.275138" elapsed="2.005926"/>
</kw>
<kw name="Page Should Contain" owner="SeleniumLibrary">
<msg time="2025-08-21T16:13:17.519010" level="INFO">Current page contains text 'Dashboard'.</msg>
<arg>${message}</arg>
<doc>Verifies that current page contains ``text``.</doc>
<status status="PASS" start="2025-08-21T16:13:17.281410" elapsed="0.237799"/>
</kw>
<arg>${message}</arg>
<status status="PASS" start="2025-08-21T16:13:15.273367" elapsed="2.246116"/>
</kw>
<arg>${userName}</arg>
<arg>${Password}</arg>
<arg>${Message}</arg>
<status status="PASS" start="2025-08-21T16:13:02.763400" elapsed="14.756740"/>
</kw>
<arg>userName=Admin</arg>
<arg>Password=admin123</arg>
<arg>Message=Dashboard</arg>
<status status="PASS" start="2025-08-21T16:13:02.762241" elapsed="14.763363"/>
</kw>
<kw name="Close Browser" owner="SeleniumLibrary" type="TEARDOWN">
<doc>Closes the current browser.</doc>
<status status="PASS" start="2025-08-21T16:13:17.526430" elapsed="9.084491"/>
</kw>
<status status="PASS" start="2025-08-21T16:12:49.795277" elapsed="36.815928"/>
</test>
<test id="s1-s5-t2" name="Login Test Using Excel Data AdminUser and admin123" line="21">
<kw name="Open Login Page" owner="LoginPageKw" type="SETUP">
<kw name="Open Browser" owner="SeleniumLibrary">
<msg time="2025-08-21T16:13:26.616509" level="INFO">Opening browser 'chrome' to base url 'https://opensource-demo.orangehrmlive.com/web/index.php/auth/login'.</msg>
<arg>${URL}</arg>
<arg>${BROWSER}</arg>
<doc>Opens a new browser instance to the optional ``url``.</doc>
<status status="PASS" start="2025-08-21T16:13:26.615826" elapsed="7.363442"/>
</kw>
<kw name="Maximize Browser Window" owner="SeleniumLibrary">
<doc>Maximizes current browser window.</doc>
<status status="PASS" start="2025-08-21T16:13:33.979667" elapsed="0.645626"/>
</kw>
<kw name="Sleep" owner="BuiltIn">
<msg time="2025-08-21T16:13:37.627200" level="INFO">Slept 3 seconds.</msg>
<arg>3s</arg>
<doc>Pauses the test executed for the given time.</doc>
<status status="PASS" start="2025-08-21T16:13:34.625714" elapsed="3.001949"/>
</kw>
<status status="PASS" start="2025-08-21T16:13:26.614891" elapsed="11.013113"/>
</kw>
<kw name="Test Data">
<kw name="Login" owner="LoginPageKw">
<kw name="Input User" owner="LoginPageKw">
<kw name="Input Text" owner="SeleniumLibrary">
<msg time="2025-08-21T16:13:37.640262" level="INFO">Typing text 'AdminUser' into text field 'name=username'.</msg>
<arg>${USERNAME_FIELD}</arg>
<arg>${username}</arg>
<doc>Types the given ``text`` into the text field identified by ``locator``.</doc>
<status status="PASS" start="2025-08-21T16:13:37.638592" elapsed="0.290359"/>
</kw>
<arg>${user}</arg>
<status status="PASS" start="2025-08-21T16:13:37.637585" elapsed="0.291680"/>
</kw>
<kw name="Input Pass" owner="LoginPageKw">
<kw name="Input Text" owner="SeleniumLibrary">
<msg time="2025-08-21T16:13:37.931624" level="INFO">Typing text 'admin123' into text field 'name=password'.</msg>
<arg>${PASSWORD_FIELD}</arg>
<arg>${password}</arg>
<doc>Types the given ``text`` into the text field identified by ``locator``.</doc>
<status status="PASS" start="2025-08-21T16:13:37.930980" elapsed="0.391628"/>
</kw>
<arg>${pass}</arg>
<status status="PASS" start="2025-08-21T16:13:37.930037" elapsed="0.392897"/>
</kw>
<kw name="Click Login Button" owner="LoginPageKw">
<kw name="Click Button" owner="SeleniumLibrary">
<msg time="2025-08-21T16:13:38.325078" level="INFO">Clicking button 'xpath=//button[@type='submit']'.</msg>
<arg>${LOGIN_BUTTON}</arg>
<doc>Clicks the button identified by ``locator``.</doc>
<status status="PASS" start="2025-08-21T16:13:38.324254" elapsed="1.572640"/>
</kw>
<status status="PASS" start="2025-08-21T16:13:38.323388" elapsed="1.573799"/>
</kw>
<kw name="Page Should Contain text" owner="LoginPageKw">
<kw name="Sleep" owner="BuiltIn">
<msg time="2025-08-21T16:13:41.899249" level="INFO">Slept 2 seconds.</msg>
<arg>2s</arg>
<doc>Pauses the test executed for the given time.</doc>
<status status="PASS" start="2025-08-21T16:13:39.898457" elapsed="2.001008"/>
</kw>
<kw name="Page Should Contain" owner="SeleniumLibrary">
<msg time="2025-08-21T16:13:41.926028" level="INFO">Current page contains text 'Invalid credentials'.</msg>
<arg>${message}</arg>
<doc>Verifies that current page contains ``text``.</doc>
<status status="PASS" start="2025-08-21T16:13:41.900054" elapsed="0.026165"/>
</kw>
<arg>${message}</arg>
<status status="PASS" start="2025-08-21T16:13:39.897595" elapsed="2.028880"/>
</kw>
<arg>${userName}</arg>
<arg>${Password}</arg>
<arg>${Message}</arg>
<status status="PASS" start="2025-08-21T16:13:37.631205" elapsed="4.295447"/>
</kw>
<arg>userName=AdminUser</arg>
<arg>Password=admin123</arg>
<arg>Message=Invalid credentials</arg>
<status status="PASS" start="2025-08-21T16:13:37.628706" elapsed="4.298128"/>
</kw>
<kw name="Close Browser" owner="SeleniumLibrary" type="TEARDOWN">
<doc>Closes the current browser.</doc>
<status status="PASS" start="2025-08-21T16:13:41.927561" elapsed="2.892372"/>
</kw>
<status status="PASS" start="2025-08-21T16:13:26.612109" elapsed="18.208095"/>
</test>
<test id="s1-s5-t3" name="Login Test Using Excel Data Admin123 and Admin123" line="21">
<kw name="Open Login Page" owner="LoginPageKw" type="SETUP">
<kw name="Open Browser" owner="SeleniumLibrary">
<msg time="2025-08-21T16:13:44.828073" level="INFO">Opening browser 'chrome' to base url 'https://opensource-demo.orangehrmlive.com/web/index.php/auth/login'.</msg>
<arg>${URL}</arg>
<arg>${BROWSER}</arg>
<doc>Opens a new browser instance to the optional ``url``.</doc>
<status status="PASS" start="2025-08-21T16:13:44.826662" elapsed="4.721400"/>
</kw>
<kw name="Maximize Browser Window" owner="SeleniumLibrary">
<doc>Maximizes current browser window.</doc>
<status status="PASS" start="2025-08-21T16:13:49.548456" elapsed="0.037495"/>
</kw>
<kw name="Sleep" owner="BuiltIn">
<msg time="2025-08-21T16:13:52.586960" level="INFO">Slept 3 seconds.</msg>
<arg>3s</arg>
<doc>Pauses the test executed for the given time.</doc>
<status status="PASS" start="2025-08-21T16:13:49.586182" elapsed="3.000943"/>
</kw>
<status status="PASS" start="2025-08-21T16:13:44.825621" elapsed="7.761670"/>
</kw>
<kw name="Test Data">
<kw name="Login" owner="LoginPageKw">
<kw name="Input User" owner="LoginPageKw">
<kw name="Input Text" owner="SeleniumLibrary">
<msg time="2025-08-21T16:13:52.589579" level="INFO">Typing text 'Admin123' into text field 'name=username'.</msg>
<arg>${USERNAME_FIELD}</arg>
<arg>${username}</arg>
<doc>Types the given ``text`` into the text field identified by ``locator``.</doc>
<status status="PASS" start="2025-08-21T16:13:52.589213" elapsed="0.152080"/>
</kw>
<arg>${user}</arg>
<status status="PASS" start="2025-08-21T16:13:52.588731" elapsed="0.152890"/>
</kw>
<kw name="Input Pass" owner="LoginPageKw">
<kw name="Input Text" owner="SeleniumLibrary">
<msg time="2025-08-21T16:13:52.743727" level="INFO">Typing text 'Admin123' into text field 'name=password'.</msg>
<arg>${PASSWORD_FIELD}</arg>
<arg>${password}</arg>
<doc>Types the given ``text`` into the text field identified by ``locator``.</doc>
<status status="PASS" start="2025-08-21T16:13:52.743042" elapsed="0.225012"/>
</kw>
<arg>${pass}</arg>
<status status="PASS" start="2025-08-21T16:13:52.742021" elapsed="0.226313"/>
</kw>
<kw name="Click Login Button" owner="LoginPageKw">
<kw name="Click Button" owner="SeleniumLibrary">
<msg time="2025-08-21T16:13:52.969995" level="INFO">Clicking button 'xpath=//button[@type='submit']'.</msg>
<arg>${LOGIN_BUTTON}</arg>
<doc>Clicks the button identified by ``locator``.</doc>
<status status="PASS" start="2025-08-21T16:13:52.969479" elapsed="1.091256"/>
</kw>
<status status="PASS" start="2025-08-21T16:13:52.968746" elapsed="1.092661"/>
</kw>
<kw name="Page Should Contain text" owner="LoginPageKw">
<kw name="Sleep" owner="BuiltIn">
<msg time="2025-08-21T16:13:56.063557" level="INFO">Slept 2 seconds.</msg>
<arg>2s</arg>
<doc>Pauses the test executed for the given time.</doc>
<status status="PASS" start="2025-08-21T16:13:54.062588" elapsed="2.001143"/>
</kw>
<kw name="Page Should Contain" owner="SeleniumLibrary">
<msg time="2025-08-21T16:13:56.082639" level="INFO">Current page contains text 'Invalid credentials'.</msg>
<arg>${message}</arg>
<doc>Verifies that current page contains ``text``.</doc>
<status status="PASS" start="2025-08-21T16:13:56.063981" elapsed="0.018812"/>
</kw>
<arg>${message}</arg>
<status status="PASS" start="2025-08-21T16:13:54.061852" elapsed="2.021129"/>
</kw>
<arg>${userName}</arg>
<arg>${Password}</arg>
<arg>${Message}</arg>
<status status="PASS" start="2025-08-21T16:13:52.588164" elapsed="3.494937"/>
</kw>
<arg>userName=Admin123</arg>
<arg>Password=Admin123</arg>
<arg>Message=Invalid credentials</arg>
<status status="PASS" start="2025-08-21T16:13:52.587552" elapsed="3.495647"/>
</kw>
<kw name="Close Browser" owner="SeleniumLibrary" type="TEARDOWN">
<doc>Closes the current browser.</doc>
<status status="PASS" start="2025-08-21T16:13:56.083491" elapsed="2.164822"/>
</kw>
<status status="PASS" start="2025-08-21T16:13:44.821950" elapsed="13.426826"/>
</test>
<status status="PASS" start="2025-08-21T16:12:48.069053" elapsed="70.181825"/>
</suite>
<suite id="s1-s6" name="DataFromJson" source="D:\Automation practice\Robot Training\Tests\DataFromJson.robot">
<test id="s1-s6-t1" name="Login Test with JSON Data" line="10">
<kw name="Load Json From File" owner="JSONLibrary">
<msg time="2025-08-21T16:12:48.919624" level="INFO">${data} = {'testdata': [{'userName': 'Admin', 'Password': 'admin123', 'Message': 'Dashboard'}, {'userName': 'User1', 'Password': 'Pass123', 'Message': 'Invalid credentials'}, {'userName': 'Adminn', 'Password': ...</msg>
<var>${data}</var>
<arg>${JSON_FILE}</arg>
<doc>Load JSON from file.</doc>
<status status="PASS" start="2025-08-21T16:12:48.918911" elapsed="0.000798"/>
</kw>
<kw name="Log To Console" owner="BuiltIn">
<arg>${data}</arg>
<doc>Logs the given message to the console.</doc>
<status status="PASS" start="2025-08-21T16:12:48.920033" elapsed="0.000681"/>
</kw>
<kw name="Log To Console" owner="BuiltIn">
<arg>${data['testdata'][2]}</arg>
<doc>Logs the given message to the console.</doc>
<status status="PASS" start="2025-08-21T16:12:48.920894" elapsed="0.000681"/>
</kw>
<for flavor="IN">
<iter>
<kw name="Open Login Page" owner="LoginPageKw">
<kw name="Open Browser" owner="SeleniumLibrary">
<msg time="2025-08-21T16:12:48.924460" level="INFO">Opening browser 'chrome' to base url 'https://opensource-demo.orangehrmlive.com/web/index.php/auth/login'.</msg>
<arg>${URL}</arg>
<arg>${BROWSER}</arg>
<doc>Opens a new browser instance to the optional ``url``.</doc>
<status status="PASS" start="2025-08-21T16:12:48.923986" elapsed="6.976660"/>
</kw>
<kw name="Maximize Browser Window" owner="SeleniumLibrary">
<doc>Maximizes current browser window.</doc>
<status status="PASS" start="2025-08-21T16:12:55.901024" elapsed="0.165959"/>
</kw>
<kw name="Sleep" owner="BuiltIn">
<msg time="2025-08-21T16:12:59.069282" level="INFO">Slept 3 seconds.</msg>
<arg>3s</arg>
<doc>Pauses the test executed for the given time.</doc>
<status status="PASS" start="2025-08-21T16:12:56.067273" elapsed="3.002258"/>
</kw>
<status status="PASS" start="2025-08-21T16:12:48.923410" elapsed="10.146407"/>
</kw>
<kw name="Login" owner="LoginPageKw">
<kw name="Input User" owner="LoginPageKw">
<kw name="Input Text" owner="SeleniumLibrary">
<msg time="2025-08-21T16:12:59.078549" level="INFO">Typing text 'Admin' into text field 'name=username'.</msg>
<arg>${USERNAME_FIELD}</arg>
<arg>${username}</arg>
<doc>Types the given ``text`` into the text field identified by ``locator``.</doc>
<status status="PASS" start="2025-08-21T16:12:59.077496" elapsed="2.969045"/>
</kw>
<arg>${user}</arg>
<status status="PASS" start="2025-08-21T16:12:59.076484" elapsed="2.970351"/>
</kw>
<kw name="Input Pass" owner="LoginPageKw">
<kw name="Input Text" owner="SeleniumLibrary">
<msg time="2025-08-21T16:13:02.049106" level="INFO">Typing text 'admin123' into text field 'name=password'.</msg>
<arg>${PASSWORD_FIELD}</arg>
<arg>${password}</arg>
<doc>Types the given ``text`` into the text field identified by ``locator``.</doc>
<status status="PASS" start="2025-08-21T16:13:02.048232" elapsed="6.011979"/>
</kw>
<arg>${pass}</arg>
<status status="PASS" start="2025-08-21T16:13:02.047295" elapsed="6.013207"/>
</kw>
<kw name="Click Login Button" owner="LoginPageKw">
<kw name="Click Button" owner="SeleniumLibrary">
<msg time="2025-08-21T16:13:08.062256" level="INFO">Clicking button 'xpath=//button[@type='submit']'.</msg>
<arg>${LOGIN_BUTTON}</arg>
<doc>Clicks the button identified by ``locator``.</doc>
<status status="PASS" start="2025-08-21T16:13:08.061681" elapsed="6.586474"/>
</kw>
<status status="PASS" start="2025-08-21T16:13:08.060965" elapsed="6.587523"/>
</kw>
<kw name="Page Should Contain text" owner="LoginPageKw">
<kw name="Sleep" owner="BuiltIn">
<msg time="2025-08-21T16:13:16.650562" level="INFO">Slept 2 seconds.</msg>
<arg>2s</arg>
<doc>Pauses the test executed for the given time.</doc>
<status status="PASS" start="2025-08-21T16:13:14.649704" elapsed="2.001105"/>
</kw>
<kw name="Page Should Contain" owner="SeleniumLibrary">
<msg time="2025-08-21T16:13:17.126283" level="INFO">Current page contains text 'Dashboard'.</msg>
<arg>${message}</arg>
<doc>Verifies that current page contains ``text``.</doc>
<status status="PASS" start="2025-08-21T16:13:16.651257" elapsed="0.475244"/>
</kw>
<arg>${message}</arg>
<status status="PASS" start="2025-08-21T16:13:14.648934" elapsed="2.477812"/>
</kw>
<arg>${case['userName']}</arg>
<arg>${case['Password']}</arg>
<arg>${case['Message']}</arg>
<status status="PASS" start="2025-08-21T16:12:59.070472" elapsed="18.056448"/>
</kw>
<kw name="Close Browser" owner="SeleniumLibrary">
<doc>Closes the current browser.</doc>
<status status="PASS" start="2025-08-21T16:13:17.127274" elapsed="9.378105"/>
</kw>
<var name="${case}">{'userName': 'Admin', 'Password': 'admin123', 'Message': 'Dashboard'}</var>
<status status="PASS" start="2025-08-21T16:12:48.923006" elapsed="37.582577"/>
</iter>
<iter>
<kw name="Open Login Page" owner="LoginPageKw">
<kw name="Open Browser" owner="SeleniumLibrary">
<msg time="2025-08-21T16:13:26.509080" level="INFO">Opening browser 'chrome' to base url 'https://opensource-demo.orangehrmlive.com/web/index.php/auth/login'.</msg>
<arg>${URL}</arg>
<arg>${BROWSER}</arg>
<doc>Opens a new browser instance to the optional ``url``.</doc>
<status status="PASS" start="2025-08-21T16:13:26.507542" elapsed="3.499007"/>
</kw>
<kw name="Maximize Browser Window" owner="SeleniumLibrary">
<doc>Maximizes current browser window.</doc>
<status status="PASS" start="2025-08-21T16:13:30.007003" elapsed="3.353008"/>
</kw>
<kw name="Sleep" owner="BuiltIn">
<msg time="2025-08-21T16:13:36.361664" level="INFO">Slept 3 seconds.</msg>
<arg>3s</arg>
<doc>Pauses the test executed for the given time.</doc>
<status status="PASS" start="2025-08-21T16:13:33.360385" elapsed="3.001651"/>
</kw>
<status status="PASS" start="2025-08-21T16:13:26.506666" elapsed="9.855689"/>
</kw>
<kw name="Login" owner="LoginPageKw">
<kw name="Input User" owner="LoginPageKw">
<kw name="Input Text" owner="SeleniumLibrary">
<msg time="2025-08-21T16:13:36.407145" level="INFO">Typing text 'User1' into text field 'name=username'.</msg>
<arg>${USERNAME_FIELD}</arg>
<arg>${username}</arg>
<doc>Types the given ``text`` into the text field identified by ``locator``.</doc>
<status status="PASS" start="2025-08-21T16:13:36.392259" elapsed="0.463332"/>
</kw>
<arg>${user}</arg>
<status status="PASS" start="2025-08-21T16:13:36.391472" elapsed="0.464387"/>
</kw>
<kw name="Input Pass" owner="LoginPageKw">
<kw name="Input Text" owner="SeleniumLibrary">
<msg time="2025-08-21T16:13:36.857952" level="INFO">Typing text 'Pass123' into text field 'name=password'.</msg>
<arg>${PASSWORD_FIELD}</arg>
<arg>${password}</arg>
<doc>Types the given ``text`` into the text field identified by ``locator``.</doc>
<status status="PASS" start="2025-08-21T16:13:36.857165" elapsed="0.231763"/>
</kw>
<arg>${pass}</arg>
<status status="PASS" start="2025-08-21T16:13:36.856304" elapsed="0.232944"/>
</kw>
<kw name="Click Login Button" owner="LoginPageKw">
<kw name="Click Button" owner="SeleniumLibrary">
<msg time="2025-08-21T16:13:37.091032" level="INFO">Clicking button 'xpath=//button[@type='submit']'.</msg>
<arg>${LOGIN_BUTTON}</arg>
<doc>Clicks the button identified by ``locator``.</doc>
<status status="PASS" start="2025-08-21T16:13:37.090436" elapsed="0.359075"/>
</kw>
<status status="PASS" start="2025-08-21T16:13:37.089687" elapsed="0.360051"/>
</kw>
<kw name="Page Should Contain text" owner="LoginPageKw">
<kw name="Sleep" owner="BuiltIn">
<msg time="2025-08-21T16:13:39.451952" level="INFO">Slept 2 seconds.</msg>
<arg>2s</arg>
<doc>Pauses the test executed for the given time.</doc>
<status status="PASS" start="2025-08-21T16:13:37.450972" elapsed="2.001311"/>
</kw>
<kw name="Page Should Contain" owner="SeleniumLibrary">
<msg time="2025-08-21T16:13:39.551737" level="INFO">Current page contains text 'Invalid credentials'.</msg>
<arg>${message}</arg>
<doc>Verifies that current page contains ``text``.</doc>
<status status="PASS" start="2025-08-21T16:13:39.452889" elapsed="0.099123"/>
</kw>
<arg>${message}</arg>
<status status="PASS" start="2025-08-21T16:13:37.450195" elapsed="2.102140"/>
</kw>
<arg>${case['userName']}</arg>
<arg>${case['Password']}</arg>
<arg>${case['Message']}</arg>
<status status="PASS" start="2025-08-21T16:13:36.362839" elapsed="3.189719"/>
</kw>
<kw name="Close Browser" owner="SeleniumLibrary">
<doc>Closes the current browser.</doc>
<status status="PASS" start="2025-08-21T16:13:39.552982" elapsed="2.436600"/>
</kw>
<var name="${case}">{'userName': 'User1', 'Password': 'Pass123', 'Message': 'Invalid credentials'}</var>
<status status="PASS" start="2025-08-21T16:13:26.506014" elapsed="15.483758"/>
</iter>
<iter>
<kw name="Open Login Page" owner="LoginPageKw">
<kw name="Open Browser" owner="SeleniumLibrary">
<msg time="2025-08-21T16:13:41.992025" level="INFO">Opening browser 'chrome' to base url 'https://opensource-demo.orangehrmlive.com/web/index.php/auth/login'.</msg>
<arg>${URL}</arg>
<arg>${BROWSER}</arg>
<doc>Opens a new browser instance to the optional ``url``.</doc>
<status status="PASS" start="2025-08-21T16:13:41.991397" elapsed="2.803497"/>
</kw>
<kw name="Maximize Browser Window" owner="SeleniumLibrary">
<doc>Maximizes current browser window.</doc>
<status status="PASS" start="2025-08-21T16:13:44.795368" elapsed="2.553902"/>
</kw>
<kw name="Sleep" owner="BuiltIn">
<msg time="2025-08-21T16:13:50.350511" level="INFO">Slept 3 seconds.</msg>
<arg>3s</arg>
<doc>Pauses the test executed for the given time.</doc>
<status status="PASS" start="2025-08-21T16:13:47.349736" elapsed="3.000924"/>
</kw>
<status status="PASS" start="2025-08-21T16:13:41.990651" elapsed="8.360183"/>
</kw>
<kw name="Login" owner="LoginPageKw">
<kw name="Input User" owner="LoginPageKw">
<kw name="Input Text" owner="SeleniumLibrary">
<msg time="2025-08-21T16:13:50.353792" level="INFO">Typing text 'Adminn' into text field 'name=username'.</msg>
<arg>${USERNAME_FIELD}</arg>
<arg>${username}</arg>
<doc>Types the given ``text`` into the text field identified by ``locator``.</doc>
<status status="PASS" start="2025-08-21T16:13:50.353451" elapsed="0.115260"/>
</kw>
<arg>${user}</arg>
<status status="PASS" start="2025-08-21T16:13:50.353040" elapsed="0.116151"/>
</kw>
<kw name="Input Pass" owner="LoginPageKw">
<kw name="Input Text" owner="SeleniumLibrary">
<msg time="2025-08-21T16:13:50.470665" level="INFO">Typing text 'Pass123' into text field 'name=password'.</msg>
<arg>${PASSWORD_FIELD}</arg>
<arg>${password}</arg>
<doc>Types the given ``text`` into the text field identified by ``locator``.</doc>
<status status="PASS" start="2025-08-21T16:13:50.470285" elapsed="0.110480"/>
</kw>
<arg>${pass}</arg>
<status status="PASS" start="2025-08-21T16:13:50.469627" elapsed="0.111413"/>
</kw>
<kw name="Click Login Button" owner="LoginPageKw">
<kw name="Click Button" owner="SeleniumLibrary">
<msg time="2025-08-21T16:13:50.582408" level="INFO">Clicking button 'xpath=//button[@type='submit']'.</msg>
<arg>${LOGIN_BUTTON}</arg>
<doc>Clicks the button identified by ``locator``.</doc>
<status status="PASS" start="2025-08-21T16:13:50.582044" elapsed="0.097529"/>
</kw>
<status status="PASS" start="2025-08-21T16:13:50.581445" elapsed="0.098358"/>
</kw>
<kw name="Page Should Contain text" owner="LoginPageKw">
<kw name="Sleep" owner="BuiltIn">
<msg time="2025-08-21T16:13:52.681508" level="INFO">Slept 2 seconds.</msg>
<arg>2s</arg>
<doc>Pauses the test executed for the given time.</doc>
<status status="PASS" start="2025-08-21T16:13:50.680854" elapsed="2.000890"/>
</kw>
<kw name="Page Should Contain" owner="SeleniumLibrary">
<msg time="2025-08-21T16:13:52.708112" level="INFO">Current page contains text 'Invalid credentials'.</msg>
<arg>${message}</arg>
<doc>Verifies that current page contains ``text``.</doc>
<status status="PASS" start="2025-08-21T16:13:52.682281" elapsed="0.026046"/>
</kw>
<arg>${message}</arg>
<status status="PASS" start="2025-08-21T16:13:50.680134" elapsed="2.028410"/>
</kw>
<arg>${case['userName']}</arg>
<arg>${case['Password']}</arg>
<arg>${case['Message']}</arg>
<status status="PASS" start="2025-08-21T16:13:50.351169" elapsed="2.357566"/>
</kw>
<kw name="Close Browser" owner="SeleniumLibrary">
<doc>Closes the current browser.</doc>
<status status="PASS" start="2025-08-21T16:13:52.709052" elapsed="2.286600"/>
</kw>
<var name="${case}">{'userName': 'Adminn', 'Password': 'Pass123', 'Message': 'Invalid credentials'}</var>
<status status="PASS" start="2025-08-21T16:13:41.990176" elapsed="13.005689"/>
</iter>
<var>${case}</var>
<value>@{data['testdata']}</value>
<status status="PASS" start="2025-08-21T16:12:48.921694" elapsed="66.074351"/>
</for>
<status status="PASS" start="2025-08-21T16:12:48.917337" elapsed="66.079117"/>
</test>
<status status="PASS" start="2025-08-21T16:12:48.050838" elapsed="66.946839"/>
</suite>
<suite id="s1-s7" name="FirstTest" source="D:\Automation practice\Robot Training\Tests\FirstTest.robot">
<test id="s1-s7-t1" name="Verify Example Page Title" line="8">
<kw name="Open Browser" owner="SeleniumLibrary">
<msg time="2025-08-21T16:12:48.506295" level="INFO">Opening browser 'Chrome' to base url 'https://example.com'.</msg>
<arg>${URL}</arg>
<arg>Chrome</arg>
<doc>Opens a new browser instance to the optional ``url``.</doc>
<status status="PASS" start="2025-08-21T16:12:48.505701" elapsed="27.277055"/>
</kw>
<kw name="Sleep" owner="BuiltIn">
<msg time="2025-08-21T16:13:18.784173" level="INFO">Slept 3 seconds.</msg>
<arg>3s</arg>
<doc>Pauses the test executed for the given time.</doc>
<status status="PASS" start="2025-08-21T16:13:15.783338" elapsed="3.001463"/>
</kw>
<kw name="Title Should Be" owner="SeleniumLibrary">
<msg time="2025-08-21T16:13:18.801079" level="INFO">Page title is 'Example Domain'.</msg>
<arg>Example Domain</arg>
<doc>Verifies that the current page title equals ``title``.</doc>
<status status="PASS" start="2025-08-21T16:13:18.785314" elapsed="0.016001"/>
</kw>
<kw name="Sleep" owner="BuiltIn">
<msg time="2025-08-21T16:13:21.873242" level="INFO">Slept 3 seconds.</msg>
<arg>3s</arg>
<doc>Pauses the test executed for the given time.</doc>
<status status="PASS" start="2025-08-21T16:13:18.801680" elapsed="3.071785"/>
</kw>
<kw name="Close Browser" owner="SeleniumLibrary">
<doc>Closes the current browser.</doc>
<status status="PASS" start="2025-08-21T16:13:21.873860" elapsed="5.193634"/>
</kw>
<status status="PASS" start="2025-08-21T16:12:48.503787" elapsed="38.564307"/>
</test>
<status status="PASS" start="2025-08-21T16:12:47.975515" elapsed="39.094343"/>
</suite>
<suite id="s1-s8" name="ForLoop" source="D:\Automation practice\Robot Training\Tests\ForLoop.robot">
<test id="s1-s8-t1" name="For_Loop" line="12">
<for flavor="IN RANGE">
<iter>
<kw name="Log To Console" owner="BuiltIn">
<arg>${i}</arg>
<doc>Logs the given message to the console.</doc>
<status status="PASS" start="2025-08-21T16:12:48.625741" elapsed="0.000537"/>
</kw>
<var name="${i}">1</var>
<status status="PASS" start="2025-08-21T16:12:48.624137" elapsed="0.002334"/>
</iter>
<iter>
<kw name="Log To Console" owner="BuiltIn">
<arg>${i}</arg>
<doc>Logs the given message to the console.</doc>
<status status="PASS" start="2025-08-21T16:12:48.626980" elapsed="0.000429"/>
</kw>
<var name="${i}">2</var>
<status status="PASS" start="2025-08-21T16:12:48.626729" elapsed="0.000831"/>
</iter>
<iter>
<kw name="Log To Console" owner="BuiltIn">
<arg>${i}</arg>
<doc>Logs the given message to the console.</doc>
<status status="PASS" start="2025-08-21T16:12:48.628011" elapsed="0.000414"/>
</kw>
<var name="${i}">3</var>
<status status="PASS" start="2025-08-21T16:12:48.627784" elapsed="0.000767"/>
</iter>
<iter>
<kw name="Log To Console" owner="BuiltIn">
<arg>${i}</arg>
<doc>Logs the given message to the console.</doc>
<status status="PASS" start="2025-08-21T16:12:48.628987" elapsed="0.000399"/>
</kw>
<var name="${i}">4</var>
<status status="PASS" start="2025-08-21T16:12:48.628774" elapsed="0.000742"/>
</iter>
<iter>
<kw name="Log To Console" owner="BuiltIn">
<arg>${i}</arg>
<doc>Logs the given message to the console.</doc>
<status status="PASS" start="2025-08-21T16:12:48.630014" elapsed="0.000448"/>
</kw>
<var name="${i}">5</var>
<status status="PASS" start="2025-08-21T16:12:48.629754" elapsed="0.000830"/>
</iter>
<iter>
<kw name="Log To Console" owner="BuiltIn">
<arg>${i}</arg>
<doc>Logs the given message to the console.</doc>
<status status="PASS" start="2025-08-21T16:12:48.631026" elapsed="0.000377"/>
</kw>
<var name="${i}">6</var>
<status status="PASS" start="2025-08-21T16:12:48.630795" elapsed="0.000739"/>
</iter>
<iter>
<kw name="Log To Console" owner="BuiltIn">
<arg>${i}</arg>
<doc>Logs the given message to the console.</doc>
<status status="PASS" start="2025-08-21T16:12:48.631972" elapsed="0.000445"/>
</kw>
<var name="${i}">7</var>
<status status="PASS" start="2025-08-21T16:12:48.631758" elapsed="0.000795"/>
</iter>
<iter>
<kw name="Log To Console" owner="BuiltIn">
<arg>${i}</arg>
<doc>Logs the given message to the console.</doc>
<status status="PASS" start="2025-08-21T16:12:48.633028" elapsed="0.000421"/>
</kw>
<var name="${i}">8</var>
<status status="PASS" start="2025-08-21T16:12:48.632782" elapsed="0.000796"/>
</iter>
<iter>
<kw name="Log To Console" owner="BuiltIn">
<arg>${i}</arg>
<doc>Logs the given message to the console.</doc>
<status status="PASS" start="2025-08-21T16:12:48.634028" elapsed="0.000389"/>
</kw>
<var name="${i}">9</var>
<status status="PASS" start="2025-08-21T16:12:48.633805" elapsed="0.000736"/>
</iter>
<var>${i}</var>
<value>1</value>
<value>10</value>
<status status="PASS" start="2025-08-21T16:12:48.623628" elapsed="0.011029"/>
</for>
<status status="PASS" start="2025-08-21T16:12:48.623024" elapsed="0.011939"/>
</test>
<test id="s1-s8-t2" name="For_Loop for List" line="16">
<for flavor="IN">
<iter>
<kw name="Log To Console" owner="BuiltIn">
<arg>${element}</arg>
<doc>Logs the given message to the console.</doc>
<status status="PASS" start="2025-08-21T16:12:48.636557" elapsed="0.000364"/>
</kw>
<var name="${element}">1 2 3 4 5 6 7 8 9</var>
<status status="PASS" start="2025-08-21T16:12:48.636329" elapsed="0.000718"/>
</iter>
<var>${element}</var>
<value>@{nums}</value>
<status status="PASS" start="2025-08-21T16:12:48.635976" elapsed="0.001180"/>
</for>
<status status="PASS" start="2025-08-21T16:12:48.635459" elapsed="0.001977"/>
</test>
<test id="s1-s8-t3" name="For_loop with Strings" line="20">
<for flavor="IN">
<iter>
<kw name="Log To Console" owner="BuiltIn">
<arg>${string}</arg>
<doc>Logs the given message to the console.</doc>
<status status="PASS" start="2025-08-21T16:12:48.639055" elapsed="0.000360"/>
</kw>
<var name="${string}">mahi</var>
<status status="PASS" start="2025-08-21T16:12:48.638828" elapsed="0.000698"/>
</iter>
<iter>
<kw name="Log To Console" owner="BuiltIn">
<arg>${string}</arg>
<doc>Logs the given message to the console.</doc>
<status status="PASS" start="2025-08-21T16:12:48.639924" elapsed="0.000311"/>
</kw>
<var name="${string}">mahesh</var>
<status status="PASS" start="2025-08-21T16:12:48.639697" elapsed="0.000637"/>
</iter>
<iter>
<kw name="Log To Console" owner="BuiltIn">
<arg>${string}</arg>
<doc>Logs the given message to the console.</doc>
<status status="PASS" start="2025-08-21T16:12:48.640722" elapsed="0.000299"/>
</kw>
<var name="${string}">mahendra</var>
<status status="PASS" start="2025-08-21T16:12:48.640540" elapsed="0.000578"/>
</iter>
<var>${string}</var>
<value>@{str}</value>
<status status="PASS" start="2025-08-21T16:12:48.638513" elapsed="0.002696"/>
</for>
<status status="PASS" start="2025-08-21T16:12:48.638074" elapsed="0.003369"/>
</test>
<test id="s1-s8-t4" name="For_Loop with Condition" line="24">
<for flavor="IN RANGE">
<iter>
<kw name="Log To Console" owner="BuiltIn">
<arg>${i}</arg>
<doc>Logs the given message to the console.</doc>
<status status="PASS" start="2025-08-21T16:12:48.642772" elapsed="0.000324"/>
</kw>
<kw name="Exit For Loop If" owner="BuiltIn">
<arg>${i}==7</arg>
<doc>Stops executing the enclosing FOR loop if the ``condition`` is true.</doc>
<status status="PASS" start="2025-08-21T16:12:48.643298" elapsed="0.000412"/>
</kw>
<var name="${i}">1</var>
<status status="PASS" start="2025-08-21T16:12:48.642570" elapsed="0.001258"/>
</iter>
<iter>
<kw name="Log To Console" owner="BuiltIn">
<arg>${i}</arg>
<doc>Logs the given message to the console.</doc>
<status status="PASS" start="2025-08-21T16:12:48.644223" elapsed="0.000297"/>
</kw>
<kw name="Exit For Loop If" owner="BuiltIn">
<arg>${i}==7</arg>
<doc>Stops executing the enclosing FOR loop if the ``condition`` is true.</doc>
<status status="PASS" start="2025-08-21T16:12:48.644719" elapsed="0.000432"/>
</kw>
<var name="${i}">2</var>
<status status="PASS" start="2025-08-21T16:12:48.644027" elapsed="0.001242"/>
</iter>
<iter>
<kw name="Log To Console" owner="BuiltIn">
<arg>${i}</arg>
<doc>Logs the given message to the console.</doc>
<status status="PASS" start="2025-08-21T16:12:48.645746" elapsed="0.000349"/>
</kw>
<kw name="Exit For Loop If" owner="BuiltIn">
<arg>${i}==7</arg>
<doc>Stops executing the enclosing FOR loop if the ``condition`` is true.</doc>
<status status="PASS" start="2025-08-21T16:12:48.646335" elapsed="0.000446"/>
</kw>
<var name="${i}">3</var>
<status status="PASS" start="2025-08-21T16:12:48.645507" elapsed="0.001389"/>
</iter>
<iter>
<kw name="Log To Console" owner="BuiltIn">
<arg>${i}</arg>
<doc>Logs the given message to the console.</doc>
<status status="PASS" start="2025-08-21T16:12:48.647346" elapsed="0.000850"/>
</kw>
<kw name="Exit For Loop If" owner="BuiltIn">
<arg>${i}==7</arg>
<doc>Stops executing the enclosing FOR loop if the ``condition`` is true.</doc>
<status status="PASS" start="2025-08-21T16:12:48.648434" elapsed="0.000495"/>
</kw>
<var name="${i}">4</var>
<status status="PASS" start="2025-08-21T16:12:48.647122" elapsed="0.001924"/>
</iter>
<iter>
<kw name="Log To Console" owner="BuiltIn">
<arg>${i}</arg>
<doc>Logs the given message to the console.</doc>
<status status="PASS" start="2025-08-21T16:12:48.649488" elapsed="0.000329"/>
</kw>
<kw name="Exit For Loop If" owner="BuiltIn">
<arg>${i}==7</arg>
<doc>Stops executing the enclosing FOR loop if the ``condition`` is true.</doc>
<status status="PASS" start="2025-08-21T16:12:48.650004" elapsed="0.000388"/>
</kw>
<var name="${i}">5</var>
<status status="PASS" start="2025-08-21T16:12:48.649252" elapsed="0.001391"/>
</iter>
<iter>
<kw name="Log To Console" owner="BuiltIn">
<arg>${i}</arg>
<doc>Logs the given message to the console.</doc>
<status status="PASS" start="2025-08-21T16:12:48.651051" elapsed="0.000324"/>
</kw>
<kw name="Exit For Loop If" owner="BuiltIn">
<arg>${i}==7</arg>
<doc>Stops executing the enclosing FOR loop if the ``condition`` is true.</doc>
<status status="PASS" start="2025-08-21T16:12:48.651574" elapsed="0.006565"/>
</kw>
<var name="${i}">6</var>
<status status="PASS" start="2025-08-21T16:12:48.650843" elapsed="0.007463"/>
</iter>
<iter>
<kw name="Log To Console" owner="BuiltIn">
<arg>${i}</arg>
<doc>Logs the given message to the console.</doc>
<status status="PASS" start="2025-08-21T16:12:48.658956" elapsed="0.000458"/>
</kw>
<kw name="Exit For Loop If" owner="BuiltIn">
<msg time="2025-08-21T16:12:48.660400" level="INFO">Exiting for loop altogether.</msg>
<arg>${i}==7</arg>
<doc>Stops executing the enclosing FOR loop if the ``condition`` is true.</doc>
<status status="PASS" start="2025-08-21T16:12:48.659682" elapsed="0.000918"/>
</kw>
<var name="${i}">7</var>
<status status="PASS" start="2025-08-21T16:12:48.658649" elapsed="0.002090"/>
</iter>
<var>${i}</var>
<value>1</value>
<value>10</value>
<status status="PASS" start="2025-08-21T16:12:48.642225" elapsed="0.018633"/>
</for>
<status status="PASS" start="2025-08-21T16:12:48.641786" elapsed="0.019352"/>
</test>
<test id="s1-s8-t5" name="For_Loop With Dictonaries" line="29">
<kw name="Get Dictionary Keys" owner="Collections">
<msg time="2025-08-21T16:12:48.662699" level="INFO">@{dict_keys} = [ age | mob_no | name ]</msg>
<var>@{dict_keys}</var>
<arg>${var}</arg>
<doc>Returns keys of the given ``dictionary`` as a list.</doc>
<status status="PASS" start="2025-08-21T16:12:48.662191" elapsed="0.000584"/>
</kw>
<kw name="Log To Console" owner="BuiltIn">
<arg>${dict_keys}</arg>
<doc>Logs the given message to the console.</doc>
<status status="PASS" start="2025-08-21T16:12:48.663053" elapsed="0.000440"/>
</kw>
<kw name="Get Dictionary Values" owner="Collections">
<msg time="2025-08-21T16:12:48.664174" level="INFO">@{values} = [ 23 | 9100 | mahi ]</msg>
<var>@{values}</var>
<arg>${var}</arg>
<doc>Returns values of the given ``dictionary`` as a list.</doc>
<status status="PASS" start="2025-08-21T16:12:48.663732" elapsed="0.000511"/>
</kw>
<kw name="Log To Console" owner="BuiltIn">
<arg>${values}</arg>
<doc>Logs the given message to the console.</doc>
<status status="PASS" start="2025-08-21T16:12:48.664513" elapsed="0.000396"/>
</kw>
<for flavor="IN">
<iter>
<kw name="Log To Console" owner="BuiltIn">
<arg>${key}</arg>
<doc>Logs the given message to the console.</doc>
<status status="PASS" start="2025-08-21T16:12:48.665645" elapsed="0.000371"/>
</kw>
<kw name="Get From Dictionary" owner="Collections">
<msg time="2025-08-21T16:12:48.666692" level="INFO">${value} = 23</msg>
<var>${value}</var>
<arg>${var}</arg>
<arg>${key}</arg>
<doc>Returns a value from the given ``dictionary`` based on the given ``key``.</doc>
<status status="PASS" start="2025-08-21T16:12:48.666254" elapsed="0.000506"/>
</kw>
<kw name="Log To Console" owner="BuiltIn">
<arg>${value}</arg>
<doc>Logs the given message to the console.</doc>
<status status="PASS" start="2025-08-21T16:12:48.667028" elapsed="0.000390"/>
</kw>
<kw name="Log To Console" owner="BuiltIn">
<arg>${key}=${value}</arg>
<doc>Logs the given message to the console.</doc>
<status status="PASS" start="2025-08-21T16:12:48.667621" elapsed="0.000486"/>
</kw>
<var name="${key}">age</var>
<status status="PASS" start="2025-08-21T16:12:48.665429" elapsed="0.002790"/>
</iter>
<iter>
<kw name="Log To Console" owner="BuiltIn">
<arg>${key}</arg>
<doc>Logs the given message to the console.</doc>
<status status="PASS" start="2025-08-21T16:12:48.668687" elapsed="0.000396"/>
</kw>
<kw name="Get From Dictionary" owner="Collections">
<msg time="2025-08-21T16:12:48.669724" level="INFO">${value} = 9100</msg>
<var>${value}</var>
<arg>${var}</arg>
<arg>${key}</arg>
<doc>Returns a value from the given ``dictionary`` based on the given ``key``.</doc>
<status status="PASS" start="2025-08-21T16:12:48.669324" elapsed="0.000467"/>
</kw>
<kw name="Log To Console" owner="BuiltIn">
<arg>${value}</arg>
<doc>Logs the given message to the console.</doc>
<status status="PASS" start="2025-08-21T16:12:48.670026" elapsed="0.000385"/>
</kw>
<kw name="Log To Console" owner="BuiltIn">
<arg>${key}=${value}</arg>
<doc>Logs the given message to the console.</doc>
<status status="PASS" start="2025-08-21T16:12:48.670648" elapsed="0.000512"/>
</kw>
<var name="${key}">mob_no</var>
<status status="PASS" start="2025-08-21T16:12:48.668461" elapsed="0.002847"/>
</iter>
<iter>
<kw name="Log To Console" owner="BuiltIn">
<arg>${key}</arg>
<doc>Logs the given message to the console.</doc>
<status status="PASS" start="2025-08-21T16:12:48.671794" elapsed="0.000379"/>
</kw>
<kw name="Get From Dictionary" owner="Collections">
<msg time="2025-08-21T16:12:48.673067" level="INFO">${value} = mahi</msg>
<var>${value}</var>
<arg>${var}</arg>
<arg>${key}</arg>
<doc>Returns a value from the given ``dictionary`` based on the given ``key``.</doc>
<status status="PASS" start="2025-08-21T16:12:48.672429" elapsed="0.000725"/>
</kw>
<kw name="Log To Console" owner="BuiltIn">
<arg>${value}</arg>
<doc>Logs the given message to the console.</doc>
<status status="PASS" start="2025-08-21T16:12:48.673424" elapsed="0.000396"/>
</kw>
<kw name="Log To Console" owner="BuiltIn">
<arg>${key}=${value}</arg>
<doc>Logs the given message to the console.</doc>
<status status="PASS" start="2025-08-21T16:12:48.674041" elapsed="0.000529"/>
</kw>
<var name="${key}">name</var>
<status status="PASS" start="2025-08-21T16:12:48.671573" elapsed="0.003136"/>
</iter>
<var>${key}</var>
<value>@{dict_keys}</value>
<status status="PASS" start="2025-08-21T16:12:48.665060" elapsed="0.009773"/>
</for>
<status status="PASS" start="2025-08-21T16:12:48.661636" elapsed="0.013466"/>
</test>
<status status="PASS" start="2025-08-21T16:12:47.948638" elapsed="0.727197"/>
</suite>
<suite id="s1-s9" name="Headless" source="D:\Automation practice\Robot Training\Tests\Headless.robot">
<test id="s1-s9-t1" name="Run Tests under Headless Browser" line="7">
<kw name="Open Browser" owner="SeleniumLibrary">
<msg time="2025-08-21T16:12:48.561256" level="INFO">Opening browser 'headlesschrome' to base url 'https://www.google.com/'.</msg>
<arg>${URL}</arg>
<arg>headlesschrome</arg>
<doc>Opens a new browser instance to the optional ``url``.</doc>
<status status="PASS" start="2025-08-21T16:12:48.560694" elapsed="6.162610"/>
</kw>
<kw name="Maximize Browser Window" owner="SeleniumLibrary">
<doc>Maximizes current browser window.</doc>
<status status="PASS" start="2025-08-21T16:12:54.723970" elapsed="0.245459"/>
</kw>
<kw name="Sleep" owner="BuiltIn">
<msg time="2025-08-21T16:12:56.970831" level="INFO">Slept 2 seconds.</msg>
<arg>2s</arg>
<doc>Pauses the test executed for the given time.</doc>
<status status="PASS" start="2025-08-21T16:12:54.969810" elapsed="2.001228"/>
</kw>
<kw name="Input Text" owner="SeleniumLibrary">
<msg time="2025-08-21T16:12:56.971986" level="INFO">Typing text 'Automation Step by step' into text field 'class=gLFyf'.</msg>
<arg>class=gLFyf</arg>
<arg>Automation Step by step</arg>
<doc>Types the given ``text`` into the text field identified by ``locator``.</doc>
<status status="PASS" start="2025-08-21T16:12:56.971320" elapsed="5.532962"/>
</kw>
<kw name="Sleep" owner="BuiltIn">
<msg time="2025-08-21T16:13:04.521676" level="INFO">Slept 2 seconds.</msg>
<arg>2s</arg>
<doc>Pauses the test executed for the given time.</doc>
<status status="PASS" start="2025-08-21T16:13:02.504697" elapsed="2.020579"/>
</kw>
<kw name="Click Button" owner="SeleniumLibrary">
<msg time="2025-08-21T16:13:04.566625" level="INFO">Clicking button 'class=gNO89b'.</msg>
<arg>class=gNO89b</arg>
<doc>Clicks the button identified by ``locator``.</doc>
<status status="PASS" start="2025-08-21T16:13:04.525878" elapsed="8.487592"/>
</kw>
<kw name="Sleep" owner="BuiltIn">
<msg time="2025-08-21T16:13:15.018067" level="INFO">Slept 2 seconds.</msg>
<arg>2s</arg>
<doc>Pauses the test executed for the given time.</doc>
<status status="PASS" start="2025-08-21T16:13:13.013907" elapsed="2.004419"/>
</kw>
<kw name="Sleep" owner="BuiltIn">
<msg time="2025-08-21T16:13:20.028267" level="INFO">Slept 5 seconds.</msg>
<arg>5s</arg>
<doc>Pauses the test executed for the given time.</doc>
<status status="PASS" start="2025-08-21T16:13:15.018822" elapsed="5.009687"/>
</kw>
<kw name="Close Browser" owner="SeleniumLibrary">
<doc>Closes the current browser.</doc>
<status status="PASS" start="2025-08-21T16:13:20.028948" elapsed="6.947846"/>
</kw>
<status status="PASS" start="2025-08-21T16:12:48.558899" elapsed="38.418211"/>
</test>
<status status="PASS" start="2025-08-21T16:12:47.995182" elapsed="38.982783"/>
</suite>
<suite id="s1-s10" name="Iframes" source="D:\Automation practice\Robot Training\Tests\Iframes.robot">
<test id="s1-s10-t1" name="Handling iframes" line="6">
<kw name="Open Browser" owner="SeleniumLibrary">
<msg time="2025-08-21T16:12:48.655857" level="INFO">Opening browser 'chrome' to base url 'https://www.w3schools.com/js/tryit.asp?filename=tryjs_myfirst'.</msg>
<arg>https://www.w3schools.com/js/tryit.asp?filename=tryjs_myfirst</arg>
<arg>chrome</arg>
<doc>Opens a new browser instance to the optional ``url``.</doc>
<status status="PASS" start="2025-08-21T16:12:48.655288" elapsed="44.303922"/>
</kw>
<kw name="Maximize Browser Window" owner="SeleniumLibrary">
<doc>Maximizes current browser window.</doc>
<status status="PASS" start="2025-08-21T16:13:32.959872" elapsed="0.314917"/>
</kw>
<kw name="Select Frame" owner="SeleniumLibrary">
<msg time="2025-08-21T16:13:33.276107" level="INFO">Selecting frame 'id=iframeResult'.</msg>
<arg>id=iframeResult</arg>
<doc>Sets frame identified by ``locator`` as the current frame.</doc>
<status status="PASS" start="2025-08-21T16:13:33.275217" elapsed="2.386623"/>
</kw>
<kw name="Current Frame Should Contain" owner="SeleniumLibrary">
<msg time="2025-08-21T16:13:35.726815" level="INFO">Current frame contains text 'My First JavaScript'.</msg>
<arg>My First JavaScript</arg>
<doc>Verifies that the current frame contains ``text``.</doc>
<status status="PASS" start="2025-08-21T16:13:35.662240" elapsed="0.064799"/>
</kw>
<kw name="Current Frame Should Not Contain" owner="SeleniumLibrary">
<msg time="2025-08-21T16:13:35.825279" level="INFO">Current frame did not contain text 'text'.</msg>
<arg>text</arg>
<doc>Verifies that the current frame does not contain ``text``.</doc>
<status status="PASS" start="2025-08-21T16:13:35.727534" elapsed="0.097968"/>
</kw>
<kw name="Click Button" owner="SeleniumLibrary">
<msg time="2025-08-21T16:13:35.826478" level="INFO">Clicking button 'css=button[type='button']'.</msg>
<arg>css=button[type='button']</arg>
<doc>Clicks the button identified by ``locator``.</doc>
<status status="PASS" start="2025-08-21T16:13:35.825901" elapsed="1.224670"/>
</kw>
<kw name="Sleep" owner="BuiltIn">
<msg time="2025-08-21T16:13:40.052949" level="INFO">Slept 3 seconds.</msg>
<arg>3s</arg>
<doc>Pauses the test executed for the given time.</doc>
<status status="PASS" start="2025-08-21T16:13:37.051129" elapsed="3.002090"/>
</kw>
<kw name="Unselect Frame" owner="SeleniumLibrary">
<doc>Sets the main frame as the current frame.</doc>
<status status="PASS" start="2025-08-21T16:13:40.053583" elapsed="0.009202"/>
</kw>
<kw name="Frame Should Contain" owner="SeleniumLibrary">
<msg time="2025-08-21T16:13:40.114338" level="INFO">Searching for text from frame 'id=iframeResult'.</msg>
<msg time="2025-08-21T16:13:40.132004" level="INFO">Frame 'id=iframeResult' contains text 'My First JavaScript'.</msg>
<arg>id=iframeResult</arg>
<arg>My First JavaScript</arg>
<doc>Verifies that frame identified by ``locator`` contains ``text``.</doc>
<status status="PASS" start="2025-08-21T16:13:40.063242" elapsed="0.069007"/>
</kw>
<status status="PASS" start="2025-08-21T16:12:48.653490" elapsed="51.479159"/>
</test>
<status status="PASS" start="2025-08-21T16:12:48.046302" elapsed="52.087581"/>
</suite>
<suite id="s1-s11" name="LoginTest" source="D:\Automation practice\Robot Training\Tests\LoginTest.robot">
<test id="s1-s11-t1" name="Valid Login Test" line="11">
<kw name="Open Login Page" owner="LoginPageKw" type="SETUP">
<kw name="Open Browser" owner="SeleniumLibrary">
<msg time="2025-08-21T16:12:49.634798" level="INFO">Opening browser 'chrome' to base url 'https://opensource-demo.orangehrmlive.com/web/index.php/auth/login'.</msg>
<arg>${URL}</arg>
<arg>${BROWSER}</arg>
<doc>Opens a new browser instance to the optional ``url``.</doc>
<status status="PASS" start="2025-08-21T16:12:49.634234" elapsed="6.492878"/>
</kw>
<kw name="Maximize Browser Window" owner="SeleniumLibrary">
<doc>Maximizes current browser window.</doc>
<status status="PASS" start="2025-08-21T16:12:56.127623" elapsed="4.525856"/>
</kw>
<kw name="Sleep" owner="BuiltIn">
<msg time="2025-08-21T16:13:03.655020" level="INFO">Slept 3 seconds.</msg>
<arg>3s</arg>
<doc>Pauses the test executed for the given time.</doc>
<status status="PASS" start="2025-08-21T16:13:00.653943" elapsed="3.001432"/>
</kw>
<status status="PASS" start="2025-08-21T16:12:49.633046" elapsed="14.022710"/>
</kw>
<kw name="Login" owner="LoginPageKw">
<kw name="Input User" owner="LoginPageKw">
<kw name="Input Text" owner="SeleniumLibrary">
<msg time="2025-08-21T16:13:03.718003" level="INFO">Typing text 'Admin' into text field 'name=username'.</msg>
<arg>${USERNAME_FIELD}</arg>
<arg>${username}</arg>
<doc>Types the given ``text`` into the text field identified by ``locator``.</doc>
<status status="PASS" start="2025-08-21T16:13:03.716533" elapsed="5.127190"/>
</kw>
<arg>${user}</arg>
<status status="PASS" start="2025-08-21T16:13:03.657391" elapsed="5.186662"/>
</kw>
<kw name="Input Pass" owner="LoginPageKw">
<kw name="Input Text" owner="SeleniumLibrary">
<msg time="2025-08-21T16:13:08.845999" level="INFO">Typing text 'admin123' into text field 'name=password'.</msg>
<arg>${PASSWORD_FIELD}</arg>
<arg>${password}</arg>
<doc>Types the given ``text`` into the text field identified by ``locator``.</doc>
<status status="PASS" start="2025-08-21T16:13:08.845232" elapsed="4.715852"/>
</kw>
<arg>${pass}</arg>
<status status="PASS" start="2025-08-21T16:13:08.844421" elapsed="4.716930"/>
</kw>
<kw name="Click Login Button" owner="LoginPageKw">
<kw name="Click Button" owner="SeleniumLibrary">
<msg time="2025-08-21T16:13:13.563117" level="INFO">Clicking button 'xpath=//button[@type='submit']'.</msg>
<arg>${LOGIN_BUTTON}</arg>
<doc>Clicks the button identified by ``locator``.</doc>
<status status="PASS" start="2025-08-21T16:13:13.562410" elapsed="3.252411"/>
</kw>
<status status="PASS" start="2025-08-21T16:13:13.561744" elapsed="3.253443"/>
</kw>
<kw name="Page Should Contain text" owner="LoginPageKw">
<kw name="Sleep" owner="BuiltIn">
<msg time="2025-08-21T16:13:18.817535" level="INFO">Slept 2 seconds.</msg>
<arg>2s</arg>
<doc>Pauses the test executed for the given time.</doc>
<status status="PASS" start="2025-08-21T16:13:16.816611" elapsed="2.001157"/>
</kw>
<kw name="Page Should Contain" owner="SeleniumLibrary">
<msg time="2025-08-21T16:13:18.860991" level="INFO">Current page contains text 'Dashboard'.</msg>
<arg>${message}</arg>
<doc>Verifies that current page contains ``text``.</doc>
<status status="PASS" start="2025-08-21T16:13:18.818210" elapsed="0.043028"/>
</kw>
<arg>${message}</arg>
<status status="PASS" start="2025-08-21T16:13:16.815648" elapsed="2.045859"/>
</kw>
<arg>Admin</arg>
<arg>admin123</arg>
<arg>Dashboard</arg>
<status status="PASS" start="2025-08-21T16:13:03.656304" elapsed="15.205415"/>
</kw>
<kw name="Close Browser" owner="SeleniumLibrary" type="TEARDOWN">
<doc>Closes the current browser.</doc>
<status status="PASS" start="2025-08-21T16:13:18.862345" elapsed="8.189730"/>
</kw>
<status status="PASS" start="2025-08-21T16:12:49.632294" elapsed="37.420146"/>
</test>
<test id="s1-s11-t2" name="Invalid Login Test" line="14">
<kw name="Open Login Page" owner="LoginPageKw" type="SETUP">
<kw name="Open Browser" owner="SeleniumLibrary">
<msg time="2025-08-21T16:13:27.056570" level="INFO">Opening browser 'chrome' to base url 'https://opensource-demo.orangehrmlive.com/web/index.php/auth/login'.</msg>
<arg>${URL}</arg>
<arg>${BROWSER}</arg>
<doc>Opens a new browser instance to the optional ``url``.</doc>
<status status="PASS" start="2025-08-21T16:13:27.055998" elapsed="4.052349"/>
</kw>
<kw name="Maximize Browser Window" owner="SeleniumLibrary">
<doc>Maximizes current browser window.</doc>
<status status="PASS" start="2025-08-21T16:13:31.108796" elapsed="2.614943"/>
</kw>
<kw name="Sleep" owner="BuiltIn">
<msg time="2025-08-21T16:13:36.724811" level="INFO">Slept 3 seconds.</msg>
<arg>3s</arg>
<doc>Pauses the test executed for the given time.</doc>
<status status="PASS" start="2025-08-21T16:13:33.724076" elapsed="3.000982"/>
</kw>
<status status="PASS" start="2025-08-21T16:13:27.055179" elapsed="9.670276"/>
</kw>
<kw name="Login" owner="LoginPageKw">
<kw name="Input User" owner="LoginPageKw">
<kw name="Input Text" owner="SeleniumLibrary">
<msg time="2025-08-21T16:13:36.736082" level="INFO">Typing text 'Admin' into text field 'name=username'.</msg>
<arg>${USERNAME_FIELD}</arg>
<arg>${username}</arg>
<doc>Types the given ``text`` into the text field identified by ``locator``.</doc>
<status status="PASS" start="2025-08-21T16:13:36.731045" elapsed="0.242740"/>
</kw>
<arg>${user}</arg>
<status status="PASS" start="2025-08-21T16:13:36.728463" elapsed="0.245599"/>
</kw>
<kw name="Input Pass" owner="LoginPageKw">
<kw name="Input Text" owner="SeleniumLibrary">
<msg time="2025-08-21T16:13:36.976081" level="INFO">Typing text 'Admin' into text field 'name=password'.</msg>
<arg>${PASSWORD_FIELD}</arg>
<arg>${password}</arg>
<doc>Types the given ``text`` into the text field identified by ``locator``.</doc>
<status status="PASS" start="2025-08-21T16:13:36.975358" elapsed="0.267776"/>
</kw>
<arg>${pass}</arg>
<status status="PASS" start="2025-08-21T16:13:36.974486" elapsed="0.268941"/>
</kw>
<kw name="Click Login Button" owner="LoginPageKw">
<kw name="Click Button" owner="SeleniumLibrary">
<msg time="2025-08-21T16:13:37.245349" level="INFO">Clicking button 'xpath=//button[@type='submit']'.</msg>
<arg>${LOGIN_BUTTON}</arg>
<doc>Clicks the button identified by ``locator``.</doc>
<status status="PASS" start="2025-08-21T16:13:37.244561" elapsed="1.445349"/>
</kw>
<status status="PASS" start="2025-08-21T16:13:37.243892" elapsed="1.446300"/>
</kw>
<kw name="Page Should Contain text" owner="LoginPageKw">
<kw name="Sleep" owner="BuiltIn">
<msg time="2025-08-21T16:13:40.692633" level="INFO">Slept 2 seconds.</msg>
<arg>2s</arg>
<doc>Pauses the test executed for the given time.</doc>
<status status="PASS" start="2025-08-21T16:13:38.691735" elapsed="2.001145"/>
</kw>
<kw name="Page Should Contain" owner="SeleniumLibrary">
<msg time="2025-08-21T16:13:40.720546" level="INFO">Current page contains text 'Invalid credentials'.</msg>
<arg>${message}</arg>
<doc>Verifies that current page contains ``text``.</doc>
<status status="PASS" start="2025-08-21T16:13:40.693294" elapsed="0.027405"/>
</kw>
<arg>${message}</arg>
<status status="PASS" start="2025-08-21T16:13:38.690680" elapsed="2.030187"/>
</kw>
<arg>Admin</arg>
<arg>Admin</arg>
<arg>Invalid credentials</arg>
<status status="PASS" start="2025-08-21T16:13:36.726420" elapsed="3.994611"/>
</kw>
<kw name="Close Browser" owner="SeleniumLibrary" type="TEARDOWN">
<doc>Closes the current browser.</doc>
<status status="PASS" start="2025-08-21T16:13:40.721423" elapsed="2.292658"/>
</kw>
<status status="PASS" start="2025-08-21T16:13:27.053801" elapsed="15.960571"/>
</test>
<status status="PASS" start="2025-08-21T16:12:49.245539" elapsed="53.782796"/>
</suite>
<suite id="s1-s12" name="Practice" source="D:\Automation practice\Robot Training\Tests\Practice.robot">
<test id="s1-s12-t1" name="Practicing" line="6">
<kw name="Log To Console" owner="BuiltIn">
<arg>Hello</arg>
<doc>Logs the given message to the console.</doc>
<status status="PASS" start="2025-08-21T16:12:50.281032" elapsed="0.000313"/>
</kw>
<kw name="Log To Console" owner="BuiltIn">
<arg>message</arg>
<doc>Logs the given message to the console.</doc>
<status status="PASS" start="2025-08-21T16:12:50.281534" elapsed="0.000213"/>
</kw>
<status status="PASS" start="2025-08-21T16:12:50.280040" elapsed="0.001840"/>
</test>
<status status="PASS" start="2025-08-21T16:12:49.580219" elapsed="0.702076"/>
</suite>
<suite id="s1-s13" name="RestApi" source="D:\Automation practice\Robot Training\Tests\RestApi">
<suite id="s1-s13-s1" name="DELETE Request" source="D:\Automation practice\Robot Training\Tests\RestApi\DELETE_Request.robot">
<test id="s1-s13-s1-t1" name="Delete Post" line="10">
<kw name="Create Session" owner="RequestsLibrary">
<msg time="2025-08-21T16:12:50.141351" level="INFO">Creating Session using : alias=MySession, url=https://jsonplaceholder.typicode.com, headers={},                     cookies={}, auth=None, timeout=None, proxies=None, verify=False,                     debug=0 </msg>
<arg>MySession</arg>
<arg>${url}</arg>
<doc>Create Session: create a HTTP session to a server</doc>
<status status="PASS" start="2025-08-21T16:12:50.141129" elapsed="0.000418"/>
</kw>
<kw name="Set Variable" owner="BuiltIn">
<msg time="2025-08-21T16:12:50.141900" level="INFO">${delete_endpoint} = /posts/101</msg>
<var>${delete_endpoint}</var>
<arg>${endpoint}/101</arg>
<doc>Returns the given values which can then be assigned to a variables.</doc>
<status status="PASS" start="2025-08-21T16:12:50.141692" elapsed="0.000239"/>
</kw>
<kw name="DELETE On Session" owner="RequestsLibrary">
<msg time="2025-08-21T16:12:50.969371" level="INFO">DELETE Request : url=https://jsonplaceholder.typicode.com/posts/101 
 path_url=/posts/101 
 headers={'User-Agent': 'python-requests/2.32.4', 'Accept-Encoding': 'gzip, deflate', 'Accept': '*/*', 'Connection': 'keep-alive', 'Content-Length': '0'} 
 body=None 
 </msg>
<msg time="2025-08-21T16:12:50.969556" level="INFO">DELETE Response : url=https://jsonplaceholder.typicode.com/posts/101 
 status=200, reason=OK 
 headers={'Date': 'Thu, 21 Aug 2025 10:42:51 GMT', 'Content-Type': 'application/json; charset=utf-8', 'Transfer-Encoding': 'chunked', 'Connection': 'keep-alive', 'Access-Control-Allow-Credentials': 'true', 'Cache-Control': 'no-cache', 'Etag': 'W/"2-vyGp6PvFo4RvsFtPoIWeCReyIC8"', 'Expires': '-1', 'Nel': '{"report_to":"heroku-nel","response_headers":["Via"],"max_age":3600,"success_fraction":0.01,"failure_fraction":0.1}', 'Pragma': 'no-cache', 'Report-To': '{"group":"heroku-nel","endpoints":[{"url":"https://nel.heroku.com/reports?s=933w3GoJN1CoqmhG%2BD%2Fi%2FooE%2ByPgZdcDeSl8fh7vEvg%3D\\u0026sid=e11707d5-02a7-43ef-b45e-2cf4d2036f7d\\u0026ts=1755772971"}],"max_age":3600}', 'Reporting-Endpoints': 'heroku-nel="https://nel.heroku.com/reports?s=933w3GoJN1CoqmhG%2BD%2Fi%2FooE%2ByPgZdcDeSl8fh7vEvg%3D&amp;sid=e11707d5-02a7-43ef-b45e-2cf4d2036f7d&amp;ts=1755772971"', 'Server': 'cloudflare', 'Vary': 'Origin, Accept-Encoding', 'Via': '2.0 heroku-router', 'X-Content-Type-Options': 'nosniff', 'X-Powered-By': 'Express', 'X-Ratelimit-Limit': '1000', 'X-Ratelimit-Remaining': '999', 'X-Ratelimit-Reset': '1755773017', 'Cf-Cache-Status': 'DYNAMIC', 'Content-Encoding': 'gzip', 'CF-RAY': '972986a9384f7f49-MAA', 'alt-svc': 'h3=":443"; ma=86400'} 
 body={} 
 </msg>
<msg time="2025-08-21T16:12:50.969657" level="INFO">C:\Users\LENOVO\AppData\Local\Programs\Python\Python313\Lib\site-packages\urllib3\connectionpool.py:1097: InsecureRequestWarning: Unverified HTTPS request is being made to host 'jsonplaceholder.typicode.com'. Adding certificate verification is strongly advised. See: https://urllib3.readthedocs.io/en/latest/advanced-usage.html#tls-warnings
  warnings.warn(</msg>
<msg time="2025-08-21T16:12:50.969928" level="INFO">${response} = &lt;Response [200]&gt;</msg>
<var>${response}</var>
<arg>MySession</arg>
<arg>${delete_endpoint}</arg>
<doc>Sends a DELETE request on a previously created HTTP Session.</doc>
<status status="PASS" start="2025-08-21T16:12:50.142038" elapsed="0.827943"/>
</kw>
<kw name="Log To Console" owner="BuiltIn">
<arg>Response : ${response}</arg>
<doc>Logs the given message to the console.</doc>
<status status="PASS" start="2025-08-21T16:12:50.970249" elapsed="0.000438"/>
</kw>
<kw name="Status Should Be" owner="RequestsLibrary">
<arg>200</arg>
<arg>${response}</arg>
<doc>Fails if response status code is different than the expected.</doc>
<status status="PASS" start="2025-08-21T16:12:50.970927" elapsed="0.000359"/>
</kw>
<kw name="Convert To String" owner="BuiltIn">
<msg time="2025-08-21T16:12:50.972249" level="INFO">${status_code} = 200</msg>
<var>${status_code}</var>
<arg>${response.status_code}</arg>
<doc>Converts the given item to a Unicode string.</doc>
<status status="PASS" start="2025-08-21T16:12:50.971436" elapsed="0.000887"/>
</kw>
<kw name="Log To Console" owner="BuiltIn">
[...]
<status status="PASS" start="2025-08-21T16:13:16.218369" elapsed="0.000730"/>
</kw>
<kw name="Convert To String" owner="BuiltIn">
<msg time="2025-08-21T16:13:16.268138" level="INFO">${status_code} = 201</msg>
<var>${status_code}</var>
<arg>${response.status_code}</arg>
<doc>Converts the given item to a Unicode string.</doc>
<status status="PASS" start="2025-08-21T16:13:16.245691" elapsed="0.022608"/>
</kw>
<kw name="Log To Console" owner="BuiltIn">
<arg>Status Code :${status_code}</arg>
<doc>Logs the given message to the console.</doc>
<status status="PASS" start="2025-08-21T16:13:16.268704" elapsed="0.000705"/>
</kw>
<kw name="Should Be Equal" owner="BuiltIn">
<arg>201</arg>
<arg>${status_code}</arg>
<doc>Fails if the given objects are unequal.</doc>
<status status="PASS" start="2025-08-21T16:13:16.325589" elapsed="0.000826"/>
</kw>
<kw name="Convert To String" owner="BuiltIn">
<msg time="2025-08-21T16:13:16.328745" level="INFO">${body} = {
  "userId": "5",
  "id": 101,
  "title": "Checking Post Requests",
  "body": "This is for Checking the functionality of the Post method"
}</msg>
<var>${body}</var>
<arg>${response.content}</arg>
<doc>Converts the given item to a Unicode string.</doc>
<status status="PASS" start="2025-08-21T16:13:16.326850" elapsed="0.002052"/>
</kw>
<kw name="Log To Console" owner="BuiltIn">
<arg>${body}</arg>
<doc>Logs the given message to the console.</doc>
<status status="PASS" start="2025-08-21T16:13:16.329358" elapsed="0.001214"/>
</kw>
<kw name="Evaluate" owner="BuiltIn">
<msg time="2025-08-21T16:13:16.331999" level="INFO">${res_body} = {'userId': '5', 'id': 101, 'title': 'Checking Post Requests', 'body': 'This is for Checking the functionality of the Post method'}</msg>
<var>${res_body}</var>
<arg>${body}</arg>
<doc>Evaluates the given expression in Python and returns the result.</doc>
<status status="PASS" start="2025-08-21T16:13:16.331028" elapsed="0.001116"/>
</kw>
<kw name="Log To Console" owner="BuiltIn">
<arg>${res_body}</arg>
<doc>Logs the given message to the console.</doc>
<status status="PASS" start="2025-08-21T16:13:16.332564" elapsed="0.016337"/>
</kw>
<kw name="Log To Console" owner="BuiltIn">
<arg>Title is ${res_body}[title]</arg>
<doc>Logs the given message to the console.</doc>
<status status="PASS" start="2025-08-21T16:13:16.349923" elapsed="0.025649"/>
</kw>
<kw name="Log To Console" owner="BuiltIn">
<arg>id: ${res_body}[id]</arg>
<doc>Logs the given message to the console.</doc>
<status status="PASS" start="2025-08-21T16:13:16.376670" elapsed="0.019216"/>
</kw>
<kw name="Should Be Equal As Integers" owner="BuiltIn">
<msg time="2025-08-21T16:13:16.401899" level="INFO">Argument types are:
&lt;class 'int'&gt;
&lt;class 'str'&gt;</msg>
<arg>${res_body}[id]</arg>
<arg>101</arg>
<doc>Fails if objects are unequal after converting them to integers.</doc>
<status status="PASS" start="2025-08-21T16:13:16.396359" elapsed="0.006072"/>
</kw>
<status status="PASS" start="2025-08-21T16:13:15.140518" elapsed="1.262625"/>
</test>
<status status="PASS" start="2025-08-21T16:13:06.305729" elapsed="10.128111"/>
</suite>
<status status="PASS" start="2025-08-21T16:12:49.637000" elapsed="26.878000"/>
</suite>
<suite id="s1-s14" name="SetupOrTeardown" source="D:\Automation practice\Robot Training\Tests\SetupOrTeardown.robot">
<kw name="Log To Console" owner="BuiltIn" type="SETUP">
<arg>IM INSIDE SUITE SETUP</arg>
<doc>Logs the given message to the console.</doc>
<status status="PASS" start="2025-08-21T16:13:18.489553" elapsed="0.000853"/>
</kw>
<test id="s1-s14-t1" name="Checking Setup ad Teardown" line="12">
<kw name="Log To Console" owner="BuiltIn" type="SETUP">
<arg>IM INSIDE TEST SETUP</arg>
<doc>Logs the given message to the console.</doc>
<status status="PASS" start="2025-08-21T16:13:18.492117" elapsed="0.000722"/>
</kw>
<kw name="Log To Console" owner="BuiltIn">
<arg>Inside Test Case 1</arg>
<doc>Logs the given message to the console.</doc>
<status status="PASS" start="2025-08-21T16:13:18.493336" elapsed="0.000604"/>
</kw>
<kw name="Log To Console" owner="BuiltIn" type="TEARDOWN">
<arg>IM INSIDE TEST TEARDOWN</arg>
<doc>Logs the given message to the console.</doc>
<status status="PASS" start="2025-08-21T16:13:18.494527" elapsed="0.000601"/>
</kw>
<status status="PASS" start="2025-08-21T16:13:18.490889" elapsed="0.004470"/>
</test>
<test id="s1-s14-t2" name="Checking Setup ad Teardown 1" line="15">
<kw name="Log To Console" owner="BuiltIn" type="SETUP">
<arg>IM INSIDE TEST SETUP</arg>
<doc>Logs the given message to the console.</doc>
<status status="PASS" start="2025-08-21T16:13:18.497595" elapsed="0.000589"/>
</kw>
<kw name="Log To Console" owner="BuiltIn">
<arg>Inside Test Case 2</arg>
<doc>Logs the given message to the console.</doc>
<status status="PASS" start="2025-08-21T16:13:18.498607" elapsed="0.000572"/>
</kw>
<kw name="Log To Console" owner="BuiltIn" type="TEARDOWN">
<arg>IM INSIDE TEST TEARDOWN</arg>
<doc>Logs the given message to the console.</doc>
<status status="PASS" start="2025-08-21T16:13:18.499859" elapsed="0.000560"/>
</kw>
<status status="PASS" start="2025-08-21T16:13:18.496222" elapsed="0.004408"/>
</test>
<kw name="Log To Console" owner="BuiltIn" type="TEARDOWN">
<arg>IM INSIDE SUITE TEARDOWN</arg>
<doc>Logs the given message to the console.</doc>
<status status="PASS" start="2025-08-21T16:13:18.502076" elapsed="0.002267"/>
</kw>
<status status="PASS" start="2025-08-21T16:13:17.315351" elapsed="1.189683"/>
</suite>
<suite id="s1-s15" name="Tags" source="D:\Automation practice\Robot Training\Tests\Tags.robot">
<test id="s1-s15-t1" name="checking Tags keyword" line="7">
<kw name="Log To Console" owner="BuiltIn">
<arg>Inside Smoke ${TEST_TAGS}</arg>
<doc>Logs the given message to the console.</doc>
<status status="PASS" start="2025-08-21T16:13:20.238715" elapsed="0.001002"/>
</kw>
<tag>smoke</tag>
<status status="PASS" start="2025-08-21T16:13:20.234805" elapsed="0.005374"/>
</test>
<test id="s1-s15-t2" name="checking default Tags" line="12">
<kw name="Log To Console" owner="BuiltIn">
<arg>Inside Default ${TEST_TAGS}</arg>
<doc>Logs the given message to the console.</doc>
<status status="PASS" start="2025-08-21T16:13:20.241944" elapsed="0.000722"/>
</kw>
<tag>sanity</tag>
<status status="PASS" start="2025-08-21T16:13:20.240972" elapsed="0.002105"/>
</test>
<test id="s1-s15-t3" name="checking set Tags" line="16">
<kw name="Set Tags" owner="BuiltIn">
<msg time="2025-08-21T16:13:20.245930" level="INFO">Set tag 'regression'.</msg>
<arg>regression</arg>
<doc>Adds given ``tags`` for the current test or all tests in a suite.</doc>
<status status="PASS" start="2025-08-21T16:13:20.245248" elapsed="0.000864"/>
</kw>
<kw name="Log To Console" owner="BuiltIn">
<arg>Inside Set tag ${TEST_TAGS}</arg>
<doc>Logs the given message to the console.</doc>
<status status="PASS" start="2025-08-21T16:13:20.246483" elapsed="0.000626"/>
</kw>
<tag>regression</tag>
<tag>sanity</tag>
<status status="PASS" start="2025-08-21T16:13:20.244334" elapsed="0.003166"/>
</test>
<status status="PASS" start="2025-08-21T16:13:19.365552" elapsed="0.883011"/>
</suite>
<suite id="s1-s16" name="Templates" source="D:\Automation practice\Robot Training\Tests\Templates.robot">
<test id="s1-s16-t1" name="Valid Login" line="25">
<kw name="LoginTestCase">
<kw name="Open Browser" owner="SeleniumLibrary">
<msg time="2025-08-21T16:13:21.196657" level="INFO">Opening browser 'chrome' to base url 'https://opensource-demo.orangehrmlive.com/web/index.php/auth/login'.</msg>
<arg>${URL}</arg>
<arg>chrome</arg>
<doc>Opens a new browser instance to the optional ``url``.</doc>
<status status="PASS" start="2025-08-21T16:13:21.196051" elapsed="4.733700"/>
</kw>
<kw name="Maximize Browser Window" owner="SeleniumLibrary">
<doc>Maximizes current browser window.</doc>
<status status="PASS" start="2025-08-21T16:13:25.930066" elapsed="0.037695"/>
</kw>
<kw name="Sleep" owner="BuiltIn">
<msg time="2025-08-21T16:13:30.970540" level="INFO">Slept 5 seconds.</msg>
<arg>5s</arg>
<doc>Pauses the test executed for the given time.</doc>
<status status="PASS" start="2025-08-21T16:13:25.968126" elapsed="5.002835"/>
</kw>
<kw name="Input Text" owner="SeleniumLibrary">
<msg time="2025-08-21T16:13:30.972583" level="INFO">Typing text 'Admin' into text field 'name=username'.</msg>
<arg>name=username</arg>
<arg>${username}</arg>
<doc>Types the given ``text`` into the text field identified by ``locator``.</doc>
<status status="PASS" start="2025-08-21T16:13:30.971378" elapsed="0.578177"/>
</kw>
<kw name="Input Text" owner="SeleniumLibrary">
<msg time="2025-08-21T16:13:31.553113" level="INFO">Typing text 'admin123' into text field 'name=password'.</msg>
<arg>name=password</arg>
<arg>${password}</arg>
<doc>Types the given ``text`` into the text field identified by ``locator``.</doc>
<status status="PASS" start="2025-08-21T16:13:31.550085" elapsed="0.325564"/>
</kw>
<kw name="Click Button" owner="SeleniumLibrary">
<msg time="2025-08-21T16:13:31.876825" level="INFO">Clicking button 'xpath=//button[@type='submit']'.</msg>
<arg>xpath=//button[@type='submit']</arg>
<doc>Clicks the button identified by ``locator``.</doc>
<status status="PASS" start="2025-08-21T16:13:31.876194" elapsed="1.539488"/>
</kw>
<kw name="Sleep" owner="BuiltIn">
<msg time="2025-08-21T16:13:38.422327" level="INFO">Slept 5 seconds.</msg>
<arg>5s</arg>
<doc>Pauses the test executed for the given time.</doc>
<status status="PASS" start="2025-08-21T16:13:33.416064" elapsed="5.006519"/>
</kw>
<kw name="Page Should Contain" owner="SeleniumLibrary">
<msg time="2025-08-21T16:13:38.725379" level="INFO">Current page contains text 'Dashboard'.</msg>
<arg>${expected_message}</arg>
<doc>Verifies that current page contains ``text``.</doc>
<status status="PASS" start="2025-08-21T16:13:38.426472" elapsed="0.299123"/>
</kw>
<kw name="Close Browser" owner="SeleniumLibrary">
<doc>Closes the current browser.</doc>
<status status="PASS" start="2025-08-21T16:13:38.725927" elapsed="2.989807"/>
</kw>
<arg>Admin</arg>
<arg>admin123</arg>
<arg>Dashboard</arg>
<status status="PASS" start="2025-08-21T16:13:21.194254" elapsed="20.521767"/>
</kw>
<status status="PASS" start="2025-08-21T16:13:21.192888" elapsed="20.523470"/>
</test>
<test id="s1-s16-t2" name="Invalid Login" line="28">
<kw name="LoginTestCase">
<kw name="Open Browser" owner="SeleniumLibrary">
<msg time="2025-08-21T16:13:41.718509" level="INFO">Opening browser 'chrome' to base url 'https://opensource-demo.orangehrmlive.com/web/index.php/auth/login'.</msg>
<arg>${URL}</arg>
<arg>chrome</arg>
<doc>Opens a new browser instance to the optional ``url``.</doc>
<status status="PASS" start="2025-08-21T16:13:41.718213" elapsed="4.720903"/>
</kw>
<kw name="Maximize Browser Window" owner="SeleniumLibrary">
<doc>Maximizes current browser window.</doc>
<status status="PASS" start="2025-08-21T16:13:46.439580" elapsed="0.156828"/>
</kw>
<kw name="Sleep" owner="BuiltIn">
<msg time="2025-08-21T16:13:51.598345" level="INFO">Slept 5 seconds.</msg>
<arg>5s</arg>
<doc>Pauses the test executed for the given time.</doc>
<status status="PASS" start="2025-08-21T16:13:46.596868" elapsed="5.001785"/>
</kw>
<kw name="Input Text" owner="SeleniumLibrary">
<msg time="2025-08-21T16:13:51.600323" level="INFO">Typing text 'admin' into text field 'name=username'.</msg>
<arg>name=username</arg>
<arg>${username}</arg>
<doc>Types the given ``text`` into the text field identified by ``locator``.</doc>
<status status="PASS" start="2025-08-21T16:13:51.599631" elapsed="0.168803"/>
</kw>
<kw name="Input Text" owner="SeleniumLibrary">
<msg time="2025-08-21T16:13:51.769573" level="INFO">Typing text 'wrongpassword' into text field 'name=password'.</msg>
<arg>name=password</arg>
<arg>${password}</arg>
<doc>Types the given ``text`` into the text field identified by ``locator``.</doc>
<status status="PASS" start="2025-08-21T16:13:51.768929" elapsed="0.159614"/>
</kw>
<kw name="Click Button" owner="SeleniumLibrary">
<msg time="2025-08-21T16:13:51.929192" level="INFO">Clicking button 'xpath=//button[@type='submit']'.</msg>
<arg>xpath=//button[@type='submit']</arg>
<doc>Clicks the button identified by ``locator``.</doc>
<status status="PASS" start="2025-08-21T16:13:51.928808" elapsed="0.123717"/>
</kw>
<kw name="Sleep" owner="BuiltIn">
<msg time="2025-08-21T16:13:57.053603" level="INFO">Slept 5 seconds.</msg>
<arg>5s</arg>
<doc>Pauses the test executed for the given time.</doc>
<status status="PASS" start="2025-08-21T16:13:52.052816" elapsed="5.000945"/>
</kw>
<kw name="Page Should Contain" owner="SeleniumLibrary">
<msg time="2025-08-21T16:13:57.074403" level="INFO">Current page contains text 'Invalid credentials'.</msg>
<arg>${expected_message}</arg>
<doc>Verifies that current page contains ``text``.</doc>
<status status="PASS" start="2025-08-21T16:13:57.053986" elapsed="0.020536"/>
</kw>
<kw name="Close Browser" owner="SeleniumLibrary">
<doc>Closes the current browser.</doc>
<status status="PASS" start="2025-08-21T16:13:57.074711" elapsed="2.198800"/>
</kw>
<arg>admin</arg>
<arg>wrongpassword</arg>
<arg>Invalid credentials</arg>
<status status="PASS" start="2025-08-21T16:13:41.717721" elapsed="17.556367"/>
</kw>
<kw name="LoginTestCase">
<kw name="Open Browser" owner="SeleniumLibrary">
<msg time="2025-08-21T16:13:59.277658" level="INFO">Opening browser 'chrome' to base url 'https://opensource-demo.orangehrmlive.com/web/index.php/auth/login'.</msg>
<arg>${URL}</arg>
<arg>chrome</arg>
<doc>Opens a new browser instance to the optional ``url``.</doc>
<status status="PASS" start="2025-08-21T16:13:59.276644" elapsed="4.449040"/>
</kw>
<kw name="Maximize Browser Window" owner="SeleniumLibrary">
<doc>Maximizes current browser window.</doc>
<status status="PASS" start="2025-08-21T16:14:03.725855" elapsed="0.026704"/>
</kw>
<kw name="Sleep" owner="BuiltIn">
<msg time="2025-08-21T16:14:08.754403" level="INFO">Slept 5 seconds.</msg>
<arg>5s</arg>
<doc>Pauses the test executed for the given time.</doc>
<status status="PASS" start="2025-08-21T16:14:03.752753" elapsed="5.002129"/>
</kw>
<kw name="Input Text" owner="SeleniumLibrary">
<msg time="2025-08-21T16:14:08.756910" level="INFO">Typing text 'user' into text field 'name=username'.</msg>
<arg>name=username</arg>
<arg>${username}</arg>
<doc>Types the given ``text`` into the text field identified by ``locator``.</doc>
<status status="PASS" start="2025-08-21T16:14:08.755675" elapsed="0.130088"/>
</kw>
<kw name="Input Text" owner="SeleniumLibrary">
<msg time="2025-08-21T16:14:08.886351" level="INFO">Typing text 'admin123' into text field 'name=password'.</msg>
<arg>name=password</arg>
<arg>${password}</arg>
<doc>Types the given ``text`` into the text field identified by ``locator``.</doc>
<status status="PASS" start="2025-08-21T16:14:08.886007" elapsed="0.077111"/>
</kw>
<kw name="Click Button" owner="SeleniumLibrary">
<msg time="2025-08-21T16:14:08.963799" level="INFO">Clicking button 'xpath=//button[@type='submit']'.</msg>
<arg>xpath=//button[@type='submit']</arg>
<doc>Clicks the button identified by ``locator``.</doc>
<status status="PASS" start="2025-08-21T16:14:08.963325" elapsed="0.074374"/>
</kw>
<kw name="Sleep" owner="BuiltIn">
<msg time="2025-08-21T16:14:14.038432" level="INFO">Slept 5 seconds.</msg>
<arg>5s</arg>
<doc>Pauses the test executed for the given time.</doc>
<status status="PASS" start="2025-08-21T16:14:09.037889" elapsed="5.000762"/>
</kw>
<kw name="Page Should Contain" owner="SeleniumLibrary">
<msg time="2025-08-21T16:14:14.061469" level="INFO">Current page contains text 'Invalid credentials'.</msg>
<arg>${expected_message}</arg>
<doc>Verifies that current page contains ``text``.</doc>
<status status="PASS" start="2025-08-21T16:14:14.038992" elapsed="0.022653"/>
</kw>
<kw name="Close Browser" owner="SeleniumLibrary">
<doc>Closes the current browser.</doc>
<status status="PASS" start="2025-08-21T16:14:14.061879" elapsed="2.150353"/>
</kw>
<arg>user</arg>
<arg>admin123</arg>
<arg>Invalid credentials</arg>
<status status="PASS" start="2025-08-21T16:13:59.275066" elapsed="16.937522"/>
</kw>
<status status="PASS" start="2025-08-21T16:13:41.716957" elapsed="34.496131"/>
</test>
<status status="PASS" start="2025-08-21T16:13:20.509744" elapsed="55.705000"/>
</suite>
<suite id="s1-s17" name="Variables" source="D:\Automation practice\Robot Training\Tests\Variables.robot">
<test id="s1-s17-t1" name="Accesing Variables" line="18">
<kw name="Log To Console" owner="BuiltIn">
<arg>${Scalar}</arg>
<doc>Logs the given message to the console.</doc>
<status status="PASS" start="2025-08-21T16:13:23.278988" elapsed="0.000942"/>
</kw>
<kw name="Log To Console" owner="BuiltIn">
<arg>${lists}</arg>
<doc>Logs the given message to the console.</doc>
<status status="PASS" start="2025-08-21T16:13:23.280501" elapsed="0.000760"/>
</kw>
<kw name="Log To Console" owner="BuiltIn">
<arg>${dict}</arg>
<doc>Logs the given message to the console.</doc>
<status status="PASS" start="2025-08-21T16:13:23.281686" elapsed="0.000684"/>
</kw>
<kw name="Log To Console" owner="BuiltIn">
<arg>${env_var}</arg>
<doc>Logs the given message to the console.</doc>
<status status="PASS" start="2025-08-21T16:13:23.282732" elapsed="0.000658"/>
</kw>
<kw name="Log To Console" owner="BuiltIn">
<arg>${env_var1}</arg>
<doc>Logs the given message to the console.</doc>
<status status="PASS" start="2025-08-21T16:13:23.283773" elapsed="0.000648"/>
</kw>
<status status="PASS" start="2025-08-21T16:13:23.275886" elapsed="0.008940"/>
</test>
<status status="PASS" start="2025-08-21T16:13:21.873393" elapsed="1.412685"/>
</suite>
<doc>[https://pabot.org/?ref=log|Pabot] result from 20 executions.</doc>
<status status="PASS" start="2025-08-21T16:12:47.917000" elapsed="88.299000"/>
</suite>
<statistics>
<total>
<stat pass="33" fail="0" skip="0">All Tests</stat>
</total>
<tag>
<stat pass="1" fail="0" skip="0">regression</stat>
<stat pass="2" fail="0" skip="0">sanity</stat>
<stat pass="1" fail="0" skip="0">smoke</stat>
</tag>
<suite>
<stat name="Tests" id="s1" pass="33" fail="0" skip="0">Tests</stat>
<stat name="Add To cart" id="s1-s1" pass="1" fail="0" skip="0">Tests.Add To cart</stat>
<stat name="Assertions" id="s1-s2" pass="1" fail="0" skip="0">Tests.Assertions</stat>
<stat name="CustomLib" id="s1-s3" pass="1" fail="0" skip="0">Tests.CustomLib</stat>
<stat name="DataFromCsv" id="s1-s4" pass="3" fail="0" skip="0">Tests.DataFromCsv</stat>
<stat name="DataFromExcel" id="s1-s5" pass="3" fail="0" skip="0">Tests.DataFromExcel</stat>
<stat name="DataFromJson" id="s1-s6" pass="1" fail="0" skip="0">Tests.DataFromJson</stat>
<stat name="FirstTest" id="s1-s7" pass="1" fail="0" skip="0">Tests.FirstTest</stat>
<stat name="ForLoop" id="s1-s8" pass="5" fail="0" skip="0">Tests.ForLoop</stat>
<stat name="Headless" id="s1-s9" pass="1" fail="0" skip="0">Tests.Headless</stat>
<stat name="Iframes" id="s1-s10" pass="1" fail="0" skip="0">Tests.Iframes</stat>
<stat name="LoginTest" id="s1-s11" pass="2" fail="0" skip="0">Tests.LoginTest</stat>
<stat name="Practice" id="s1-s12" pass="1" fail="0" skip="0">Tests.Practice</stat>
<stat name="RestApi" id="s1-s13" pass="4" fail="0" skip="0">Tests.RestApi</stat>
<stat name="DELETE Request" id="s1-s13-s1" pass="1" fail="0" skip="0">Tests.RestApi.DELETE Request</stat>
<stat name="FirstApi" id="s1-s13-s2" pass="1" fail="0" skip="0">Tests.RestApi.FirstApi</stat>
<stat name="GET Request" id="s1-s13-s3" pass="1" fail="0" skip="0">Tests.RestApi.GET Request</stat>
<stat name="POST Request" id="s1-s13-s4" pass="1" fail="0" skip="0">Tests.RestApi.POST Request</stat>
<stat name="SetupOrTeardown" id="s1-s14" pass="2" fail="0" skip="0">Tests.SetupOrTeardown</stat>
<stat name="Tags" id="s1-s15" pass="3" fail="0" skip="0">Tests.Tags</stat>
<stat name="Templates" id="s1-s16" pass="2" fail="0" skip="0">Tests.Templates</stat>
<stat name="Variables" id="s1-s17" pass="1" fail="0" skip="0">Tests.Variables</stat>
</suite>
</statistics>
<errors>
</errors>
</robot>
