<?xml version="1.0" encoding="UTF-8"?>
<robot generator="Rebot 7.3.2 (Python 3.13.5 on win32)" generated="2025-08-21T17:29:34.318566" rpa="false" schemaversion="5">
<suite id="s1" name="Tests" source="D:\Automation practice\Robot Training\Tests">
<suite id="s1-s1" name="Add To cart" source="D:\Automation practice\Robot Training\Tests\Add To cart.robot">
<test id="s1-s1-t1" name="Adding Items to cart" line="8">
<kw name="Open Browser" owner="SeleniumLibrary">
<msg time="2025-08-21T17:28:18.605086" level="INFO">Opening browser 'headlesschrome' to base url 'https://dineshvelhal.github.io/testautomation-playground/login.html'.</msg>
<arg>${url}</arg>
<arg>${BROWSER}</arg>
<doc>Opens a new browser instance to the optional ``url``.</doc>
<status status="PASS" start="2025-08-21T17:28:18.604448" elapsed="3.352802"/>
</kw>
<kw name="Input Text" owner="SeleniumLibrary">
<msg time="2025-08-21T17:28:21.959571" level="INFO">Typing text 'admin' into text field 'xpath=//input[@id='user']'.</msg>
<arg>xpath=//input[@id='user']</arg>
<arg>admin</arg>
<doc>Types the given ``text`` into the text field identified by ``locator``.</doc>
<status status="PASS" start="2025-08-21T17:28:21.958337" elapsed="0.172062"/>
</kw>
<kw name="Input Text" owner="SeleniumLibrary">
<msg time="2025-08-21T17:28:22.131152" level="INFO">Typing text 'admin' into text field 'xpath=//input[@id='password']'.</msg>
<arg>xpath=//input[@id='password']</arg>
<arg>admin</arg>
<doc>Types the given ``text`` into the text field identified by ``locator``.</doc>
<status status="PASS" start="2025-08-21T17:28:22.130729" elapsed="0.182312"/>
</kw>
<kw name="Click Button" owner="SeleniumLibrary">
<msg time="2025-08-21T17:28:22.313682" level="INFO">Clicking button 'xpath=//button[@id='login']'.</msg>
<arg>xpath=//button[@id='login']</arg>
<doc>Clicks the button identified by ``locator``.</doc>
<status status="PASS" start="2025-08-21T17:28:22.313315" elapsed="3.383495"/>
</kw>
<kw name="Click Element" owner="SeleniumLibrary">
<msg time="2025-08-21T17:28:25.697504" level="INFO">Clicking element 'xpath=//input[@id='rad_small']'.</msg>
<arg>xpath=//input[@id='rad_small']</arg>
<doc>Click the element identified by ``locator``.</doc>
<status status="PASS" start="2025-08-21T17:28:25.697105" elapsed="0.376019"/>
</kw>
<kw name="Select From List By Label" owner="SeleniumLibrary">
<msg time="2025-08-21T17:28:26.074688" level="INFO">Selecting options from selection list 'xpath=//select[@id='select_flavor']' by label Veggie Delight.</msg>
<arg>xpath=//select[@id='select_flavor']</arg>
<arg>Veggie Delight</arg>
<doc>Selects options from selection list ``locator`` by ``labels``.</doc>
<status status="PASS" start="2025-08-21T17:28:26.074118" elapsed="0.283005"/>
</kw>
<kw name="Click Element" owner="SeleniumLibrary">
<msg time="2025-08-21T17:28:26.358197" level="INFO">Clicking element 'id=rad_barbeque'.</msg>
<arg>id=rad_barbeque</arg>
<doc>Click the element identified by ``locator``.</doc>
<status status="PASS" start="2025-08-21T17:28:26.357425" elapsed="0.136863"/>
</kw>
<kw name="Click Element" owner="SeleniumLibrary">
<msg time="2025-08-21T17:28:26.494934" level="INFO">Clicking element 'id=green_olive'.</msg>
<arg>id=green_olive</arg>
<doc>Click the element identified by ``locator``.</doc>
<status status="PASS" start="2025-08-21T17:28:26.494573" elapsed="0.108490"/>
</kw>
<kw name="Click Element" owner="SeleniumLibrary">
<msg time="2025-08-21T17:28:26.603695" level="INFO">Clicking element 'id=tomoto'.</msg>
<arg>id=tomoto</arg>
<doc>Click the element identified by ``locator``.</doc>
<status status="PASS" start="2025-08-21T17:28:26.603341" elapsed="0.156775"/>
</kw>
<kw name="Input Text" owner="SeleniumLibrary">
<msg time="2025-08-21T17:28:26.760735" level="INFO">Typing text '5' into text field 'id=quantity'.</msg>
<arg>id=quantity</arg>
<arg>5</arg>
<doc>Types the given ``text`` into the text field identified by ``locator``.</doc>
<status status="PASS" start="2025-08-21T17:28:26.760383" elapsed="0.143045"/>
</kw>
<kw name="Click Button" owner="SeleniumLibrary">
<msg time="2025-08-21T17:28:26.904148" level="INFO">Clicking button 'id=submit_button'.</msg>
<arg>id=submit_button</arg>
<doc>Clicks the button identified by ``locator``.</doc>
<status status="PASS" start="2025-08-21T17:28:26.903753" elapsed="0.267305"/>
</kw>
<kw name="Wait Until Page Contains" owner="SeleniumLibrary">
<arg>Pizza added to the cart!</arg>
<arg>5s</arg>
<doc>Waits until ``text`` appears on the current page.</doc>
<status status="PASS" start="2025-08-21T17:28:27.171540" elapsed="0.041184"/>
</kw>
<kw name="Close Browser" owner="SeleniumLibrary">
<doc>Closes the current browser.</doc>
<status status="PASS" start="2025-08-21T17:28:27.213179" elapsed="15.512871"/>
</kw>
<doc>Addding items to cart...</doc>
<status status="PASS" start="2025-08-21T17:28:18.602479" elapsed="24.124093"/>
</test>
<status status="PASS" start="2025-08-21T17:28:18.077000" elapsed="24.124000"/>
</suite>
<suite id="s1-s2" name="Assertions" source="D:\Automation practice\Robot Training\Tests\Assertions.robot">
<test id="s1-s2-t1" name="Checking Assertions" line="5">
<kw name="Set Variable" owner="BuiltIn">
<msg time="2025-08-21T17:28:18.594502" level="INFO">${isValid} = True</msg>
<var>${isValid}</var>
<arg>${True}</arg>
<doc>Returns the given values which can then be assigned to a variables.</doc>
<status status="PASS" start="2025-08-21T17:28:18.593900" elapsed="0.000692"/>
</kw>
<kw name="Should Be True" owner="BuiltIn">
<arg>${isValid}</arg>
<doc>Fails if the given condition is not true.</doc>
<status status="PASS" start="2025-08-21T17:28:18.594956" elapsed="0.000416"/>
</kw>
<kw name="Log To Console" owner="BuiltIn">
<arg>${isValid}</arg>
<doc>Logs the given message to the console.</doc>
<status status="PASS" start="2025-08-21T17:28:18.595632" elapsed="0.000428"/>
</kw>
<kw name="Set Variable If" owner="BuiltIn">
<msg time="2025-08-21T17:28:18.596736" level="INFO">${isValid} = False</msg>
<var>${isValid}</var>
<arg>${isValid}</arg>
<arg>${False}</arg>
<doc>Sets variable based on the given condition.</doc>
<status status="PASS" start="2025-08-21T17:28:18.596299" elapsed="0.000539"/>
</kw>
<kw name="Should Not Be True" owner="BuiltIn">
<arg>${isValid}</arg>
<doc>Fails if the given condition is true.</doc>
<status status="PASS" start="2025-08-21T17:28:18.597060" elapsed="0.000327"/>
</kw>
<kw name="Log To Console" owner="BuiltIn">
<arg>${isValid}</arg>
<doc>Logs the given message to the console.</doc>
<status status="PASS" start="2025-08-21T17:28:18.597613" elapsed="0.000395"/>
</kw>
<status status="PASS" start="2025-08-21T17:28:18.592051" elapsed="0.006221"/>
</test>
<status status="PASS" start="2025-08-21T17:28:18.106027" elapsed="0.493041"/>
</suite>
<suite id="s1-s3" name="CustomLib" source="D:\Automation practice\Robot Training\Tests\CustomLib.robot">
<test id="s1-s3-t1" name="Adding two Nums" line="5">
<kw name="Add Two Nums" owner="CustomLibrary">
<msg time="2025-08-21T17:28:18.220095" level="INFO">${output} = 1020</msg>
<var>${output}</var>
<arg>10</arg>
<arg>20</arg>
<status status="PASS" start="2025-08-21T17:28:18.219632" elapsed="0.000538"/>
</kw>
<kw name="Log To Console" owner="BuiltIn">
<arg>${output}</arg>
<doc>Logs the given message to the console.</doc>
<status status="PASS" start="2025-08-21T17:28:18.220479" elapsed="0.000448"/>
</kw>
<kw name="Add Nums" owner="CustomLibrary">
<msg time="2025-08-21T17:28:18.221469" level="INFO">${output} = 60</msg>
<var>${output}</var>
<arg>10</arg>
<arg>20</arg>
<arg>30</arg>
<status status="PASS" start="2025-08-21T17:28:18.221161" elapsed="0.000380"/>
</kw>
<kw name="Log To Console" owner="BuiltIn">
<arg>${output}</arg>
<doc>Logs the given message to the console.</doc>
<status status="PASS" start="2025-08-21T17:28:18.221747" elapsed="0.000409"/>
</kw>
<status status="PASS" start="2025-08-21T17:28:18.218343" elapsed="0.004061"/>
</test>
<status status="PASS" start="2025-08-21T17:28:18.214199" elapsed="0.008927"/>
</suite>
<suite id="s1-s4" name="DataFromCsv" source="D:\Automation practice\Robot Training\Tests\DataFromCsv.robot">
<test id="s1-s4-t1" name="Login Tests Using CSV Admin and admin123" line="19">
<kw name="Open Login Page" owner="LoginPageKw" type="SETUP">
<kw name="Open Browser" owner="SeleniumLibrary">
<msg time="2025-08-21T17:28:18.772506" level="INFO">Opening browser 'headlesschrome' to base url 'https://opensource-demo.orangehrmlive.com/web/index.php/auth/login'.</msg>
<arg>${URL}</arg>
<arg>${BROWSER}</arg>
<doc>Opens a new browser instance to the optional ``url``.</doc>
<status status="PASS" start="2025-08-21T17:28:18.771865" elapsed="6.064020"/>
</kw>
<kw name="Maximize Browser Window" owner="SeleniumLibrary">
<doc>Maximizes current browser window.</doc>
<status status="PASS" start="2025-08-21T17:28:24.836390" elapsed="0.031765"/>
</kw>
<kw name="Sleep" owner="BuiltIn">
<msg time="2025-08-21T17:28:27.869349" level="INFO">Slept 3 seconds.</msg>
<arg>3s</arg>
<doc>Pauses the test executed for the given time.</doc>
<status status="PASS" start="2025-08-21T17:28:24.868450" elapsed="3.001169"/>
</kw>
<status status="PASS" start="2025-08-21T17:28:18.769687" elapsed="9.100279"/>
</kw>
<kw name="Test Data">
<kw name="Login" owner="LoginPageKw">
<kw name="Input User" owner="LoginPageKw">
<kw name="Input Text" owner="SeleniumLibrary">
<msg time="2025-08-21T17:28:27.876822" level="INFO">Typing text 'Admin' into text field 'name=username'.</msg>
<arg>${USERNAME_FIELD}</arg>
<arg>${username}</arg>
<doc>Types the given ``text`` into the text field identified by ``locator``.</doc>
<status status="PASS" start="2025-08-21T17:28:27.875759" elapsed="0.843209"/>
</kw>
<arg>${user}</arg>
<status status="PASS" start="2025-08-21T17:28:27.873060" elapsed="0.846254"/>
</kw>
<kw name="Input Pass" owner="LoginPageKw">
<kw name="Input Text" owner="SeleniumLibrary">
<msg time="2025-08-21T17:28:28.721478" level="INFO">Typing text 'admin123' into text field 'name=password'.</msg>
<arg>${PASSWORD_FIELD}</arg>
<arg>${password}</arg>
<doc>Types the given ``text`` into the text field identified by ``locator``.</doc>
<status status="PASS" start="2025-08-21T17:28:28.720797" elapsed="0.415602"/>
</kw>
<arg>${pass}</arg>
<status status="PASS" start="2025-08-21T17:28:28.719866" elapsed="0.416846"/>
</kw>
<kw name="Click Login Button" owner="LoginPageKw">
<kw name="Click Button" owner="SeleniumLibrary">
<msg time="2025-08-21T17:28:29.138787" level="INFO">Clicking button 'xpath=//button[@type='submit']'.</msg>
<arg>${LOGIN_BUTTON}</arg>
<doc>Clicks the button identified by ``locator``.</doc>
<status status="PASS" start="2025-08-21T17:28:29.138136" elapsed="0.582412"/>
</kw>
<status status="PASS" start="2025-08-21T17:28:29.137230" elapsed="0.583581"/>
</kw>
<kw name="Page Should Contain text" owner="LoginPageKw">
<kw name="Sleep" owner="BuiltIn">
<msg time="2025-08-21T17:28:31.723209" level="INFO">Slept 2 seconds.</msg>
<arg>2s</arg>
<doc>Pauses the test executed for the given time.</doc>
<status status="PASS" start="2025-08-21T17:28:29.722119" elapsed="2.001355"/>
</kw>
<kw name="Page Should Contain" owner="SeleniumLibrary">
<msg time="2025-08-21T17:28:33.216090" level="INFO">Current page contains text 'Dashboard'.</msg>
<arg>${message}</arg>
<doc>Verifies that current page contains ``text``.</doc>
<status status="PASS" start="2025-08-21T17:28:31.723977" elapsed="1.492366"/>
</kw>
<arg>${message}</arg>
<status status="PASS" start="2025-08-21T17:28:29.721225" elapsed="3.495401"/>
</kw>
<arg>${userName}</arg>
<arg>${Password}</arg>
<arg>${Message}</arg>
<status status="PASS" start="2025-08-21T17:28:27.871758" elapsed="5.345081"/>
</kw>
<arg>userName=Admin</arg>
<arg>Password=admin123</arg>
<arg>Message=Dashboard</arg>
<status status="PASS" start="2025-08-21T17:28:27.870516" elapsed="5.346577"/>
</kw>
<kw name="Close Browser" owner="SeleniumLibrary" type="TEARDOWN">
<doc>Closes the current browser.</doc>
<status status="PASS" start="2025-08-21T17:28:33.217761" elapsed="9.555404"/>
</kw>
<status status="PASS" start="2025-08-21T17:28:18.767182" elapsed="24.006252"/>
</test>
<test id="s1-s4-t2" name="Login Tests Using CSV admin123 and admin123" line="19">
<kw name="Open Login Page" owner="LoginPageKw" type="SETUP">
<kw name="Open Browser" owner="SeleniumLibrary">
<msg time="2025-08-21T17:28:42.779223" level="INFO">Opening browser 'headlesschrome' to base url 'https://opensource-demo.orangehrmlive.com/web/index.php/auth/login'.</msg>
<arg>${URL}</arg>
<arg>${BROWSER}</arg>
<doc>Opens a new browser instance to the optional ``url``.</doc>
<status status="PASS" start="2025-08-21T17:28:42.778472" elapsed="5.131764"/>
</kw>
<kw name="Maximize Browser Window" owner="SeleniumLibrary">
<doc>Maximizes current browser window.</doc>
<status status="PASS" start="2025-08-21T17:28:47.910611" elapsed="0.023801"/>
</kw>
<kw name="Sleep" owner="BuiltIn">
<msg time="2025-08-21T17:28:50.935358" level="INFO">Slept 3 seconds.</msg>
<arg>3s</arg>
<doc>Pauses the test executed for the given time.</doc>
<status status="PASS" start="2025-08-21T17:28:47.934756" elapsed="3.000899"/>
</kw>
<status status="PASS" start="2025-08-21T17:28:42.777533" elapsed="8.158428"/>
</kw>
<kw name="Test Data">
<kw name="Login" owner="LoginPageKw">
<kw name="Input User" owner="LoginPageKw">
<kw name="Input Text" owner="SeleniumLibrary">
<msg time="2025-08-21T17:28:50.941243" level="INFO">Typing text 'admin123' into text field 'name=username'.</msg>
<arg>${USERNAME_FIELD}</arg>
<arg>${username}</arg>
<doc>Types the given ``text`` into the text field identified by ``locator``.</doc>
<status status="PASS" start="2025-08-21T17:28:50.940287" elapsed="0.274413"/>
</kw>
<arg>${user}</arg>
<status status="PASS" start="2025-08-21T17:28:50.939406" elapsed="0.275595"/>
</kw>
<kw name="Input Pass" owner="LoginPageKw">
<kw name="Input Text" owner="SeleniumLibrary">
<msg time="2025-08-21T17:28:51.216888" level="INFO">Typing text 'admin123' into text field 'name=password'.</msg>
<arg>${PASSWORD_FIELD}</arg>
<arg>${password}</arg>
<doc>Types the given ``text`` into the text field identified by ``locator``.</doc>
<status status="PASS" start="2025-08-21T17:28:51.216228" elapsed="0.272768"/>
</kw>
<arg>${pass}</arg>
<status status="PASS" start="2025-08-21T17:28:51.215399" elapsed="0.273872"/>
</kw>
<kw name="Click Login Button" owner="LoginPageKw">
<kw name="Click Button" owner="SeleniumLibrary">
<msg time="2025-08-21T17:28:51.491119" level="INFO">Clicking button 'xpath=//button[@type='submit']'.</msg>
<arg>${LOGIN_BUTTON}</arg>
<doc>Clicks the button identified by ``locator``.</doc>
<status status="PASS" start="2025-08-21T17:28:51.490422" elapsed="1.041219"/>
</kw>
<status status="PASS" start="2025-08-21T17:28:51.489696" elapsed="1.042123"/>
</kw>
<kw name="Page Should Contain text" owner="LoginPageKw">
<kw name="Sleep" owner="BuiltIn">
<msg time="2025-08-21T17:28:54.533280" level="INFO">Slept 2 seconds.</msg>
<arg>2s</arg>
<doc>Pauses the test executed for the given time.</doc>
<status status="PASS" start="2025-08-21T17:28:52.532572" elapsed="2.001046"/>
</kw>
<kw name="Page Should Contain" owner="SeleniumLibrary">
<msg time="2025-08-21T17:28:54.697425" level="INFO">Current page contains text 'Invalid credentials'.</msg>
<arg>${message}</arg>
<doc>Verifies that current page contains ``text``.</doc>
<status status="PASS" start="2025-08-21T17:28:54.534007" elapsed="0.163636"/>
</kw>
<arg>${message}</arg>
<status status="PASS" start="2025-08-21T17:28:52.532071" elapsed="2.165838"/>
</kw>
<arg>${userName}</arg>
<arg>${Password}</arg>
<arg>${Message}</arg>
<status status="PASS" start="2025-08-21T17:28:50.938405" elapsed="3.759714"/>
</kw>
<arg>userName=admin123</arg>
<arg>Password=admin123</arg>
<arg>Message=Invalid credentials</arg>
<status status="PASS" start="2025-08-21T17:28:50.937414" elapsed="3.760921"/>
</kw>
<kw name="Close Browser" owner="SeleniumLibrary" type="TEARDOWN">
<doc>Closes the current browser.</doc>
<status status="PASS" start="2025-08-21T17:28:54.699082" elapsed="2.866227"/>
</kw>
<status status="PASS" start="2025-08-21T17:28:42.774390" elapsed="14.791078"/>
</test>
<test id="s1-s4-t3" name="Login Tests Using CSV admin12 and admin123" line="19">
<kw name="Open Login Page" owner="LoginPageKw" type="SETUP">
<kw name="Open Browser" owner="SeleniumLibrary">
<msg time="2025-08-21T17:28:57.568842" level="INFO">Opening browser 'headlesschrome' to base url 'https://opensource-demo.orangehrmlive.com/web/index.php/auth/login'.</msg>
<arg>${URL}</arg>
<arg>${BROWSER}</arg>
<doc>Opens a new browser instance to the optional ``url``.</doc>
<status status="PASS" start="2025-08-21T17:28:57.568441" elapsed="4.628718"/>
</kw>
<kw name="Maximize Browser Window" owner="SeleniumLibrary">
<doc>Maximizes current browser window.</doc>
<status status="PASS" start="2025-08-21T17:29:02.197548" elapsed="0.034417"/>
</kw>
<kw name="Sleep" owner="BuiltIn">
<msg time="2025-08-21T17:29:05.232901" level="INFO">Slept 3 seconds.</msg>
<arg>3s</arg>
<doc>Pauses the test executed for the given time.</doc>
<status status="PASS" start="2025-08-21T17:29:02.232281" elapsed="3.000885"/>
</kw>
<status status="PASS" start="2025-08-21T17:28:57.567892" elapsed="7.665660"/>
</kw>
<kw name="Test Data">
<kw name="Login" owner="LoginPageKw">
<kw name="Input User" owner="LoginPageKw">
<kw name="Input Text" owner="SeleniumLibrary">
<msg time="2025-08-21T17:29:05.240272" level="INFO">Typing text 'admin12' into text field 'name=username'.</msg>
<arg>${USERNAME_FIELD}</arg>
<arg>${username}</arg>
<doc>Types the given ``text`` into the text field identified by ``locator``.</doc>
<status status="PASS" start="2025-08-21T17:29:05.239722" elapsed="0.184483"/>
</kw>
<arg>${user}</arg>
<status status="PASS" start="2025-08-21T17:29:05.238889" elapsed="0.185645"/>
</kw>
<kw name="Input Pass" owner="LoginPageKw">
<kw name="Input Text" owner="SeleniumLibrary">
<msg time="2025-08-21T17:29:05.426794" level="INFO">Typing text 'admin123' into text field 'name=password'.</msg>
<arg>${PASSWORD_FIELD}</arg>
<arg>${password}</arg>
<doc>Types the given ``text`` into the text field identified by ``locator``.</doc>
<status status="PASS" start="2025-08-21T17:29:05.426098" elapsed="0.151259"/>
</kw>
<arg>${pass}</arg>
<status status="PASS" start="2025-08-21T17:29:05.425066" elapsed="0.152482"/>
</kw>
<kw name="Click Login Button" owner="LoginPageKw">
<kw name="Click Button" owner="SeleniumLibrary">
<msg time="2025-08-21T17:29:05.578850" level="INFO">Clicking button 'xpath=//button[@type='submit']'.</msg>
<arg>${LOGIN_BUTTON}</arg>
<doc>Clicks the button identified by ``locator``.</doc>
<status status="PASS" start="2025-08-21T17:29:05.578417" elapsed="0.117864"/>
</kw>
<status status="PASS" start="2025-08-21T17:29:05.577877" elapsed="0.118680"/>
</kw>
<kw name="Page Should Contain text" owner="LoginPageKw">
<kw name="Sleep" owner="BuiltIn">
<msg time="2025-08-21T17:29:07.698511" level="INFO">Slept 2 seconds.</msg>
<arg>2s</arg>
<doc>Pauses the test executed for the given time.</doc>
<status status="PASS" start="2025-08-21T17:29:05.697738" elapsed="2.000890"/>
</kw>
<kw name="Page Should Contain" owner="SeleniumLibrary">
<msg time="2025-08-21T17:29:07.715945" level="INFO">Current page contains text 'Invalid credentials'.</msg>
<arg>${message}</arg>
<doc>Verifies that current page contains ``text``.</doc>
<status status="PASS" start="2025-08-21T17:29:07.698802" elapsed="0.017272"/>
</kw>
<arg>${message}</arg>
<status status="PASS" start="2025-08-21T17:29:05.696948" elapsed="2.019233"/>
</kw>
<arg>${userName}</arg>
<arg>${Password}</arg>
<arg>${Message}</arg>
<status status="PASS" start="2025-08-21T17:29:05.237396" elapsed="2.478857"/>
</kw>
<arg>userName=admin12</arg>
<arg>Password=admin123</arg>
<arg>Message=Invalid credentials</arg>
<status status="PASS" start="2025-08-21T17:29:05.234639" elapsed="2.481689"/>
</kw>
<kw name="Close Browser" owner="SeleniumLibrary" type="TEARDOWN">
<doc>Closes the current browser.</doc>
<status status="PASS" start="2025-08-21T17:29:07.716564" elapsed="2.190568"/>
</kw>
<status status="PASS" start="2025-08-21T17:28:57.566312" elapsed="12.340930"/>
</test>
<status status="PASS" start="2025-08-21T17:28:18.085714" elapsed="51.822038"/>
</suite>
<suite id="s1-s5" name="DataFromExcel" source="D:\Automation practice\Robot Training\Tests\DataFromExcel.robot">
<test id="s1-s5-t1" name="Login Test Using Excel Data Admin and admin123" line="21">
<kw name="Open Login Page" owner="LoginPageKw" type="SETUP">
<kw name="Open Browser" owner="SeleniumLibrary">
<msg time="2025-08-21T17:28:23.699876" level="INFO">Opening browser 'headlesschrome' to base url 'https://opensource-demo.orangehrmlive.com/web/index.php/auth/login'.</msg>
<arg>${URL}</arg>
<arg>${BROWSER}</arg>
<doc>Opens a new browser instance to the optional ``url``.</doc>
<status status="PASS" start="2025-08-21T17:28:23.690159" elapsed="3.091938"/>
</kw>
<kw name="Maximize Browser Window" owner="SeleniumLibrary">
<doc>Maximizes current browser window.</doc>
<status status="PASS" start="2025-08-21T17:28:26.782487" elapsed="2.556845"/>
</kw>
<kw name="Sleep" owner="BuiltIn">
<msg time="2025-08-21T17:28:32.341331" level="INFO">Slept 3 seconds.</msg>
<arg>3s</arg>
<doc>Pauses the test executed for the given time.</doc>
<status status="PASS" start="2025-08-21T17:28:29.340116" elapsed="3.001504"/>
</kw>
<status status="PASS" start="2025-08-21T17:28:23.686680" elapsed="8.655248"/>
</kw>
<kw name="Test Data">
<kw name="Login" owner="LoginPageKw">
<kw name="Input User" owner="LoginPageKw">
<kw name="Input Text" owner="SeleniumLibrary">
<msg time="2025-08-21T17:28:32.347214" level="INFO">Typing text 'Admin' into text field 'name=username'.</msg>
<arg>${USERNAME_FIELD}</arg>
<arg>${username}</arg>
<doc>Types the given ``text`` into the text field identified by ``locator``.</doc>
<status status="PASS" start="2025-08-21T17:28:32.345965" elapsed="1.423547"/>
</kw>
<arg>${user}</arg>
<status status="PASS" start="2025-08-21T17:28:32.344951" elapsed="1.424851"/>
</kw>
<kw name="Input Pass" owner="LoginPageKw">
<kw name="Input Text" owner="SeleniumLibrary">
<msg time="2025-08-21T17:28:33.771898" level="INFO">Typing text 'admin123' into text field 'name=password'.</msg>
<arg>${PASSWORD_FIELD}</arg>
<arg>${password}</arg>
<doc>Types the given ``text`` into the text field identified by ``locator``.</doc>
<status status="PASS" start="2025-08-21T17:28:33.771352" elapsed="0.165360"/>
</kw>
<arg>${pass}</arg>
<status status="PASS" start="2025-08-21T17:28:33.770261" elapsed="0.166715"/>
</kw>
<kw name="Click Login Button" owner="LoginPageKw">
<kw name="Click Button" owner="SeleniumLibrary">
<msg time="2025-08-21T17:28:33.938557" level="INFO">Clicking button 'xpath=//button[@type='submit']'.</msg>
<arg>${LOGIN_BUTTON}</arg>
<doc>Clicks the button identified by ``locator``.</doc>
<status status="PASS" start="2025-08-21T17:28:33.938050" elapsed="0.942125"/>
</kw>
<status status="PASS" start="2025-08-21T17:28:33.937370" elapsed="0.943115"/>
</kw>
<kw name="Page Should Contain text" owner="LoginPageKw">
<kw name="Sleep" owner="BuiltIn">
<msg time="2025-08-21T17:28:36.883079" level="INFO">Slept 2 seconds.</msg>
<arg>2s</arg>
<doc>Pauses the test executed for the given time.</doc>
<status status="PASS" start="2025-08-21T17:28:34.881836" elapsed="2.001448"/>
</kw>
<kw name="Page Should Contain" owner="SeleniumLibrary">
<msg time="2025-08-21T17:28:37.463808" level="INFO">Current page contains text 'Dashboard'.</msg>
<arg>${message}</arg>
<doc>Verifies that current page contains ``text``.</doc>
<status status="PASS" start="2025-08-21T17:28:36.883734" elapsed="0.580307"/>
</kw>
<arg>${message}</arg>
<status status="PASS" start="2025-08-21T17:28:34.880935" elapsed="2.583341"/>
</kw>
<arg>${userName}</arg>
<arg>${Password}</arg>
<arg>${Message}</arg>
<status status="PASS" start="2025-08-21T17:28:32.343668" elapsed="5.120792"/>
</kw>
<arg>userName=Admin</arg>
<arg>Password=admin123</arg>
<arg>Message=Dashboard</arg>
<status status="PASS" start="2025-08-21T17:28:32.342499" elapsed="5.122173"/>
</kw>
<kw name="Close Browser" owner="SeleniumLibrary" type="TEARDOWN">
<doc>Closes the current browser.</doc>
<status status="PASS" start="2025-08-21T17:28:37.465186" elapsed="6.361889"/>
</kw>
<status status="PASS" start="2025-08-21T17:28:23.680516" elapsed="20.146795"/>
</test>
<test id="s1-s5-t2" name="Login Test Using Excel Data AdminUser and admin123" line="21">
<kw name="Open Login Page" owner="LoginPageKw" type="SETUP">
<kw name="Open Browser" owner="SeleniumLibrary">
<msg time="2025-08-21T17:28:43.832400" level="INFO">Opening browser 'headlesschrome' to base url 'https://opensource-demo.orangehrmlive.com/web/index.php/auth/login'.</msg>
<arg>${URL}</arg>
<arg>${BROWSER}</arg>
<doc>Opens a new browser instance to the optional ``url``.</doc>
<status status="PASS" start="2025-08-21T17:28:43.831799" elapsed="5.919412"/>
</kw>
<kw name="Maximize Browser Window" owner="SeleniumLibrary">
<doc>Maximizes current browser window.</doc>
<status status="PASS" start="2025-08-21T17:28:49.751612" elapsed="0.030575"/>
</kw>
<kw name="Sleep" owner="BuiltIn">
<msg time="2025-08-21T17:28:52.783115" level="INFO">Slept 3 seconds.</msg>
<arg>3s</arg>
<doc>Pauses the test executed for the given time.</doc>
<status status="PASS" start="2025-08-21T17:28:49.782560" elapsed="3.000777"/>
</kw>
<status status="PASS" start="2025-08-21T17:28:43.830977" elapsed="8.952643"/>
</kw>
<kw name="Test Data">
<kw name="Login" owner="LoginPageKw">
<kw name="Input User" owner="LoginPageKw">
<kw name="Input Text" owner="SeleniumLibrary">
<msg time="2025-08-21T17:28:52.790187" level="INFO">Typing text 'AdminUser' into text field 'name=username'.</msg>
<arg>${USERNAME_FIELD}</arg>
<arg>${username}</arg>
<doc>Types the given ``text`` into the text field identified by ``locator``.</doc>
<status status="PASS" start="2025-08-21T17:28:52.789384" elapsed="0.418721"/>
</kw>
<arg>${user}</arg>
<status status="PASS" start="2025-08-21T17:28:52.788092" elapsed="0.420486"/>
</kw>
<kw name="Input Pass" owner="LoginPageKw">
<kw name="Input Text" owner="SeleniumLibrary">
<msg time="2025-08-21T17:28:53.210578" level="INFO">Typing text 'admin123' into text field 'name=password'.</msg>
<arg>${PASSWORD_FIELD}</arg>
<arg>${password}</arg>
<doc>Types the given ``text`` into the text field identified by ``locator``.</doc>
<status status="PASS" start="2025-08-21T17:28:53.209936" elapsed="0.541575"/>
</kw>
<arg>${pass}</arg>
<status status="PASS" start="2025-08-21T17:28:53.209011" elapsed="0.542830"/>
</kw>
<kw name="Click Login Button" owner="LoginPageKw">
<kw name="Click Button" owner="SeleniumLibrary">
<msg time="2025-08-21T17:28:53.754327" level="INFO">Clicking button 'xpath=//button[@type='submit']'.</msg>
<arg>${LOGIN_BUTTON}</arg>
<doc>Clicks the button identified by ``locator``.</doc>
<status status="PASS" start="2025-08-21T17:28:53.753604" elapsed="1.243867"/>
</kw>
<status status="PASS" start="2025-08-21T17:28:53.752283" elapsed="1.245494"/>
</kw>
<kw name="Page Should Contain text" owner="LoginPageKw">
<kw name="Sleep" owner="BuiltIn">
<msg time="2025-08-21T17:28:56.999636" level="INFO">Slept 2 seconds.</msg>
<arg>2s</arg>
<doc>Pauses the test executed for the given time.</doc>
<status status="PASS" start="2025-08-21T17:28:54.999062" elapsed="2.000783"/>
</kw>
<kw name="Page Should Contain" owner="SeleniumLibrary">
<msg time="2025-08-21T17:28:57.021539" level="INFO">Current page contains text 'Invalid credentials'.</msg>
<arg>${message}</arg>
<doc>Verifies that current page contains ``text``.</doc>
<status status="PASS" start="2025-08-21T17:28:57.000205" elapsed="0.021539"/>
</kw>
<arg>${message}</arg>
<status status="PASS" start="2025-08-21T17:28:54.998201" elapsed="2.023754"/>
</kw>
<arg>${userName}</arg>
<arg>${Password}</arg>
<arg>${Message}</arg>
<status status="PASS" start="2025-08-21T17:28:52.786391" elapsed="4.235744"/>
</kw>
<arg>userName=AdminUser</arg>
<arg>Password=admin123</arg>
<arg>Message=Invalid credentials</arg>
<status status="PASS" start="2025-08-21T17:28:52.784056" elapsed="4.238262"/>
</kw>
<kw name="Close Browser" owner="SeleniumLibrary" type="TEARDOWN">
<doc>Closes the current browser.</doc>
<status status="PASS" start="2025-08-21T17:28:57.022996" elapsed="2.224972"/>
</kw>
<status status="PASS" start="2025-08-21T17:28:43.828203" elapsed="15.419993"/>
</test>
<test id="s1-s5-t3" name="Login Test Using Excel Data Admin123 and Admin123" line="21">
<kw name="Open Login Page" owner="LoginPageKw" type="SETUP">
<kw name="Open Browser" owner="SeleniumLibrary">
<msg time="2025-08-21T17:28:59.252607" level="INFO">Opening browser 'headlesschrome' to base url 'https://opensource-demo.orangehrmlive.com/web/index.php/auth/login'.</msg>
<arg>${URL}</arg>
<arg>${BROWSER}</arg>
<doc>Opens a new browser instance to the optional ``url``.</doc>
<status status="PASS" start="2025-08-21T17:28:59.251974" elapsed="2.066300"/>
</kw>
<kw name="Maximize Browser Window" owner="SeleniumLibrary">
<doc>Maximizes current browser window.</doc>
<status status="PASS" start="2025-08-21T17:29:01.318837" elapsed="2.220579"/>
</kw>
<kw name="Sleep" owner="BuiltIn">
<msg time="2025-08-21T17:29:06.540868" level="INFO">Slept 3 seconds.</msg>
<arg>3s</arg>
<doc>Pauses the test executed for the given time.</doc>
<status status="PASS" start="2025-08-21T17:29:03.539888" elapsed="3.001132"/>
</kw>
<status status="PASS" start="2025-08-21T17:28:59.251107" elapsed="7.290052"/>
</kw>
<kw name="Test Data">
<kw name="Login" owner="LoginPageKw">
<kw name="Input User" owner="LoginPageKw">
<kw name="Input Text" owner="SeleniumLibrary">
<msg time="2025-08-21T17:29:06.543213" level="INFO">Typing text 'Admin123' into text field 'name=username'.</msg>
<arg>${USERNAME_FIELD}</arg>
<arg>${username}</arg>
<doc>Types the given ``text`` into the text field identified by ``locator``.</doc>
<status status="PASS" start="2025-08-21T17:29:06.542898" elapsed="0.100693"/>
</kw>
<arg>${user}</arg>
<status status="PASS" start="2025-08-21T17:29:06.542521" elapsed="0.101223"/>
</kw>
<kw name="Input Pass" owner="LoginPageKw">
<kw name="Input Text" owner="SeleniumLibrary">
<msg time="2025-08-21T17:29:06.644822" level="INFO">Typing text 'Admin123' into text field 'name=password'.</msg>
<arg>${PASSWORD_FIELD}</arg>
<arg>${password}</arg>
<doc>Types the given ``text`` into the text field identified by ``locator``.</doc>
<status status="PASS" start="2025-08-21T17:29:06.644462" elapsed="0.099351"/>
</kw>
<arg>${pass}</arg>
<status status="PASS" start="2025-08-21T17:29:06.643967" elapsed="0.100081"/>
</kw>
<kw name="Click Login Button" owner="LoginPageKw">
<kw name="Click Button" owner="SeleniumLibrary">
<msg time="2025-08-21T17:29:06.745149" level="INFO">Clicking button 'xpath=//button[@type='submit']'.</msg>
<arg>${LOGIN_BUTTON}</arg>
<doc>Clicks the button identified by ``locator``.</doc>
<status status="PASS" start="2025-08-21T17:29:06.744845" elapsed="0.109482"/>
</kw>
<status status="PASS" start="2025-08-21T17:29:06.744389" elapsed="0.110154"/>
</kw>
<kw name="Page Should Contain text" owner="LoginPageKw">
<kw name="Sleep" owner="BuiltIn">
<msg time="2025-08-21T17:29:08.856359" level="INFO">Slept 2 seconds.</msg>
<arg>2s</arg>
<doc>Pauses the test executed for the given time.</doc>
<status status="PASS" start="2025-08-21T17:29:06.855572" elapsed="2.000970"/>
</kw>
<kw name="Page Should Contain" owner="SeleniumLibrary">
<msg time="2025-08-21T17:29:08.878138" level="INFO">Current page contains text 'Invalid credentials'.</msg>
<arg>${message}</arg>
<doc>Verifies that current page contains ``text``.</doc>
<status status="PASS" start="2025-08-21T17:29:08.856856" elapsed="0.021412"/>
</kw>
<arg>${message}</arg>
<status status="PASS" start="2025-08-21T17:29:06.854852" elapsed="2.023547"/>
</kw>
<arg>${userName}</arg>
<arg>${Password}</arg>
<arg>${Message}</arg>
<status status="PASS" start="2025-08-21T17:29:06.541927" elapsed="2.336559"/>
</kw>
<arg>userName=Admin123</arg>
<arg>Password=Admin123</arg>
<arg>Message=Invalid credentials</arg>
<status status="PASS" start="2025-08-21T17:29:06.541378" elapsed="2.337198"/>
</kw>
<kw name="Close Browser" owner="SeleniumLibrary" type="TEARDOWN">
<doc>Closes the current browser.</doc>
<status status="PASS" start="2025-08-21T17:29:08.878841" elapsed="2.150912"/>
</kw>
<status status="PASS" start="2025-08-21T17:28:59.249330" elapsed="11.780581"/>
</test>
<status status="PASS" start="2025-08-21T17:28:18.145433" elapsed="52.885154"/>
</suite>
<suite id="s1-s6" name="DataFromJson" source="D:\Automation practice\Robot Training\Tests\DataFromJson.robot">
<test id="s1-s6-t1" name="Login Test with JSON Data" line="10">
<kw name="Load Json From File" owner="JSONLibrary">
<msg time="2025-08-21T17:28:19.074135" level="INFO">${data} = {'testdata': [{'userName': 'Admin', 'Password': 'admin123', 'Message': 'Dashboard'}, {'userName': 'User1', 'Password': 'Pass123', 'Message': 'Invalid credentials'}, {'userName': 'Adminn', 'Password': ...</msg>
<var>${data}</var>
<arg>${JSON_FILE}</arg>
<doc>Load JSON from file.</doc>
<status status="PASS" start="2025-08-21T17:28:19.073238" elapsed="0.000991"/>
</kw>
<kw name="Log To Console" owner="BuiltIn">
<arg>${data}</arg>
<doc>Logs the given message to the console.</doc>
<status status="PASS" start="2025-08-21T17:28:19.074577" elapsed="0.000837"/>
</kw>
<kw name="Log To Console" owner="BuiltIn">
<arg>${data['testdata'][2]}</arg>
<doc>Logs the given message to the console.</doc>
<status status="PASS" start="2025-08-21T17:28:19.075699" elapsed="0.000846"/>
</kw>
<for flavor="IN">
<iter>
<kw name="Open Login Page" owner="LoginPageKw">
<kw name="Open Browser" owner="SeleniumLibrary">
<msg time="2025-08-21T17:28:19.079502" level="INFO">Opening browser 'headlesschrome' to base url 'https://opensource-demo.orangehrmlive.com/web/index.php/auth/login'.</msg>
<arg>${URL}</arg>
<arg>${BROWSER}</arg>
<doc>Opens a new browser instance to the optional ``url``.</doc>
<status status="PASS" start="2025-08-21T17:28:19.079059" elapsed="5.715955"/>
</kw>
<kw name="Maximize Browser Window" owner="SeleniumLibrary">
<doc>Maximizes current browser window.</doc>
<status status="PASS" start="2025-08-21T17:28:24.795401" elapsed="0.038070"/>
</kw>
<kw name="Sleep" owner="BuiltIn">
<msg time="2025-08-21T17:28:27.834359" level="INFO">Slept 3 seconds.</msg>
<arg>3s</arg>
<doc>Pauses the test executed for the given time.</doc>
<status status="PASS" start="2025-08-21T17:28:24.833751" elapsed="3.000933"/>
</kw>
<status status="PASS" start="2025-08-21T17:28:19.078525" elapsed="8.756492"/>
</kw>
<kw name="Login" owner="LoginPageKw">
<kw name="Input User" owner="LoginPageKw">
<kw name="Input Text" owner="SeleniumLibrary">
<msg time="2025-08-21T17:28:27.842438" level="INFO">Typing text 'Admin' into text field 'name=username'.</msg>
<arg>${USERNAME_FIELD}</arg>
<arg>${username}</arg>
<doc>Types the given ``text`` into the text field identified by ``locator``.</doc>
<status status="PASS" start="2025-08-21T17:28:27.841278" elapsed="0.941523"/>
</kw>
<arg>${user}</arg>
<status status="PASS" start="2025-08-21T17:28:27.839582" elapsed="0.943556"/>
</kw>
<kw name="Input Pass" owner="LoginPageKw">
<kw name="Input Text" owner="SeleniumLibrary">
<msg time="2025-08-21T17:28:28.785486" level="INFO">Typing text 'admin123' into text field 'name=password'.</msg>
<arg>${PASSWORD_FIELD}</arg>
<arg>${password}</arg>
<doc>Types the given ``text`` into the text field identified by ``locator``.</doc>
<status status="PASS" start="2025-08-21T17:28:28.784646" elapsed="0.811409"/>
</kw>
<arg>${pass}</arg>
<status status="PASS" start="2025-08-21T17:28:28.783615" elapsed="0.812701"/>
</kw>
<kw name="Click Login Button" owner="LoginPageKw">
<kw name="Click Button" owner="SeleniumLibrary">
<msg time="2025-08-21T17:28:29.597804" level="INFO">Clicking button 'xpath=//button[@type='submit']'.</msg>
<arg>${LOGIN_BUTTON}</arg>
<doc>Clicks the button identified by ``locator``.</doc>
<status status="PASS" start="2025-08-21T17:28:29.597289" elapsed="1.667683"/>
</kw>
<status status="PASS" start="2025-08-21T17:28:29.596658" elapsed="1.668743"/>
</kw>
<kw name="Page Should Contain text" owner="LoginPageKw">
<kw name="Sleep" owner="BuiltIn">
<msg time="2025-08-21T17:28:33.268076" level="INFO">Slept 2 seconds.</msg>
<arg>2s</arg>
<doc>Pauses the test executed for the given time.</doc>
<status status="PASS" start="2025-08-21T17:28:31.267086" elapsed="2.001358"/>
</kw>
<kw name="Page Should Contain" owner="SeleniumLibrary">
<msg time="2025-08-21T17:28:34.164354" level="INFO">Current page contains text 'Dashboard'.</msg>
<arg>${message}</arg>
<doc>Verifies that current page contains ``text``.</doc>
<status status="PASS" start="2025-08-21T17:28:33.268855" elapsed="0.895758"/>
</kw>
<arg>${message}</arg>
<status status="PASS" start="2025-08-21T17:28:31.265940" elapsed="2.898911"/>
</kw>
<arg>${case['userName']}</arg>
<arg>${case['Password']}</arg>
<arg>${case['Message']}</arg>
<status status="PASS" start="2025-08-21T17:28:27.835558" elapsed="6.329517"/>
</kw>
<kw name="Close Browser" owner="SeleniumLibrary">
<doc>Closes the current browser.</doc>
<status status="PASS" start="2025-08-21T17:28:34.165406" elapsed="8.916524"/>
</kw>
<var name="${case}">{'userName': 'Admin', 'Password': 'admin123', 'Message': 'Dashboard'}</var>
<status status="PASS" start="2025-08-21T17:28:19.078203" elapsed="24.003953"/>
</iter>
<iter>
<kw name="Open Login Page" owner="LoginPageKw">
<kw name="Open Browser" owner="SeleniumLibrary">
<msg time="2025-08-21T17:28:43.084359" level="INFO">Opening browser 'headlesschrome' to base url 'https://opensource-demo.orangehrmlive.com/web/index.php/auth/login'.</msg>
<arg>${URL}</arg>
<arg>${BROWSER}</arg>
<doc>Opens a new browser instance to the optional ``url``.</doc>
<status status="PASS" start="2025-08-21T17:28:43.083792" elapsed="4.957738"/>
</kw>
<kw name="Maximize Browser Window" owner="SeleniumLibrary">
<doc>Maximizes current browser window.</doc>
<status status="PASS" start="2025-08-21T17:28:48.041962" elapsed="0.031146"/>
</kw>
<kw name="Sleep" owner="BuiltIn">
<msg time="2025-08-21T17:28:51.073926" level="INFO">Slept 3 seconds.</msg>
<arg>3s</arg>
<doc>Pauses the test executed for the given time.</doc>
<status status="PASS" start="2025-08-21T17:28:48.073358" elapsed="3.000901"/>
</kw>
<status status="PASS" start="2025-08-21T17:28:43.083056" elapsed="7.991442"/>
</kw>
<kw name="Login" owner="LoginPageKw">
<kw name="Input User" owner="LoginPageKw">
<kw name="Input Text" owner="SeleniumLibrary">
<msg time="2025-08-21T17:28:51.080464" level="INFO">Typing text 'User1' into text field 'name=username'.</msg>
<arg>${USERNAME_FIELD}</arg>
<arg>${username}</arg>
<doc>Types the given ``text`` into the text field identified by ``locator``.</doc>
<status status="PASS" start="2025-08-21T17:28:51.079767" elapsed="0.307862"/>
</kw>
<arg>${user}</arg>
<status status="PASS" start="2025-08-21T17:28:51.078939" elapsed="0.308966"/>
</kw>
<kw name="Input Pass" owner="LoginPageKw">
<kw name="Input Text" owner="SeleniumLibrary">
<msg time="2025-08-21T17:28:51.390725" level="INFO">Typing text 'Pass123' into text field 'name=password'.</msg>
<arg>${PASSWORD_FIELD}</arg>
<arg>${password}</arg>
<doc>Types the given ``text`` into the text field identified by ``locator``.</doc>
<status status="PASS" start="2025-08-21T17:28:51.389839" elapsed="0.247885"/>
</kw>
<arg>${pass}</arg>
<status status="PASS" start="2025-08-21T17:28:51.388673" elapsed="0.249317"/>
</kw>
<kw name="Click Login Button" owner="LoginPageKw">
<kw name="Click Button" owner="SeleniumLibrary">
<msg time="2025-08-21T17:28:51.639755" level="INFO">Clicking button 'xpath=//button[@type='submit']'.</msg>
<arg>${LOGIN_BUTTON}</arg>
<doc>Clicks the button identified by ``locator``.</doc>
<status status="PASS" start="2025-08-21T17:28:51.639182" elapsed="0.155437"/>
</kw>
<status status="PASS" start="2025-08-21T17:28:51.638461" elapsed="0.156455"/>
</kw>
<kw name="Page Should Contain text" owner="LoginPageKw">
<kw name="Sleep" owner="BuiltIn">
<msg time="2025-08-21T17:28:53.796876" level="INFO">Slept 2 seconds.</msg>
<arg>2s</arg>
<doc>Pauses the test executed for the given time.</doc>
<status status="PASS" start="2025-08-21T17:28:51.796227" elapsed="2.000901"/>
</kw>
<kw name="Page Should Contain" owner="SeleniumLibrary">
<msg time="2025-08-21T17:28:53.846846" level="INFO">Current page contains text 'Invalid credentials'.</msg>
<arg>${message}</arg>
<doc>Verifies that current page contains ``text``.</doc>
<status status="PASS" start="2025-08-21T17:28:53.797590" elapsed="0.049515"/>
</kw>
<arg>${message}</arg>
<status status="PASS" start="2025-08-21T17:28:51.795346" elapsed="2.052126"/>
</kw>
<arg>${case['userName']}</arg>
<arg>${case['Password']}</arg>
<arg>${case['Message']}</arg>
<status status="PASS" start="2025-08-21T17:28:51.074953" elapsed="2.773281"/>
</kw>
<kw name="Close Browser" owner="SeleniumLibrary">
<doc>Closes the current browser.</doc>
<status status="PASS" start="2025-08-21T17:28:53.848801" elapsed="3.577629"/>
</kw>
<var name="${case}">{'userName': 'User1', 'Password': 'Pass123', 'Message': 'Invalid credentials'}</var>
<status status="PASS" start="2025-08-21T17:28:43.082593" elapsed="14.344047"/>
</iter>
<iter>
<kw name="Open Login Page" owner="LoginPageKw">
<kw name="Open Browser" owner="SeleniumLibrary">
<msg time="2025-08-21T17:28:57.428925" level="INFO">Opening browser 'headlesschrome' to base url 'https://opensource-demo.orangehrmlive.com/web/index.php/auth/login'.</msg>
<arg>${URL}</arg>
<arg>${BROWSER}</arg>
<doc>Opens a new browser instance to the optional ``url``.</doc>
<status status="PASS" start="2025-08-21T17:28:57.428350" elapsed="4.781897"/>
</kw>
<kw name="Maximize Browser Window" owner="SeleniumLibrary">
<doc>Maximizes current browser window.</doc>
<status status="PASS" start="2025-08-21T17:29:02.210520" elapsed="0.036992"/>
</kw>
<kw name="Sleep" owner="BuiltIn">
<msg time="2025-08-21T17:29:05.248355" level="INFO">Slept 3 seconds.</msg>
<arg>3s</arg>
<doc>Pauses the test executed for the given time.</doc>
<status status="PASS" start="2025-08-21T17:29:02.247760" elapsed="3.000818"/>
</kw>
<status status="PASS" start="2025-08-21T17:28:57.427566" elapsed="7.821265"/>
</kw>
<kw name="Login" owner="LoginPageKw">
<kw name="Input User" owner="LoginPageKw">
<kw name="Input Text" owner="SeleniumLibrary">
<msg time="2025-08-21T17:29:05.254710" level="INFO">Typing text 'Adminn' into text field 'name=username'.</msg>
<arg>${USERNAME_FIELD}</arg>
<arg>${username}</arg>
<doc>Types the given ``text`` into the text field identified by ``locator``.</doc>
<status status="PASS" start="2025-08-21T17:29:05.254110" elapsed="0.180321"/>
</kw>
<arg>${user}</arg>
<status status="PASS" start="2025-08-21T17:29:05.253237" elapsed="0.181592"/>
</kw>
<kw name="Input Pass" owner="LoginPageKw">
<kw name="Input Text" owner="SeleniumLibrary">
<msg time="2025-08-21T17:29:05.436585" level="INFO">Typing text 'Pass123' into text field 'name=password'.</msg>
<arg>${PASSWORD_FIELD}</arg>
<arg>${password}</arg>
<doc>Types the given ``text`` into the text field identified by ``locator``.</doc>
<status status="PASS" start="2025-08-21T17:29:05.436033" elapsed="0.147017"/>
</kw>
<arg>${pass}</arg>
<status status="PASS" start="2025-08-21T17:29:05.435229" elapsed="0.148070"/>
</kw>
<kw name="Click Login Button" owner="LoginPageKw">
<kw name="Click Button" owner="SeleniumLibrary">
<msg time="2025-08-21T17:29:05.585293" level="INFO">Clicking button 'xpath=//button[@type='submit']'.</msg>
<arg>${LOGIN_BUTTON}</arg>
<doc>Clicks the button identified by ``locator``.</doc>
<status status="PASS" start="2025-08-21T17:29:05.584698" elapsed="0.980684"/>
</kw>
<status status="PASS" start="2025-08-21T17:29:05.583806" elapsed="0.981749"/>
</kw>
<kw name="Page Should Contain text" owner="LoginPageKw">
<kw name="Sleep" owner="BuiltIn">
<msg time="2025-08-21T17:29:08.566656" level="INFO">Slept 2 seconds.</msg>
<arg>2s</arg>
<doc>Pauses the test executed for the given time.</doc>
<status status="PASS" start="2025-08-21T17:29:06.566158" elapsed="2.000608"/>
</kw>
<kw name="Page Should Contain" owner="SeleniumLibrary">
<msg time="2025-08-21T17:29:08.579672" level="INFO">Current page contains text 'Invalid credentials'.</msg>
<arg>${message}</arg>
<doc>Verifies that current page contains ``text``.</doc>
<status status="PASS" start="2025-08-21T17:29:08.566931" elapsed="0.012851"/>
</kw>
<arg>${message}</arg>
<status status="PASS" start="2025-08-21T17:29:06.565758" elapsed="2.014125"/>
</kw>
<arg>${case['userName']}</arg>
<arg>${case['Password']}</arg>
<arg>${case['Message']}</arg>
<status status="PASS" start="2025-08-21T17:29:05.249257" elapsed="3.330692"/>
</kw>
<kw name="Close Browser" owner="SeleniumLibrary">
<doc>Closes the current browser.</doc>
<status status="PASS" start="2025-08-21T17:29:08.580103" elapsed="2.107221"/>
</kw>
<var name="${case}">{'userName': 'Adminn', 'Password': 'Pass123', 'Message': 'Invalid credentials'}</var>
<status status="PASS" start="2025-08-21T17:28:57.427092" elapsed="13.260651"/>
</iter>
<var>${case}</var>
<value>@{data['testdata']}</value>
<status status="PASS" start="2025-08-21T17:28:19.076721" elapsed="51.611414"/>
</for>
<status status="PASS" start="2025-08-21T17:28:19.071412" elapsed="51.617541"/>
</test>
<status status="PASS" start="2025-08-21T17:28:18.241305" elapsed="52.449591"/>
</suite>
<suite id="s1-s7" name="FirstTest" source="D:\Automation practice\Robot Training\Tests\FirstTest.robot">
<test id="s1-s7-t1" name="Verify Example Page Title" line="8">
<kw name="Open Browser" owner="SeleniumLibrary">
<msg time="2025-08-21T17:28:18.680377" level="INFO">Opening browser 'headlesschrome' to base url 'https://example.com'.</msg>
<arg>${URL}</arg>
<arg>${BROWSER}</arg>
<doc>Opens a new browser instance to the optional ``url``.</doc>
<status status="PASS" start="2025-08-21T17:28:18.679766" elapsed="3.658070"/>
</kw>
<kw name="Sleep" owner="BuiltIn">
<msg time="2025-08-21T17:28:25.339236" level="INFO">Slept 3 seconds.</msg>
<arg>3s</arg>
<doc>Pauses the test executed for the given time.</doc>
<status status="PASS" start="2025-08-21T17:28:22.338197" elapsed="3.001276"/>
</kw>
<kw name="Title Should Be" owner="SeleniumLibrary">
<msg time="2025-08-21T17:28:25.676934" level="INFO">Page title is 'Example Domain'.</msg>
<arg>Example Domain</arg>
<doc>Verifies that the current page title equals ``title``.</doc>
<status status="PASS" start="2025-08-21T17:28:25.340144" elapsed="0.336976"/>
</kw>
<kw name="Sleep" owner="BuiltIn">
<msg time="2025-08-21T17:28:28.678000" level="INFO">Slept 3 seconds.</msg>
<arg>3s</arg>
<doc>Pauses the test executed for the given time.</doc>
<status status="PASS" start="2025-08-21T17:28:25.677403" elapsed="3.000846"/>
</kw>
<kw name="Close Browser" owner="SeleniumLibrary">
<doc>Closes the current browser.</doc>
<status status="PASS" start="2025-08-21T17:28:28.678676" elapsed="14.063577"/>
</kw>
<status status="PASS" start="2025-08-21T17:28:18.677867" elapsed="24.064936"/>
</test>
<status status="PASS" start="2025-08-21T17:28:18.160230" elapsed="24.583719"/>
</suite>
<suite id="s1-s8" name="ForLoop" source="D:\Automation practice\Robot Training\Tests\ForLoop.robot">
<test id="s1-s8-t1" name="For_Loop" line="12">
<for flavor="IN RANGE">
<iter>
<kw name="Log To Console" owner="BuiltIn">
<arg>${i}</arg>
<doc>Logs the given message to the console.</doc>
<status status="PASS" start="2025-08-21T17:28:18.663988" elapsed="0.000580"/>
</kw>
<var name="${i}">1</var>
<status status="PASS" start="2025-08-21T17:28:18.662416" elapsed="0.002350"/>
</iter>
<iter>
<kw name="Log To Console" owner="BuiltIn">
<arg>${i}</arg>
<doc>Logs the given message to the console.</doc>
<status status="PASS" start="2025-08-21T17:28:18.665321" elapsed="0.000490"/>
</kw>
<var name="${i}">2</var>
<status status="PASS" start="2025-08-21T17:28:18.665039" elapsed="0.000935"/>
</iter>
<iter>
<kw name="Log To Console" owner="BuiltIn">
<arg>${i}</arg>
<doc>Logs the given message to the console.</doc>
<status status="PASS" start="2025-08-21T17:28:18.666473" elapsed="0.000448"/>
</kw>
<var name="${i}">3</var>
<status status="PASS" start="2025-08-21T17:28:18.666211" elapsed="0.000836"/>
</iter>
<iter>
<kw name="Log To Console" owner="BuiltIn">
<arg>${i}</arg>
<doc>Logs the given message to the console.</doc>
<status status="PASS" start="2025-08-21T17:28:18.667549" elapsed="0.000457"/>
</kw>
<var name="${i}">4</var>
<status status="PASS" start="2025-08-21T17:28:18.667303" elapsed="0.000838"/>
</iter>
<iter>
<kw name="Log To Console" owner="BuiltIn">
<arg>${i}</arg>
<doc>Logs the given message to the console.</doc>
<status status="PASS" start="2025-08-21T17:28:18.668622" elapsed="0.000439"/>
</kw>
<var name="${i}">5</var>
<status status="PASS" start="2025-08-21T17:28:18.668385" elapsed="0.000786"/>
</iter>
<iter>
<kw name="Log To Console" owner="BuiltIn">
<arg>${i}</arg>
<doc>Logs the given message to the console.</doc>
<status status="PASS" start="2025-08-21T17:28:18.669641" elapsed="0.000425"/>
</kw>
<var name="${i}">6</var>
<status status="PASS" start="2025-08-21T17:28:18.669410" elapsed="0.000772"/>
</iter>
<iter>
<kw name="Log To Console" owner="BuiltIn">
<arg>${i}</arg>
<doc>Logs the given message to the console.</doc>
<status status="PASS" start="2025-08-21T17:28:18.671036" elapsed="0.000402"/>
</kw>
<var name="${i}">7</var>
<status status="PASS" start="2025-08-21T17:28:18.670776" elapsed="0.000792"/>
</iter>
<iter>
<kw name="Log To Console" owner="BuiltIn">
<arg>${i}</arg>
<doc>Logs the given message to the console.</doc>
<status status="PASS" start="2025-08-21T17:28:18.671992" elapsed="0.000372"/>
</kw>
<var name="${i}">8</var>
<status status="PASS" start="2025-08-21T17:28:18.671780" elapsed="0.000688"/>
</iter>
<iter>
<kw name="Log To Console" owner="BuiltIn">
<arg>${i}</arg>
<doc>Logs the given message to the console.</doc>
<status status="PASS" start="2025-08-21T17:28:18.672902" elapsed="0.000471"/>
</kw>
<var name="${i}">9</var>
<status status="PASS" start="2025-08-21T17:28:18.672689" elapsed="0.000939"/>
</iter>
<var>${i}</var>
<value>1</value>
<value>10</value>
<status status="PASS" start="2025-08-21T17:28:18.661899" elapsed="0.011892"/>
</for>
<status status="PASS" start="2025-08-21T17:28:18.661299" elapsed="0.012894"/>
</test>
<test id="s1-s8-t2" name="For_Loop for List" line="16">
<for flavor="IN">
<iter>
<kw name="Log To Console" owner="BuiltIn">
<arg>${element}</arg>
<doc>Logs the given message to the console.</doc>
<status status="PASS" start="2025-08-21T17:28:18.676167" elapsed="0.000798"/>
</kw>
<var name="${element}">1 2 3 4 5 6 7 8 9</var>
<status status="PASS" start="2025-08-21T17:28:18.675935" elapsed="0.001214"/>
</iter>
<var>${element}</var>
<value>@{nums}</value>
<status status="PASS" start="2025-08-21T17:28:18.675567" elapsed="0.001797"/>
</for>
<status status="PASS" start="2025-08-21T17:28:18.674928" elapsed="0.002724"/>
</test>
<test id="s1-s8-t3" name="For_loop with Strings" line="20">
<for flavor="IN">
<iter>
<kw name="Log To Console" owner="BuiltIn">
<arg>${string}</arg>
<doc>Logs the given message to the console.</doc>
<status status="PASS" start="2025-08-21T17:28:18.679336" elapsed="0.000383"/>
</kw>
<var name="${string}">mahi</var>
<status status="PASS" start="2025-08-21T17:28:18.679101" elapsed="0.000756"/>
</iter>
<iter>
<kw name="Log To Console" owner="BuiltIn">
<arg>${string}</arg>
<doc>Logs the given message to the console.</doc>
<status status="PASS" start="2025-08-21T17:28:18.680310" elapsed="0.000384"/>
</kw>
<var name="${string}">mahesh</var>
<status status="PASS" start="2025-08-21T17:28:18.680085" elapsed="0.000744"/>
</iter>
<iter>
<kw name="Log To Console" owner="BuiltIn">
<arg>${string}</arg>
<doc>Logs the given message to the console.</doc>
<status status="PASS" start="2025-08-21T17:28:18.681277" elapsed="0.000383"/>
</kw>
<var name="${string}">mahendra</var>
<status status="PASS" start="2025-08-21T17:28:18.681043" elapsed="0.000759"/>
</iter>
<var>${string}</var>
<value>@{str}</value>
<status status="PASS" start="2025-08-21T17:28:18.678767" elapsed="0.003174"/>
</for>
<status status="PASS" start="2025-08-21T17:28:18.678298" elapsed="0.003881"/>
</test>
<test id="s1-s8-t4" name="For_Loop with Condition" line="24">
<for flavor="IN RANGE">
<iter>
<kw name="Log To Console" owner="BuiltIn">
<arg>${i}</arg>
<doc>Logs the given message to the console.</doc>
<status status="PASS" start="2025-08-21T17:28:18.683791" elapsed="0.000433"/>
</kw>
<kw name="Exit For Loop If" owner="BuiltIn">
<arg>${i}==7</arg>
<doc>Stops executing the enclosing FOR loop if the ``condition`` is true.</doc>
<status status="PASS" start="2025-08-21T17:28:18.684491" elapsed="0.000531"/>
</kw>
<var name="${i}">1</var>
<status status="PASS" start="2025-08-21T17:28:18.683528" elapsed="0.001620"/>
</iter>
<iter>
<kw name="Log To Console" owner="BuiltIn">
<arg>${i}</arg>
<doc>Logs the given message to the console.</doc>
<status status="PASS" start="2025-08-21T17:28:18.685608" elapsed="0.000403"/>
</kw>
<kw name="Exit For Loop If" owner="BuiltIn">
<arg>${i}==7</arg>
<doc>Stops executing the enclosing FOR loop if the ``condition`` is true.</doc>
<status status="PASS" start="2025-08-21T17:28:18.686244" elapsed="0.000514"/>
</kw>
<var name="${i}">2</var>
<status status="PASS" start="2025-08-21T17:28:18.685369" elapsed="0.001503"/>
</iter>
<iter>
<kw name="Log To Console" owner="BuiltIn">
<arg>${i}</arg>
<doc>Logs the given message to the console.</doc>
<status status="PASS" start="2025-08-21T17:28:18.687350" elapsed="0.000408"/>
</kw>
<kw name="Exit For Loop If" owner="BuiltIn">
<arg>${i}==7</arg>
<doc>Stops executing the enclosing FOR loop if the ``condition`` is true.</doc>
<status status="PASS" start="2025-08-21T17:28:18.687981" elapsed="0.000442"/>
</kw>
<var name="${i}">3</var>
<status status="PASS" start="2025-08-21T17:28:18.687111" elapsed="0.001447"/>
</iter>
<iter>
<kw name="Log To Console" owner="BuiltIn">
<arg>${i}</arg>
<doc>Logs the given message to the console.</doc>
<status status="PASS" start="2025-08-21T17:28:18.689033" elapsed="0.000902"/>
</kw>
<kw name="Exit For Loop If" owner="BuiltIn">
<arg>${i}==7</arg>
<doc>Stops executing the enclosing FOR loop if the ``condition`` is true.</doc>
<status status="PASS" start="2025-08-21T17:28:18.690189" elapsed="0.000450"/>
</kw>
<var name="${i}">4</var>
<status status="PASS" start="2025-08-21T17:28:18.688794" elapsed="0.001977"/>
</iter>
<iter>
<kw name="Log To Console" owner="BuiltIn">
<arg>${i}</arg>
<doc>Logs the given message to the console.</doc>
<status status="PASS" start="2025-08-21T17:28:18.691196" elapsed="0.000384"/>
</kw>
<kw name="Exit For Loop If" owner="BuiltIn">
<arg>${i}==7</arg>
<doc>Stops executing the enclosing FOR loop if the ``condition`` is true.</doc>
<status status="PASS" start="2025-08-21T17:28:18.691795" elapsed="0.000484"/>
</kw>
<var name="${i}">5</var>
<status status="PASS" start="2025-08-21T17:28:18.690968" elapsed="0.001559"/>
</iter>
<iter>
<kw name="Log To Console" owner="BuiltIn">
<arg>${i}</arg>
<doc>Logs the given message to the console.</doc>
<status status="PASS" start="2025-08-21T17:28:18.693030" elapsed="0.000391"/>
</kw>
<kw name="Exit For Loop If" owner="BuiltIn">
<arg>${i}==7</arg>
<doc>Stops executing the enclosing FOR loop if the ``condition`` is true.</doc>
<status status="PASS" start="2025-08-21T17:28:18.693666" elapsed="0.002688"/>
</kw>
<var name="${i}">6</var>
<status status="PASS" start="2025-08-21T17:28:18.692794" elapsed="0.003843"/>
</iter>
<iter>
<kw name="Log To Console" owner="BuiltIn">
<arg>${i}</arg>
<doc>Logs the given message to the console.</doc>
<status status="PASS" start="2025-08-21T17:28:18.697174" elapsed="0.000462"/>
</kw>
<kw name="Exit For Loop If" owner="BuiltIn">
<msg time="2025-08-21T17:28:18.698393" level="INFO">Exiting for loop altogether.</msg>
<arg>${i}==7</arg>
<doc>Stops executing the enclosing FOR loop if the ``condition`` is true.</doc>
<status status="PASS" start="2025-08-21T17:28:18.697902" elapsed="0.000679"/>
</kw>
<var name="${i}">7</var>
<status status="PASS" start="2025-08-21T17:28:18.696925" elapsed="0.001790"/>
</iter>
<var>${i}</var>
<value>1</value>
<value>10</value>
<status status="PASS" start="2025-08-21T17:28:18.683115" elapsed="0.015764"/>
</for>
<status status="PASS" start="2025-08-21T17:28:18.682585" elapsed="0.016557"/>
</test>
<test id="s1-s8-t5" name="For_Loop With Dictonaries" line="29">
<kw name="Get Dictionary Keys" owner="Collections">
<msg time="2025-08-21T17:28:18.700678" level="INFO">@{dict_keys} = [ age | mob_no | name ]</msg>
<var>@{dict_keys}</var>
<arg>${var}</arg>
<doc>Returns keys of the given ``dictionary`` as a list.</doc>
<status status="PASS" start="2025-08-21T17:28:18.700183" elapsed="0.000576"/>
</kw>
<kw name="Log To Console" owner="BuiltIn">
<arg>${dict_keys}</arg>
<doc>Logs the given message to the console.</doc>
<status status="PASS" start="2025-08-21T17:28:18.700998" elapsed="0.000373"/>
</kw>
<kw name="Get Dictionary Values" owner="Collections">
<msg time="2025-08-21T17:28:18.702012" level="INFO">@{values} = [ 23 | 9100 | mahi ]</msg>
<var>@{values}</var>
<arg>${var}</arg>
<doc>Returns values of the given ``dictionary`` as a list.</doc>
<status status="PASS" start="2025-08-21T17:28:18.701603" elapsed="0.000474"/>
</kw>
<kw name="Log To Console" owner="BuiltIn">
<arg>${values}</arg>
<doc>Logs the given message to the console.</doc>
<status status="PASS" start="2025-08-21T17:28:18.702318" elapsed="0.000393"/>
</kw>
<for flavor="IN">
<iter>
<kw name="Log To Console" owner="BuiltIn">
<arg>${key}</arg>
<doc>Logs the given message to the console.</doc>
<status status="PASS" start="2025-08-21T17:28:18.703447" elapsed="0.000379"/>
</kw>
<kw name="Get From Dictionary" owner="Collections">
<msg time="2025-08-21T17:28:18.704490" level="INFO">${value} = 23</msg>
<var>${value}</var>
<arg>${var}</arg>
<arg>${key}</arg>
<doc>Returns a value from the given ``dictionary`` based on the given ``key``.</doc>
<status status="PASS" start="2025-08-21T17:28:18.704073" elapsed="0.000482"/>
</kw>
<kw name="Log To Console" owner="BuiltIn">
<arg>${value}</arg>
<doc>Logs the given message to the console.</doc>
<status status="PASS" start="2025-08-21T17:28:18.704813" elapsed="0.000368"/>
</kw>
<kw name="Log To Console" owner="BuiltIn">
<arg>${key}=${value}</arg>
<doc>Logs the given message to the console.</doc>
<status status="PASS" start="2025-08-21T17:28:18.705415" elapsed="0.000474"/>
</kw>
<var name="${key}">age</var>
<status status="PASS" start="2025-08-21T17:28:18.703216" elapsed="0.002791"/>
</iter>
<iter>
<kw name="Log To Console" owner="BuiltIn">
<arg>${key}</arg>
<doc>Logs the given message to the console.</doc>
<status status="PASS" start="2025-08-21T17:28:18.706481" elapsed="0.000391"/>
</kw>
<kw name="Get From Dictionary" owner="Collections">
<msg time="2025-08-21T17:28:18.707507" level="INFO">${value} = 9100</msg>
<var>${value}</var>
<arg>${var}</arg>
<arg>${key}</arg>
<doc>Returns a value from the given ``dictionary`` based on the given ``key``.</doc>
<status status="PASS" start="2025-08-21T17:28:18.707105" elapsed="0.000460"/>
</kw>
<kw name="Log To Console" owner="BuiltIn">
<arg>${value}</arg>
<doc>Logs the given message to the console.</doc>
<status status="PASS" start="2025-08-21T17:28:18.707824" elapsed="0.000589"/>
</kw>
<kw name="Log To Console" owner="BuiltIn">
<arg>${key}=${value}</arg>
<doc>Logs the given message to the console.</doc>
<status status="PASS" start="2025-08-21T17:28:18.708666" elapsed="0.000527"/>
</kw>
<var name="${key}">mob_no</var>
<status status="PASS" start="2025-08-21T17:28:18.706249" elapsed="0.003073"/>
</iter>
<iter>
<kw name="Log To Console" owner="BuiltIn">
<arg>${key}</arg>
<doc>Logs the given message to the console.</doc>
<status status="PASS" start="2025-08-21T17:28:18.709873" elapsed="0.000389"/>
</kw>
<kw name="Get From Dictionary" owner="Collections">
<msg time="2025-08-21T17:28:18.710950" level="INFO">${value} = mahi</msg>
<var>${value}</var>
<arg>${var}</arg>
<arg>${key}</arg>
<doc>Returns a value from the given ``dictionary`` based on the given ``key``.</doc>
<status status="PASS" start="2025-08-21T17:28:18.710488" elapsed="0.000527"/>
</kw>
<kw name="Log To Console" owner="BuiltIn">
<arg>${value}</arg>
<doc>Logs the given message to the console.</doc>
<status status="PASS" start="2025-08-21T17:28:18.711247" elapsed="0.000411"/>
</kw>
<kw name="Log To Console" owner="BuiltIn">
<arg>${key}=${value}</arg>
<doc>Logs the given message to the console.</doc>
<status status="PASS" start="2025-08-21T17:28:18.711938" elapsed="0.000493"/>
</kw>
<var name="${key}">name</var>
<status status="PASS" start="2025-08-21T17:28:18.709598" elapsed="0.002965"/>
</iter>
<var>${key}</var>
<value>@{dict_keys}</value>
<status status="PASS" start="2025-08-21T17:28:18.702861" elapsed="0.009826"/>
</for>
<status status="PASS" start="2025-08-21T17:28:18.699540" elapsed="0.013415"/>
</test>
<status status="PASS" start="2025-08-21T17:28:18.090046" elapsed="0.623590"/>
</suite>
<suite id="s1-s9" name="Headless" source="D:\Automation practice\Robot Training\Tests\Headless.robot">
<test id="s1-s9-t1" name="Run Tests under Headless Browser" line="7">
<kw name="Open Browser" owner="SeleniumLibrary">
<msg time="2025-08-21T17:28:18.887692" level="INFO">Opening browser 'headlesschrome' to base url 'https://www.google.com/'.</msg>
<arg>${URL}</arg>
<arg>headlesschrome</arg>
<doc>Opens a new browser instance to the optional ``url``.</doc>
<status status="PASS" start="2025-08-21T17:28:18.887045" elapsed="3.125231"/>
</kw>
<kw name="Maximize Browser Window" owner="SeleniumLibrary">
<doc>Maximizes current browser window.</doc>
<status status="PASS" start="2025-08-21T17:28:22.012680" elapsed="1.610569"/>
</kw>
<kw name="Sleep" owner="BuiltIn">
<msg time="2025-08-21T17:28:25.625181" level="INFO">Slept 2 seconds.</msg>
<arg>2s</arg>
<doc>Pauses the test executed for the given time.</doc>
<status status="PASS" start="2025-08-21T17:28:23.623545" elapsed="2.001852"/>
</kw>
<kw name="Input Text" owner="SeleniumLibrary">
<msg time="2025-08-21T17:28:25.627080" level="INFO">Typing text 'Automation Step by step' into text field 'class=gLFyf'.</msg>
<arg>class=gLFyf</arg>
<arg>Automation Step by step</arg>
<doc>Types the given ``text`` into the text field identified by ``locator``.</doc>
<status status="PASS" start="2025-08-21T17:28:25.626127" elapsed="0.551355"/>
</kw>
<kw name="Sleep" owner="BuiltIn">
<msg time="2025-08-21T17:28:28.178634" level="INFO">Slept 2 seconds.</msg>
<arg>2s</arg>
<doc>Pauses the test executed for the given time.</doc>
<status status="PASS" start="2025-08-21T17:28:26.177782" elapsed="2.001093"/>
</kw>
<kw name="Click Button" owner="SeleniumLibrary">
<msg time="2025-08-21T17:28:28.179841" level="INFO">Clicking button 'class=gNO89b'.</msg>
<arg>class=gNO89b</arg>
<doc>Clicks the button identified by ``locator``.</doc>
<status status="PASS" start="2025-08-21T17:28:28.179275" elapsed="3.381023"/>
</kw>
<kw name="Sleep" owner="BuiltIn">
<msg time="2025-08-21T17:28:33.561761" level="INFO">Slept 2 seconds.</msg>
<arg>2s</arg>
<doc>Pauses the test executed for the given time.</doc>
<status status="PASS" start="2025-08-21T17:28:31.560786" elapsed="2.001209"/>
</kw>
<kw name="Sleep" owner="BuiltIn">
<msg time="2025-08-21T17:28:38.563160" level="INFO">Slept 5 seconds.</msg>
<arg>5s</arg>
<doc>Pauses the test executed for the given time.</doc>
<status status="PASS" start="2025-08-21T17:28:33.562343" elapsed="5.001027"/>
</kw>
<kw name="Close Browser" owner="SeleniumLibrary">
<doc>Closes the current browser.</doc>
<status status="PASS" start="2025-08-21T17:28:38.563736" elapsed="4.317513"/>
</kw>
<status status="PASS" start="2025-08-21T17:28:18.885242" elapsed="23.996460"/>
</test>
<status status="PASS" start="2025-08-21T17:28:18.258241" elapsed="24.624709"/>
</suite>
<suite id="s1-s10" name="Iframes" source="D:\Automation practice\Robot Training\Tests\Iframes.robot">
<test id="s1-s10-t1" name="Handling iframes" line="6">
<kw name="Open Browser" owner="SeleniumLibrary">
<msg time="2025-08-21T17:28:18.680242" level="INFO">Opening browser 'headlesschrome' to base url 'https://www.w3schools.com/js/tryit.asp?filename=tryjs_myfirst'.</msg>
<arg>https://www.w3schools.com/js/tryit.asp?filename=tryjs_myfirst</arg>
<arg>${BROWSER}</arg>
<doc>Opens a new browser instance to the optional ``url``.</doc>
<status status="PASS" start="2025-08-21T17:28:18.679603" elapsed="21.257014"/>
</kw>
<kw name="Maximize Browser Window" owner="SeleniumLibrary">
<doc>Maximizes current browser window.</doc>
<status status="PASS" start="2025-08-21T17:28:39.937174" elapsed="0.057209"/>
</kw>
<kw name="Select Frame" owner="SeleniumLibrary">
<msg time="2025-08-21T17:28:39.995730" level="INFO">Selecting frame 'id=iframeResult'.</msg>
<arg>id=iframeResult</arg>
<doc>Sets frame identified by ``locator`` as the current frame.</doc>
<status status="PASS" start="2025-08-21T17:28:39.994830" elapsed="0.098170"/>
</kw>
<kw name="Current Frame Should Contain" owner="SeleniumLibrary">
<msg time="2025-08-21T17:28:40.118115" level="INFO">Current frame contains text 'My First JavaScript'.</msg>
<arg>My First JavaScript</arg>
<doc>Verifies that the current frame contains ``text``.</doc>
<status status="PASS" start="2025-08-21T17:28:40.093436" elapsed="0.024904"/>
</kw>
<kw name="Current Frame Should Not Contain" owner="SeleniumLibrary">
<msg time="2025-08-21T17:28:40.142552" level="INFO">Current frame did not contain text 'text'.</msg>
<arg>text</arg>
<doc>Verifies that the current frame does not contain ``text``.</doc>
<status status="PASS" start="2025-08-21T17:28:40.118774" elapsed="0.023996"/>
</kw>
<kw name="Click Button" owner="SeleniumLibrary">
<msg time="2025-08-21T17:28:40.143666" level="INFO">Clicking button 'css=button[type='button']'.</msg>
<arg>css=button[type='button']</arg>
<doc>Clicks the button identified by ``locator``.</doc>
<status status="PASS" start="2025-08-21T17:28:40.143138" elapsed="0.550431"/>
</kw>
<kw name="Sleep" owner="BuiltIn">
<msg time="2025-08-21T17:28:43.695165" level="INFO">Slept 3 seconds.</msg>
<arg>3s</arg>
<doc>Pauses the test executed for the given time.</doc>
<status status="PASS" start="2025-08-21T17:28:40.693983" elapsed="3.001391"/>
</kw>
<kw name="Unselect Frame" owner="SeleniumLibrary">
<doc>Sets the main frame as the current frame.</doc>
<status status="PASS" start="2025-08-21T17:28:43.695711" elapsed="0.018938"/>
</kw>
<kw name="Frame Should Contain" owner="SeleniumLibrary">
<msg time="2025-08-21T17:28:43.774090" level="INFO">Searching for text from frame 'id=iframeResult'.</msg>
<msg time="2025-08-21T17:28:43.791918" level="INFO">Frame 'id=iframeResult' contains text 'My First JavaScript'.</msg>
<arg>id=iframeResult</arg>
<arg>My First JavaScript</arg>
<doc>Verifies that frame identified by ``locator`` contains ``text``.</doc>
<status status="PASS" start="2025-08-21T17:28:43.715023" elapsed="0.077129"/>
</kw>
<status status="PASS" start="2025-08-21T17:28:18.677841" elapsed="25.114727"/>
</test>
<status status="PASS" start="2025-08-21T17:28:18.114072" elapsed="25.679621"/>
</suite>
<suite id="s1-s11" name="LoginTest" source="D:\Automation practice\Robot Training\Tests\LoginTest.robot">
<test id="s1-s11-t1" name="Valid Login Test" line="11">
<kw name="Open Login Page" owner="LoginPageKw" type="SETUP">
<kw name="Open Browser" owner="SeleniumLibrary">
<msg time="2025-08-21T17:28:21.848035" level="INFO">Opening browser 'headlesschrome' to base url 'https://opensource-demo.orangehrmlive.com/web/index.php/auth/login'.</msg>
<arg>${URL}</arg>
<arg>${BROWSER}</arg>
<doc>Opens a new browser instance to the optional ``url``.</doc>
<status status="PASS" start="2025-08-21T17:28:21.847412" elapsed="7.183805"/>
</kw>
<kw name="Maximize Browser Window" owner="SeleniumLibrary">
<doc>Maximizes current browser window.</doc>
<status status="PASS" start="2025-08-21T17:28:29.031855" elapsed="0.189254"/>
</kw>
<kw name="Sleep" owner="BuiltIn">
<msg time="2025-08-21T17:28:32.222448" level="INFO">Slept 3 seconds.</msg>
<arg>3s</arg>
<doc>Pauses the test executed for the given time.</doc>
<status status="PASS" start="2025-08-21T17:28:29.221497" elapsed="3.001662"/>
</kw>
<status status="PASS" start="2025-08-21T17:28:21.845958" elapsed="10.377636"/>
</kw>
<kw name="Login" owner="LoginPageKw">
<kw name="Input User" owner="LoginPageKw">
<kw name="Input Text" owner="SeleniumLibrary">
<msg time="2025-08-21T17:28:32.227130" level="INFO">Typing text 'Admin' into text field 'name=username'.</msg>
<arg>${USERNAME_FIELD}</arg>
<arg>${username}</arg>
<doc>Types the given ``text`` into the text field identified by ``locator``.</doc>
<status status="PASS" start="2025-08-21T17:28:32.226144" elapsed="2.459025"/>
</kw>
<arg>${user}</arg>
<status status="PASS" start="2025-08-21T17:28:32.225336" elapsed="2.460197"/>
</kw>
<kw name="Input Pass" owner="LoginPageKw">
<kw name="Input Text" owner="SeleniumLibrary">
<msg time="2025-08-21T17:28:34.687556" level="INFO">Typing text 'admin123' into text field 'name=password'.</msg>
<arg>${PASSWORD_FIELD}</arg>
<arg>${password}</arg>
<doc>Types the given ``text`` into the text field identified by ``locator``.</doc>
<status status="PASS" start="2025-08-21T17:28:34.686795" elapsed="0.520898"/>
</kw>
<arg>${pass}</arg>
<status status="PASS" start="2025-08-21T17:28:34.685931" elapsed="0.522109"/>
</kw>
<kw name="Click Login Button" owner="LoginPageKw">
<kw name="Click Button" owner="SeleniumLibrary">
<msg time="2025-08-21T17:28:35.210525" level="INFO">Clicking button 'xpath=//button[@type='submit']'.</msg>
<arg>${LOGIN_BUTTON}</arg>
<doc>Clicks the button identified by ``locator``.</doc>
<status status="PASS" start="2025-08-21T17:28:35.209795" elapsed="0.279412"/>
</kw>
<status status="PASS" start="2025-08-21T17:28:35.208589" elapsed="0.280970"/>
</kw>
<kw name="Page Should Contain text" owner="LoginPageKw">
<kw name="Sleep" owner="BuiltIn">
<msg time="2025-08-21T17:28:37.493039" level="INFO">Slept 2 seconds.</msg>
<arg>2s</arg>
<doc>Pauses the test executed for the given time.</doc>
<status status="PASS" start="2025-08-21T17:28:35.491320" elapsed="2.002030"/>
</kw>
<kw name="Page Should Contain" owner="SeleniumLibrary">
<msg time="2025-08-21T17:28:37.660594" level="INFO">Current page contains text 'Dashboard'.</msg>
<arg>${message}</arg>
<doc>Verifies that current page contains ``text``.</doc>
<status status="PASS" start="2025-08-21T17:28:37.493700" elapsed="0.167089"/>
</kw>
<arg>${message}</arg>
<status status="PASS" start="2025-08-21T17:28:35.490071" elapsed="2.170944"/>
</kw>
<arg>Admin</arg>
<arg>admin123</arg>
<arg>Dashboard</arg>
<status status="PASS" start="2025-08-21T17:28:32.224250" elapsed="5.436952"/>
</kw>
<kw name="Close Browser" owner="SeleniumLibrary" type="TEARDOWN">
<doc>Closes the current browser.</doc>
<status status="PASS" start="2025-08-21T17:28:37.661711" elapsed="5.064349"/>
</kw>
<status status="PASS" start="2025-08-21T17:28:21.843778" elapsed="20.882530"/>
</test>
<test id="s1-s11-t2" name="Invalid Login Test" line="14">
<kw name="Open Login Page" owner="LoginPageKw" type="SETUP">
<kw name="Open Browser" owner="SeleniumLibrary">
<msg time="2025-08-21T17:28:42.729837" level="INFO">Opening browser 'headlesschrome' to base url 'https://opensource-demo.orangehrmlive.com/web/index.php/auth/login'.</msg>
<arg>${URL}</arg>
<arg>${BROWSER}</arg>
<doc>Opens a new browser instance to the optional ``url``.</doc>
<status status="PASS" start="2025-08-21T17:28:42.729210" elapsed="6.143024"/>
</kw>
<kw name="Maximize Browser Window" owner="SeleniumLibrary">
<doc>Maximizes current browser window.</doc>
<status status="PASS" start="2025-08-21T17:28:48.872488" elapsed="0.021930"/>
</kw>
<kw name="Sleep" owner="BuiltIn">
<msg time="2025-08-21T17:28:51.895098" level="INFO">Slept 3 seconds.</msg>
<arg>3s</arg>
<doc>Pauses the test executed for the given time.</doc>
<status status="PASS" start="2025-08-21T17:28:48.894670" elapsed="3.000570"/>
</kw>
<status status="PASS" start="2025-08-21T17:28:42.728365" elapsed="9.167013"/>
</kw>
<kw name="Login" owner="LoginPageKw">
<kw name="Input User" owner="LoginPageKw">
<kw name="Input Text" owner="SeleniumLibrary">
<msg time="2025-08-21T17:28:51.896934" level="INFO">Typing text 'Admin' into text field 'name=username'.</msg>
<arg>${USERNAME_FIELD}</arg>
<arg>${username}</arg>
<doc>Types the given ``text`` into the text field identified by ``locator``.</doc>
<status status="PASS" start="2025-08-21T17:28:51.896573" elapsed="0.237389"/>
</kw>
<arg>${user}</arg>
<status status="PASS" start="2025-08-21T17:28:51.896179" elapsed="0.238059"/>
</kw>
<kw name="Input Pass" owner="LoginPageKw">
<kw name="Input Text" owner="SeleniumLibrary">
<msg time="2025-08-21T17:28:52.136460" level="INFO">Typing text 'Admin' into text field 'name=password'.</msg>
<arg>${PASSWORD_FIELD}</arg>
<arg>${password}</arg>
<doc>Types the given ``text`` into the text field identified by ``locator``.</doc>
<status status="PASS" start="2025-08-21T17:28:52.135564" elapsed="0.109593"/>
</kw>
<arg>${pass}</arg>
<status status="PASS" start="2025-08-21T17:28:52.134817" elapsed="0.110505"/>
</kw>
<kw name="Click Login Button" owner="LoginPageKw">
<kw name="Click Button" owner="SeleniumLibrary">
<msg time="2025-08-21T17:28:52.246399" level="INFO">Clicking button 'xpath=//button[@type='submit']'.</msg>
<arg>${LOGIN_BUTTON}</arg>
<doc>Clicks the button identified by ``locator``.</doc>
<status status="PASS" start="2025-08-21T17:28:52.246059" elapsed="0.125127"/>
</kw>
<status status="PASS" start="2025-08-21T17:28:52.245560" elapsed="0.125906"/>
</kw>
<kw name="Page Should Contain text" owner="LoginPageKw">
<kw name="Sleep" owner="BuiltIn">
<msg time="2025-08-21T17:28:54.373784" level="INFO">Slept 2 seconds.</msg>
<arg>2s</arg>
<doc>Pauses the test executed for the given time.</doc>
<status status="PASS" start="2025-08-21T17:28:52.372778" elapsed="2.001241"/>
</kw>
<kw name="Page Should Contain" owner="SeleniumLibrary">
<msg time="2025-08-21T17:28:54.638958" level="INFO">Current page contains text 'Invalid credentials'.</msg>
<arg>${message}</arg>
<doc>Verifies that current page contains ``text``.</doc>
<status status="PASS" start="2025-08-21T17:28:54.374412" elapsed="0.264762"/>
</kw>
<arg>${message}</arg>
<status status="PASS" start="2025-08-21T17:28:52.371834" elapsed="2.267582"/>
</kw>
<arg>Admin</arg>
<arg>Admin</arg>
<arg>Invalid credentials</arg>
<status status="PASS" start="2025-08-21T17:28:51.895661" elapsed="2.743952"/>
</kw>
<kw name="Close Browser" owner="SeleniumLibrary" type="TEARDOWN">
<doc>Closes the current browser.</doc>
<status status="PASS" start="2025-08-21T17:28:54.640129" elapsed="2.801936"/>
</kw>
<status status="PASS" start="2025-08-21T17:28:42.727290" elapsed="14.715119"/>
</test>
<status status="PASS" start="2025-08-21T17:28:19.335982" elapsed="38.108262"/>
</suite>
<suite id="s1-s12" name="Practice" source="D:\Automation practice\Robot Training\Tests\Practice.robot">
<test id="s1-s12-t1" name="Practicing" line="6">
<kw name="Log To Console" owner="BuiltIn">
<arg>Hello</arg>
<doc>Logs the given message to the console.</doc>
<status status="PASS" start="2025-08-21T17:28:24.534699" elapsed="0.000544"/>
</kw>
<kw name="Log To Console" owner="BuiltIn">
<arg>message</arg>
<doc>Logs the given message to the console.</doc>
<status status="PASS" start="2025-08-21T17:28:24.536418" elapsed="0.000475"/>
</kw>
<status status="PASS" start="2025-08-21T17:28:24.532543" elapsed="0.004626"/>
</test>
<status status="PASS" start="2025-08-21T17:28:20.818234" elapsed="3.719713"/>
</suite>
<suite id="s1-s13" name="RestApi" source="D:\Automation practice\Robot Training\Tests\RestApi">
<suite id="s1-s13-s1" name="DELETE Request" source="D:\Automation practice\Robot Training\Tests\RestApi\DELETE_Request.robot">
<test id="s1-s13-s1-t1" name="Delete Post" line="10">
<kw name="Create Session" owner="RequestsLibrary">
<msg time="2025-08-21T17:28:23.136155" level="INFO">Creating Session using : alias=MySession, url=https://jsonplaceholder.typicode.com, headers={},                     cookies={}, auth=None, timeout=None, proxies=None, verify=False,                     debug=0 </msg>
<arg>MySession</arg>
<arg>${url}</arg>
<doc>Create Session: create a HTTP session to a server</doc>
<status status="PASS" start="2025-08-21T17:28:23.135698" elapsed="0.000819"/>
</kw>
<kw name="Set Variable" owner="BuiltIn">
<msg time="2025-08-21T17:28:23.137259" level="INFO">${delete_endpoint} = /posts/101</msg>
<var>${delete_endpoint}</var>
<arg>${endpoint}/101</arg>
<doc>Returns the given values which can then be assigned to a variables.</doc>
<status status="PASS" start="2025-08-21T17:28:23.136837" elapsed="0.000499"/>
</kw>
<kw name="DELETE On Session" owner="RequestsLibrary">
<msg time="2025-08-21T17:28:24.044756" level="INFO">DELETE Request : url=https://jsonplaceholder.typicode.com/posts/101 
 path_url=/posts/101 
 headers={'User-Agent': 'python-requests/2.32.4', 'Accept-Encoding': 'gzip, deflate', 'Accept': '*/*', 'Connection': 'keep-alive', 'Content-Length': '0'} 
 body=None 
 </msg>
<msg time="2025-08-21T17:28:24.045002" level="INFO">DELETE Response : url=https://jsonplaceholder.typicode.com/posts/101 
 status=200, reason=OK 
 headers={'Date': 'Thu, 21 Aug 2025 11:58:24 GMT', 'Content-Type': 'application/json; charset=utf-8', 'Transfer-Encoding': 'chunked', 'Connection': 'keep-alive', 'Access-Control-Allow-Credentials': 'true', 'Cache-Control': 'no-cache', 'Etag': 'W/"2-vyGp6PvFo4RvsFtPoIWeCReyIC8"', 'Expires': '-1', 'Nel': '{"report_to":"heroku-nel","response_headers":["Via"],"max_age":3600,"success_fraction":0.01,"failure_fraction":0.1}', 'Pragma': 'no-cache', 'Report-To': '{"group":"heroku-nel","endpoints":[{"url":"https://nel.heroku.com/reports?s=383nybEhmHj5yQCAtbarvFCn6CejZ1pMA6U6hMpTjQY%3D\\u0026sid=e11707d5-02a7-43ef-b45e-2cf4d2036f7d\\u0026ts=1755777504"}],"max_age":3600}', 'Reporting-Endpoints': 'heroku-nel="https://nel.heroku.com/reports?s=383nybEhmHj5yQCAtbarvFCn6CejZ1pMA6U6hMpTjQY%3D&amp;sid=e11707d5-02a7-43ef-b45e-2cf4d2036f7d&amp;ts=1755777504"', 'Server': 'cloudflare', 'Vary': 'Origin, Accept-Encoding', 'Via': '2.0 heroku-router', 'X-Content-Type-Options': 'nosniff', 'X-Powered-By': 'Express', 'X-Ratelimit-Limit': '1000', 'X-Ratelimit-Remaining': '999', 'X-Ratelimit-Reset': '1755777562', 'Cf-Cache-Status': 'DYNAMIC', 'Content-Encoding': 'gzip', 'CF-RAY': '9729f5555dc07ed6-MAA', 'alt-svc': 'h3=":443"; ma=86400'} 
 body={} 
 </msg>
<msg time="2025-08-21T17:28:24.045171" level="INFO">C:\Users\LENOVO\AppData\Local\Programs\Python\Python313\Lib\site-packages\urllib3\connectionpool.py:1097: InsecureRequestWarning: Unverified HTTPS request is being made to host 'jsonplaceholder.typicode.com'. Adding certificate verification is strongly advised. See: https://urllib3.readthedocs.io/en/latest/advanced-usage.html#tls-warnings
  warnings.warn(</msg>
<msg time="2025-08-21T17:28:24.045869" level="INFO">${response} = &lt;Response [200]&gt;</msg>
<var>${response}</var>
<arg>MySession</arg>
<arg>${delete_endpoint}</arg>
<doc>Sends a DELETE request on a previously created HTTP Session.</doc>
<status status="PASS" start="2025-08-21T17:28:23.137577" elapsed="0.908477"/>
</kw>
<kw name="Log To Console" owner="BuiltIn">
<arg>Response : ${response}</arg>
<doc>Logs the given message to the console.</doc>
<status status="PASS" start="2025-08-21T17:28:24.046571" elapsed="0.001190"/>
</kw>
<kw name="Status Should Be" owner="RequestsLibrary">
<arg>200</arg>
<arg>${response}</arg>
<doc>Fails if response status code is different than the expected.</doc>
<status status="PASS" start="2025-08-21T17:28:24.048088" elapsed="0.000657"/>
</kw>
<kw name="Convert To String" owner="BuiltIn">
<msg time="2025-08-21T17:28:24.050307" level="INFO">${status_code} = 200</msg>
<var>${status_code}</var>
<arg>${response.status_code}</arg>
<doc>Converts the given item to a Unicode string.</doc>
[...]
</kw>
<kw name="Log To Console" owner="BuiltIn">
<arg>Response :${response}</arg>
<doc>Logs the given message to the console.</doc>
<status status="PASS" start="2025-08-21T17:28:37.540883" elapsed="0.000581"/>
</kw>
<kw name="Status Should Be" owner="RequestsLibrary">
<arg>201</arg>
<arg>${response}</arg>
<doc>Fails if response status code is different than the expected.</doc>
<status status="PASS" start="2025-08-21T17:28:37.541739" elapsed="0.000553"/>
</kw>
<kw name="Convert To String" owner="BuiltIn">
<msg time="2025-08-21T17:28:37.543905" level="INFO">${status_code} = 201</msg>
<var>${status_code}</var>
<arg>${response.status_code}</arg>
<doc>Converts the given item to a Unicode string.</doc>
<status status="PASS" start="2025-08-21T17:28:37.542580" elapsed="0.001407"/>
</kw>
<kw name="Log To Console" owner="BuiltIn">
<arg>Status Code :${status_code}</arg>
<doc>Logs the given message to the console.</doc>
<status status="PASS" start="2025-08-21T17:28:37.544311" elapsed="0.000553"/>
</kw>
<kw name="Should Be Equal" owner="BuiltIn">
<arg>201</arg>
<arg>${status_code}</arg>
<doc>Fails if the given objects are unequal.</doc>
<status status="PASS" start="2025-08-21T17:28:37.545136" elapsed="0.000463"/>
</kw>
<kw name="Convert To String" owner="BuiltIn">
<msg time="2025-08-21T17:28:37.547116" level="INFO">${body} = {
  "userId": "5",
  "id": 101,
  "title": "Checking Post Requests",
  "body": "This is for Checking the functionality of the Post method"
}</msg>
<var>${body}</var>
<arg>${response.content}</arg>
<doc>Converts the given item to a Unicode string.</doc>
<status status="PASS" start="2025-08-21T17:28:37.545887" elapsed="0.001338"/>
</kw>
<kw name="Log To Console" owner="BuiltIn">
<arg>${body}</arg>
<doc>Logs the given message to the console.</doc>
<status status="PASS" start="2025-08-21T17:28:37.547518" elapsed="0.000749"/>
</kw>
<kw name="Evaluate" owner="BuiltIn">
<msg time="2025-08-21T17:28:37.549203" level="INFO">${res_body} = {'userId': '5', 'id': 101, 'title': 'Checking Post Requests', 'body': 'This is for Checking the functionality of the Post method'}</msg>
<var>${res_body}</var>
<arg>${body}</arg>
<doc>Evaluates the given expression in Python and returns the result.</doc>
<status status="PASS" start="2025-08-21T17:28:37.548575" elapsed="0.000706"/>
</kw>
<kw name="Log To Console" owner="BuiltIn">
<arg>${res_body}</arg>
<doc>Logs the given message to the console.</doc>
<status status="PASS" start="2025-08-21T17:28:37.549581" elapsed="0.000447"/>
</kw>
<kw name="Log To Console" owner="BuiltIn">
<arg>Title is ${res_body}[title]</arg>
<doc>Logs the given message to the console.</doc>
<status status="PASS" start="2025-08-21T17:28:37.550266" elapsed="0.001022"/>
</kw>
<kw name="Log To Console" owner="BuiltIn">
<arg>id: ${res_body}[id]</arg>
<doc>Logs the given message to the console.</doc>
<status status="PASS" start="2025-08-21T17:28:37.551561" elapsed="0.000482"/>
</kw>
<kw name="Should Be Equal As Integers" owner="BuiltIn">
<msg time="2025-08-21T17:28:37.552643" level="INFO">Argument types are:
&lt;class 'int'&gt;
&lt;class 'str'&gt;</msg>
<arg>${res_body}[id]</arg>
<arg>101</arg>
<doc>Fails if objects are unequal after converting them to integers.</doc>
<status status="PASS" start="2025-08-21T17:28:37.552282" elapsed="0.000499"/>
</kw>
<status status="PASS" start="2025-08-21T17:28:36.897568" elapsed="0.655529"/>
</test>
<status status="PASS" start="2025-08-21T17:28:35.062451" elapsed="2.491761"/>
</suite>
<status status="PASS" start="2025-08-21T17:28:21.605000" elapsed="15.952000"/>
</suite>
<suite id="s1-s14" name="SetupOrTeardown" source="D:\Automation practice\Robot Training\Tests\SetupOrTeardown.robot">
<kw name="Log To Console" owner="BuiltIn" type="SETUP">
<arg>IM INSIDE SUITE SETUP</arg>
<doc>Logs the given message to the console.</doc>
<status status="PASS" start="2025-08-21T17:28:37.837827" elapsed="0.002293"/>
</kw>
<test id="s1-s14-t1" name="Checking Setup ad Teardown" line="12">
<kw name="Log To Console" owner="BuiltIn" type="SETUP">
<arg>IM INSIDE TEST SETUP</arg>
<doc>Logs the given message to the console.</doc>
<status status="PASS" start="2025-08-21T17:28:37.841647" elapsed="0.000607"/>
</kw>
<kw name="Log To Console" owner="BuiltIn">
<arg>Inside Test Case 1</arg>
<doc>Logs the given message to the console.</doc>
<status status="PASS" start="2025-08-21T17:28:37.842649" elapsed="0.000475"/>
</kw>
<kw name="Log To Console" owner="BuiltIn" type="TEARDOWN">
<arg>IM INSIDE TEST TEARDOWN</arg>
<doc>Logs the given message to the console.</doc>
<status status="PASS" start="2025-08-21T17:28:37.843650" elapsed="0.000498"/>
</kw>
<status status="PASS" start="2025-08-21T17:28:37.840568" elapsed="0.003755"/>
</test>
<test id="s1-s14-t2" name="Checking Setup ad Teardown 1" line="15">
<kw name="Log To Console" owner="BuiltIn" type="SETUP">
<arg>IM INSIDE TEST SETUP</arg>
<doc>Logs the given message to the console.</doc>
<status status="PASS" start="2025-08-21T17:28:37.846439" elapsed="0.000479"/>
</kw>
<kw name="Log To Console" owner="BuiltIn">
<arg>Inside Test Case 2</arg>
<doc>Logs the given message to the console.</doc>
<status status="PASS" start="2025-08-21T17:28:37.847270" elapsed="0.000494"/>
</kw>
<kw name="Log To Console" owner="BuiltIn" type="TEARDOWN">
<arg>IM INSIDE TEST TEARDOWN</arg>
<doc>Logs the given message to the console.</doc>
<status status="PASS" start="2025-08-21T17:28:37.848295" elapsed="0.000488"/>
</kw>
<status status="PASS" start="2025-08-21T17:28:37.844976" elapsed="0.004047"/>
</test>
<kw name="Log To Console" owner="BuiltIn" type="TEARDOWN">
<arg>IM INSIDE SUITE TEARDOWN</arg>
<doc>Logs the given message to the console.</doc>
<status status="PASS" start="2025-08-21T17:28:37.850171" elapsed="0.000474"/>
</kw>
<status status="PASS" start="2025-08-21T17:28:35.784842" elapsed="2.065968"/>
</suite>
<suite id="s1-s15" name="Tags" source="D:\Automation practice\Robot Training\Tests\Tags.robot">
<test id="s1-s15-t1" name="checking Tags keyword" line="7">
<kw name="Log To Console" owner="BuiltIn">
<arg>Inside Smoke ${TEST_TAGS}</arg>
<doc>Logs the given message to the console.</doc>
<status status="PASS" start="2025-08-21T17:28:40.314495" elapsed="0.001115"/>
</kw>
<tag>smoke</tag>
<status status="PASS" start="2025-08-21T17:28:40.309658" elapsed="0.006398"/>
</test>
<test id="s1-s15-t2" name="checking default Tags" line="12">
<kw name="Log To Console" owner="BuiltIn">
<arg>Inside Default ${TEST_TAGS}</arg>
<doc>Logs the given message to the console.</doc>
<status status="PASS" start="2025-08-21T17:28:40.318940" elapsed="0.000775"/>
</kw>
<tag>sanity</tag>
<status status="PASS" start="2025-08-21T17:28:40.317054" elapsed="0.003160"/>
</test>
<test id="s1-s15-t3" name="checking set Tags" line="16">
<kw name="Set Tags" owner="BuiltIn">
<msg time="2025-08-21T17:28:40.323466" level="INFO">Set tag 'regression'.</msg>
<arg>regression</arg>
<doc>Adds given ``tags`` for the current test or all tests in a suite.</doc>
<status status="PASS" start="2025-08-21T17:28:40.322736" elapsed="0.000917"/>
</kw>
<kw name="Log To Console" owner="BuiltIn">
<arg>Inside Set tag ${TEST_TAGS}</arg>
<doc>Logs the given message to the console.</doc>
<status status="PASS" start="2025-08-21T17:28:40.324301" elapsed="0.000633"/>
</kw>
<tag>regression</tag>
<tag>sanity</tag>
<status status="PASS" start="2025-08-21T17:28:40.321221" elapsed="0.004072"/>
</test>
<status status="PASS" start="2025-08-21T17:28:39.144615" elapsed="1.181690"/>
</suite>
<suite id="s1-s16" name="Templates" source="D:\Automation practice\Robot Training\Tests\Templates.robot">
<test id="s1-s16-t1" name="Valid Login" line="25">
<kw name="LoginTestCase">
<kw name="Open Browser" owner="SeleniumLibrary">
<msg time="2025-08-21T17:28:40.748054" level="INFO">Opening browser 'headlesschrome' to base url 'https://opensource-demo.orangehrmlive.com/web/index.php/auth/login'.</msg>
<arg>${URL}</arg>
<arg>${BROWSER}</arg>
<doc>Opens a new browser instance to the optional ``url``.</doc>
<status status="PASS" start="2025-08-21T17:28:40.747151" elapsed="5.179906"/>
</kw>
<kw name="Maximize Browser Window" owner="SeleniumLibrary">
<doc>Maximizes current browser window.</doc>
<status status="PASS" start="2025-08-21T17:28:45.927679" elapsed="0.125623"/>
</kw>
<kw name="Sleep" owner="BuiltIn">
<msg time="2025-08-21T17:28:51.055432" level="INFO">Slept 5 seconds.</msg>
<arg>5s</arg>
<doc>Pauses the test executed for the given time.</doc>
<status status="PASS" start="2025-08-21T17:28:46.054194" elapsed="5.001466"/>
</kw>
<kw name="Input Text" owner="SeleniumLibrary">
<msg time="2025-08-21T17:28:51.057297" level="INFO">Typing text 'Admin' into text field 'name=username'.</msg>
<arg>name=username</arg>
<arg>${username}</arg>
<doc>Types the given ``text`` into the text field identified by ``locator``.</doc>
<status status="PASS" start="2025-08-21T17:28:51.056113" elapsed="0.303694"/>
</kw>
<kw name="Input Text" owner="SeleniumLibrary">
<msg time="2025-08-21T17:28:51.361872" level="INFO">Typing text 'admin123' into text field 'name=password'.</msg>
<arg>name=password</arg>
<arg>${password}</arg>
<doc>Types the given ``text`` into the text field identified by ``locator``.</doc>
<status status="PASS" start="2025-08-21T17:28:51.360764" elapsed="0.319962"/>
</kw>
<kw name="Click Button" owner="SeleniumLibrary">
<msg time="2025-08-21T17:28:51.681653" level="INFO">Clicking button 'xpath=//button[@type='submit']'.</msg>
<arg>xpath=//button[@type='submit']</arg>
<doc>Clicks the button identified by ``locator``.</doc>
<status status="PASS" start="2025-08-21T17:28:51.681118" elapsed="1.354606"/>
</kw>
<kw name="Sleep" owner="BuiltIn">
<msg time="2025-08-21T17:28:58.037440" level="INFO">Slept 5 seconds.</msg>
<arg>5s</arg>
<doc>Pauses the test executed for the given time.</doc>
<status status="PASS" start="2025-08-21T17:28:53.036567" elapsed="5.001074"/>
</kw>
<kw name="Page Should Contain" owner="SeleniumLibrary">
<msg time="2025-08-21T17:28:58.058350" level="INFO">Current page contains text 'Dashboard'.</msg>
<arg>${expected_message}</arg>
<doc>Verifies that current page contains ``text``.</doc>
<status status="PASS" start="2025-08-21T17:28:58.037892" elapsed="0.020565"/>
</kw>
<kw name="Close Browser" owner="SeleniumLibrary">
<doc>Closes the current browser.</doc>
<status status="PASS" start="2025-08-21T17:28:58.058646" elapsed="2.181325"/>
</kw>
<arg>Admin</arg>
<arg>admin123</arg>
<arg>Dashboard</arg>
<status status="PASS" start="2025-08-21T17:28:40.744686" elapsed="19.495538"/>
</kw>
<status status="PASS" start="2025-08-21T17:28:40.742138" elapsed="19.498396"/>
</test>
<test id="s1-s16-t2" name="Invalid Login" line="28">
<kw name="LoginTestCase">
<kw name="Open Browser" owner="SeleniumLibrary">
<msg time="2025-08-21T17:29:00.242901" level="INFO">Opening browser 'headlesschrome' to base url 'https://opensource-demo.orangehrmlive.com/web/index.php/auth/login'.</msg>
<arg>${URL}</arg>
<arg>${BROWSER}</arg>
<doc>Opens a new browser instance to the optional ``url``.</doc>
<status status="PASS" start="2025-08-21T17:29:00.242493" elapsed="4.509074"/>
</kw>
<kw name="Maximize Browser Window" owner="SeleniumLibrary">
<doc>Maximizes current browser window.</doc>
<status status="PASS" start="2025-08-21T17:29:04.751995" elapsed="0.026942"/>
</kw>
<kw name="Sleep" owner="BuiltIn">
<msg time="2025-08-21T17:29:09.780114" level="INFO">Slept 5 seconds.</msg>
<arg>5s</arg>
<doc>Pauses the test executed for the given time.</doc>
<status status="PASS" start="2025-08-21T17:29:04.779139" elapsed="5.001419"/>
</kw>
<kw name="Input Text" owner="SeleniumLibrary">
<msg time="2025-08-21T17:29:09.782624" level="INFO">Typing text 'admin' into text field 'name=username'.</msg>
<arg>name=username</arg>
<arg>${username}</arg>
<doc>Types the given ``text`` into the text field identified by ``locator``.</doc>
<status status="PASS" start="2025-08-21T17:29:09.781312" elapsed="0.122066"/>
</kw>
<kw name="Input Text" owner="SeleniumLibrary">
<msg time="2025-08-21T17:29:09.904032" level="INFO">Typing text 'wrongpassword' into text field 'name=password'.</msg>
<arg>name=password</arg>
<arg>${password}</arg>
<doc>Types the given ``text`` into the text field identified by ``locator``.</doc>
<status status="PASS" start="2025-08-21T17:29:09.903720" elapsed="0.078400"/>
</kw>
<kw name="Click Button" owner="SeleniumLibrary">
<msg time="2025-08-21T17:29:09.982620" level="INFO">Clicking button 'xpath=//button[@type='submit']'.</msg>
<arg>xpath=//button[@type='submit']</arg>
<doc>Clicks the button identified by ``locator``.</doc>
<status status="PASS" start="2025-08-21T17:29:09.982341" elapsed="0.074270"/>
</kw>
<kw name="Sleep" owner="BuiltIn">
<msg time="2025-08-21T17:29:15.057409" level="INFO">Slept 5 seconds.</msg>
<arg>5s</arg>
<doc>Pauses the test executed for the given time.</doc>
<status status="PASS" start="2025-08-21T17:29:10.056795" elapsed="5.001122"/>
</kw>
<kw name="Page Should Contain" owner="SeleniumLibrary">
<msg time="2025-08-21T17:29:15.107636" level="INFO">Current page contains text 'Invalid credentials'.</msg>
<arg>${expected_message}</arg>
<doc>Verifies that current page contains ``text``.</doc>
<status status="PASS" start="2025-08-21T17:29:15.058567" elapsed="0.049223"/>
</kw>
<kw name="Close Browser" owner="SeleniumLibrary">
<doc>Closes the current browser.</doc>
<status status="PASS" start="2025-08-21T17:29:15.108042" elapsed="2.132936"/>
</kw>
<arg>admin</arg>
<arg>wrongpassword</arg>
<arg>Invalid credentials</arg>
<status status="PASS" start="2025-08-21T17:29:00.241933" elapsed="16.999642"/>
</kw>
<kw name="LoginTestCase">
<kw name="Open Browser" owner="SeleniumLibrary">
<msg time="2025-08-21T17:29:17.245151" level="INFO">Opening browser 'headlesschrome' to base url 'https://opensource-demo.orangehrmlive.com/web/index.php/auth/login'.</msg>
<arg>${URL}</arg>
<arg>${BROWSER}</arg>
<doc>Opens a new browser instance to the optional ``url``.</doc>
<status status="PASS" start="2025-08-21T17:29:17.244098" elapsed="4.097672"/>
</kw>
<kw name="Maximize Browser Window" owner="SeleniumLibrary">
<doc>Maximizes current browser window.</doc>
<status status="PASS" start="2025-08-21T17:29:21.341955" elapsed="0.019498"/>
</kw>
<kw name="Sleep" owner="BuiltIn">
<msg time="2025-08-21T17:29:26.362679" level="INFO">Slept 5 seconds.</msg>
<arg>5s</arg>
<doc>Pauses the test executed for the given time.</doc>
<status status="PASS" start="2025-08-21T17:29:21.361618" elapsed="5.001479"/>
</kw>
<kw name="Input Text" owner="SeleniumLibrary">
<msg time="2025-08-21T17:29:26.365026" level="INFO">Typing text 'user' into text field 'name=username'.</msg>
<arg>name=username</arg>
<arg>${username}</arg>
<doc>Types the given ``text`` into the text field identified by ``locator``.</doc>
<status status="PASS" start="2025-08-21T17:29:26.363820" elapsed="0.110283"/>
</kw>
<kw name="Input Text" owner="SeleniumLibrary">
<msg time="2025-08-21T17:29:26.474628" level="INFO">Typing text 'admin123' into text field 'name=password'.</msg>
<arg>name=password</arg>
<arg>${password}</arg>
<doc>Types the given ``text`` into the text field identified by ``locator``.</doc>
<status status="PASS" start="2025-08-21T17:29:26.474291" elapsed="0.065977"/>
</kw>
<kw name="Click Button" owner="SeleniumLibrary">
<msg time="2025-08-21T17:29:26.540662" level="INFO">Clicking button 'xpath=//button[@type='submit']'.</msg>
<arg>xpath=//button[@type='submit']</arg>
<doc>Clicks the button identified by ``locator``.</doc>
<status status="PASS" start="2025-08-21T17:29:26.540430" elapsed="0.066391"/>
</kw>
<kw name="Sleep" owner="BuiltIn">
<msg time="2025-08-21T17:29:31.608110" level="INFO">Slept 5 seconds.</msg>
<arg>5s</arg>
<doc>Pauses the test executed for the given time.</doc>
<status status="PASS" start="2025-08-21T17:29:26.607062" elapsed="5.001462"/>
</kw>
<kw name="Page Should Contain" owner="SeleniumLibrary">
<msg time="2025-08-21T17:29:31.660469" level="INFO">Current page contains text 'Invalid credentials'.</msg>
<arg>${expected_message}</arg>
<doc>Verifies that current page contains ``text``.</doc>
<status status="PASS" start="2025-08-21T17:29:31.609181" elapsed="0.051530"/>
</kw>
<kw name="Close Browser" owner="SeleniumLibrary">
<doc>Closes the current browser.</doc>
<status status="PASS" start="2025-08-21T17:29:31.660993" elapsed="2.128396"/>
</kw>
<arg>user</arg>
<arg>admin123</arg>
<arg>Invalid credentials</arg>
<status status="PASS" start="2025-08-21T17:29:17.242480" elapsed="16.547077"/>
</kw>
<status status="PASS" start="2025-08-21T17:29:00.241133" elapsed="33.548647"/>
</test>
<status status="PASS" start="2025-08-21T17:28:39.842052" elapsed="53.948699"/>
</suite>
<suite id="s1-s17" name="Variables" source="D:\Automation practice\Robot Training\Tests\Variables.robot">
<test id="s1-s17-t1" name="Accesing Variables" line="18">
<kw name="Log To Console" owner="BuiltIn">
<arg>${Scalar}</arg>
<doc>Logs the given message to the console.</doc>
<status status="PASS" start="2025-08-21T17:28:43.164894" elapsed="0.000838"/>
</kw>
<kw name="Log To Console" owner="BuiltIn">
<arg>${lists}</arg>
<doc>Logs the given message to the console.</doc>
<status status="PASS" start="2025-08-21T17:28:43.166231" elapsed="0.000598"/>
</kw>
<kw name="Log To Console" owner="BuiltIn">
<arg>${dict}</arg>
<doc>Logs the given message to the console.</doc>
<status status="PASS" start="2025-08-21T17:28:43.167125" elapsed="0.000482"/>
</kw>
<status status="PASS" start="2025-08-21T17:28:43.162267" elapsed="0.005964"/>
</test>
<status status="PASS" start="2025-08-21T17:28:42.446460" elapsed="0.722883"/>
</suite>
<doc>[https://pabot.org/?ref=log|Pabot] result from 20 executions.</doc>
<status status="PASS" start="2025-08-21T17:28:18.045000" elapsed="75.746000"/>
</suite>
<statistics>
<total>
<stat pass="33" fail="0" skip="0">All Tests</stat>
</total>
<tag>
<stat pass="1" fail="0" skip="0">regression</stat>
<stat pass="2" fail="0" skip="0">sanity</stat>
<stat pass="1" fail="0" skip="0">smoke</stat>
</tag>
<suite>
<stat name="Tests" id="s1" pass="33" fail="0" skip="0">Tests</stat>
<stat name="Add To cart" id="s1-s1" pass="1" fail="0" skip="0">Tests.Add To cart</stat>
<stat name="Assertions" id="s1-s2" pass="1" fail="0" skip="0">Tests.Assertions</stat>
<stat name="CustomLib" id="s1-s3" pass="1" fail="0" skip="0">Tests.CustomLib</stat>
<stat name="DataFromCsv" id="s1-s4" pass="3" fail="0" skip="0">Tests.DataFromCsv</stat>
<stat name="DataFromExcel" id="s1-s5" pass="3" fail="0" skip="0">Tests.DataFromExcel</stat>
<stat name="DataFromJson" id="s1-s6" pass="1" fail="0" skip="0">Tests.DataFromJson</stat>
<stat name="FirstTest" id="s1-s7" pass="1" fail="0" skip="0">Tests.FirstTest</stat>
<stat name="ForLoop" id="s1-s8" pass="5" fail="0" skip="0">Tests.ForLoop</stat>
<stat name="Headless" id="s1-s9" pass="1" fail="0" skip="0">Tests.Headless</stat>
<stat name="Iframes" id="s1-s10" pass="1" fail="0" skip="0">Tests.Iframes</stat>
<stat name="LoginTest" id="s1-s11" pass="2" fail="0" skip="0">Tests.LoginTest</stat>
<stat name="Practice" id="s1-s12" pass="1" fail="0" skip="0">Tests.Practice</stat>
<stat name="RestApi" id="s1-s13" pass="4" fail="0" skip="0">Tests.RestApi</stat>
<stat name="DELETE Request" id="s1-s13-s1" pass="1" fail="0" skip="0">Tests.RestApi.DELETE Request</stat>
<stat name="FirstApi" id="s1-s13-s2" pass="1" fail="0" skip="0">Tests.RestApi.FirstApi</stat>
<stat name="GET Request" id="s1-s13-s3" pass="1" fail="0" skip="0">Tests.RestApi.GET Request</stat>
<stat name="POST Request" id="s1-s13-s4" pass="1" fail="0" skip="0">Tests.RestApi.POST Request</stat>
<stat name="SetupOrTeardown" id="s1-s14" pass="2" fail="0" skip="0">Tests.SetupOrTeardown</stat>
<stat name="Tags" id="s1-s15" pass="3" fail="0" skip="0">Tests.Tags</stat>
<stat name="Templates" id="s1-s16" pass="2" fail="0" skip="0">Tests.Templates</stat>
<stat name="Variables" id="s1-s17" pass="1" fail="0" skip="0">Tests.Variables</stat>
</suite>
</statistics>
<errors>
</errors>
</robot>
