<?xml version="1.0" encoding="UTF-8"?>
<robot generator="Rebot 7.3.2 (Python 3.13.5 on win32)" generated="2025-07-18T18:31:39.424427" rpa="false" schemaversion="5">
<suite id="s1" name="Tests" source="D:\Automation practice\Robot Training\Tests">
<suite id="s1-s1" name="Add To cart" source="D:\Automation practice\Robot Training\Tests\Add To cart.robot">
<test id="s1-s1-t1" name="Adding Items to cart" line="8">
<kw name="Open Browser" owner="SeleniumLibrary">
<msg time="2025-07-18T18:29:51.896716" level="INFO">Opening browser 'chrome' to base url 'https://dineshvelhal.github.io/testautomation-playground/login.html'.</msg>
<arg>${url}</arg>
<arg>chrome</arg>
<doc>Opens a new browser instance to the optional ``url``.</doc>
<status status="PASS" start="2025-07-18T18:29:51.896276" elapsed="1.769582"/>
</kw>
<kw name="Input Text" owner="SeleniumLibrary">
<msg time="2025-07-18T18:29:53.667069" level="INFO">Typing text 'admin' into text field 'xpath=//input[@id='user']'.</msg>
<arg>xpath=//input[@id='user']</arg>
<arg>admin</arg>
<doc>Types the given ``text`` into the text field identified by ``locator``.</doc>
<status status="PASS" start="2025-07-18T18:29:53.666280" elapsed="0.138608"/>
</kw>
<kw name="Input Text" owner="SeleniumLibrary">
<msg time="2025-07-18T18:29:53.805507" level="INFO">Typing text 'admin' into text field 'xpath=//input[@id='password']'.</msg>
<arg>xpath=//input[@id='password']</arg>
<arg>admin</arg>
<doc>Types the given ``text`` into the text field identified by ``locator``.</doc>
<status status="PASS" start="2025-07-18T18:29:53.805130" elapsed="0.100885"/>
</kw>
<kw name="Click Button" owner="SeleniumLibrary">
<msg time="2025-07-18T18:29:53.906484" level="INFO">Clicking button 'xpath=//button[@id='login']'.</msg>
<arg>xpath=//button[@id='login']</arg>
<doc>Clicks the button identified by ``locator``.</doc>
<status status="PASS" start="2025-07-18T18:29:53.906196" elapsed="0.237075"/>
</kw>
<kw name="Click Element" owner="SeleniumLibrary">
<msg time="2025-07-18T18:29:54.144802" level="INFO">Clicking element 'xpath=//input[@id='rad_small']'.</msg>
<arg>xpath=//input[@id='rad_small']</arg>
<doc>Click the element identified by ``locator``.</doc>
<status status="PASS" start="2025-07-18T18:29:54.143601" elapsed="0.124712"/>
</kw>
<kw name="Select From List By Label" owner="SeleniumLibrary">
<msg time="2025-07-18T18:29:54.268987" level="INFO">Selecting options from selection list 'xpath=//select[@id='select_flavor']' by label Veggie Delight.</msg>
<arg>xpath=//select[@id='select_flavor']</arg>
<arg>Veggie Delight</arg>
<doc>Selects options from selection list ``locator`` by ``labels``.</doc>
<status status="PASS" start="2025-07-18T18:29:54.268582" elapsed="0.282554"/>
</kw>
<kw name="Click Element" owner="SeleniumLibrary">
<msg time="2025-07-18T18:29:54.551887" level="INFO">Clicking element 'id=rad_barbeque'.</msg>
<arg>id=rad_barbeque</arg>
<doc>Click the element identified by ``locator``.</doc>
<status status="PASS" start="2025-07-18T18:29:54.551498" elapsed="0.230669"/>
</kw>
<kw name="Click Element" owner="SeleniumLibrary">
<msg time="2025-07-18T18:29:54.782919" level="INFO">Clicking element 'id=green_olive'.</msg>
<arg>id=green_olive</arg>
<doc>Click the element identified by ``locator``.</doc>
<status status="PASS" start="2025-07-18T18:29:54.782497" elapsed="0.277703"/>
</kw>
<kw name="Click Element" owner="SeleniumLibrary">
<msg time="2025-07-18T18:29:55.061155" level="INFO">Clicking element 'id=tomoto'.</msg>
<arg>id=tomoto</arg>
<doc>Click the element identified by ``locator``.</doc>
<status status="PASS" start="2025-07-18T18:29:55.060474" elapsed="0.113526"/>
</kw>
<kw name="Input Text" owner="SeleniumLibrary">
<msg time="2025-07-18T18:29:55.174690" level="INFO">Typing text '5' into text field 'id=quantity'.</msg>
<arg>id=quantity</arg>
<arg>5</arg>
<doc>Types the given ``text`` into the text field identified by ``locator``.</doc>
<status status="PASS" start="2025-07-18T18:29:55.174294" elapsed="0.095054"/>
</kw>
<kw name="Click Button" owner="SeleniumLibrary">
<msg time="2025-07-18T18:29:55.269990" level="INFO">Clicking button 'id=submit_button'.</msg>
<arg>id=submit_button</arg>
<doc>Clicks the button identified by ``locator``.</doc>
<status status="PASS" start="2025-07-18T18:29:55.269663" elapsed="0.271030"/>
</kw>
<kw name="Wait Until Page Contains" owner="SeleniumLibrary">
<arg>Pizza added to the cart!</arg>
<arg>5s</arg>
<doc>Waits until ``text`` appears on the current page.</doc>
<status status="PASS" start="2025-07-18T18:29:55.541013" elapsed="0.116566"/>
</kw>
<kw name="Close Browser" owner="SeleniumLibrary">
<doc>Closes the current browser.</doc>
<status status="PASS" start="2025-07-18T18:29:55.657883" elapsed="2.301385"/>
</kw>
<doc>Addding items to cart...</doc>
<status status="PASS" start="2025-07-18T18:29:51.894965" elapsed="6.064657"/>
</test>
<status status="PASS" start="2025-07-18T18:29:51.593000" elapsed="6.065000"/>
</suite>
<suite id="s1-s2" name="Assertions" source="D:\Automation practice\Robot Training\Tests\Assertions.robot">
<test id="s1-s2-t1" name="Checking Assertions" line="5">
<kw name="Set Variable" owner="BuiltIn">
<msg time="2025-07-18T18:29:51.898268" level="INFO">${isValid} = True</msg>
<var>${isValid}</var>
<arg>${True}</arg>
<doc>Returns the given values which can then be assigned to a variables.</doc>
<status status="PASS" start="2025-07-18T18:29:51.897902" elapsed="0.000416"/>
</kw>
<kw name="Should Be True" owner="BuiltIn">
<arg>${isValid}</arg>
<doc>Fails if the given condition is not true.</doc>
<status status="PASS" start="2025-07-18T18:29:51.898494" elapsed="0.000233"/>
</kw>
<kw name="Log To Console" owner="BuiltIn">
<arg>${isValid}</arg>
<doc>Logs the given message to the console.</doc>
<status status="PASS" start="2025-07-18T18:29:51.898859" elapsed="0.000282"/>
</kw>
<kw name="Set Variable If" owner="BuiltIn">
<msg time="2025-07-18T18:29:51.899561" level="INFO">${isValid} = False</msg>
<var>${isValid}</var>
<arg>${isValid}</arg>
<arg>${False}</arg>
<doc>Sets variable based on the given condition.</doc>
<status status="PASS" start="2025-07-18T18:29:51.899296" elapsed="0.000313"/>
</kw>
<kw name="Should Not Be True" owner="BuiltIn">
<arg>${isValid}</arg>
<doc>Fails if the given condition is true.</doc>
<status status="PASS" start="2025-07-18T18:29:51.899742" elapsed="0.000177"/>
</kw>
<kw name="Log To Console" owner="BuiltIn">
<arg>${isValid}</arg>
<doc>Logs the given message to the console.</doc>
<status status="PASS" start="2025-07-18T18:29:51.900068" elapsed="0.000243"/>
</kw>
<status status="PASS" start="2025-07-18T18:29:51.896867" elapsed="0.003633"/>
</test>
<status status="PASS" start="2025-07-18T18:29:51.604478" elapsed="0.296506"/>
</suite>
<suite id="s1-s3" name="CustomLib" source="D:\Automation practice\Robot Training\Tests\CustomLib.robot">
<test id="s1-s3-t1" name="Adding two Nums" line="5">
<kw name="Add Two Nums" owner="CustomLibrary">
<msg time="2025-07-18T18:29:51.627611" level="INFO">${output} = 1020</msg>
<var>${output}</var>
<arg>10</arg>
<arg>20</arg>
<status status="PASS" start="2025-07-18T18:29:51.627225" elapsed="0.000452"/>
</kw>
<kw name="Log To Console" owner="BuiltIn">
<arg>${output}</arg>
<doc>Logs the given message to the console.</doc>
<status status="PASS" start="2025-07-18T18:29:51.627955" elapsed="0.000396"/>
</kw>
<kw name="Add Nums" owner="CustomLibrary">
<msg time="2025-07-18T18:29:51.628811" level="INFO">${output} = 60</msg>
<var>${output}</var>
<arg>10</arg>
<arg>20</arg>
<arg>30</arg>
<status status="PASS" start="2025-07-18T18:29:51.628526" elapsed="0.000339"/>
</kw>
<kw name="Log To Console" owner="BuiltIn">
<arg>${output}</arg>
<doc>Logs the given message to the console.</doc>
<status status="PASS" start="2025-07-18T18:29:51.629041" elapsed="0.000328"/>
</kw>
<status status="PASS" start="2025-07-18T18:29:51.626005" elapsed="0.003574"/>
</test>
<status status="PASS" start="2025-07-18T18:29:51.622422" elapsed="0.007809"/>
</suite>
<suite id="s1-s4" name="DataFromCsv" source="D:\Automation practice\Robot Training\Tests\DataFromCsv.robot">
<test id="s1-s4-t1" name="Login Tests Using CSV Admin and admin123" line="19">
<kw name="Open Login Page" owner="LoginPageKw" type="SETUP">
<kw name="Open Browser" owner="SeleniumLibrary">
<msg time="2025-07-18T18:29:51.949600" level="INFO">Opening browser 'chrome' to base url 'https://opensource-demo.orangehrmlive.com/web/index.php/auth/login'.</msg>
<arg>${URL}</arg>
<arg>chrome</arg>
<doc>Opens a new browser instance to the optional ``url``.</doc>
<status status="PASS" start="2025-07-18T18:29:51.949235" elapsed="2.350595"/>
</kw>
<kw name="Maximize Browser Window" owner="SeleniumLibrary">
<doc>Maximizes current browser window.</doc>
<status status="PASS" start="2025-07-18T18:29:54.300291" elapsed="2.085031"/>
</kw>
<kw name="Sleep" owner="BuiltIn">
<msg time="2025-07-18T18:29:59.386060" level="INFO">Slept 3 seconds.</msg>
<arg>3s</arg>
<doc>Pauses the test executed for the given time.</doc>
<status status="PASS" start="2025-07-18T18:29:56.385574" elapsed="3.000666"/>
</kw>
<status status="PASS" start="2025-07-18T18:29:51.947957" elapsed="7.438541"/>
</kw>
<kw name="Test Data">
<kw name="Login" owner="LoginPageKw">
<kw name="Input User" owner="LoginPageKw">
<kw name="Input Text" owner="SeleniumLibrary">
<msg time="2025-07-18T18:29:59.390425" level="INFO">Typing text 'Admin' into text field 'name=username'.</msg>
<arg>${USERNAME_FIELD}</arg>
<arg>${username}</arg>
<doc>Types the given ``text`` into the text field identified by ``locator``.</doc>
<status status="PASS" start="2025-07-18T18:29:59.389590" elapsed="0.164643"/>
</kw>
<arg>${user}</arg>
<status status="PASS" start="2025-07-18T18:29:59.388840" elapsed="0.165576"/>
</kw>
<kw name="Input Pass" owner="LoginPageKw">
<kw name="Input Text" owner="SeleniumLibrary">
<msg time="2025-07-18T18:29:59.555449" level="INFO">Typing text 'admin123' into text field 'name=password'.</msg>
<arg>${PASSWORD_FIELD}</arg>
<arg>${password}</arg>
<doc>Types the given ``text`` into the text field identified by ``locator``.</doc>
<status status="PASS" start="2025-07-18T18:29:59.555104" elapsed="0.101329"/>
</kw>
<arg>${pass}</arg>
<status status="PASS" start="2025-07-18T18:29:59.554653" elapsed="0.102013"/>
</kw>
<kw name="Click Login Button" owner="LoginPageKw">
<kw name="Click Button" owner="SeleniumLibrary">
<msg time="2025-07-18T18:29:59.657592" level="INFO">Clicking button 'xpath=//button[@type='submit']'.</msg>
<arg>${LOGIN_BUTTON}</arg>
<doc>Clicks the button identified by ``locator``.</doc>
<status status="PASS" start="2025-07-18T18:29:59.657201" elapsed="1.276470"/>
</kw>
<status status="PASS" start="2025-07-18T18:29:59.656852" elapsed="1.277034"/>
</kw>
<kw name="Page Should Contain text" owner="LoginPageKw">
<kw name="Sleep" owner="BuiltIn">
<msg time="2025-07-18T18:30:02.935468" level="INFO">Slept 2 seconds.</msg>
<arg>2s</arg>
<doc>Pauses the test executed for the given time.</doc>
<status status="PASS" start="2025-07-18T18:30:00.934731" elapsed="2.000847"/>
</kw>
<kw name="Page Should Contain" owner="SeleniumLibrary">
<msg time="2025-07-18T18:30:02.952585" level="INFO">Current page contains text 'Dashboard'.</msg>
<arg>${message}</arg>
<doc>Verifies that current page contains ``text``.</doc>
<status status="PASS" start="2025-07-18T18:30:02.935763" elapsed="0.016941"/>
</kw>
<arg>${message}</arg>
<status status="PASS" start="2025-07-18T18:30:00.934182" elapsed="2.018648"/>
</kw>
<arg>${userName}</arg>
<arg>${Password}</arg>
<arg>${Message}</arg>
<status status="PASS" start="2025-07-18T18:29:59.387844" elapsed="3.565074"/>
</kw>
<arg>userName=Admin</arg>
<arg>Password=admin123</arg>
<arg>Message=Dashboard</arg>
<status status="PASS" start="2025-07-18T18:29:59.386929" elapsed="3.566066"/>
</kw>
<kw name="Close Browser" owner="SeleniumLibrary" type="TEARDOWN">
<doc>Closes the current browser.</doc>
<status status="PASS" start="2025-07-18T18:30:02.953300" elapsed="2.189402"/>
</kw>
<status status="PASS" start="2025-07-18T18:29:51.946509" elapsed="13.196500"/>
</test>
<test id="s1-s4-t2" name="Login Tests Using CSV admin123 and admin123" line="19">
<kw name="Open Login Page" owner="LoginPageKw" type="SETUP">
<kw name="Open Browser" owner="SeleniumLibrary">
<msg time="2025-07-18T18:30:05.148848" level="INFO">Opening browser 'chrome' to base url 'https://opensource-demo.orangehrmlive.com/web/index.php/auth/login'.</msg>
<arg>${URL}</arg>
<arg>chrome</arg>
<doc>Opens a new browser instance to the optional ``url``.</doc>
<status status="PASS" start="2025-07-18T18:30:05.148082" elapsed="4.437119"/>
</kw>
<kw name="Maximize Browser Window" owner="SeleniumLibrary">
<doc>Maximizes current browser window.</doc>
<status status="PASS" start="2025-07-18T18:30:09.585505" elapsed="0.042234"/>
</kw>
<kw name="Sleep" owner="BuiltIn">
<msg time="2025-07-18T18:30:12.629395" level="INFO">Slept 3 seconds.</msg>
<arg>3s</arg>
<doc>Pauses the test executed for the given time.</doc>
<status status="PASS" start="2025-07-18T18:30:09.628039" elapsed="3.001697"/>
</kw>
<status status="PASS" start="2025-07-18T18:30:05.146794" elapsed="7.483848"/>
</kw>
<kw name="Test Data">
<kw name="Login" owner="LoginPageKw">
<kw name="Input User" owner="LoginPageKw">
<kw name="Input Text" owner="SeleniumLibrary">
<msg time="2025-07-18T18:30:12.641923" level="INFO">Typing text 'admin123' into text field 'name=username'.</msg>
<arg>${USERNAME_FIELD}</arg>
<arg>${username}</arg>
<doc>Types the given ``text`` into the text field identified by ``locator``.</doc>
<status status="PASS" start="2025-07-18T18:30:12.637495" elapsed="0.229123"/>
</kw>
<arg>${user}</arg>
<status status="PASS" start="2025-07-18T18:30:12.636542" elapsed="0.230543"/>
</kw>
<kw name="Input Pass" owner="LoginPageKw">
<kw name="Input Text" owner="SeleniumLibrary">
<msg time="2025-07-18T18:30:12.869187" level="INFO">Typing text 'admin123' into text field 'name=password'.</msg>
<arg>${PASSWORD_FIELD}</arg>
<arg>${password}</arg>
<doc>Types the given ``text`` into the text field identified by ``locator``.</doc>
<status status="PASS" start="2025-07-18T18:30:12.868444" elapsed="0.183724"/>
</kw>
<arg>${pass}</arg>
<status status="PASS" start="2025-07-18T18:30:12.867516" elapsed="0.184967"/>
</kw>
<kw name="Click Login Button" owner="LoginPageKw">
<kw name="Click Button" owner="SeleniumLibrary">
<msg time="2025-07-18T18:30:13.054227" level="INFO">Clicking button 'xpath=//button[@type='submit']'.</msg>
<arg>${LOGIN_BUTTON}</arg>
<doc>Clicks the button identified by ``locator``.</doc>
<status status="PASS" start="2025-07-18T18:30:13.053671" elapsed="0.162468"/>
</kw>
<status status="PASS" start="2025-07-18T18:30:13.052909" elapsed="0.163565"/>
</kw>
<kw name="Page Should Contain text" owner="LoginPageKw">
<kw name="Sleep" owner="BuiltIn">
<msg time="2025-07-18T18:30:15.218684" level="INFO">Slept 2 seconds.</msg>
<arg>2s</arg>
<doc>Pauses the test executed for the given time.</doc>
<status status="PASS" start="2025-07-18T18:30:13.217700" elapsed="2.001172"/>
</kw>
<kw name="Page Should Contain" owner="SeleniumLibrary">
<msg time="2025-07-18T18:30:15.239119" level="INFO">Current page contains text 'Invalid credentials'.</msg>
<arg>${message}</arg>
<doc>Verifies that current page contains ``text``.</doc>
<status status="PASS" start="2025-07-18T18:30:15.219124" elapsed="0.020245"/>
</kw>
<arg>${message}</arg>
<status status="PASS" start="2025-07-18T18:30:13.216898" elapsed="2.022998"/>
</kw>
<arg>${userName}</arg>
<arg>${Password}</arg>
<arg>${Message}</arg>
<status status="PASS" start="2025-07-18T18:30:12.634877" elapsed="2.605277"/>
</kw>
<arg>userName=admin123</arg>
<arg>Password=admin123</arg>
<arg>Message=Invalid credentials</arg>
<status status="PASS" start="2025-07-18T18:30:12.632528" elapsed="2.607840"/>
</kw>
<kw name="Close Browser" owner="SeleniumLibrary" type="TEARDOWN">
<doc>Closes the current browser.</doc>
<status status="PASS" start="2025-07-18T18:30:15.241216" elapsed="2.276781"/>
</kw>
<status status="PASS" start="2025-07-18T18:30:05.143987" elapsed="12.374163"/>
</test>
<test id="s1-s4-t3" name="Login Tests Using CSV admin12 and admin123" line="19">
<kw name="Open Login Page" owner="LoginPageKw" type="SETUP">
<kw name="Open Browser" owner="SeleniumLibrary">
<msg time="2025-07-18T18:30:17.522491" level="INFO">Opening browser 'chrome' to base url 'https://opensource-demo.orangehrmlive.com/web/index.php/auth/login'.</msg>
<arg>${URL}</arg>
<arg>chrome</arg>
<doc>Opens a new browser instance to the optional ``url``.</doc>
<status status="PASS" start="2025-07-18T18:30:17.521956" elapsed="4.831469"/>
</kw>
<kw name="Maximize Browser Window" owner="SeleniumLibrary">
<doc>Maximizes current browser window.</doc>
<status status="PASS" start="2025-07-18T18:30:22.354621" elapsed="0.657091"/>
</kw>
<kw name="Sleep" owner="BuiltIn">
<msg time="2025-07-18T18:30:26.013638" level="INFO">Slept 3 seconds.</msg>
<arg>3s</arg>
<doc>Pauses the test executed for the given time.</doc>
<status status="PASS" start="2025-07-18T18:30:23.012512" elapsed="3.001459"/>
</kw>
<status status="PASS" start="2025-07-18T18:30:17.521095" elapsed="8.493230"/>
</kw>
<kw name="Test Data">
<kw name="Login" owner="LoginPageKw">
<kw name="Input User" owner="LoginPageKw">
<kw name="Input Text" owner="SeleniumLibrary">
<msg time="2025-07-18T18:30:26.018863" level="INFO">Typing text 'admin12' into text field 'name=username'.</msg>
<arg>${USERNAME_FIELD}</arg>
<arg>${username}</arg>
<doc>Types the given ``text`` into the text field identified by ``locator``.</doc>
<status status="PASS" start="2025-07-18T18:30:26.018057" elapsed="0.175646"/>
</kw>
<arg>${user}</arg>
<status status="PASS" start="2025-07-18T18:30:26.016681" elapsed="0.177274"/>
</kw>
<kw name="Input Pass" owner="LoginPageKw">
<kw name="Input Text" owner="SeleniumLibrary">
<msg time="2025-07-18T18:30:26.195445" level="INFO">Typing text 'admin123' into text field 'name=password'.</msg>
<arg>${PASSWORD_FIELD}</arg>
<arg>${password}</arg>
<doc>Types the given ``text`` into the text field identified by ``locator``.</doc>
<status status="PASS" start="2025-07-18T18:30:26.194818" elapsed="0.130651"/>
</kw>
<arg>${pass}</arg>
<status status="PASS" start="2025-07-18T18:30:26.194233" elapsed="0.131495"/>
</kw>
<kw name="Click Login Button" owner="LoginPageKw">
<kw name="Click Button" owner="SeleniumLibrary">
<msg time="2025-07-18T18:30:26.327370" level="INFO">Clicking button 'xpath=//button[@type='submit']'.</msg>
<arg>${LOGIN_BUTTON}</arg>
<doc>Clicks the button identified by ``locator``.</doc>
<status status="PASS" start="2025-07-18T18:30:26.326857" elapsed="0.120298"/>
</kw>
<status status="PASS" start="2025-07-18T18:30:26.326107" elapsed="0.121310"/>
</kw>
<kw name="Page Should Contain text" owner="LoginPageKw">
<kw name="Sleep" owner="BuiltIn">
<msg time="2025-07-18T18:30:28.449344" level="INFO">Slept 2 seconds.</msg>
<arg>2s</arg>
<doc>Pauses the test executed for the given time.</doc>
<status status="PASS" start="2025-07-18T18:30:26.448560" elapsed="2.001094"/>
</kw>
<kw name="Page Should Contain" owner="SeleniumLibrary">
<msg time="2025-07-18T18:30:28.489523" level="INFO">Current page contains text 'Invalid credentials'.</msg>
<arg>${message}</arg>
<doc>Verifies that current page contains ``text``.</doc>
<status status="PASS" start="2025-07-18T18:30:28.450167" elapsed="0.039525"/>
</kw>
<arg>${message}</arg>
<status status="PASS" start="2025-07-18T18:30:26.447851" elapsed="2.042043"/>
</kw>
<arg>${userName}</arg>
<arg>${Password}</arg>
<arg>${Message}</arg>
<status status="PASS" start="2025-07-18T18:30:26.015618" elapsed="2.474407"/>
</kw>
<arg>userName=admin12</arg>
<arg>Password=admin123</arg>
<arg>Message=Invalid credentials</arg>
<status status="PASS" start="2025-07-18T18:30:26.014727" elapsed="2.475432"/>
</kw>
<kw name="Close Browser" owner="SeleniumLibrary" type="TEARDOWN">
<doc>Closes the current browser.</doc>
<status status="PASS" start="2025-07-18T18:30:28.490533" elapsed="2.196876"/>
</kw>
<status status="PASS" start="2025-07-18T18:30:17.519152" elapsed="13.168829"/>
</test>
<status status="PASS" start="2025-07-18T18:29:51.616573" elapsed="39.073841"/>
</suite>
<suite id="s1-s5" name="DataFromExcel" source="D:\Automation practice\Robot Training\Tests\DataFromExcel.robot">
<test id="s1-s5-t1" name="Login Test Using Excel Data Admin and admin123" line="21">
<kw name="Open Login Page" owner="LoginPageKw" type="SETUP">
<kw name="Open Browser" owner="SeleniumLibrary">
<msg time="2025-07-18T18:29:54.436126" level="INFO">Opening browser 'chrome' to base url 'https://opensource-demo.orangehrmlive.com/web/index.php/auth/login'.</msg>
<arg>${URL}</arg>
<arg>chrome</arg>
<doc>Opens a new browser instance to the optional ``url``.</doc>
<status status="PASS" start="2025-07-18T18:29:54.435612" elapsed="4.959423"/>
</kw>
<kw name="Maximize Browser Window" owner="SeleniumLibrary">
<doc>Maximizes current browser window.</doc>
<status status="PASS" start="2025-07-18T18:29:59.395369" elapsed="0.042479"/>
</kw>
<kw name="Sleep" owner="BuiltIn">
<msg time="2025-07-18T18:30:02.439399" level="INFO">Slept 3 seconds.</msg>
<arg>3s</arg>
<doc>Pauses the test executed for the given time.</doc>
<status status="PASS" start="2025-07-18T18:29:59.438237" elapsed="3.001469"/>
</kw>
<status status="PASS" start="2025-07-18T18:29:54.434041" elapsed="8.005977"/>
</kw>
<kw name="Test Data">
<kw name="Login" owner="LoginPageKw">
<kw name="Input User" owner="LoginPageKw">
<kw name="Input Text" owner="SeleniumLibrary">
<msg time="2025-07-18T18:30:02.445153" level="INFO">Typing text 'Admin' into text field 'name=username'.</msg>
<arg>${USERNAME_FIELD}</arg>
<arg>${username}</arg>
<doc>Types the given ``text`` into the text field identified by ``locator``.</doc>
<status status="PASS" start="2025-07-18T18:30:02.444234" elapsed="0.109329"/>
</kw>
<arg>${user}</arg>
<status status="PASS" start="2025-07-18T18:30:02.443266" elapsed="0.110576"/>
</kw>
<kw name="Input Pass" owner="LoginPageKw">
<kw name="Input Text" owner="SeleniumLibrary">
<msg time="2025-07-18T18:30:02.555168" level="INFO">Typing text 'admin123' into text field 'name=password'.</msg>
<arg>${PASSWORD_FIELD}</arg>
<arg>${password}</arg>
<doc>Types the given ``text`` into the text field identified by ``locator``.</doc>
<status status="PASS" start="2025-07-18T18:30:02.554748" elapsed="0.111637"/>
</kw>
<arg>${pass}</arg>
<status status="PASS" start="2025-07-18T18:30:02.554158" elapsed="0.112353"/>
</kw>
<kw name="Click Login Button" owner="LoginPageKw">
<kw name="Click Button" owner="SeleniumLibrary">
<msg time="2025-07-18T18:30:02.667562" level="INFO">Clicking button 'xpath=//button[@type='submit']'.</msg>
<arg>${LOGIN_BUTTON}</arg>
<doc>Clicks the button identified by ``locator``.</doc>
<status status="PASS" start="2025-07-18T18:30:02.667044" elapsed="0.111431"/>
</kw>
<status status="PASS" start="2025-07-18T18:30:02.666705" elapsed="0.112062"/>
</kw>
<kw name="Page Should Contain text" owner="LoginPageKw">
<kw name="Sleep" owner="BuiltIn">
<msg time="2025-07-18T18:30:04.780407" level="INFO">Slept 2 seconds.</msg>
<arg>2s</arg>
<doc>Pauses the test executed for the given time.</doc>
<status status="PASS" start="2025-07-18T18:30:02.779443" elapsed="2.001347"/>
</kw>
<kw name="Page Should Contain" owner="SeleniumLibrary">
<msg time="2025-07-18T18:30:04.846064" level="INFO">Current page contains text 'Dashboard'.</msg>
<arg>${message}</arg>
<doc>Verifies that current page contains ``text``.</doc>
<status status="PASS" start="2025-07-18T18:30:04.781409" elapsed="0.064946"/>
</kw>
<arg>${message}</arg>
<status status="PASS" start="2025-07-18T18:30:02.778982" elapsed="2.067765"/>
</kw>
<arg>${userName}</arg>
<arg>${Password}</arg>
<arg>${Message}</arg>
<status status="PASS" start="2025-07-18T18:30:02.442218" elapsed="2.404788"/>
</kw>
<arg>userName=Admin</arg>
<arg>Password=admin123</arg>
<arg>Message=Dashboard</arg>
<status status="PASS" start="2025-07-18T18:30:02.440619" elapsed="2.406729"/>
</kw>
<kw name="Close Browser" owner="SeleniumLibrary" type="TEARDOWN">
<doc>Closes the current browser.</doc>
<status status="PASS" start="2025-07-18T18:30:04.847792" elapsed="2.207178"/>
</kw>
<status status="PASS" start="2025-07-18T18:29:54.430205" elapsed="12.625001"/>
</test>
<test id="s1-s5-t2" name="Login Test Using Excel Data AdminUser and admin123" line="21">
<kw name="Open Login Page" owner="LoginPageKw" type="SETUP">
<kw name="Open Browser" owner="SeleniumLibrary">
<msg time="2025-07-18T18:30:07.059946" level="INFO">Opening browser 'chrome' to base url 'https://opensource-demo.orangehrmlive.com/web/index.php/auth/login'.</msg>
<arg>${URL}</arg>
<arg>chrome</arg>
<doc>Opens a new browser instance to the optional ``url``.</doc>
<status status="PASS" start="2025-07-18T18:30:07.059533" elapsed="4.438283"/>
</kw>
<kw name="Maximize Browser Window" owner="SeleniumLibrary">
<doc>Maximizes current browser window.</doc>
<status status="PASS" start="2025-07-18T18:30:11.498165" elapsed="0.049679"/>
</kw>
<kw name="Sleep" owner="BuiltIn">
<msg time="2025-07-18T18:30:14.549096" level="INFO">Slept 3 seconds.</msg>
<arg>3s</arg>
<doc>Pauses the test executed for the given time.</doc>
<status status="PASS" start="2025-07-18T18:30:11.548185" elapsed="3.001277"/>
</kw>
<status status="PASS" start="2025-07-18T18:30:07.058870" elapsed="7.490900"/>
</kw>
<kw name="Test Data">
<kw name="Login" owner="LoginPageKw">
<kw name="Input User" owner="LoginPageKw">
<kw name="Input Text" owner="SeleniumLibrary">
<msg time="2025-07-18T18:30:14.556050" level="INFO">Typing text 'AdminUser' into text field 'name=username'.</msg>
<arg>${USERNAME_FIELD}</arg>
<arg>${username}</arg>
<doc>Types the given ``text`` into the text field identified by ``locator``.</doc>
<status status="PASS" start="2025-07-18T18:30:14.554967" elapsed="0.282035"/>
</kw>
<arg>${user}</arg>
<status status="PASS" start="2025-07-18T18:30:14.553453" elapsed="0.283889"/>
</kw>
<kw name="Input Pass" owner="LoginPageKw">
<kw name="Input Text" owner="SeleniumLibrary">
<msg time="2025-07-18T18:30:14.842194" level="INFO">Typing text 'admin123' into text field 'name=password'.</msg>
<arg>${PASSWORD_FIELD}</arg>
<arg>${password}</arg>
<doc>Types the given ``text`` into the text field identified by ``locator``.</doc>
<status status="PASS" start="2025-07-18T18:30:14.841293" elapsed="0.169897"/>
</kw>
<arg>${pass}</arg>
<status status="PASS" start="2025-07-18T18:30:14.837789" elapsed="0.173675"/>
</kw>
<kw name="Click Login Button" owner="LoginPageKw">
<kw name="Click Button" owner="SeleniumLibrary">
<msg time="2025-07-18T18:30:15.013069" level="INFO">Clicking button 'xpath=//button[@type='submit']'.</msg>
<arg>${LOGIN_BUTTON}</arg>
<doc>Clicks the button identified by ``locator``.</doc>
<status status="PASS" start="2025-07-18T18:30:15.012587" elapsed="0.137366"/>
</kw>
<status status="PASS" start="2025-07-18T18:30:15.011846" elapsed="0.138280"/>
</kw>
<kw name="Page Should Contain text" owner="LoginPageKw">
<kw name="Sleep" owner="BuiltIn">
<msg time="2025-07-18T18:30:17.152561" level="INFO">Slept 2 seconds.</msg>
<arg>2s</arg>
<doc>Pauses the test executed for the given time.</doc>
<status status="PASS" start="2025-07-18T18:30:15.151461" elapsed="2.001496"/>
</kw>
<kw name="Page Should Contain" owner="SeleniumLibrary">
<msg time="2025-07-18T18:30:17.207977" level="INFO">Current page contains text 'Invalid credentials'.</msg>
<arg>${message}</arg>
<doc>Verifies that current page contains ``text``.</doc>
<status status="PASS" start="2025-07-18T18:30:17.153689" elapsed="0.054697"/>
</kw>
<arg>${message}</arg>
<status status="PASS" start="2025-07-18T18:30:15.150528" elapsed="2.058413"/>
</kw>
<arg>${userName}</arg>
<arg>${Password}</arg>
<arg>${Message}</arg>
<status status="PASS" start="2025-07-18T18:30:14.552378" elapsed="2.656927"/>
</kw>
<arg>userName=AdminUser</arg>
<arg>Password=admin123</arg>
<arg>Message=Invalid credentials</arg>
<status status="PASS" start="2025-07-18T18:30:14.550199" elapsed="2.659426"/>
</kw>
<kw name="Close Browser" owner="SeleniumLibrary" type="TEARDOWN">
<doc>Closes the current browser.</doc>
<status status="PASS" start="2025-07-18T18:30:17.211065" elapsed="2.160480"/>
</kw>
<status status="PASS" start="2025-07-18T18:30:07.056036" elapsed="12.316107"/>
</test>
<test id="s1-s5-t3" name="Login Test Using Excel Data Admin123 and Admin123" line="21">
<kw name="Open Login Page" owner="LoginPageKw" type="SETUP">
<kw name="Open Browser" owner="SeleniumLibrary">
<msg time="2025-07-18T18:30:19.384934" level="INFO">Opening browser 'chrome' to base url 'https://opensource-demo.orangehrmlive.com/web/index.php/auth/login'.</msg>
<arg>${URL}</arg>
<arg>chrome</arg>
<doc>Opens a new browser instance to the optional ``url``.</doc>
<status status="PASS" start="2025-07-18T18:30:19.383579" elapsed="4.558246"/>
</kw>
<kw name="Maximize Browser Window" owner="SeleniumLibrary">
<doc>Maximizes current browser window.</doc>
<status status="PASS" start="2025-07-18T18:30:23.942200" elapsed="0.056162"/>
</kw>
<kw name="Sleep" owner="BuiltIn">
<msg time="2025-07-18T18:30:26.999422" level="INFO">Slept 3 seconds.</msg>
<arg>3s</arg>
<doc>Pauses the test executed for the given time.</doc>
<status status="PASS" start="2025-07-18T18:30:23.998685" elapsed="3.000945"/>
</kw>
<status status="PASS" start="2025-07-18T18:30:19.381669" elapsed="7.618205"/>
</kw>
<kw name="Test Data">
<kw name="Login" owner="LoginPageKw">
<kw name="Input User" owner="LoginPageKw">
<kw name="Input Text" owner="SeleniumLibrary">
<msg time="2025-07-18T18:30:27.006850" level="INFO">Typing text 'Admin123' into text field 'name=username'.</msg>
<arg>${USERNAME_FIELD}</arg>
<arg>${username}</arg>
<doc>Types the given ``text`` into the text field identified by ``locator``.</doc>
<status status="PASS" start="2025-07-18T18:30:27.006052" elapsed="0.226587"/>
</kw>
<arg>${user}</arg>
<status status="PASS" start="2025-07-18T18:30:27.003898" elapsed="0.228980"/>
</kw>
<kw name="Input Pass" owner="LoginPageKw">
<kw name="Input Text" owner="SeleniumLibrary">
<msg time="2025-07-18T18:30:27.234753" level="INFO">Typing text 'Admin123' into text field 'name=password'.</msg>
<arg>${PASSWORD_FIELD}</arg>
<arg>${password}</arg>
<doc>Types the given ``text`` into the text field identified by ``locator``.</doc>
<status status="PASS" start="2025-07-18T18:30:27.234071" elapsed="0.131503"/>
</kw>
<arg>${pass}</arg>
<status status="PASS" start="2025-07-18T18:30:27.233242" elapsed="0.132498"/>
</kw>
<kw name="Click Login Button" owner="LoginPageKw">
<kw name="Click Button" owner="SeleniumLibrary">
<msg time="2025-07-18T18:30:27.366860" level="INFO">Clicking button 'xpath=//button[@type='submit']'.</msg>
<arg>${LOGIN_BUTTON}</arg>
<doc>Clicks the button identified by ``locator``.</doc>
<status status="PASS" start="2025-07-18T18:30:27.366500" elapsed="0.813718"/>
</kw>
<status status="PASS" start="2025-07-18T18:30:27.366007" elapsed="0.814361"/>
</kw>
<kw name="Page Should Contain text" owner="LoginPageKw">
<kw name="Sleep" owner="BuiltIn">
<msg time="2025-07-18T18:30:30.182043" level="INFO">Slept 2 seconds.</msg>
<arg>2s</arg>
<doc>Pauses the test executed for the given time.</doc>
<status status="PASS" start="2025-07-18T18:30:28.181282" elapsed="2.000918"/>
</kw>
<kw name="Page Should Contain" owner="SeleniumLibrary">
<msg time="2025-07-18T18:30:30.199320" level="INFO">Current page contains text 'Invalid credentials'.</msg>
<arg>${message}</arg>
<doc>Verifies that current page contains ``text``.</doc>
<status status="PASS" start="2025-07-18T18:30:30.182453" elapsed="0.016970"/>
</kw>
<arg>${message}</arg>
<status status="PASS" start="2025-07-18T18:30:28.180651" elapsed="2.018905"/>
</kw>
<arg>${userName}</arg>
<arg>${Password}</arg>
<arg>${Message}</arg>
<status status="PASS" start="2025-07-18T18:30:27.002082" elapsed="3.197581"/>
</kw>
<arg>userName=Admin123</arg>
<arg>Password=Admin123</arg>
<arg>Message=Invalid credentials</arg>
<status status="PASS" start="2025-07-18T18:30:27.000636" elapsed="3.199114"/>
</kw>
<kw name="Close Browser" owner="SeleniumLibrary" type="TEARDOWN">
<doc>Closes the current browser.</doc>
<status status="PASS" start="2025-07-18T18:30:30.200042" elapsed="2.219557"/>
</kw>
<status status="PASS" start="2025-07-18T18:30:19.374867" elapsed="13.044977"/>
</test>
<status status="PASS" start="2025-07-18T18:29:52.282386" elapsed="40.138679"/>
</suite>
<suite id="s1-s6" name="DataFromJson" source="D:\Automation practice\Robot Training\Tests\DataFromJson.robot">
<test id="s1-s6-t1" name="Login Test with JSON Data" line="10">
<kw name="Load Json From File" owner="JSONLibrary">
<msg time="2025-07-18T18:29:53.754161" level="INFO">${data} = {'testdata': [{'userName': 'Admin', 'Password': 'admin123', 'Message': 'Dashboard'}, {'userName': 'User1', 'Password': 'Pass123', 'Message': 'Invalid credentials'}, {'userName': 'Adminn', 'Password': ...</msg>
<var>${data}</var>
<arg>${JSON_FILE}</arg>
<doc>Load JSON from file.</doc>
<status status="PASS" start="2025-07-18T18:29:53.753167" elapsed="0.001101"/>
</kw>
<kw name="Log To Console" owner="BuiltIn">
<arg>${data}</arg>
<doc>Logs the given message to the console.</doc>
<status status="PASS" start="2025-07-18T18:29:53.754485" elapsed="0.000609"/>
</kw>
<kw name="Log To Console" owner="BuiltIn">
<arg>${data['testdata'][2]}</arg>
<doc>Logs the given message to the console.</doc>
<status status="PASS" start="2025-07-18T18:29:53.755309" elapsed="0.000751"/>
</kw>
<for flavor="IN">
<iter>
<kw name="Open Login Page" owner="LoginPageKw">
<kw name="Open Browser" owner="SeleniumLibrary">
<msg time="2025-07-18T18:29:53.758752" level="INFO">Opening browser 'chrome' to base url 'https://opensource-demo.orangehrmlive.com/web/index.php/auth/login'.</msg>
<arg>${URL}</arg>
<arg>chrome</arg>
<doc>Opens a new browser instance to the optional ``url``.</doc>
<status status="PASS" start="2025-07-18T18:29:53.758217" elapsed="2.128707"/>
</kw>
<kw name="Maximize Browser Window" owner="SeleniumLibrary">
<doc>Maximizes current browser window.</doc>
<status status="PASS" start="2025-07-18T18:29:55.887263" elapsed="3.596633"/>
</kw>
<kw name="Sleep" owner="BuiltIn">
<msg time="2025-07-18T18:30:02.484540" level="INFO">Slept 3 seconds.</msg>
<arg>3s</arg>
<doc>Pauses the test executed for the given time.</doc>
<status status="PASS" start="2025-07-18T18:29:59.484105" elapsed="3.000578"/>
</kw>
<status status="PASS" start="2025-07-18T18:29:53.757707" elapsed="8.727097"/>
</kw>
<kw name="Login" owner="LoginPageKw">
<kw name="Input User" owner="LoginPageKw">
<kw name="Input Text" owner="SeleniumLibrary">
<msg time="2025-07-18T18:30:02.486825" level="INFO">Typing text 'Admin' into text field 'name=username'.</msg>
<arg>${USERNAME_FIELD}</arg>
<arg>${username}</arg>
<doc>Types the given ``text`` into the text field identified by ``locator``.</doc>
<status status="PASS" start="2025-07-18T18:30:02.486487" elapsed="0.096580"/>
</kw>
<arg>${user}</arg>
<status status="PASS" start="2025-07-18T18:30:02.486226" elapsed="0.097045"/>
</kw>
<kw name="Input Pass" owner="LoginPageKw">
<kw name="Input Text" owner="SeleniumLibrary">
<msg time="2025-07-18T18:30:02.584483" level="INFO">Typing text 'admin123' into text field 'name=password'.</msg>
<arg>${PASSWORD_FIELD}</arg>
<arg>${password}</arg>
<doc>Types the given ``text`` into the text field identified by ``locator``.</doc>
<status status="PASS" start="2025-07-18T18:30:02.584060" elapsed="0.114485"/>
</kw>
<arg>${pass}</arg>
<status status="PASS" start="2025-07-18T18:30:02.583533" elapsed="0.115224"/>
</kw>
<kw name="Click Login Button" owner="LoginPageKw">
<kw name="Click Button" owner="SeleniumLibrary">
<msg time="2025-07-18T18:30:02.700048" level="INFO">Clicking button 'xpath=//button[@type='submit']'.</msg>
<arg>${LOGIN_BUTTON}</arg>
<doc>Clicks the button identified by ``locator``.</doc>
<status status="PASS" start="2025-07-18T18:30:02.699618" elapsed="0.137240"/>
</kw>
<status status="PASS" start="2025-07-18T18:30:02.699056" elapsed="0.138035"/>
</kw>
<kw name="Page Should Contain text" owner="LoginPageKw">
<kw name="Sleep" owner="BuiltIn">
<msg time="2025-07-18T18:30:04.838449" level="INFO">Slept 2 seconds.</msg>
<arg>2s</arg>
<doc>Pauses the test executed for the given time.</doc>
<status status="PASS" start="2025-07-18T18:30:02.837829" elapsed="2.000893"/>
</kw>
<kw name="Page Should Contain" owner="SeleniumLibrary">
<msg time="2025-07-18T18:30:04.884435" level="INFO">Current page contains text 'Dashboard'.</msg>
<arg>${message}</arg>
<doc>Verifies that current page contains ``text``.</doc>
<status status="PASS" start="2025-07-18T18:30:04.839144" elapsed="0.045495"/>
</kw>
<arg>${message}</arg>
<status status="PASS" start="2025-07-18T18:30:02.837397" elapsed="2.047459"/>
</kw>
<arg>${case['userName']}</arg>
<arg>${case['Password']}</arg>
<arg>${case['Message']}</arg>
<status status="PASS" start="2025-07-18T18:30:02.484998" elapsed="2.400022"/>
</kw>
<kw name="Close Browser" owner="SeleniumLibrary">
<doc>Closes the current browser.</doc>
<status status="PASS" start="2025-07-18T18:30:04.885312" elapsed="2.247317"/>
</kw>
<var name="${case}">{'userName': 'Admin', 'Password': 'admin123', 'Message': 'Dashboard'}</var>
<status status="PASS" start="2025-07-18T18:29:53.757347" elapsed="13.375369"/>
</iter>
<iter>
<kw name="Open Login Page" owner="LoginPageKw">
<kw name="Open Browser" owner="SeleniumLibrary">
<msg time="2025-07-18T18:30:07.133619" level="INFO">Opening browser 'chrome' to base url 'https://opensource-demo.orangehrmlive.com/web/index.php/auth/login'.</msg>
<arg>${URL}</arg>
<arg>chrome</arg>
<doc>Opens a new browser instance to the optional ``url``.</doc>
<status status="PASS" start="2025-07-18T18:30:07.133405" elapsed="4.853704"/>
</kw>
<kw name="Maximize Browser Window" owner="SeleniumLibrary">
<doc>Maximizes current browser window.</doc>
<status status="PASS" start="2025-07-18T18:30:11.987374" elapsed="0.046518"/>
</kw>
<kw name="Sleep" owner="BuiltIn">
<msg time="2025-07-18T18:30:15.035432" level="INFO">Slept 3 seconds.</msg>
<arg>3s</arg>
<doc>Pauses the test executed for the given time.</doc>
<status status="PASS" start="2025-07-18T18:30:12.034315" elapsed="3.001375"/>
</kw>
<status status="PASS" start="2025-07-18T18:30:07.133102" elapsed="7.902983"/>
</kw>
<kw name="Login" owner="LoginPageKw">
<kw name="Input User" owner="LoginPageKw">
<kw name="Input Text" owner="SeleniumLibrary">
<msg time="2025-07-18T18:30:15.045069" level="INFO">Typing text 'User1' into text field 'name=username'.</msg>
<arg>${USERNAME_FIELD}</arg>
<arg>${username}</arg>
<doc>Types the given ``text`` into the text field identified by ``locator``.</doc>
<status status="PASS" start="2025-07-18T18:30:15.044047" elapsed="0.138738"/>
</kw>
<arg>${user}</arg>
<status status="PASS" start="2025-07-18T18:30:15.043002" elapsed="0.140061"/>
</kw>
<kw name="Input Pass" owner="LoginPageKw">
<kw name="Input Text" owner="SeleniumLibrary">
<msg time="2025-07-18T18:30:15.184891" level="INFO">Typing text 'Pass123' into text field 'name=password'.</msg>
<arg>${PASSWORD_FIELD}</arg>
<arg>${password}</arg>
<doc>Types the given ``text`` into the text field identified by ``locator``.</doc>
<status status="PASS" start="2025-07-18T18:30:15.184328" elapsed="0.178245"/>
</kw>
<arg>${pass}</arg>
<status status="PASS" start="2025-07-18T18:30:15.183555" elapsed="0.179298"/>
</kw>
<kw name="Click Login Button" owner="LoginPageKw">
<kw name="Click Button" owner="SeleniumLibrary">
<msg time="2025-07-18T18:30:15.364163" level="INFO">Clicking button 'xpath=//button[@type='submit']'.</msg>
<arg>${LOGIN_BUTTON}</arg>
<doc>Clicks the button identified by ``locator``.</doc>
<status status="PASS" start="2025-07-18T18:30:15.363744" elapsed="0.961700"/>
</kw>
<status status="PASS" start="2025-07-18T18:30:15.363163" elapsed="0.962519"/>
</kw>
<kw name="Page Should Contain text" owner="LoginPageKw">
<kw name="Sleep" owner="BuiltIn">
<msg time="2025-07-18T18:30:18.329309" level="INFO">Slept 2 seconds.</msg>
<arg>2s</arg>
<doc>Pauses the test executed for the given time.</doc>
<status status="PASS" start="2025-07-18T18:30:16.326685" elapsed="2.002807"/>
</kw>
<kw name="Page Should Contain" owner="SeleniumLibrary">
<msg time="2025-07-18T18:30:18.486163" level="INFO">Current page contains text 'Invalid credentials'.</msg>
<arg>${message}</arg>
<doc>Verifies that current page contains ``text``.</doc>
<status status="PASS" start="2025-07-18T18:30:18.329809" elapsed="0.156550"/>
</kw>
<arg>${message}</arg>
<status status="PASS" start="2025-07-18T18:30:16.326015" elapsed="2.160549"/>
</kw>
<arg>${case['userName']}</arg>
<arg>${case['Password']}</arg>
<arg>${case['Message']}</arg>
<status status="PASS" start="2025-07-18T18:30:15.036667" elapsed="3.450055"/>
</kw>
<kw name="Close Browser" owner="SeleniumLibrary">
<doc>Closes the current browser.</doc>
<status status="PASS" start="2025-07-18T18:30:18.487017" elapsed="2.615875"/>
</kw>
<var name="${case}">{'userName': 'User1', 'Password': 'Pass123', 'Message': 'Invalid credentials'}</var>
<status status="PASS" start="2025-07-18T18:30:07.132910" elapsed="13.970253"/>
</iter>
<iter>
<kw name="Open Login Page" owner="LoginPageKw">
<kw name="Open Browser" owner="SeleniumLibrary">
<msg time="2025-07-18T18:30:21.108779" level="INFO">Opening browser 'chrome' to base url 'https://opensource-demo.orangehrmlive.com/web/index.php/auth/login'.</msg>
<arg>${URL}</arg>
<arg>chrome</arg>
<doc>Opens a new browser instance to the optional ``url``.</doc>
<status status="PASS" start="2025-07-18T18:30:21.108033" elapsed="5.910146"/>
</kw>
<kw name="Maximize Browser Window" owner="SeleniumLibrary">
<doc>Maximizes current browser window.</doc>
<status status="PASS" start="2025-07-18T18:30:27.018609" elapsed="0.049310"/>
</kw>
<kw name="Sleep" owner="BuiltIn">
<msg time="2025-07-18T18:30:30.069236" level="INFO">Slept 3 seconds.</msg>
<arg>3s</arg>
<doc>Pauses the test executed for the given time.</doc>
<status status="PASS" start="2025-07-18T18:30:27.068273" elapsed="3.001212"/>
</kw>
<status status="PASS" start="2025-07-18T18:30:21.104610" elapsed="8.965202"/>
</kw>
<kw name="Login" owner="LoginPageKw">
<kw name="Input User" owner="LoginPageKw">
<kw name="Input Text" owner="SeleniumLibrary">
<msg time="2025-07-18T18:30:30.073968" level="INFO">Typing text 'Adminn' into text field 'name=username'.</msg>
<arg>${USERNAME_FIELD}</arg>
<arg>${username}</arg>
<doc>Types the given ``text`` into the text field identified by ``locator``.</doc>
<status status="PASS" start="2025-07-18T18:30:30.073546" elapsed="0.097355"/>
</kw>
<arg>${user}</arg>
<status status="PASS" start="2025-07-18T18:30:30.072982" elapsed="0.098148"/>
</kw>
<kw name="Input Pass" owner="LoginPageKw">
<kw name="Input Text" owner="SeleniumLibrary">
<msg time="2025-07-18T18:30:30.172119" level="INFO">Typing text 'Pass123' into text field 'name=password'.</msg>
<arg>${PASSWORD_FIELD}</arg>
<arg>${password}</arg>
<doc>Types the given ``text`` into the text field identified by ``locator``.</doc>
<status status="PASS" start="2025-07-18T18:30:30.171736" elapsed="0.174593"/>
</kw>
<arg>${pass}</arg>
<status status="PASS" start="2025-07-18T18:30:30.171357" elapsed="0.175211"/>
</kw>
<kw name="Click Login Button" owner="LoginPageKw">
<kw name="Click Button" owner="SeleniumLibrary">
<msg time="2025-07-18T18:30:30.347791" level="INFO">Clicking button 'xpath=//button[@type='submit']'.</msg>
<arg>${LOGIN_BUTTON}</arg>
<doc>Clicks the button identified by ``locator``.</doc>
<status status="PASS" start="2025-07-18T18:30:30.347372" elapsed="0.111870"/>
</kw>
<status status="PASS" start="2025-07-18T18:30:30.346853" elapsed="0.112558"/>
</kw>
<kw name="Page Should Contain text" owner="LoginPageKw">
<kw name="Sleep" owner="BuiltIn">
<msg time="2025-07-18T18:30:32.460739" level="INFO">Slept 2 seconds.</msg>
<arg>2s</arg>
<doc>Pauses the test executed for the given time.</doc>
<status status="PASS" start="2025-07-18T18:30:30.460234" elapsed="2.000734"/>
</kw>
<kw name="Page Should Contain" owner="SeleniumLibrary">
<msg time="2025-07-18T18:30:32.600909" level="INFO">Current page contains text 'Invalid credentials'.</msg>
<arg>${message}</arg>
<doc>Verifies that current page contains ``text``.</doc>
<status status="PASS" start="2025-07-18T18:30:32.461399" elapsed="0.139720"/>
</kw>
<arg>${message}</arg>
<status status="PASS" start="2025-07-18T18:30:30.459717" elapsed="2.141633"/>
</kw>
<arg>${case['userName']}</arg>
<arg>${case['Password']}</arg>
<arg>${case['Message']}</arg>
<status status="PASS" start="2025-07-18T18:30:30.070167" elapsed="2.531400"/>
</kw>
<kw name="Close Browser" owner="SeleniumLibrary">
<doc>Closes the current browser.</doc>
<status status="PASS" start="2025-07-18T18:30:32.601903" elapsed="5.826127"/>
</kw>
<var name="${case}">{'userName': 'Adminn', 'Password': 'Pass123', 'Message': 'Invalid credentials'}</var>
<status status="PASS" start="2025-07-18T18:30:21.103648" elapsed="17.324614"/>
</iter>
<var>${case}</var>
<value>@{data['testdata']}</value>
<status status="PASS" start="2025-07-18T18:29:53.756176" elapsed="44.672278"/>
</for>
<status status="PASS" start="2025-07-18T18:29:53.751815" elapsed="44.677112"/>
</test>
<status status="PASS" start="2025-07-18T18:29:52.487408" elapsed="45.942664"/>
</suite>
<suite id="s1-s7" name="FirstTest" source="D:\Automation practice\Robot Training\Tests\FirstTest.robot">
<test id="s1-s7-t1" name="Verify Example Page Title" line="8">
<kw name="Open Browser" owner="SeleniumLibrary">
<msg time="2025-07-18T18:29:58.913302" level="INFO">Opening browser 'Chrome' to base url 'https://example.com'.</msg>
<arg>${URL}</arg>
<arg>Chrome</arg>
<doc>Opens a new browser instance to the optional ``url``.</doc>
<status status="PASS" start="2025-07-18T18:29:58.912980" elapsed="2.268958"/>
</kw>
<kw name="Sleep" owner="BuiltIn">
<msg time="2025-07-18T18:30:04.183149" level="INFO">Slept 3 seconds.</msg>
<arg>3s</arg>
<doc>Pauses the test executed for the given time.</doc>
<status status="PASS" start="2025-07-18T18:30:01.182206" elapsed="3.001437"/>
</kw>
<kw name="Title Should Be" owner="SeleniumLibrary">
<msg time="2025-07-18T18:30:04.209743" level="INFO">Page title is 'Example Domain'.</msg>
<arg>Example Domain</arg>
<doc>Verifies that the current page title equals ``title``.</doc>
<status status="PASS" start="2025-07-18T18:30:04.184327" elapsed="0.025925"/>
</kw>
<kw name="Sleep" owner="BuiltIn">
<msg time="2025-07-18T18:30:07.212534" level="INFO">Slept 3 seconds.</msg>
<arg>3s</arg>
<doc>Pauses the test executed for the given time.</doc>
<status status="PASS" start="2025-07-18T18:30:04.211185" elapsed="3.001519"/>
</kw>
<kw name="Close Browser" owner="SeleniumLibrary">
<doc>Closes the current browser.</doc>
<status status="PASS" start="2025-07-18T18:30:07.212954" elapsed="2.163214"/>
</kw>
<status status="PASS" start="2025-07-18T18:29:58.911993" elapsed="10.464510"/>
</test>
<status status="PASS" start="2025-07-18T18:29:58.683459" elapsed="10.693616"/>
</suite>
<suite id="s1-s8" name="ForLoop" source="D:\Automation practice\Robot Training\Tests\ForLoop.robot">
<test id="s1-s8-t1" name="For_Loop" line="12">
<for flavor="IN RANGE">
<iter>
<kw name="Log To Console" owner="BuiltIn">
<arg>${i}</arg>
<doc>Logs the given message to the console.</doc>
<status status="PASS" start="2025-07-18T18:30:11.096994" elapsed="0.000829"/>
</kw>
<var name="${i}">1</var>
<status status="PASS" start="2025-07-18T18:30:11.094897" elapsed="0.003172"/>
</iter>
<iter>
<kw name="Log To Console" owner="BuiltIn">
<arg>${i}</arg>
<doc>Logs the given message to the console.</doc>
<status status="PASS" start="2025-07-18T18:30:11.098869" elapsed="0.000652"/>
</kw>
<var name="${i}">2</var>
<status status="PASS" start="2025-07-18T18:30:11.098485" elapsed="0.001242"/>
</iter>
<iter>
<kw name="Log To Console" owner="BuiltIn">
<arg>${i}</arg>
<doc>Logs the given message to the console.</doc>
<status status="PASS" start="2025-07-18T18:30:11.100372" elapsed="0.000540"/>
</kw>
<var name="${i}">3</var>
<status status="PASS" start="2025-07-18T18:30:11.100044" elapsed="0.001050"/>
</iter>
<iter>
<kw name="Log To Console" owner="BuiltIn">
<arg>${i}</arg>
<doc>Logs the given message to the console.</doc>
<status status="PASS" start="2025-07-18T18:30:11.101724" elapsed="0.000531"/>
</kw>
<var name="${i}">4</var>
<status status="PASS" start="2025-07-18T18:30:11.101414" elapsed="0.000997"/>
</iter>
<iter>
<kw name="Log To Console" owner="BuiltIn">
<arg>${i}</arg>
<doc>Logs the given message to the console.</doc>
<status status="PASS" start="2025-07-18T18:30:11.103068" elapsed="0.000608"/>
</kw>
<var name="${i}">5</var>
<status status="PASS" start="2025-07-18T18:30:11.102739" elapsed="0.001091"/>
</iter>
<iter>
<kw name="Log To Console" owner="BuiltIn">
<arg>${i}</arg>
<doc>Logs the given message to the console.</doc>
<status status="PASS" start="2025-07-18T18:30:11.104453" elapsed="0.000519"/>
</kw>
<var name="${i}">6</var>
<status status="PASS" start="2025-07-18T18:30:11.104152" elapsed="0.000977"/>
</iter>
<iter>
<kw name="Log To Console" owner="BuiltIn">
<arg>${i}</arg>
<doc>Logs the given message to the console.</doc>
<status status="PASS" start="2025-07-18T18:30:11.105939" elapsed="0.000884"/>
</kw>
<var name="${i}">7</var>
<status status="PASS" start="2025-07-18T18:30:11.105459" elapsed="0.001531"/>
</iter>
<iter>
<kw name="Log To Console" owner="BuiltIn">
<arg>${i}</arg>
<doc>Logs the given message to the console.</doc>
<status status="PASS" start="2025-07-18T18:30:11.107938" elapsed="0.000690"/>
</kw>
<var name="${i}">8</var>
<status status="PASS" start="2025-07-18T18:30:11.107388" elapsed="0.001438"/>
</iter>
<iter>
<kw name="Log To Console" owner="BuiltIn">
<arg>${i}</arg>
<doc>Logs the given message to the console.</doc>
<status status="PASS" start="2025-07-18T18:30:11.109659" elapsed="0.000635"/>
</kw>
<var name="${i}">9</var>
<status status="PASS" start="2025-07-18T18:30:11.109257" elapsed="0.001211"/>
</iter>
<var>${i}</var>
<value>1</value>
<value>10</value>
<status status="PASS" start="2025-07-18T18:30:11.094099" elapsed="0.016528"/>
</for>
<status status="PASS" start="2025-07-18T18:30:11.092981" elapsed="0.018061"/>
</test>
<test id="s1-s8-t2" name="For_Loop for List" line="16">
<for flavor="IN">
<iter>
<kw name="Log To Console" owner="BuiltIn">
<arg>${element}</arg>
<doc>Logs the given message to the console.</doc>
<status status="PASS" start="2025-07-18T18:30:11.112858" elapsed="0.000354"/>
</kw>
<var name="${element}">1 2 3 4 5 6 7 8 9</var>
<status status="PASS" start="2025-07-18T18:30:11.112636" elapsed="0.000680"/>
</iter>
<var>${element}</var>
<value>@{nums}</value>
<status status="PASS" start="2025-07-18T18:30:11.112306" elapsed="0.001110"/>
</for>
<status status="PASS" start="2025-07-18T18:30:11.111727" elapsed="0.001923"/>
</test>
<test id="s1-s8-t3" name="For_loop with Strings" line="20">
<for flavor="IN">
<iter>
<kw name="Log To Console" owner="BuiltIn">
<arg>${string}</arg>
<doc>Logs the given message to the console.</doc>
<status status="PASS" start="2025-07-18T18:30:11.115253" elapsed="0.000340"/>
</kw>
<var name="${string}">mahi</var>
<status status="PASS" start="2025-07-18T18:30:11.115033" elapsed="0.000668"/>
</iter>
<iter>
<kw name="Log To Console" owner="BuiltIn">
<arg>${string}</arg>
<doc>Logs the given message to the console.</doc>
<status status="PASS" start="2025-07-18T18:30:11.116107" elapsed="0.000326"/>
</kw>
<var name="${string}">mahesh</var>
<status status="PASS" start="2025-07-18T18:30:11.115902" elapsed="0.000629"/>
</iter>
<iter>
<kw name="Log To Console" owner="BuiltIn">
<arg>${string}</arg>
<doc>Logs the given message to the console.</doc>
<status status="PASS" start="2025-07-18T18:30:11.116910" elapsed="0.000306"/>
</kw>
<var name="${string}">mahendra</var>
<status status="PASS" start="2025-07-18T18:30:11.116705" elapsed="0.000610"/>
</iter>
<var>${string}</var>
<value>@{str}</value>
<status status="PASS" start="2025-07-18T18:30:11.114721" elapsed="0.002706"/>
</for>
<status status="PASS" start="2025-07-18T18:30:11.114303" elapsed="0.003321"/>
</test>
<test id="s1-s8-t4" name="For_Loop with Condition" line="24">
<for flavor="IN RANGE">
<iter>
<kw name="Log To Console" owner="BuiltIn">
<arg>${i}</arg>
<doc>Logs the given message to the console.</doc>
<status status="PASS" start="2025-07-18T18:30:11.118937" elapsed="0.000335"/>
</kw>
<kw name="Exit For Loop If" owner="BuiltIn">
<arg>${i}==7</arg>
<doc>Stops executing the enclosing FOR loop if the ``condition`` is true.</doc>
<status status="PASS" start="2025-07-18T18:30:11.119482" elapsed="0.000446"/>
</kw>
<var name="${i}">1</var>
<status status="PASS" start="2025-07-18T18:30:11.118737" elapsed="0.001292"/>
</iter>
<iter>
<kw name="Log To Console" owner="BuiltIn">
<arg>${i}</arg>
<doc>Logs the given message to the console.</doc>
<status status="PASS" start="2025-07-18T18:30:11.120422" elapsed="0.000312"/>
</kw>
<kw name="Exit For Loop If" owner="BuiltIn">
<arg>${i}==7</arg>
<doc>Stops executing the enclosing FOR loop if the ``condition`` is true.</doc>
<status status="PASS" start="2025-07-18T18:30:11.120919" elapsed="0.000429"/>
</kw>
<var name="${i}">2</var>
<status status="PASS" start="2025-07-18T18:30:11.120216" elapsed="0.001232"/>
</iter>
<iter>
<kw name="Log To Console" owner="BuiltIn">
<arg>${i}</arg>
<doc>Logs the given message to the console.</doc>
<status status="PASS" start="2025-07-18T18:30:11.121862" elapsed="0.000312"/>
</kw>
<kw name="Exit For Loop If" owner="BuiltIn">
<arg>${i}==7</arg>
<doc>Stops executing the enclosing FOR loop if the ``condition`` is true.</doc>
<status status="PASS" start="2025-07-18T18:30:11.122794" elapsed="0.001510"/>
</kw>
<var name="${i}">3</var>
<status status="PASS" start="2025-07-18T18:30:11.121655" elapsed="0.003006"/>
</iter>
<iter>
<kw name="Log To Console" owner="BuiltIn">
<arg>${i}</arg>
<doc>Logs the given message to the console.</doc>
<status status="PASS" start="2025-07-18T18:30:11.125435" elapsed="0.001693"/>
</kw>
<kw name="Exit For Loop If" owner="BuiltIn">
<arg>${i}==7</arg>
<doc>Stops executing the enclosing FOR loop if the ``condition`` is true.</doc>
<status status="PASS" start="2025-07-18T18:30:11.127405" elapsed="0.000472"/>
</kw>
<var name="${i}">4</var>
<status status="PASS" start="2025-07-18T18:30:11.125018" elapsed="0.002970"/>
</iter>
<iter>
<kw name="Log To Console" owner="BuiltIn">
<arg>${i}</arg>
<doc>Logs the given message to the console.</doc>
<status status="PASS" start="2025-07-18T18:30:11.128401" elapsed="0.000319"/>
</kw>
<kw name="Exit For Loop If" owner="BuiltIn">
<arg>${i}==7</arg>
<doc>Stops executing the enclosing FOR loop if the ``condition`` is true.</doc>
<status status="PASS" start="2025-07-18T18:30:11.128922" elapsed="0.000375"/>
</kw>
<var name="${i}">5</var>
<status status="PASS" start="2025-07-18T18:30:11.128186" elapsed="0.001349"/>
</iter>
<iter>
<kw name="Log To Console" owner="BuiltIn">
<arg>${i}</arg>
<doc>Logs the given message to the console.</doc>
<status status="PASS" start="2025-07-18T18:30:11.129965" elapsed="0.000330"/>
</kw>
<kw name="Exit For Loop If" owner="BuiltIn">
<arg>${i}==7</arg>
<doc>Stops executing the enclosing FOR loop if the ``condition`` is true.</doc>
<status status="PASS" start="2025-07-18T18:30:11.130483" elapsed="0.000399"/>
</kw>
<var name="${i}">6</var>
<status status="PASS" start="2025-07-18T18:30:11.129763" elapsed="0.001220"/>
</iter>
<iter>
<kw name="Log To Console" owner="BuiltIn">
<arg>${i}</arg>
<doc>Logs the given message to the console.</doc>
<status status="PASS" start="2025-07-18T18:30:11.131361" elapsed="0.000338"/>
</kw>
<kw name="Exit For Loop If" owner="BuiltIn">
<msg time="2025-07-18T18:30:11.132300" level="INFO">Exiting for loop altogether.</msg>
<arg>${i}==7</arg>
<doc>Stops executing the enclosing FOR loop if the ``condition`` is true.</doc>
<status status="PASS" start="2025-07-18T18:30:11.131904" elapsed="0.000535"/>
</kw>
<var name="${i}">7</var>
<status status="PASS" start="2025-07-18T18:30:11.131172" elapsed="0.001378"/>
</iter>
<var>${i}</var>
<value>1</value>
<value>10</value>
<status status="PASS" start="2025-07-18T18:30:11.118357" elapsed="0.014317"/>
</for>
<status status="PASS" start="2025-07-18T18:30:11.117967" elapsed="0.014931"/>
</test>
<test id="s1-s8-t5" name="For_Loop With Dictonaries" line="29">
<kw name="Get Dictionary Keys" owner="Collections">
<msg time="2025-07-18T18:30:11.134185" level="INFO">@{dict_keys} = [ age | mob_no | name ]</msg>
<var>@{dict_keys}</var>
<arg>${var}</arg>
<doc>Returns keys of the given ``dictionary`` as a list.</doc>
<status status="PASS" start="2025-07-18T18:30:11.133715" elapsed="0.000539"/>
</kw>
<kw name="Log To Console" owner="BuiltIn">
<arg>${dict_keys}</arg>
<doc>Logs the given message to the console.</doc>
<status status="PASS" start="2025-07-18T18:30:11.134556" elapsed="0.000455"/>
</kw>
<kw name="Get Dictionary Values" owner="Collections">
<msg time="2025-07-18T18:30:11.135728" level="INFO">@{values} = [ 23 | 9100 | mahi ]</msg>
<var>@{values}</var>
<arg>${var}</arg>
<doc>Returns values of the given ``dictionary`` as a list.</doc>
<status status="PASS" start="2025-07-18T18:30:11.135276" elapsed="0.000511"/>
</kw>
<kw name="Log To Console" owner="BuiltIn">
<arg>${values}</arg>
<doc>Logs the given message to the console.</doc>
<status status="PASS" start="2025-07-18T18:30:11.135995" elapsed="0.000353"/>
</kw>
<for flavor="IN">
<iter>
<kw name="Log To Console" owner="BuiltIn">
<arg>${key}</arg>
<doc>Logs the given message to the console.</doc>
<status status="PASS" start="2025-07-18T18:30:11.136996" elapsed="0.000308"/>
</kw>
<kw name="Get From Dictionary" owner="Collections">
<msg time="2025-07-18T18:30:11.137858" level="INFO">${value} = 23</msg>
<var>${value}</var>
<arg>${var}</arg>
<arg>${key}</arg>
<doc>Returns a value from the given ``dictionary`` based on the given ``key``.</doc>
<status status="PASS" start="2025-07-18T18:30:11.137513" elapsed="0.000415"/>
</kw>
<kw name="Log To Console" owner="BuiltIn">
<arg>${value}</arg>
<doc>Logs the given message to the console.</doc>
<status status="PASS" start="2025-07-18T18:30:11.138136" elapsed="0.000306"/>
</kw>
<kw name="Log To Console" owner="BuiltIn">
<arg>${key}=${value}</arg>
<doc>Logs the given message to the console.</doc>
<status status="PASS" start="2025-07-18T18:30:11.138716" elapsed="0.001181"/>
</kw>
<var name="${key}">age</var>
<status status="PASS" start="2025-07-18T18:30:11.136786" elapsed="0.003304"/>
</iter>
<iter>
<kw name="Log To Console" owner="BuiltIn">
<arg>${key}</arg>
<doc>Logs the given message to the console.</doc>
<status status="PASS" start="2025-07-18T18:30:11.140990" elapsed="0.000551"/>
</kw>
<kw name="Get From Dictionary" owner="Collections">
<msg time="2025-07-18T18:30:11.142140" level="INFO">${value} = 9100</msg>
<var>${value}</var>
<arg>${var}</arg>
<arg>${key}</arg>
<doc>Returns a value from the given ``dictionary`` based on the given ``key``.</doc>
<status status="PASS" start="2025-07-18T18:30:11.141759" elapsed="0.000446"/>
</kw>
<kw name="Log To Console" owner="BuiltIn">
<arg>${value}</arg>
<doc>Logs the given message to the console.</doc>
<status status="PASS" start="2025-07-18T18:30:11.142399" elapsed="0.000341"/>
</kw>
<kw name="Log To Console" owner="BuiltIn">
<arg>${key}=${value}</arg>
<doc>Logs the given message to the console.</doc>
<status status="PASS" start="2025-07-18T18:30:11.142923" elapsed="0.000415"/>
</kw>
<var name="${key}">mob_no</var>
<status status="PASS" start="2025-07-18T18:30:11.140575" elapsed="0.002863"/>
</iter>
<iter>
<kw name="Log To Console" owner="BuiltIn">
<arg>${key}</arg>
<doc>Logs the given message to the console.</doc>
<status status="PASS" start="2025-07-18T18:30:11.143841" elapsed="0.000308"/>
</kw>
<kw name="Get From Dictionary" owner="Collections">
<msg time="2025-07-18T18:30:11.144685" level="INFO">${value} = mahi</msg>
<var>${value}</var>
<arg>${var}</arg>
<arg>${key}</arg>
<doc>Returns a value from the given ``dictionary`` based on the given ``key``.</doc>
<status status="PASS" start="2025-07-18T18:30:11.144343" elapsed="0.000396"/>
</kw>
<kw name="Log To Console" owner="BuiltIn">
<arg>${value}</arg>
<doc>Logs the given message to the console.</doc>
<status status="PASS" start="2025-07-18T18:30:11.144925" elapsed="0.000309"/>
</kw>
<kw name="Log To Console" owner="BuiltIn">
<arg>${key}=${value}</arg>
<doc>Logs the given message to the console.</doc>
<status status="PASS" start="2025-07-18T18:30:11.145470" elapsed="0.000417"/>
</kw>
<var name="${key}">name</var>
<status status="PASS" start="2025-07-18T18:30:11.143652" elapsed="0.002337"/>
</iter>
<var>${key}</var>
<value>@{dict_keys}</value>
<status status="PASS" start="2025-07-18T18:30:11.136479" elapsed="0.009617"/>
</for>
<status status="PASS" start="2025-07-18T18:30:11.133257" elapsed="0.013080"/>
</test>
<status status="PASS" start="2025-07-18T18:30:10.583644" elapsed="0.563393"/>
</suite>
<suite id="s1-s9" name="Headless" source="D:\Automation practice\Robot Training\Tests\Headless.robot">
<test id="s1-s9-t1" name="Run Tests under Headless Browser" line="7">
<kw name="Open Browser" owner="SeleniumLibrary">
<msg time="2025-07-18T18:30:12.721036" level="INFO">Opening browser 'headlesschrome' to base url 'https://www.google.com/'.</msg>
<arg>${URL}</arg>
<arg>headlesschrome</arg>
<doc>Opens a new browser instance to the optional ``url``.</doc>
<status status="PASS" start="2025-07-18T18:30:12.720331" elapsed="2.692324"/>
</kw>
<kw name="Maximize Browser Window" owner="SeleniumLibrary">
<doc>Maximizes current browser window.</doc>
<status status="PASS" start="2025-07-18T18:30:15.413489" elapsed="0.037784"/>
</kw>
<kw name="Sleep" owner="BuiltIn">
<msg time="2025-07-18T18:30:17.452656" level="INFO">Slept 2 seconds.</msg>
<arg>2s</arg>
<doc>Pauses the test executed for the given time.</doc>
<status status="PASS" start="2025-07-18T18:30:15.451603" elapsed="2.001252"/>
</kw>
<kw name="Input Text" owner="SeleniumLibrary">
<msg time="2025-07-18T18:30:17.453817" level="INFO">Typing text 'Automation Step by step' into text field 'class=gLFyf'.</msg>
<arg>class=gLFyf</arg>
<arg>Automation Step by step</arg>
<doc>Types the given ``text`` into the text field identified by ``locator``.</doc>
<status status="PASS" start="2025-07-18T18:30:17.453129" elapsed="0.194111"/>
</kw>
<kw name="Sleep" owner="BuiltIn">
<msg time="2025-07-18T18:30:19.648572" level="INFO">Slept 2 seconds.</msg>
<arg>2s</arg>
<doc>Pauses the test executed for the given time.</doc>
<status status="PASS" start="2025-07-18T18:30:17.647548" elapsed="2.001225"/>
</kw>
<kw name="Click Button" owner="SeleniumLibrary">
<msg time="2025-07-18T18:30:19.649838" level="INFO">Clicking button 'class=gNO89b'.</msg>
<arg>class=gNO89b</arg>
<doc>Clicks the button identified by ``locator``.</doc>
<status status="PASS" start="2025-07-18T18:30:19.649198" elapsed="0.176885"/>
</kw>
<kw name="Sleep" owner="BuiltIn">
<msg time="2025-07-18T18:30:21.827505" level="INFO">Slept 2 seconds.</msg>
<arg>2s</arg>
<doc>Pauses the test executed for the given time.</doc>
<status status="PASS" start="2025-07-18T18:30:19.826490" elapsed="2.001290"/>
</kw>
<kw name="Sleep" owner="BuiltIn">
<msg time="2025-07-18T18:30:26.828974" level="INFO">Slept 5 seconds.</msg>
<arg>5s</arg>
<doc>Pauses the test executed for the given time.</doc>
<status status="PASS" start="2025-07-18T18:30:21.828131" elapsed="5.001044"/>
</kw>
<kw name="Close Browser" owner="SeleniumLibrary">
<doc>Closes the current browser.</doc>
<status status="PASS" start="2025-07-18T18:30:26.829517" elapsed="2.285984"/>
</kw>
<status status="PASS" start="2025-07-18T18:30:12.717901" elapsed="16.398465"/>
</test>
<status status="PASS" start="2025-07-18T18:30:12.254737" elapsed="16.864280"/>
</suite>
<suite id="s1-s10" name="Iframes" source="D:\Automation practice\Robot Training\Tests\Iframes.robot">
<test id="s1-s10-t1" name="Handling iframes" line="6">
<kw name="Open Browser" owner="SeleniumLibrary">
<msg time="2025-07-18T18:30:30.232317" level="INFO">Opening browser 'chrome' to base url 'https://www.w3schools.com/js/tryit.asp?filename=tryjs_myfirst'.</msg>
<arg>https://www.w3schools.com/js/tryit.asp?filename=tryjs_myfirst</arg>
<arg>chrome</arg>
<doc>Opens a new browser instance to the optional ``url``.</doc>
<status status="PASS" start="2025-07-18T18:30:30.231778" elapsed="30.831282"/>
</kw>
<kw name="Maximize Browser Window" owner="SeleniumLibrary">
<doc>Maximizes current browser window.</doc>
<status status="PASS" start="2025-07-18T18:31:01.063466" elapsed="0.160316"/>
</kw>
<kw name="Select Frame" owner="SeleniumLibrary">
<msg time="2025-07-18T18:31:01.224816" level="INFO">Selecting frame 'id=iframeResult'.</msg>
<arg>id=iframeResult</arg>
<doc>Sets frame identified by ``locator`` as the current frame.</doc>
<status status="PASS" start="2025-07-18T18:31:01.224118" elapsed="0.201569"/>
</kw>
<kw name="Current Frame Should Contain" owner="SeleniumLibrary">
<msg time="2025-07-18T18:31:01.704233" level="INFO">Current frame contains text 'My First JavaScript'.</msg>
<arg>My First JavaScript</arg>
<doc>Verifies that the current frame contains ``text``.</doc>
<status status="PASS" start="2025-07-18T18:31:01.426160" elapsed="0.278279"/>
</kw>
<kw name="Current Frame Should Not Contain" owner="SeleniumLibrary">
<msg time="2025-07-18T18:31:01.748215" level="INFO">Current frame did not contain text 'text'.</msg>
<arg>text</arg>
<doc>Verifies that the current frame does not contain ``text``.</doc>
<status status="PASS" start="2025-07-18T18:31:01.704801" elapsed="0.043622"/>
</kw>
<kw name="Click Button" owner="SeleniumLibrary">
<msg time="2025-07-18T18:31:01.749484" level="INFO">Clicking button 'css=button[type='button']'.</msg>
<arg>css=button[type='button']</arg>
<doc>Clicks the button identified by ``locator``.</doc>
<status status="PASS" start="2025-07-18T18:31:01.748881" elapsed="0.542904"/>
</kw>
<kw name="Sleep" owner="BuiltIn">
<msg time="2025-07-18T18:31:05.293044" level="INFO">Slept 3 seconds.</msg>
<arg>3s</arg>
<doc>Pauses the test executed for the given time.</doc>
<status status="PASS" start="2025-07-18T18:31:02.292230" elapsed="3.000938"/>
</kw>
<kw name="Unselect Frame" owner="SeleniumLibrary">
<doc>Sets the main frame as the current frame.</doc>
<status status="PASS" start="2025-07-18T18:31:05.293328" elapsed="0.002716"/>
</kw>
<kw name="Frame Should Contain" owner="SeleniumLibrary">
<msg time="2025-07-18T18:31:05.328608" level="INFO">Searching for text from frame 'id=iframeResult'.</msg>
<msg time="2025-07-18T18:31:05.339926" level="INFO">Frame 'id=iframeResult' contains text 'My First JavaScript'.</msg>
<arg>id=iframeResult</arg>
<arg>My First JavaScript</arg>
<doc>Verifies that frame identified by ``locator`` contains ``text``.</doc>
<status status="PASS" start="2025-07-18T18:31:05.296266" elapsed="0.043754"/>
</kw>
<status status="PASS" start="2025-07-18T18:30:30.229820" elapsed="35.110364"/>
</test>
<status status="PASS" start="2025-07-18T18:30:29.898925" elapsed="35.441776"/>
</suite>
<suite id="s1-s11" name="LoginTest" source="D:\Automation practice\Robot Training\Tests\LoginTest.robot">
<test id="s1-s11-t1" name="Valid Login Test" line="11">
<kw name="Open Login Page" owner="LoginPageKw" type="SETUP">
<kw name="Open Browser" owner="SeleniumLibrary">
<msg time="2025-07-18T18:30:34.476779" level="INFO">Opening browser 'chrome' to base url 'https://opensource-demo.orangehrmlive.com/web/index.php/auth/login'.</msg>
<arg>${URL}</arg>
<arg>chrome</arg>
<doc>Opens a new browser instance to the optional ``url``.</doc>
<status status="PASS" start="2025-07-18T18:30:34.475941" elapsed="5.276955"/>
</kw>
<kw name="Maximize Browser Window" owner="SeleniumLibrary">
<doc>Maximizes current browser window.</doc>
<status status="PASS" start="2025-07-18T18:30:39.753617" elapsed="0.189965"/>
</kw>
<kw name="Sleep" owner="BuiltIn">
<msg time="2025-07-18T18:30:42.944978" level="INFO">Slept 3 seconds.</msg>
<arg>3s</arg>
<doc>Pauses the test executed for the given time.</doc>
<status status="PASS" start="2025-07-18T18:30:39.944061" elapsed="3.001150"/>
</kw>
<status status="PASS" start="2025-07-18T18:30:34.473059" elapsed="8.472427"/>
</kw>
<kw name="Login" owner="LoginPageKw">
<kw name="Input User" owner="LoginPageKw">
<kw name="Input Text" owner="SeleniumLibrary">
<msg time="2025-07-18T18:30:42.948361" level="INFO">Typing text 'Admin' into text field 'name=username'.</msg>
<arg>${USERNAME_FIELD}</arg>
<arg>${username}</arg>
<doc>Types the given ``text`` into the text field identified by ``locator``.</doc>
<status status="PASS" start="2025-07-18T18:30:42.947557" elapsed="0.149826"/>
</kw>
<arg>${user}</arg>
<status status="PASS" start="2025-07-18T18:30:42.946868" elapsed="0.150808"/>
</kw>
<kw name="Input Pass" owner="LoginPageKw">
<kw name="Input Text" owner="SeleniumLibrary">
<msg time="2025-07-18T18:30:43.099480" level="INFO">Typing text 'admin123' into text field 'name=password'.</msg>
<arg>${PASSWORD_FIELD}</arg>
<arg>${password}</arg>
<doc>Types the given ``text`` into the text field identified by ``locator``.</doc>
<status status="PASS" start="2025-07-18T18:30:43.098884" elapsed="0.247880"/>
</kw>
<arg>${pass}</arg>
<status status="PASS" start="2025-07-18T18:30:43.098090" elapsed="0.248923"/>
</kw>
<kw name="Click Login Button" owner="LoginPageKw">
<kw name="Click Button" owner="SeleniumLibrary">
<msg time="2025-07-18T18:30:43.348562" level="INFO">Clicking button 'xpath=//button[@type='submit']'.</msg>
<arg>${LOGIN_BUTTON}</arg>
<doc>Clicks the button identified by ``locator``.</doc>
<status status="PASS" start="2025-07-18T18:30:43.348029" elapsed="1.345995"/>
</kw>
<status status="PASS" start="2025-07-18T18:30:43.347394" elapsed="1.346897"/>
</kw>
<kw name="Page Should Contain text" owner="LoginPageKw">
<kw name="Sleep" owner="BuiltIn">
<msg time="2025-07-18T18:30:46.696445" level="INFO">Slept 2 seconds.</msg>
<arg>2s</arg>
<doc>Pauses the test executed for the given time.</doc>
<status status="PASS" start="2025-07-18T18:30:44.695477" elapsed="2.001186"/>
</kw>
<kw name="Page Should Contain" owner="SeleniumLibrary">
<msg time="2025-07-18T18:30:46.721584" level="INFO">Current page contains text 'Dashboard'.</msg>
<arg>${message}</arg>
<doc>Verifies that current page contains ``text``.</doc>
<status status="PASS" start="2025-07-18T18:30:46.697002" elapsed="0.024723"/>
</kw>
<arg>${message}</arg>
<status status="PASS" start="2025-07-18T18:30:44.694685" elapsed="2.027304"/>
</kw>
<arg>Admin</arg>
<arg>admin123</arg>
<arg>Dashboard</arg>
<status status="PASS" start="2025-07-18T18:30:42.945980" elapsed="3.776205"/>
</kw>
<kw name="Close Browser" owner="SeleniumLibrary" type="TEARDOWN">
<doc>Closes the current browser.</doc>
<status status="PASS" start="2025-07-18T18:30:46.722763" elapsed="2.354314"/>
</kw>
<status status="PASS" start="2025-07-18T18:30:34.468094" elapsed="14.609230"/>
</test>
<test id="s1-s11-t2" name="Invalid Login Test" line="14">
<kw name="Open Login Page" owner="LoginPageKw" type="SETUP">
<kw name="Open Browser" owner="SeleniumLibrary">
<msg time="2025-07-18T18:30:49.097246" level="INFO">Opening browser 'chrome' to base url 'https://opensource-demo.orangehrmlive.com/web/index.php/auth/login'.</msg>
<arg>${URL}</arg>
<arg>chrome</arg>
<doc>Opens a new browser instance to the optional ``url``.</doc>
<status status="PASS" start="2025-07-18T18:30:49.094497" elapsed="8.002433"/>
</kw>
<kw name="Maximize Browser Window" owner="SeleniumLibrary">
<doc>Maximizes current browser window.</doc>
<status status="PASS" start="2025-07-18T18:30:57.097203" elapsed="0.029097"/>
</kw>
<kw name="Sleep" owner="BuiltIn">
<msg time="2025-07-18T18:31:00.127646" level="INFO">Slept 3 seconds.</msg>
<arg>3s</arg>
<doc>Pauses the test executed for the given time.</doc>
<status status="PASS" start="2025-07-18T18:30:57.126564" elapsed="3.001366"/>
</kw>
<status status="PASS" start="2025-07-18T18:30:49.087439" elapsed="11.040755"/>
</kw>
<kw name="Login" owner="LoginPageKw">
<kw name="Input User" owner="LoginPageKw">
<kw name="Input Text" owner="SeleniumLibrary">
<msg time="2025-07-18T18:31:00.130157" level="INFO">Typing text 'Admin' into text field 'name=username'.</msg>
<arg>${USERNAME_FIELD}</arg>
<arg>${username}</arg>
<doc>Types the given ``text`` into the text field identified by ``locator``.</doc>
<status status="PASS" start="2025-07-18T18:31:00.129779" elapsed="0.091913"/>
</kw>
<arg>${user}</arg>
<status status="PASS" start="2025-07-18T18:31:00.129127" elapsed="0.092793"/>
</kw>
<kw name="Input Pass" owner="LoginPageKw">
<kw name="Input Text" owner="SeleniumLibrary">
<msg time="2025-07-18T18:31:00.223387" level="INFO">Typing text 'Admin' into text field 'name=password'.</msg>
<arg>${PASSWORD_FIELD}</arg>
<arg>${password}</arg>
<doc>Types the given ``text`` into the text field identified by ``locator``.</doc>
<status status="PASS" start="2025-07-18T18:31:00.222904" elapsed="0.105325"/>
</kw>
<arg>${pass}</arg>
<status status="PASS" start="2025-07-18T18:31:00.222342" elapsed="0.106082"/>
</kw>
<kw name="Click Login Button" owner="LoginPageKw">
<kw name="Click Button" owner="SeleniumLibrary">
<msg time="2025-07-18T18:31:00.329598" level="INFO">Clicking button 'xpath=//button[@type='submit']'.</msg>
<arg>${LOGIN_BUTTON}</arg>
<doc>Clicks the button identified by ``locator``.</doc>
<status status="PASS" start="2025-07-18T18:31:00.329204" elapsed="0.094222"/>
</kw>
<status status="PASS" start="2025-07-18T18:31:00.328691" elapsed="0.094898"/>
</kw>
<kw name="Page Should Contain text" owner="LoginPageKw">
<kw name="Sleep" owner="BuiltIn">
<msg time="2025-07-18T18:31:02.425165" level="INFO">Slept 2 seconds.</msg>
<arg>2s</arg>
<doc>Pauses the test executed for the given time.</doc>
<status status="PASS" start="2025-07-18T18:31:00.424388" elapsed="2.001019"/>
</kw>
<kw name="Page Should Contain" owner="SeleniumLibrary">
<msg time="2025-07-18T18:31:02.458068" level="INFO">Current page contains text 'Invalid credentials'.</msg>
<arg>${message}</arg>
<doc>Verifies that current page contains ``text``.</doc>
<status status="PASS" start="2025-07-18T18:31:02.425869" elapsed="0.032505"/>
</kw>
<arg>${message}</arg>
<status status="PASS" start="2025-07-18T18:31:00.423881" elapsed="2.034776"/>
</kw>
<arg>Admin</arg>
<arg>Admin</arg>
<arg>Invalid credentials</arg>
<status status="PASS" start="2025-07-18T18:31:00.128543" elapsed="2.330393"/>
</kw>
<kw name="Close Browser" owner="SeleniumLibrary" type="TEARDOWN">
<doc>Closes the current browser.</doc>
<status status="PASS" start="2025-07-18T18:31:02.460656" elapsed="2.403323"/>
</kw>
<status status="PASS" start="2025-07-18T18:30:49.078331" elapsed="15.786282"/>
</test>
<status status="PASS" start="2025-07-18T18:30:32.129043" elapsed="32.738437"/>
</suite>
<suite id="s1-s12" name="Practice" source="D:\Automation practice\Robot Training\Tests\Practice.robot">
<test id="s1-s12-t1" name="Practicing" line="6">
<kw name="Log To Console" owner="BuiltIn">
<arg>Hello</arg>
<doc>Logs the given message to the console.</doc>
<status status="PASS" start="2025-07-18T18:30:40.430241" elapsed="0.003032"/>
</kw>
<kw name="Log To Console" owner="BuiltIn">
<arg>message</arg>
<doc>Logs the given message to the console.</doc>
<status status="PASS" start="2025-07-18T18:30:40.434455" elapsed="0.002817"/>
</kw>
<status status="PASS" start="2025-07-18T18:30:40.412056" elapsed="0.025707"/>
</test>
<status status="PASS" start="2025-07-18T18:30:37.005352" elapsed="3.433525"/>
</suite>
<suite id="s1-s13" name="RestApi" source="D:\Automation practice\Robot Training\Tests\RestApi">
<suite id="s1-s13-s1" name="FirstApi" source="D:\Automation practice\Robot Training\Tests\RestApi\FirstApi.robot">
<test id="s1-s13-s1-t1" name="First test On Rest API" line="10">
<kw name="Create Session" owner="RequestsLibrary">
<msg time="2025-07-18T18:30:43.551488" level="INFO">Creating Session using : alias=ses, url=https://jsonplaceholder.typicode.com, headers={},                     cookies={}, auth=None, timeout=None, proxies=None, verify=False,                     debug=0 </msg>
<msg time="2025-07-18T18:30:43.553018" level="INFO">${Session} = &lt;requests.sessions.Session object at 0x000002775B0C2120&gt;</msg>
<var>${Session}</var>
<arg>ses</arg>
<arg>${url}</arg>
<doc>Create Session: create a HTTP session to a server</doc>
<status status="PASS" start="2025-07-18T18:30:43.550875" elapsed="0.002253"/>
</kw>
<kw name="Log To Console" owner="BuiltIn">
<arg>Created Session:${Session}</arg>
<doc>Logs the given message to the console.</doc>
<status status="PASS" start="2025-07-18T18:30:43.553615" elapsed="0.000684"/>
</kw>
<kw name="Session Exists" owner="RequestsLibrary">
<msg time="2025-07-18T18:30:43.555888" level="INFO">${is_exist} = True</msg>
<var>${is_exist}</var>
<arg>ses</arg>
<doc>Return True if the session has been already created</doc>
<status status="PASS" start="2025-07-18T18:30:43.555030" elapsed="0.000942"/>
</kw>
<kw name="Should Be True" owner="BuiltIn">
<arg>${is_exist}</arg>
<doc>Fails if the given condition is not true.</doc>
<status status="PASS" start="2025-07-18T18:30:43.556282" elapsed="0.000391"/>
</kw>
<kw name="Log To Console" owner="BuiltIn">
<arg>${is_exist}</arg>
<doc>Logs the given message to the console.</doc>
<status status="PASS" start="2025-07-18T18:30:43.556951" elapsed="0.000471"/>
</kw>
<status status="PASS" start="2025-07-18T18:30:43.548277" elapsed="0.009432"/>
</test>
<status status="PASS" start="2025-07-18T18:30:41.804574" elapsed="1.754374"/>
</suite>
<suite id="s1-s13-s2" name="GET Request" source="D:\Automation practice\Robot Training\Tests\RestApi\GET_Request.robot">
<test id="s1-s13-s2-t1" name="Get Information" line="11">
<kw name="Create Session" owner="RequestsLibrary">
<msg time="2025-07-18T18:30:43.518091" level="INFO">Creating Session using : alias=MySession, url=https://jsonplaceholder.typicode.com, headers={},                     cookies={}, auth=None, timeout=None, proxies=None, verify=False,                     debug=0 </msg>
<arg>MySession</arg>
<arg>${url}</arg>
<doc>Create Session: create a HTTP session to a server</doc>
<status status="PASS" start="2025-07-18T18:30:43.517008" elapsed="0.003484"/>
</kw>
<kw name="GET On Session" owner="RequestsLibrary">
<msg time="2025-07-18T18:30:43.665734" level="INFO">GET Request : url=https://jsonplaceholder.typicode.com/users/1 
 path_url=/users/1 
 headers={'User-Agent': 'python-requests/2.32.4', 'Accept-Encoding': 'gzip, deflate', 'Accept': '*/*', 'Connection': 'keep-alive'} 
 body=None 
 </msg>
<msg time="2025-07-18T18:30:43.665993" level="INFO">GET Response : url=https://jsonplaceholder.typicode.com/users/1 
 status=200, reason=OK 
 headers={'Date': 'Fri, 18 Jul 2025 13:00:43 GMT', 'Content-Type': 'application/json; charset=utf-8', 'Transfer-Encoding': 'chunked', 'Connection': 'keep-alive', 'Access-Control-Allow-Credentials': 'true', 'Cache-Control': 'max-age=43200', 'Etag': 'W/"1fd-+2Y3G3w049iSZtw5t1mzSnunngE"', 'Expires': '-1', 'Nel': '{"report_to":"heroku-nel","response_headers":["Via"],"max_age":3600,"success_fraction":0.01,"failure_fraction":0.1}', 'Pragma': 'no-cache', 'Report-To': '{"group":"heroku-nel","endpoints":[{"url":"https://nel.heroku.com/reports?s=lmbAjTdMdsn42BHhDys61EW0ttCUi43RcdgTCU4Mn8o%3D\\u0026sid=e11707d5-02a7-43ef-b45e-2cf4d2036f7d\\u0026ts=1752058228"}],"max_age":3600}', 'Reporting-Endpoints': 'heroku-nel="https://nel.heroku.com/reports?s=lmbAjTdMdsn42BHhDys61EW0ttCUi43RcdgTCU4Mn8o%3D&amp;sid=e11707d5-02a7-43ef-b45e-2cf4d2036f7d&amp;ts=1752058228"', 'Server': 'cloudflare', 'Vary': 'Origin, Accept-Encoding', 'Via': '2.0 heroku-router', 'X-Content-Type-Options': 'nosniff', 'X-Powered-By': 'Express', 'X-Ratelimit-Limit': '1000', 'X-Ratelimit-Remaining': '999', 'X-Ratelimit-Reset': '1752058236', 'Age': '481', 'Cf-Cache-Status': 'HIT', 'Content-Encoding': 'gzip', 'CF-RAY': '961229e198b67f51-MAA', 'alt-svc': 'h3=":443"; ma=86400'} 
 body={
  "id": 1,
  "name": "Leanne Graham",
  "username": "Bret",
  "email": "Sincere@april.biz",
[...]
<kw name="Status Should Be" owner="RequestsLibrary">
<arg>201</arg>
<arg>${response}</arg>
<doc>Fails if response status code is different than the expected.</doc>
<status status="PASS" start="2025-07-18T18:30:46.455817" elapsed="0.000561"/>
</kw>
<kw name="Convert To String" owner="BuiltIn">
<msg time="2025-07-18T18:30:46.457653" level="INFO">${status_code} = 201</msg>
<var>${status_code}</var>
<arg>${response.status_code}</arg>
<doc>Converts the given item to a Unicode string.</doc>
<status status="PASS" start="2025-07-18T18:30:46.456574" elapsed="0.001159"/>
</kw>
<kw name="Log To Console" owner="BuiltIn">
<arg>Status Code :${status_code}</arg>
<doc>Logs the given message to the console.</doc>
<status status="PASS" start="2025-07-18T18:30:46.458056" elapsed="0.000563"/>
</kw>
<kw name="Should Be Equal" owner="BuiltIn">
<arg>201</arg>
<arg>${status_code}</arg>
<doc>Fails if the given objects are unequal.</doc>
<status status="PASS" start="2025-07-18T18:30:46.458910" elapsed="0.000416"/>
</kw>
<kw name="Convert To String" owner="BuiltIn">
<msg time="2025-07-18T18:30:46.460348" level="INFO">${body} = {
  "userId": "5",
  "id": 101,
  "title": "Checking Post Requests",
  "body": "This is for Checking the functionality of the Post method"
}</msg>
<var>${body}</var>
<arg>${response.content}</arg>
<doc>Converts the given item to a Unicode string.</doc>
<status status="PASS" start="2025-07-18T18:30:46.459535" elapsed="0.000868"/>
</kw>
<kw name="Log To Console" owner="BuiltIn">
<arg>${body}</arg>
<doc>Logs the given message to the console.</doc>
<status status="PASS" start="2025-07-18T18:30:46.460610" elapsed="0.000550"/>
</kw>
<kw name="Evaluate" owner="BuiltIn">
<msg time="2025-07-18T18:30:46.461740" level="INFO">${res_body} = {'userId': '5', 'id': 101, 'title': 'Checking Post Requests', 'body': 'This is for Checking the functionality of the Post method'}</msg>
<var>${res_body}</var>
<arg>${body}</arg>
<doc>Evaluates the given expression in Python and returns the result.</doc>
<status status="PASS" start="2025-07-18T18:30:46.461332" elapsed="0.000463"/>
</kw>
<kw name="Log To Console" owner="BuiltIn">
<arg>${res_body}</arg>
<doc>Logs the given message to the console.</doc>
<status status="PASS" start="2025-07-18T18:30:46.461950" elapsed="0.000316"/>
</kw>
<kw name="Log To Console" owner="BuiltIn">
<arg>Title is ${res_body}[title]</arg>
<doc>Logs the given message to the console.</doc>
<status status="PASS" start="2025-07-18T18:30:46.462421" elapsed="0.000324"/>
</kw>
<kw name="Log To Console" owner="BuiltIn">
<arg>id: ${res_body}[id]</arg>
<doc>Logs the given message to the console.</doc>
<status status="PASS" start="2025-07-18T18:30:46.462915" elapsed="0.000303"/>
</kw>
<kw name="Should Be Equal As Integers" owner="BuiltIn">
<msg time="2025-07-18T18:30:46.463692" level="INFO">Argument types are:
&lt;class 'int'&gt;
&lt;class 'str'&gt;</msg>
<arg>${res_body}[id]</arg>
<arg>101</arg>
<doc>Fails if objects are unequal after converting them to integers.</doc>
<status status="PASS" start="2025-07-18T18:30:46.463387" elapsed="0.000399"/>
</kw>
<status status="PASS" start="2025-07-18T18:30:45.711146" elapsed="0.752832"/>
</test>
<status status="PASS" start="2025-07-18T18:30:44.751695" elapsed="1.712891"/>
</suite>
<status status="PASS" start="2025-07-18T18:30:41.799000" elapsed="4.666000"/>
</suite>
<suite id="s1-s14" name="SetupOrTeardown" source="D:\Automation practice\Robot Training\Tests\SetupOrTeardown.robot">
<kw name="Log To Console" owner="BuiltIn" type="SETUP">
<arg>IM INSIDE SUITE SETUP</arg>
<doc>Logs the given message to the console.</doc>
<status status="PASS" start="2025-07-18T18:30:45.453483" elapsed="0.000815"/>
</kw>
<test id="s1-s14-t1" name="Checking Setup ad Teardown" line="12">
<kw name="Log To Console" owner="BuiltIn" type="SETUP">
<arg>IM INSIDE TEST SETUP</arg>
<doc>Logs the given message to the console.</doc>
<status status="PASS" start="2025-07-18T18:30:45.455957" elapsed="0.000658"/>
</kw>
<kw name="Log To Console" owner="BuiltIn">
<arg>Inside Test Case 1</arg>
<doc>Logs the given message to the console.</doc>
<status status="PASS" start="2025-07-18T18:30:45.457096" elapsed="0.002117"/>
</kw>
<kw name="Log To Console" owner="BuiltIn" type="TEARDOWN">
<arg>IM INSIDE TEST TEARDOWN</arg>
<doc>Logs the given message to the console.</doc>
<status status="PASS" start="2025-07-18T18:30:45.460337" elapsed="0.001126"/>
</kw>
<status status="PASS" start="2025-07-18T18:30:45.454763" elapsed="0.007140"/>
</test>
<test id="s1-s14-t2" name="Checking Setup ad Teardown 1" line="15">
<kw name="Log To Console" owner="BuiltIn" type="SETUP">
<arg>IM INSIDE TEST SETUP</arg>
<doc>Logs the given message to the console.</doc>
<status status="PASS" start="2025-07-18T18:30:45.464630" elapsed="0.000484"/>
</kw>
<kw name="Log To Console" owner="BuiltIn">
<arg>Inside Test Case 2</arg>
<doc>Logs the given message to the console.</doc>
<status status="PASS" start="2025-07-18T18:30:45.465390" elapsed="0.000325"/>
</kw>
<kw name="Log To Console" owner="BuiltIn" type="TEARDOWN">
<arg>IM INSIDE TEST TEARDOWN</arg>
<doc>Logs the given message to the console.</doc>
<status status="PASS" start="2025-07-18T18:30:45.466153" elapsed="0.000322"/>
</kw>
<status status="PASS" start="2025-07-18T18:30:45.463395" elapsed="0.003207"/>
</test>
<kw name="Log To Console" owner="BuiltIn" type="TEARDOWN">
<arg>IM INSIDE SUITE TEARDOWN</arg>
<doc>Logs the given message to the console.</doc>
<status status="PASS" start="2025-07-18T18:30:45.468106" elapsed="0.000604"/>
</kw>
<status status="PASS" start="2025-07-18T18:30:44.882462" elapsed="0.586479"/>
</suite>
<suite id="s1-s15" name="Tags" source="D:\Automation practice\Robot Training\Tests\Tags.robot">
<test id="s1-s15-t1" name="checking Tags keyword" line="7">
<kw name="Log To Console" owner="BuiltIn">
<arg>Inside Smoke ${TEST_TAGS}</arg>
<doc>Logs the given message to the console.</doc>
<status status="PASS" start="2025-07-18T18:30:47.227721" elapsed="0.000782"/>
</kw>
<tag>smoke</tag>
<status status="PASS" start="2025-07-18T18:30:47.225333" elapsed="0.003566"/>
</test>
<test id="s1-s15-t2" name="checking default Tags" line="12">
<kw name="Log To Console" owner="BuiltIn">
<arg>Inside Default ${TEST_TAGS}</arg>
<doc>Logs the given message to the console.</doc>
<status status="PASS" start="2025-07-18T18:30:47.230401" elapsed="0.000621"/>
</kw>
<tag>sanity</tag>
<status status="PASS" start="2025-07-18T18:30:47.229571" elapsed="0.001787"/>
</test>
<test id="s1-s15-t3" name="checking set Tags" line="16">
<kw name="Set Tags" owner="BuiltIn">
<msg time="2025-07-18T18:30:47.233406" level="INFO">Set tag 'regression'.</msg>
<arg>regression</arg>
<doc>Adds given ``tags`` for the current test or all tests in a suite.</doc>
<status status="PASS" start="2025-07-18T18:30:47.232875" elapsed="0.000697"/>
</kw>
<kw name="Log To Console" owner="BuiltIn">
<arg>Inside Set tag ${TEST_TAGS}</arg>
<doc>Logs the given message to the console.</doc>
<status status="PASS" start="2025-07-18T18:30:47.233948" elapsed="0.000598"/>
</kw>
<tag>regression</tag>
<tag>sanity</tag>
<status status="PASS" start="2025-07-18T18:30:47.232194" elapsed="0.002684"/>
</test>
<status status="PASS" start="2025-07-18T18:30:46.554025" elapsed="0.681855"/>
</suite>
<suite id="s1-s16" name="Templates" source="D:\Automation practice\Robot Training\Tests\Templates.robot">
<test id="s1-s16-t1" name="Valid Login" line="25">
<kw name="LoginTestCase">
<kw name="Open Browser" owner="SeleniumLibrary">
<msg time="2025-07-18T18:30:48.147296" level="INFO">Opening browser 'chrome' to base url 'https://opensource-demo.orangehrmlive.com/web/index.php/auth/login'.</msg>
<arg>${URL}</arg>
<arg>chrome</arg>
<doc>Opens a new browser instance to the optional ``url``.</doc>
<status status="PASS" start="2025-07-18T18:30:48.146613" elapsed="4.244139"/>
</kw>
<kw name="Maximize Browser Window" owner="SeleniumLibrary">
<doc>Maximizes current browser window.</doc>
<status status="PASS" start="2025-07-18T18:30:52.391006" elapsed="0.034356"/>
</kw>
<kw name="Sleep" owner="BuiltIn">
<msg time="2025-07-18T18:30:57.426880" level="INFO">Slept 5 seconds.</msg>
<arg>5s</arg>
<doc>Pauses the test executed for the given time.</doc>
<status status="PASS" start="2025-07-18T18:30:52.425876" elapsed="5.001251"/>
</kw>
<kw name="Input Text" owner="SeleniumLibrary">
<msg time="2025-07-18T18:30:57.428410" level="INFO">Typing text 'Admin' into text field 'name=username'.</msg>
<arg>name=username</arg>
<arg>${username}</arg>
<doc>Types the given ``text`` into the text field identified by ``locator``.</doc>
<status status="PASS" start="2025-07-18T18:30:57.427479" elapsed="0.094815"/>
</kw>
<kw name="Input Text" owner="SeleniumLibrary">
<msg time="2025-07-18T18:30:57.522728" level="INFO">Typing text 'admin123' into text field 'name=password'.</msg>
<arg>name=password</arg>
<arg>${password}</arg>
<doc>Types the given ``text`` into the text field identified by ``locator``.</doc>
<status status="PASS" start="2025-07-18T18:30:57.522468" elapsed="0.087152"/>
</kw>
<kw name="Click Button" owner="SeleniumLibrary">
<msg time="2025-07-18T18:30:57.610030" level="INFO">Clicking button 'xpath=//button[@type='submit']'.</msg>
<arg>xpath=//button[@type='submit']</arg>
<doc>Clicks the button identified by ``locator``.</doc>
<status status="PASS" start="2025-07-18T18:30:57.609797" elapsed="0.070581"/>
</kw>
<kw name="Sleep" owner="BuiltIn">
<msg time="2025-07-18T18:31:02.681394" level="INFO">Slept 5 seconds.</msg>
<arg>5s</arg>
<doc>Pauses the test executed for the given time.</doc>
<status status="PASS" start="2025-07-18T18:30:57.680600" elapsed="5.001618"/>
</kw>
<kw name="Page Should Contain" owner="SeleniumLibrary">
<msg time="2025-07-18T18:31:02.715762" level="INFO">Current page contains text 'Dashboard'.</msg>
<arg>${expected_message}</arg>
<doc>Verifies that current page contains ``text``.</doc>
<status status="PASS" start="2025-07-18T18:31:02.683468" elapsed="0.032547"/>
</kw>
<kw name="Close Browser" owner="SeleniumLibrary">
<doc>Closes the current browser.</doc>
<status status="PASS" start="2025-07-18T18:31:02.716411" elapsed="2.378241"/>
</kw>
<arg>Admin</arg>
<arg>admin123</arg>
<arg>Dashboard</arg>
<status status="PASS" start="2025-07-18T18:30:48.144431" elapsed="16.950695"/>
</kw>
<status status="PASS" start="2025-07-18T18:30:48.143340" elapsed="16.952303"/>
</test>
<test id="s1-s16-t2" name="Invalid Login" line="28">
<kw name="LoginTestCase">
<kw name="Open Browser" owner="SeleniumLibrary">
<msg time="2025-07-18T18:31:05.099754" level="INFO">Opening browser 'chrome' to base url 'https://opensource-demo.orangehrmlive.com/web/index.php/auth/login'.</msg>
<arg>${URL}</arg>
<arg>chrome</arg>
<doc>Opens a new browser instance to the optional ``url``.</doc>
<status status="PASS" start="2025-07-18T18:31:05.099041" elapsed="4.317639"/>
</kw>
<kw name="Maximize Browser Window" owner="SeleniumLibrary">
<doc>Maximizes current browser window.</doc>
<status status="PASS" start="2025-07-18T18:31:09.416851" elapsed="0.040200"/>
</kw>
<kw name="Sleep" owner="BuiltIn">
<msg time="2025-07-18T18:31:14.458086" level="INFO">Slept 5 seconds.</msg>
<arg>5s</arg>
<doc>Pauses the test executed for the given time.</doc>
<status status="PASS" start="2025-07-18T18:31:09.457202" elapsed="5.001446"/>
</kw>
<kw name="Input Text" owner="SeleniumLibrary">
<msg time="2025-07-18T18:31:14.461782" level="INFO">Typing text 'admin' into text field 'name=username'.</msg>
<arg>name=username</arg>
<arg>${username}</arg>
<doc>Types the given ``text`` into the text field identified by ``locator``.</doc>
<status status="PASS" start="2025-07-18T18:31:14.460043" elapsed="0.122316"/>
</kw>
<kw name="Input Text" owner="SeleniumLibrary">
<msg time="2025-07-18T18:31:14.582957" level="INFO">Typing text 'wrongpassword' into text field 'name=password'.</msg>
<arg>name=password</arg>
<arg>${password}</arg>
<doc>Types the given ``text`` into the text field identified by ``locator``.</doc>
<status status="PASS" start="2025-07-18T18:31:14.582553" elapsed="0.096458"/>
</kw>
<kw name="Click Button" owner="SeleniumLibrary">
<msg time="2025-07-18T18:31:14.679386" level="INFO">Clicking button 'xpath=//button[@type='submit']'.</msg>
<arg>xpath=//button[@type='submit']</arg>
<doc>Clicks the button identified by ``locator``.</doc>
<status status="PASS" start="2025-07-18T18:31:14.679166" elapsed="0.082775"/>
</kw>
<kw name="Sleep" owner="BuiltIn">
<msg time="2025-07-18T18:31:19.763141" level="INFO">Slept 5 seconds.</msg>
<arg>5s</arg>
<doc>Pauses the test executed for the given time.</doc>
<status status="PASS" start="2025-07-18T18:31:14.762253" elapsed="5.001410"/>
</kw>
<kw name="Page Should Contain" owner="SeleniumLibrary">
<msg time="2025-07-18T18:31:19.806825" level="INFO">Current page contains text 'Invalid credentials'.</msg>
<arg>${expected_message}</arg>
<doc>Verifies that current page contains ``text``.</doc>
<status status="PASS" start="2025-07-18T18:31:19.764503" elapsed="0.042482"/>
</kw>
<kw name="Close Browser" owner="SeleniumLibrary">
<doc>Closes the current browser.</doc>
<status status="PASS" start="2025-07-18T18:31:19.807295" elapsed="2.223257"/>
</kw>
<arg>admin</arg>
<arg>wrongpassword</arg>
<arg>Invalid credentials</arg>
<status status="PASS" start="2025-07-18T18:31:05.097831" elapsed="16.933289"/>
</kw>
<kw name="LoginTestCase">
<kw name="Open Browser" owner="SeleniumLibrary">
<msg time="2025-07-18T18:31:22.034844" level="INFO">Opening browser 'chrome' to base url 'https://opensource-demo.orangehrmlive.com/web/index.php/auth/login'.</msg>
<arg>${URL}</arg>
<arg>chrome</arg>
<doc>Opens a new browser instance to the optional ``url``.</doc>
<status status="PASS" start="2025-07-18T18:31:22.033890" elapsed="4.075003"/>
</kw>
<kw name="Maximize Browser Window" owner="SeleniumLibrary">
<doc>Maximizes current browser window.</doc>
<status status="PASS" start="2025-07-18T18:31:26.109077" elapsed="0.031913"/>
</kw>
<kw name="Sleep" owner="BuiltIn">
<msg time="2025-07-18T18:31:31.141465" level="INFO">Slept 5 seconds.</msg>
<arg>5s</arg>
<doc>Pauses the test executed for the given time.</doc>
<status status="PASS" start="2025-07-18T18:31:26.141153" elapsed="5.000557"/>
</kw>
<kw name="Input Text" owner="SeleniumLibrary">
<msg time="2025-07-18T18:31:31.142816" level="INFO">Typing text 'user' into text field 'name=username'.</msg>
<arg>name=username</arg>
<arg>${username}</arg>
<doc>Types the given ``text`` into the text field identified by ``locator``.</doc>
<status status="PASS" start="2025-07-18T18:31:31.142084" elapsed="0.132607"/>
</kw>
<kw name="Input Text" owner="SeleniumLibrary">
<msg time="2025-07-18T18:31:31.275220" level="INFO">Typing text 'admin123' into text field 'name=password'.</msg>
<arg>name=password</arg>
<arg>${password}</arg>
<doc>Types the given ``text`` into the text field identified by ``locator``.</doc>
<status status="PASS" start="2025-07-18T18:31:31.274908" elapsed="0.080412"/>
</kw>
<kw name="Click Button" owner="SeleniumLibrary">
<msg time="2025-07-18T18:31:31.356104" level="INFO">Clicking button 'xpath=//button[@type='submit']'.</msg>
<arg>xpath=//button[@type='submit']</arg>
<doc>Clicks the button identified by ``locator``.</doc>
<status status="PASS" start="2025-07-18T18:31:31.355538" elapsed="0.075866"/>
</kw>
<kw name="Sleep" owner="BuiltIn">
<msg time="2025-07-18T18:31:36.432375" level="INFO">Slept 5 seconds.</msg>
<arg>5s</arg>
<doc>Pauses the test executed for the given time.</doc>
<status status="PASS" start="2025-07-18T18:31:31.431610" elapsed="5.001183"/>
</kw>
<kw name="Page Should Contain" owner="SeleniumLibrary">
<msg time="2025-07-18T18:31:36.487760" level="INFO">Current page contains text 'Invalid credentials'.</msg>
<arg>${expected_message}</arg>
<doc>Verifies that current page contains ``text``.</doc>
<status status="PASS" start="2025-07-18T18:31:36.433434" elapsed="0.054491"/>
</kw>
<kw name="Close Browser" owner="SeleniumLibrary">
<doc>Closes the current browser.</doc>
<status status="PASS" start="2025-07-18T18:31:36.488177" elapsed="2.177361"/>
</kw>
<arg>user</arg>
<arg>admin123</arg>
<arg>Invalid credentials</arg>
<status status="PASS" start="2025-07-18T18:31:22.032257" elapsed="16.633461"/>
</kw>
<status status="PASS" start="2025-07-18T18:31:05.096506" elapsed="33.569434"/>
</test>
<status status="PASS" start="2025-07-18T18:30:47.697151" elapsed="50.970103"/>
</suite>
<suite id="s1-s17" name="Variables" source="D:\Automation practice\Robot Training\Tests\Variables.robot">
<test id="s1-s17-t1" name="Accesing Variables" line="18">
<kw name="Log To Console" owner="BuiltIn">
<arg>${Scalar}</arg>
<doc>Logs the given message to the console.</doc>
<status status="PASS" start="2025-07-18T18:30:48.630814" elapsed="0.000468"/>
</kw>
<kw name="Log To Console" owner="BuiltIn">
<arg>${lists}</arg>
<doc>Logs the given message to the console.</doc>
<status status="PASS" start="2025-07-18T18:30:48.631528" elapsed="0.000393"/>
</kw>
<kw name="Log To Console" owner="BuiltIn">
<arg>${dict}</arg>
<doc>Logs the given message to the console.</doc>
<status status="PASS" start="2025-07-18T18:30:48.632198" elapsed="0.000346"/>
</kw>
<kw name="Log To Console" owner="BuiltIn">
<arg>${env_var}</arg>
<doc>Logs the given message to the console.</doc>
<status status="PASS" start="2025-07-18T18:30:48.632712" elapsed="0.000387"/>
</kw>
<kw name="Log To Console" owner="BuiltIn">
<arg>${env_var1}</arg>
<doc>Logs the given message to the console.</doc>
<status status="PASS" start="2025-07-18T18:30:48.633463" elapsed="0.000542"/>
</kw>
<status status="PASS" start="2025-07-18T18:30:48.629465" elapsed="0.004826"/>
</test>
<status status="PASS" start="2025-07-18T18:30:48.221901" elapsed="0.413373"/>
</suite>
<doc>[https://pabot.org/?ref=log|Pabot] result from 19 executions.</doc>
<status status="PASS" start="2025-07-18T18:29:51.574000" elapsed="107.094000"/>
</suite>
<statistics>
<total>
<stat pass="32" fail="0" skip="0">All Tests</stat>
</total>
<tag>
<stat pass="1" fail="0" skip="0">regression</stat>
<stat pass="2" fail="0" skip="0">sanity</stat>
<stat pass="1" fail="0" skip="0">smoke</stat>
</tag>
<suite>
<stat name="Tests" id="s1" pass="32" fail="0" skip="0">Tests</stat>
<stat name="Add To cart" id="s1-s1" pass="1" fail="0" skip="0">Tests.Add To cart</stat>
<stat name="Assertions" id="s1-s2" pass="1" fail="0" skip="0">Tests.Assertions</stat>
<stat name="CustomLib" id="s1-s3" pass="1" fail="0" skip="0">Tests.CustomLib</stat>
<stat name="DataFromCsv" id="s1-s4" pass="3" fail="0" skip="0">Tests.DataFromCsv</stat>
<stat name="DataFromExcel" id="s1-s5" pass="3" fail="0" skip="0">Tests.DataFromExcel</stat>
<stat name="DataFromJson" id="s1-s6" pass="1" fail="0" skip="0">Tests.DataFromJson</stat>
<stat name="FirstTest" id="s1-s7" pass="1" fail="0" skip="0">Tests.FirstTest</stat>
<stat name="ForLoop" id="s1-s8" pass="5" fail="0" skip="0">Tests.ForLoop</stat>
<stat name="Headless" id="s1-s9" pass="1" fail="0" skip="0">Tests.Headless</stat>
<stat name="Iframes" id="s1-s10" pass="1" fail="0" skip="0">Tests.Iframes</stat>
<stat name="LoginTest" id="s1-s11" pass="2" fail="0" skip="0">Tests.LoginTest</stat>
<stat name="Practice" id="s1-s12" pass="1" fail="0" skip="0">Tests.Practice</stat>
<stat name="RestApi" id="s1-s13" pass="3" fail="0" skip="0">Tests.RestApi</stat>
<stat name="FirstApi" id="s1-s13-s1" pass="1" fail="0" skip="0">Tests.RestApi.FirstApi</stat>
<stat name="GET Request" id="s1-s13-s2" pass="1" fail="0" skip="0">Tests.RestApi.GET Request</stat>
<stat name="POST Request" id="s1-s13-s3" pass="1" fail="0" skip="0">Tests.RestApi.POST Request</stat>
<stat name="SetupOrTeardown" id="s1-s14" pass="2" fail="0" skip="0">Tests.SetupOrTeardown</stat>
<stat name="Tags" id="s1-s15" pass="3" fail="0" skip="0">Tests.Tags</stat>
<stat name="Templates" id="s1-s16" pass="2" fail="0" skip="0">Tests.Templates</stat>
<stat name="Variables" id="s1-s17" pass="1" fail="0" skip="0">Tests.Variables</stat>
</suite>
</statistics>
<errors>
</errors>
</robot>
