<?xml version="1.0" encoding="UTF-8"?>
<robot generator="Rebot 7.3.2 (Python 3.13.5 on win32)" generated="2025-08-21T17:18:30.576158" rpa="false" schemaversion="5">
<suite id="s1" name="Tests" source="D:\Automation practice\Robot Training\Tests">
<suite id="s1-s1" name="Add To cart" source="D:\Automation practice\Robot Training\Tests\Add To cart.robot">
<test id="s1-s1-t1" name="Adding Items to cart" line="8">
<kw name="Open Browser" owner="SeleniumLibrary">
<msg time="2025-08-21T17:17:08.536966" level="INFO">Opening browser 'headlesschrome' to base url 'https://dineshvelhal.github.io/testautomation-playground/login.html'.</msg>
<arg>${url}</arg>
<arg>headlesschrome</arg>
<doc>Opens a new browser instance to the optional ``url``.</doc>
<status status="PASS" start="2025-08-21T17:17:08.536304" elapsed="2.995340"/>
</kw>
<kw name="Input Text" owner="SeleniumLibrary">
<msg time="2025-08-21T17:17:11.533189" level="INFO">Typing text 'admin' into text field 'xpath=//input[@id='user']'.</msg>
<arg>xpath=//input[@id='user']</arg>
<arg>admin</arg>
<doc>Types the given ``text`` into the text field identified by ``locator``.</doc>
<status status="PASS" start="2025-08-21T17:17:11.532031" elapsed="1.403345"/>
</kw>
<kw name="Input Text" owner="SeleniumLibrary">
<msg time="2025-08-21T17:17:12.936175" level="INFO">Typing text 'admin' into text field 'xpath=//input[@id='password']'.</msg>
<arg>xpath=//input[@id='password']</arg>
<arg>admin</arg>
<doc>Types the given ``text`` into the text field identified by ``locator``.</doc>
<status status="PASS" start="2025-08-21T17:17:12.935707" elapsed="0.839615"/>
</kw>
<kw name="Click Button" owner="SeleniumLibrary">
<msg time="2025-08-21T17:17:13.776179" level="INFO">Clicking button 'xpath=//button[@id='login']'.</msg>
<arg>xpath=//button[@id='login']</arg>
<doc>Clicks the button identified by ``locator``.</doc>
<status status="PASS" start="2025-08-21T17:17:13.775758" elapsed="0.885027"/>
</kw>
<kw name="Click Element" owner="SeleniumLibrary">
<msg time="2025-08-21T17:17:14.661507" level="INFO">Clicking element 'xpath=//input[@id='rad_small']'.</msg>
<arg>xpath=//input[@id='rad_small']</arg>
<doc>Click the element identified by ``locator``.</doc>
<status status="PASS" start="2025-08-21T17:17:14.661090" elapsed="0.243876"/>
</kw>
<kw name="Select From List By Label" owner="SeleniumLibrary">
<msg time="2025-08-21T17:17:14.905712" level="INFO">Selecting options from selection list 'xpath=//select[@id='select_flavor']' by label Veggie Delight.</msg>
<arg>xpath=//select[@id='select_flavor']</arg>
<arg>Veggie Delight</arg>
<doc>Selects options from selection list ``locator`` by ``labels``.</doc>
<status status="PASS" start="2025-08-21T17:17:14.905302" elapsed="0.180126"/>
</kw>
<kw name="Click Element" owner="SeleniumLibrary">
<msg time="2025-08-21T17:17:15.086190" level="INFO">Clicking element 'id=rad_barbeque'.</msg>
<arg>id=rad_barbeque</arg>
<doc>Click the element identified by ``locator``.</doc>
<status status="PASS" start="2025-08-21T17:17:15.085764" elapsed="0.829877"/>
</kw>
<kw name="Click Element" owner="SeleniumLibrary">
<msg time="2025-08-21T17:17:15.916838" level="INFO">Clicking element 'id=green_olive'.</msg>
<arg>id=green_olive</arg>
<doc>Click the element identified by ``locator``.</doc>
<status status="PASS" start="2025-08-21T17:17:15.916183" elapsed="0.250226"/>
</kw>
<kw name="Click Element" owner="SeleniumLibrary">
<msg time="2025-08-21T17:17:16.167285" level="INFO">Clicking element 'id=tomoto'.</msg>
<arg>id=tomoto</arg>
<doc>Click the element identified by ``locator``.</doc>
<status status="PASS" start="2025-08-21T17:17:16.166782" elapsed="1.209255"/>
</kw>
<kw name="Input Text" owner="SeleniumLibrary">
<msg time="2025-08-21T17:17:17.376903" level="INFO">Typing text '5' into text field 'id=quantity'.</msg>
<arg>id=quantity</arg>
<arg>5</arg>
<doc>Types the given ``text`` into the text field identified by ``locator``.</doc>
<status status="PASS" start="2025-08-21T17:17:17.376401" elapsed="1.582776"/>
</kw>
<kw name="Click Button" owner="SeleniumLibrary">
<msg time="2025-08-21T17:17:18.960228" level="INFO">Clicking button 'id=submit_button'.</msg>
<arg>id=submit_button</arg>
<doc>Clicks the button identified by ``locator``.</doc>
<status status="PASS" start="2025-08-21T17:17:18.959621" elapsed="1.515283"/>
</kw>
<kw name="Wait Until Page Contains" owner="SeleniumLibrary">
<arg>Pizza added to the cart!</arg>
<arg>5s</arg>
<doc>Waits until ``text`` appears on the current page.</doc>
<status status="PASS" start="2025-08-21T17:17:20.475296" elapsed="0.287765"/>
</kw>
<kw name="Close Browser" owner="SeleniumLibrary">
<doc>Closes the current browser.</doc>
<status status="PASS" start="2025-08-21T17:17:20.763536" elapsed="15.852887"/>
</kw>
<doc>Addding items to cart...</doc>
<status status="PASS" start="2025-08-21T17:17:08.534012" elapsed="28.082780"/>
</test>
<status status="PASS" start="2025-08-21T17:17:07.827000" elapsed="28.083000"/>
</suite>
<suite id="s1-s2" name="Assertions" source="D:\Automation practice\Robot Training\Tests\Assertions.robot">
<test id="s1-s2-t1" name="Checking Assertions" line="5">
<kw name="Set Variable" owner="BuiltIn">
<msg time="2025-08-21T17:17:08.344648" level="INFO">${isValid} = True</msg>
<var>${isValid}</var>
<arg>${True}</arg>
<doc>Returns the given values which can then be assigned to a variables.</doc>
<status status="PASS" start="2025-08-21T17:17:08.344113" elapsed="0.000616"/>
</kw>
<kw name="Should Be True" owner="BuiltIn">
<arg>${isValid}</arg>
<doc>Fails if the given condition is not true.</doc>
<status status="PASS" start="2025-08-21T17:17:08.345054" elapsed="0.000382"/>
</kw>
<kw name="Log To Console" owner="BuiltIn">
<arg>${isValid}</arg>
<doc>Logs the given message to the console.</doc>
<status status="PASS" start="2025-08-21T17:17:08.345664" elapsed="0.000404"/>
</kw>
<kw name="Set Variable If" owner="BuiltIn">
<msg time="2025-08-21T17:17:08.346750" level="INFO">${isValid} = False</msg>
<var>${isValid}</var>
<arg>${isValid}</arg>
<arg>${False}</arg>
<doc>Sets variable based on the given condition.</doc>
<status status="PASS" start="2025-08-21T17:17:08.346326" elapsed="0.000493"/>
</kw>
<kw name="Should Not Be True" owner="BuiltIn">
<arg>${isValid}</arg>
<doc>Fails if the given condition is true.</doc>
<status status="PASS" start="2025-08-21T17:17:08.347058" elapsed="0.000494"/>
</kw>
<kw name="Log To Console" owner="BuiltIn">
<arg>${isValid}</arg>
<doc>Logs the given message to the console.</doc>
<status status="PASS" start="2025-08-21T17:17:08.347767" elapsed="0.000411"/>
</kw>
<status status="PASS" start="2025-08-21T17:17:08.342309" elapsed="0.006263"/>
</test>
<status status="PASS" start="2025-08-21T17:17:07.834192" elapsed="0.515608"/>
</suite>
<suite id="s1-s3" name="CustomLib" source="D:\Automation practice\Robot Training\Tests\CustomLib.robot">
<test id="s1-s3-t1" name="Adding two Nums" line="5">
<kw name="Add Two Nums" owner="CustomLibrary">
<msg time="2025-08-21T17:17:07.961179" level="INFO">${output} = 1020</msg>
<var>${output}</var>
<arg>10</arg>
<arg>20</arg>
<status status="PASS" start="2025-08-21T17:17:07.960638" elapsed="0.000648"/>
</kw>
<kw name="Log To Console" owner="BuiltIn">
<arg>${output}</arg>
<doc>Logs the given message to the console.</doc>
<status status="PASS" start="2025-08-21T17:17:07.961700" elapsed="0.000549"/>
</kw>
<kw name="Add Nums" owner="CustomLibrary">
<msg time="2025-08-21T17:17:07.963029" level="INFO">${output} = 60</msg>
<var>${output}</var>
<arg>10</arg>
<arg>20</arg>
<arg>30</arg>
<status status="PASS" start="2025-08-21T17:17:07.962508" elapsed="0.000617"/>
</kw>
<kw name="Log To Console" owner="BuiltIn">
<arg>${output}</arg>
<doc>Logs the given message to the console.</doc>
<status status="PASS" start="2025-08-21T17:17:07.963386" elapsed="0.000548"/>
</kw>
<status status="PASS" start="2025-08-21T17:17:07.959262" elapsed="0.005160"/>
</test>
<status status="PASS" start="2025-08-21T17:17:07.954912" elapsed="0.010326"/>
</suite>
<suite id="s1-s4" name="DataFromCsv" source="D:\Automation practice\Robot Training\Tests\DataFromCsv.robot">
<test id="s1-s4-t1" name="Login Tests Using CSV Admin and admin123" line="19">
<kw name="Open Login Page" owner="LoginPageKw" type="SETUP">
<kw name="Open Browser" owner="SeleniumLibrary">
<msg time="2025-08-21T17:17:08.482069" level="INFO">Opening browser 'headlesschrome' to base url 'https://opensource-demo.orangehrmlive.com/web/index.php/auth/login'.</msg>
<arg>${URL}</arg>
<arg>${BROWSER}</arg>
<doc>Opens a new browser instance to the optional ``url``.</doc>
<status status="PASS" start="2025-08-21T17:17:08.481414" elapsed="6.144737"/>
</kw>
<kw name="Maximize Browser Window" owner="SeleniumLibrary">
<doc>Maximizes current browser window.</doc>
<status status="PASS" start="2025-08-21T17:17:14.626558" elapsed="0.099360"/>
</kw>
<kw name="Sleep" owner="BuiltIn">
<msg time="2025-08-21T17:17:17.726794" level="INFO">Slept 3 seconds.</msg>
<arg>3s</arg>
<doc>Pauses the test executed for the given time.</doc>
<status status="PASS" start="2025-08-21T17:17:14.726255" elapsed="3.000840"/>
</kw>
<status status="PASS" start="2025-08-21T17:17:08.479131" elapsed="9.248281"/>
</kw>
<kw name="Test Data">
<kw name="Login" owner="LoginPageKw">
<kw name="Input User" owner="LoginPageKw">
<kw name="Input Text" owner="SeleniumLibrary">
<msg time="2025-08-21T17:17:17.732613" level="INFO">Typing text 'Admin' into text field 'name=username'.</msg>
<arg>${USERNAME_FIELD}</arg>
<arg>${username}</arg>
<doc>Types the given ``text`` into the text field identified by ``locator``.</doc>
<status status="PASS" start="2025-08-21T17:17:17.731163" elapsed="1.289082"/>
</kw>
<arg>${user}</arg>
<status status="PASS" start="2025-08-21T17:17:17.730279" elapsed="1.290507"/>
</kw>
<kw name="Input Pass" owner="LoginPageKw">
<kw name="Input Text" owner="SeleniumLibrary">
<msg time="2025-08-21T17:17:19.023532" level="INFO">Typing text 'admin123' into text field 'name=password'.</msg>
<arg>${PASSWORD_FIELD}</arg>
<arg>${password}</arg>
<doc>Types the given ``text`` into the text field identified by ``locator``.</doc>
<status status="PASS" start="2025-08-21T17:17:19.022745" elapsed="1.981055"/>
</kw>
<arg>${pass}</arg>
<status status="PASS" start="2025-08-21T17:17:19.021490" elapsed="1.982600"/>
</kw>
<kw name="Click Login Button" owner="LoginPageKw">
<kw name="Click Button" owner="SeleniumLibrary">
<msg time="2025-08-21T17:17:21.005774" level="INFO">Clicking button 'xpath=//button[@type='submit']'.</msg>
<arg>${LOGIN_BUTTON}</arg>
<doc>Clicks the button identified by ``locator``.</doc>
<status status="PASS" start="2025-08-21T17:17:21.005206" elapsed="5.601528"/>
</kw>
<status status="PASS" start="2025-08-21T17:17:21.004492" elapsed="5.602589"/>
</kw>
<kw name="Page Should Contain text" owner="LoginPageKw">
<kw name="Sleep" owner="BuiltIn">
<msg time="2025-08-21T17:17:28.609762" level="INFO">Slept 2 seconds.</msg>
<arg>2s</arg>
<doc>Pauses the test executed for the given time.</doc>
<status status="PASS" start="2025-08-21T17:17:26.608711" elapsed="2.001268"/>
</kw>
<kw name="Page Should Contain" owner="SeleniumLibrary">
<msg time="2025-08-21T17:17:28.837497" level="INFO">Current page contains text 'Dashboard'.</msg>
<arg>${message}</arg>
<doc>Verifies that current page contains ``text``.</doc>
<status status="PASS" start="2025-08-21T17:17:28.610360" elapsed="0.227347"/>
</kw>
<arg>${message}</arg>
<status status="PASS" start="2025-08-21T17:17:26.607590" elapsed="2.230368"/>
</kw>
<arg>${userName}</arg>
<arg>${Password}</arg>
<arg>${Message}</arg>
<status status="PASS" start="2025-08-21T17:17:17.729090" elapsed="11.109065"/>
</kw>
<arg>userName=Admin</arg>
<arg>Password=admin123</arg>
<arg>Message=Dashboard</arg>
<status status="PASS" start="2025-08-21T17:17:17.727947" elapsed="11.110403"/>
</kw>
<kw name="Close Browser" owner="SeleniumLibrary" type="TEARDOWN">
<doc>Closes the current browser.</doc>
<status status="PASS" start="2025-08-21T17:17:28.838890" elapsed="8.153610"/>
</kw>
<status status="PASS" start="2025-08-21T17:17:08.476446" elapsed="28.516336"/>
</test>
<test id="s1-s4-t2" name="Login Tests Using CSV admin123 and admin123" line="19">
<kw name="Open Login Page" owner="LoginPageKw" type="SETUP">
<kw name="Open Browser" owner="SeleniumLibrary">
<msg time="2025-08-21T17:17:37.000290" level="INFO">Opening browser 'headlesschrome' to base url 'https://opensource-demo.orangehrmlive.com/web/index.php/auth/login'.</msg>
<arg>${URL}</arg>
<arg>${BROWSER}</arg>
<doc>Opens a new browser instance to the optional ``url``.</doc>
<status status="PASS" start="2025-08-21T17:17:36.999305" elapsed="5.134896"/>
</kw>
<kw name="Maximize Browser Window" owner="SeleniumLibrary">
<doc>Maximizes current browser window.</doc>
<status status="PASS" start="2025-08-21T17:17:42.134725" elapsed="0.038574"/>
</kw>
<kw name="Sleep" owner="BuiltIn">
<msg time="2025-08-21T17:17:45.175217" level="INFO">Slept 3 seconds.</msg>
<arg>3s</arg>
<doc>Pauses the test executed for the given time.</doc>
<status status="PASS" start="2025-08-21T17:17:42.173680" elapsed="3.002183"/>
</kw>
<status status="PASS" start="2025-08-21T17:17:36.998177" elapsed="8.178045"/>
</kw>
<kw name="Test Data">
<kw name="Login" owner="LoginPageKw">
<kw name="Input User" owner="LoginPageKw">
<kw name="Input Text" owner="SeleniumLibrary">
<msg time="2025-08-21T17:17:45.187929" level="INFO">Typing text 'admin123' into text field 'name=username'.</msg>
<arg>${USERNAME_FIELD}</arg>
<arg>${username}</arg>
<doc>Types the given ``text`` into the text field identified by ``locator``.</doc>
<status status="PASS" start="2025-08-21T17:17:45.186612" elapsed="0.560985"/>
</kw>
<arg>${user}</arg>
<status status="PASS" start="2025-08-21T17:17:45.185631" elapsed="0.562274"/>
</kw>
<kw name="Input Pass" owner="LoginPageKw">
<kw name="Input Text" owner="SeleniumLibrary">
<msg time="2025-08-21T17:17:45.749818" level="INFO">Typing text 'admin123' into text field 'name=password'.</msg>
<arg>${PASSWORD_FIELD}</arg>
<arg>${password}</arg>
<doc>Types the given ``text`` into the text field identified by ``locator``.</doc>
<status status="PASS" start="2025-08-21T17:17:45.749209" elapsed="0.374472"/>
</kw>
<arg>${pass}</arg>
<status status="PASS" start="2025-08-21T17:17:45.748302" elapsed="0.375735"/>
</kw>
<kw name="Click Login Button" owner="LoginPageKw">
<kw name="Click Button" owner="SeleniumLibrary">
<msg time="2025-08-21T17:17:46.126667" level="INFO">Clicking button 'xpath=//button[@type='submit']'.</msg>
<arg>${LOGIN_BUTTON}</arg>
<doc>Clicks the button identified by ``locator``.</doc>
<status status="PASS" start="2025-08-21T17:17:46.125684" elapsed="0.390718"/>
</kw>
<status status="PASS" start="2025-08-21T17:17:46.124518" elapsed="0.392178"/>
</kw>
<kw name="Page Should Contain text" owner="LoginPageKw">
<kw name="Sleep" owner="BuiltIn">
<msg time="2025-08-21T17:17:48.519715" level="INFO">Slept 2 seconds.</msg>
<arg>2s</arg>
<doc>Pauses the test executed for the given time.</doc>
<status status="PASS" start="2025-08-21T17:17:46.519088" elapsed="2.000864"/>
</kw>
<kw name="Page Should Contain" owner="SeleniumLibrary">
<msg time="2025-08-21T17:17:48.557596" level="INFO">Current page contains text 'Invalid credentials'.</msg>
<arg>${message}</arg>
<doc>Verifies that current page contains ``text``.</doc>
<status status="PASS" start="2025-08-21T17:17:48.520448" elapsed="0.037365"/>
</kw>
<arg>${message}</arg>
<status status="PASS" start="2025-08-21T17:17:46.517100" elapsed="2.041015"/>
</kw>
<arg>${userName}</arg>
<arg>${Password}</arg>
<arg>${Message}</arg>
<status status="PASS" start="2025-08-21T17:17:45.183465" elapsed="3.375174"/>
</kw>
<arg>userName=admin123</arg>
<arg>Password=admin123</arg>
<arg>Message=Invalid credentials</arg>
<status status="PASS" start="2025-08-21T17:17:45.181161" elapsed="3.377711"/>
</kw>
<kw name="Close Browser" owner="SeleniumLibrary" type="TEARDOWN">
<doc>Closes the current browser.</doc>
<status status="PASS" start="2025-08-21T17:17:48.560313" elapsed="2.275166"/>
</kw>
<status status="PASS" start="2025-08-21T17:17:36.993810" elapsed="13.841903"/>
</test>
<test id="s1-s4-t3" name="Login Tests Using CSV admin12 and admin123" line="19">
<kw name="Open Login Page" owner="LoginPageKw" type="SETUP">
<kw name="Open Browser" owner="SeleniumLibrary">
<msg time="2025-08-21T17:17:50.841676" level="INFO">Opening browser 'headlesschrome' to base url 'https://opensource-demo.orangehrmlive.com/web/index.php/auth/login'.</msg>
<arg>${URL}</arg>
<arg>${BROWSER}</arg>
<doc>Opens a new browser instance to the optional ``url``.</doc>
<status status="PASS" start="2025-08-21T17:17:50.841019" elapsed="4.796782"/>
</kw>
<kw name="Maximize Browser Window" owner="SeleniumLibrary">
<doc>Maximizes current browser window.</doc>
<status status="PASS" start="2025-08-21T17:17:55.638128" elapsed="0.057808"/>
</kw>
<kw name="Sleep" owner="BuiltIn">
<msg time="2025-08-21T17:17:58.697098" level="INFO">Slept 3 seconds.</msg>
<arg>3s</arg>
<doc>Pauses the test executed for the given time.</doc>
<status status="PASS" start="2025-08-21T17:17:55.696395" elapsed="3.000915"/>
</kw>
<status status="PASS" start="2025-08-21T17:17:50.840039" elapsed="7.857497"/>
</kw>
<kw name="Test Data">
<kw name="Login" owner="LoginPageKw">
<kw name="Input User" owner="LoginPageKw">
<kw name="Input Text" owner="SeleniumLibrary">
<msg time="2025-08-21T17:17:58.700562" level="INFO">Typing text 'admin12' into text field 'name=username'.</msg>
<arg>${USERNAME_FIELD}</arg>
<arg>${username}</arg>
<doc>Types the given ``text`` into the text field identified by ``locator``.</doc>
<status status="PASS" start="2025-08-21T17:17:58.700078" elapsed="0.232805"/>
</kw>
<arg>${user}</arg>
<status status="PASS" start="2025-08-21T17:17:58.699454" elapsed="0.233709"/>
</kw>
<kw name="Input Pass" owner="LoginPageKw">
<kw name="Input Text" owner="SeleniumLibrary">
<msg time="2025-08-21T17:17:58.934791" level="INFO">Typing text 'admin123' into text field 'name=password'.</msg>
<arg>${PASSWORD_FIELD}</arg>
<arg>${password}</arg>
<doc>Types the given ``text`` into the text field identified by ``locator``.</doc>
<status status="PASS" start="2025-08-21T17:17:58.934230" elapsed="0.195611"/>
</kw>
<arg>${pass}</arg>
<status status="PASS" start="2025-08-21T17:17:58.933513" elapsed="0.196547"/>
</kw>
<kw name="Click Login Button" owner="LoginPageKw">
<kw name="Click Button" owner="SeleniumLibrary">
<msg time="2025-08-21T17:17:59.131624" level="INFO">Clicking button 'xpath=//button[@type='submit']'.</msg>
<arg>${LOGIN_BUTTON}</arg>
<doc>Clicks the button identified by ``locator``.</doc>
<status status="PASS" start="2025-08-21T17:17:59.131107" elapsed="0.159479"/>
</kw>
<status status="PASS" start="2025-08-21T17:17:59.130427" elapsed="0.160423"/>
</kw>
<kw name="Page Should Contain text" owner="LoginPageKw">
<kw name="Sleep" owner="BuiltIn">
<msg time="2025-08-21T17:18:01.293712" level="INFO">Slept 2 seconds.</msg>
<arg>2s</arg>
<doc>Pauses the test executed for the given time.</doc>
<status status="PASS" start="2025-08-21T17:17:59.292636" elapsed="2.001302"/>
</kw>
<kw name="Page Should Contain" owner="SeleniumLibrary">
<msg time="2025-08-21T17:18:01.315391" level="INFO">Current page contains text 'Invalid credentials'.</msg>
<arg>${message}</arg>
<doc>Verifies that current page contains ``text``.</doc>
<status status="PASS" start="2025-08-21T17:18:01.294257" elapsed="0.021335"/>
</kw>
<arg>${message}</arg>
<status status="PASS" start="2025-08-21T17:17:59.291250" elapsed="2.024553"/>
</kw>
<arg>${userName}</arg>
<arg>${Password}</arg>
<arg>${Message}</arg>
<status status="PASS" start="2025-08-21T17:17:58.698691" elapsed="2.617272"/>
</kw>
<arg>userName=admin12</arg>
<arg>Password=admin123</arg>
<arg>Message=Invalid credentials</arg>
<status status="PASS" start="2025-08-21T17:17:58.697900" elapsed="2.618231"/>
</kw>
<kw name="Close Browser" owner="SeleniumLibrary" type="TEARDOWN">
<doc>Closes the current browser.</doc>
<status status="PASS" start="2025-08-21T17:18:01.316565" elapsed="2.409118"/>
</kw>
<status status="PASS" start="2025-08-21T17:17:50.837347" elapsed="12.888516"/>
</test>
<status status="PASS" start="2025-08-21T17:17:07.837237" elapsed="55.890014"/>
</suite>
<suite id="s1-s5" name="DataFromExcel" source="D:\Automation practice\Robot Training\Tests\DataFromExcel.robot">
<test id="s1-s5-t1" name="Login Test Using Excel Data Admin and admin123" line="21">
<kw name="Open Login Page" owner="LoginPageKw" type="SETUP">
<kw name="Open Browser" owner="SeleniumLibrary">
<msg time="2025-08-21T17:17:14.834718" level="INFO">Opening browser 'headlesschrome' to base url 'https://opensource-demo.orangehrmlive.com/web/index.php/auth/login'.</msg>
<arg>${URL}</arg>
<arg>${BROWSER}</arg>
<doc>Opens a new browser instance to the optional ``url``.</doc>
<status status="PASS" start="2025-08-21T17:17:14.832025" elapsed="6.396101"/>
</kw>
<kw name="Maximize Browser Window" owner="SeleniumLibrary">
<doc>Maximizes current browser window.</doc>
<status status="PASS" start="2025-08-21T17:17:21.228671" elapsed="0.610274"/>
</kw>
<kw name="Sleep" owner="BuiltIn">
<msg time="2025-08-21T17:17:24.840043" level="INFO">Slept 3 seconds.</msg>
<arg>3s</arg>
<doc>Pauses the test executed for the given time.</doc>
<status status="PASS" start="2025-08-21T17:17:21.839366" elapsed="3.000917"/>
</kw>
<status status="PASS" start="2025-08-21T17:17:14.829930" elapsed="10.010672"/>
</kw>
<kw name="Test Data">
<kw name="Login" owner="LoginPageKw">
<kw name="Input User" owner="LoginPageKw">
<kw name="Input Text" owner="SeleniumLibrary">
<msg time="2025-08-21T17:17:24.845274" level="INFO">Typing text 'Admin' into text field 'name=username'.</msg>
<arg>${USERNAME_FIELD}</arg>
<arg>${username}</arg>
<doc>Types the given ``text`` into the text field identified by ``locator``.</doc>
<status status="PASS" start="2025-08-21T17:17:24.844154" elapsed="2.180881"/>
</kw>
<arg>${user}</arg>
<status status="PASS" start="2025-08-21T17:17:24.843141" elapsed="2.182396"/>
</kw>
<kw name="Input Pass" owner="LoginPageKw">
<kw name="Input Text" owner="SeleniumLibrary">
<msg time="2025-08-21T17:17:27.027930" level="INFO">Typing text 'admin123' into text field 'name=password'.</msg>
<arg>${PASSWORD_FIELD}</arg>
<arg>${password}</arg>
<doc>Types the given ``text`` into the text field identified by ``locator``.</doc>
<status status="PASS" start="2025-08-21T17:17:27.027105" elapsed="1.753203"/>
</kw>
<arg>${pass}</arg>
<status status="PASS" start="2025-08-21T17:17:27.026076" elapsed="1.754553"/>
</kw>
<kw name="Click Login Button" owner="LoginPageKw">
<kw name="Click Button" owner="SeleniumLibrary">
<msg time="2025-08-21T17:17:28.782931" level="INFO">Clicking button 'xpath=//button[@type='submit']'.</msg>
<arg>${LOGIN_BUTTON}</arg>
<doc>Clicks the button identified by ``locator``.</doc>
<status status="PASS" start="2025-08-21T17:17:28.782311" elapsed="0.564425"/>
</kw>
<status status="PASS" start="2025-08-21T17:17:28.781099" elapsed="0.566051"/>
</kw>
<kw name="Page Should Contain text" owner="LoginPageKw">
<kw name="Sleep" owner="BuiltIn">
<msg time="2025-08-21T17:17:31.349627" level="INFO">Slept 2 seconds.</msg>
<arg>2s</arg>
<doc>Pauses the test executed for the given time.</doc>
<status status="PASS" start="2025-08-21T17:17:29.348890" elapsed="2.000985"/>
</kw>
<kw name="Page Should Contain" owner="SeleniumLibrary">
<msg time="2025-08-21T17:17:31.445618" level="INFO">Current page contains text 'Dashboard'.</msg>
<arg>${message}</arg>
<doc>Verifies that current page contains ``text``.</doc>
<status status="PASS" start="2025-08-21T17:17:31.350283" elapsed="0.095602"/>
</kw>
<arg>${message}</arg>
<status status="PASS" start="2025-08-21T17:17:29.347726" elapsed="2.098421"/>
</kw>
<arg>${userName}</arg>
<arg>${Password}</arg>
<arg>${Message}</arg>
<status status="PASS" start="2025-08-21T17:17:24.842110" elapsed="6.604644"/>
</kw>
<arg>userName=Admin</arg>
<arg>Password=admin123</arg>
<arg>Message=Dashboard</arg>
<status status="PASS" start="2025-08-21T17:17:24.841124" elapsed="6.605971"/>
</kw>
<kw name="Close Browser" owner="SeleniumLibrary" type="TEARDOWN">
<doc>Closes the current browser.</doc>
<status status="PASS" start="2025-08-21T17:17:31.448041" elapsed="7.587148"/>
</kw>
<status status="PASS" start="2025-08-21T17:17:14.825810" elapsed="24.209612"/>
</test>
<test id="s1-s5-t2" name="Login Test Using Excel Data AdminUser and admin123" line="21">
<kw name="Open Login Page" owner="LoginPageKw" type="SETUP">
<kw name="Open Browser" owner="SeleniumLibrary">
<msg time="2025-08-21T17:17:39.040626" level="INFO">Opening browser 'headlesschrome' to base url 'https://opensource-demo.orangehrmlive.com/web/index.php/auth/login'.</msg>
<arg>${URL}</arg>
<arg>${BROWSER}</arg>
<doc>Opens a new browser instance to the optional ``url``.</doc>
<status status="PASS" start="2025-08-21T17:17:39.040040" elapsed="3.492700"/>
</kw>
<kw name="Maximize Browser Window" owner="SeleniumLibrary">
<doc>Maximizes current browser window.</doc>
<status status="PASS" start="2025-08-21T17:17:42.533208" elapsed="2.977996"/>
</kw>
<kw name="Sleep" owner="BuiltIn">
<msg time="2025-08-21T17:17:48.512717" level="INFO">Slept 3 seconds.</msg>
<arg>3s</arg>
<doc>Pauses the test executed for the given time.</doc>
<status status="PASS" start="2025-08-21T17:17:45.511659" elapsed="3.001550"/>
</kw>
<status status="PASS" start="2025-08-21T17:17:39.039276" elapsed="9.474463"/>
</kw>
<kw name="Test Data">
<kw name="Login" owner="LoginPageKw">
<kw name="Input User" owner="LoginPageKw">
<kw name="Input Text" owner="SeleniumLibrary">
<msg time="2025-08-21T17:17:48.521594" level="INFO">Typing text 'AdminUser' into text field 'name=username'.</msg>
<arg>${USERNAME_FIELD}</arg>
<arg>${username}</arg>
<doc>Types the given ``text`` into the text field identified by ``locator``.</doc>
<status status="PASS" start="2025-08-21T17:17:48.520853" elapsed="0.217039"/>
</kw>
<arg>${user}</arg>
<status status="PASS" start="2025-08-21T17:17:48.519632" elapsed="0.218584"/>
</kw>
<kw name="Input Pass" owner="LoginPageKw">
<kw name="Input Text" owner="SeleniumLibrary">
<msg time="2025-08-21T17:17:48.740652" level="INFO">Typing text 'admin123' into text field 'name=password'.</msg>
<arg>${PASSWORD_FIELD}</arg>
<arg>${password}</arg>
<doc>Types the given ``text`` into the text field identified by ``locator``.</doc>
<status status="PASS" start="2025-08-21T17:17:48.739760" elapsed="0.166101"/>
</kw>
<arg>${pass}</arg>
<status status="PASS" start="2025-08-21T17:17:48.738647" elapsed="0.167501"/>
</kw>
<kw name="Click Login Button" owner="LoginPageKw">
<kw name="Click Button" owner="SeleniumLibrary">
<msg time="2025-08-21T17:17:48.907940" level="INFO">Clicking button 'xpath=//button[@type='submit']'.</msg>
<arg>${LOGIN_BUTTON}</arg>
<doc>Clicks the button identified by ``locator``.</doc>
<status status="PASS" start="2025-08-21T17:17:48.907301" elapsed="0.197692"/>
</kw>
<status status="PASS" start="2025-08-21T17:17:48.906523" elapsed="0.198821"/>
</kw>
<kw name="Page Should Contain text" owner="LoginPageKw">
<kw name="Sleep" owner="BuiltIn">
<msg time="2025-08-21T17:17:51.112739" level="INFO">Slept 2 seconds.</msg>
<arg>2s</arg>
<doc>Pauses the test executed for the given time.</doc>
<status status="PASS" start="2025-08-21T17:17:49.107018" elapsed="2.006014"/>
</kw>
<kw name="Page Should Contain" owner="SeleniumLibrary">
<msg time="2025-08-21T17:17:51.203969" level="INFO">Current page contains text 'Invalid credentials'.</msg>
<arg>${message}</arg>
<doc>Verifies that current page contains ``text``.</doc>
<status status="PASS" start="2025-08-21T17:17:51.124438" elapsed="0.079732"/>
</kw>
<arg>${message}</arg>
<status status="PASS" start="2025-08-21T17:17:49.105882" elapsed="2.098542"/>
</kw>
<arg>${userName}</arg>
<arg>${Password}</arg>
<arg>${Message}</arg>
<status status="PASS" start="2025-08-21T17:17:48.518413" elapsed="2.686194"/>
</kw>
<arg>userName=AdminUser</arg>
<arg>Password=admin123</arg>
<arg>Message=Invalid credentials</arg>
<status status="PASS" start="2025-08-21T17:17:48.515035" elapsed="2.689787"/>
</kw>
<kw name="Close Browser" owner="SeleniumLibrary" type="TEARDOWN">
<doc>Closes the current browser.</doc>
<status status="PASS" start="2025-08-21T17:17:51.205607" elapsed="3.056183"/>
</kw>
<status status="PASS" start="2025-08-21T17:17:39.036598" elapsed="15.225334"/>
</test>
<test id="s1-s5-t3" name="Login Test Using Excel Data Admin123 and Admin123" line="21">
<kw name="Open Login Page" owner="LoginPageKw" type="SETUP">
<kw name="Open Browser" owner="SeleniumLibrary">
<msg time="2025-08-21T17:17:54.266109" level="INFO">Opening browser 'headlesschrome' to base url 'https://opensource-demo.orangehrmlive.com/web/index.php/auth/login'.</msg>
<arg>${URL}</arg>
<arg>${BROWSER}</arg>
<doc>Opens a new browser instance to the optional ``url``.</doc>
<status status="PASS" start="2025-08-21T17:17:54.265643" elapsed="4.141976"/>
</kw>
<kw name="Maximize Browser Window" owner="SeleniumLibrary">
<doc>Maximizes current browser window.</doc>
<status status="PASS" start="2025-08-21T17:17:58.407983" elapsed="0.032810"/>
</kw>
<kw name="Sleep" owner="BuiltIn">
<msg time="2025-08-21T17:18:01.443494" level="INFO">Slept 3 seconds.</msg>
<arg>3s</arg>
<doc>Pauses the test executed for the given time.</doc>
<status status="PASS" start="2025-08-21T17:17:58.441111" elapsed="3.002665"/>
</kw>
<status status="PASS" start="2025-08-21T17:17:54.265026" elapsed="7.179090"/>
</kw>
<kw name="Test Data">
<kw name="Login" owner="LoginPageKw">
<kw name="Input User" owner="LoginPageKw">
<kw name="Input Text" owner="SeleniumLibrary">
<msg time="2025-08-21T17:18:01.450090" level="INFO">Typing text 'Admin123' into text field 'name=username'.</msg>
<arg>${USERNAME_FIELD}</arg>
<arg>${username}</arg>
<doc>Types the given ``text`` into the text field identified by ``locator``.</doc>
<status status="PASS" start="2025-08-21T17:18:01.449010" elapsed="0.251874"/>
</kw>
<arg>${user}</arg>
<status status="PASS" start="2025-08-21T17:18:01.447877" elapsed="0.253327"/>
</kw>
<kw name="Input Pass" owner="LoginPageKw">
<kw name="Input Text" owner="SeleniumLibrary">
<msg time="2025-08-21T17:18:01.703712" level="INFO">Typing text 'Admin123' into text field 'name=password'.</msg>
<arg>${PASSWORD_FIELD}</arg>
<arg>${password}</arg>
<doc>Types the given ``text`` into the text field identified by ``locator``.</doc>
<status status="PASS" start="2025-08-21T17:18:01.702746" elapsed="0.216142"/>
</kw>
<arg>${pass}</arg>
<status status="PASS" start="2025-08-21T17:18:01.701709" elapsed="0.217574"/>
</kw>
<kw name="Click Login Button" owner="LoginPageKw">
<kw name="Click Button" owner="SeleniumLibrary">
<msg time="2025-08-21T17:18:01.921126" level="INFO">Clicking button 'xpath=//button[@type='submit']'.</msg>
<arg>${LOGIN_BUTTON}</arg>
<doc>Clicks the button identified by ``locator``.</doc>
<status status="PASS" start="2025-08-21T17:18:01.920506" elapsed="0.141857"/>
</kw>
<status status="PASS" start="2025-08-21T17:18:01.919714" elapsed="0.142981"/>
</kw>
<kw name="Page Should Contain text" owner="LoginPageKw">
<kw name="Sleep" owner="BuiltIn">
<msg time="2025-08-21T17:18:04.065813" level="INFO">Slept 2 seconds.</msg>
<arg>2s</arg>
<doc>Pauses the test executed for the given time.</doc>
<status status="PASS" start="2025-08-21T17:18:02.064947" elapsed="2.001034"/>
</kw>
<kw name="Page Should Contain" owner="SeleniumLibrary">
<msg time="2025-08-21T17:18:04.088511" level="INFO">Current page contains text 'Invalid credentials'.</msg>
<arg>${message}</arg>
<doc>Verifies that current page contains ``text``.</doc>
<status status="PASS" start="2025-08-21T17:18:04.066230" elapsed="0.022484"/>
</kw>
<arg>${message}</arg>
<status status="PASS" start="2025-08-21T17:18:02.063184" elapsed="2.025731"/>
</kw>
<arg>${userName}</arg>
<arg>${Password}</arg>
<arg>${Message}</arg>
<status status="PASS" start="2025-08-21T17:18:01.446301" elapsed="2.642821"/>
</kw>
<arg>userName=Admin123</arg>
<arg>Password=Admin123</arg>
<arg>Message=Invalid credentials</arg>
<status status="PASS" start="2025-08-21T17:18:01.444606" elapsed="2.644637"/>
</kw>
<kw name="Close Browser" owner="SeleniumLibrary" type="TEARDOWN">
<doc>Closes the current browser.</doc>
<status status="PASS" start="2025-08-21T17:18:04.089578" elapsed="2.118277"/>
</kw>
<status status="PASS" start="2025-08-21T17:17:54.262741" elapsed="11.945285"/>
</test>
<status status="PASS" start="2025-08-21T17:17:07.848121" elapsed="58.360668"/>
</suite>
<suite id="s1-s6" name="DataFromJson" source="D:\Automation practice\Robot Training\Tests\DataFromJson.robot">
<test id="s1-s6-t1" name="Login Test with JSON Data" line="10">
<kw name="Load Json From File" owner="JSONLibrary">
<msg time="2025-08-21T17:17:08.691109" level="INFO">${data} = {'testdata': [{'userName': 'Admin', 'Password': 'admin123', 'Message': 'Dashboard'}, {'userName': 'User1', 'Password': 'Pass123', 'Message': 'Invalid credentials'}, {'userName': 'Adminn', 'Password': ...</msg>
<var>${data}</var>
<arg>${JSON_FILE}</arg>
<doc>Load JSON from file.</doc>
<status status="PASS" start="2025-08-21T17:17:08.690388" elapsed="0.000806"/>
</kw>
<kw name="Log To Console" owner="BuiltIn">
<arg>${data}</arg>
<doc>Logs the given message to the console.</doc>
<status status="PASS" start="2025-08-21T17:17:08.691497" elapsed="0.000489"/>
</kw>
<kw name="Log To Console" owner="BuiltIn">
<arg>${data['testdata'][2]}</arg>
<doc>Logs the given message to the console.</doc>
<status status="PASS" start="2025-08-21T17:17:08.692168" elapsed="0.000558"/>
</kw>
<for flavor="IN">
<iter>
<kw name="Open Login Page" owner="LoginPageKw">
<kw name="Open Browser" owner="SeleniumLibrary">
<msg time="2025-08-21T17:17:08.695128" level="INFO">Opening browser 'headlesschrome' to base url 'https://opensource-demo.orangehrmlive.com/web/index.php/auth/login'.</msg>
<arg>${URL}</arg>
<arg>${BROWSER}</arg>
<doc>Opens a new browser instance to the optional ``url``.</doc>
<status status="PASS" start="2025-08-21T17:17:08.694736" elapsed="6.092832"/>
</kw>
<kw name="Maximize Browser Window" owner="SeleniumLibrary">
<doc>Maximizes current browser window.</doc>
<status status="PASS" start="2025-08-21T17:17:14.788050" elapsed="0.025777"/>
</kw>
<kw name="Sleep" owner="BuiltIn">
<msg time="2025-08-21T17:17:17.815206" level="INFO">Slept 3 seconds.</msg>
<arg>3s</arg>
<doc>Pauses the test executed for the given time.</doc>
<status status="PASS" start="2025-08-21T17:17:14.814093" elapsed="3.001444"/>
</kw>
<status status="PASS" start="2025-08-21T17:17:08.694213" elapsed="9.121647"/>
</kw>
<kw name="Login" owner="LoginPageKw">
<kw name="Input User" owner="LoginPageKw">
<kw name="Input Text" owner="SeleniumLibrary">
<msg time="2025-08-21T17:17:17.822667" level="INFO">Typing text 'Admin' into text field 'name=username'.</msg>
<arg>${USERNAME_FIELD}</arg>
<arg>${username}</arg>
<doc>Types the given ``text`` into the text field identified by ``locator``.</doc>
<status status="PASS" start="2025-08-21T17:17:17.821674" elapsed="1.316003"/>
</kw>
<arg>${user}</arg>
<status status="PASS" start="2025-08-21T17:17:17.820802" elapsed="1.317229"/>
</kw>
<kw name="Input Pass" owner="LoginPageKw">
<kw name="Input Text" owner="SeleniumLibrary">
<msg time="2025-08-21T17:17:19.140234" level="INFO">Typing text 'admin123' into text field 'name=password'.</msg>
<arg>${PASSWORD_FIELD}</arg>
<arg>${password}</arg>
<doc>Types the given ``text`` into the text field identified by ``locator``.</doc>
<status status="PASS" start="2025-08-21T17:17:19.139498" elapsed="0.318584"/>
</kw>
<arg>${pass}</arg>
<status status="PASS" start="2025-08-21T17:17:19.138533" elapsed="0.319859"/>
</kw>
<kw name="Click Login Button" owner="LoginPageKw">
<kw name="Click Button" owner="SeleniumLibrary">
<msg time="2025-08-21T17:17:19.460232" level="INFO">Clicking button 'xpath=//button[@type='submit']'.</msg>
<arg>${LOGIN_BUTTON}</arg>
<doc>Clicks the button identified by ``locator``.</doc>
<status status="PASS" start="2025-08-21T17:17:19.459618" elapsed="6.285563"/>
</kw>
<status status="PASS" start="2025-08-21T17:17:19.458882" elapsed="6.286612"/>
</kw>
<kw name="Page Should Contain text" owner="LoginPageKw">
<kw name="Sleep" owner="BuiltIn">
<msg time="2025-08-21T17:17:27.748421" level="INFO">Slept 2 seconds.</msg>
<arg>2s</arg>
<doc>Pauses the test executed for the given time.</doc>
<status status="PASS" start="2025-08-21T17:17:25.746666" elapsed="2.001998"/>
</kw>
<kw name="Page Should Contain" owner="SeleniumLibrary">
<msg time="2025-08-21T17:17:28.336183" level="INFO">Current page contains text 'Dashboard'.</msg>
<arg>${message}</arg>
<doc>Verifies that current page contains ``text``.</doc>
<status status="PASS" start="2025-08-21T17:17:27.749073" elapsed="0.587314"/>
</kw>
<arg>${message}</arg>
<status status="PASS" start="2025-08-21T17:17:25.745877" elapsed="2.590759"/>
</kw>
<arg>${case['userName']}</arg>
<arg>${case['Password']}</arg>
<arg>${case['Message']}</arg>
<status status="PASS" start="2025-08-21T17:17:17.816696" elapsed="10.520117"/>
</kw>
<kw name="Close Browser" owner="SeleniumLibrary">
<doc>Closes the current browser.</doc>
<status status="PASS" start="2025-08-21T17:17:28.337126" elapsed="9.367752"/>
</kw>
<var name="${case}">{'userName': 'Admin', 'Password': 'admin123', 'Message': 'Dashboard'}</var>
<status status="PASS" start="2025-08-21T17:17:08.693889" elapsed="29.011213"/>
</iter>
<iter>
<kw name="Open Login Page" owner="LoginPageKw">
<kw name="Open Browser" owner="SeleniumLibrary">
<msg time="2025-08-21T17:17:37.707729" level="INFO">Opening browser 'headlesschrome' to base url 'https://opensource-demo.orangehrmlive.com/web/index.php/auth/login'.</msg>
<arg>${URL}</arg>
<arg>${BROWSER}</arg>
<doc>Opens a new browser instance to the optional ``url``.</doc>
<status status="PASS" start="2025-08-21T17:17:37.706873" elapsed="5.903589"/>
</kw>
<kw name="Maximize Browser Window" owner="SeleniumLibrary">
<doc>Maximizes current browser window.</doc>
<status status="PASS" start="2025-08-21T17:17:43.611114" elapsed="0.024650"/>
</kw>
<kw name="Sleep" owner="BuiltIn">
<msg time="2025-08-21T17:17:46.636716" level="INFO">Slept 3 seconds.</msg>
<arg>3s</arg>
<doc>Pauses the test executed for the given time.</doc>
<status status="PASS" start="2025-08-21T17:17:43.636096" elapsed="3.000852"/>
</kw>
<status status="PASS" start="2025-08-21T17:17:37.706098" elapsed="8.931104"/>
</kw>
<kw name="Login" owner="LoginPageKw">
<kw name="Input User" owner="LoginPageKw">
<kw name="Input Text" owner="SeleniumLibrary">
<msg time="2025-08-21T17:17:46.642846" level="INFO">Typing text 'User1' into text field 'name=username'.</msg>
<arg>${USERNAME_FIELD}</arg>
<arg>${username}</arg>
<doc>Types the given ``text`` into the text field identified by ``locator``.</doc>
<status status="PASS" start="2025-08-21T17:17:46.641999" elapsed="0.411875"/>
</kw>
<arg>${user}</arg>
<status status="PASS" start="2025-08-21T17:17:46.641178" elapsed="0.412957"/>
</kw>
<kw name="Input Pass" owner="LoginPageKw">
<kw name="Input Text" owner="SeleniumLibrary">
<msg time="2025-08-21T17:17:47.055909" level="INFO">Typing text 'Pass123' into text field 'name=password'.</msg>
<arg>${PASSWORD_FIELD}</arg>
<arg>${password}</arg>
<doc>Types the given ``text`` into the text field identified by ``locator``.</doc>
<status status="PASS" start="2025-08-21T17:17:47.055363" elapsed="0.194496"/>
</kw>
<arg>${pass}</arg>
<status status="PASS" start="2025-08-21T17:17:47.054602" elapsed="0.195497"/>
</kw>
<kw name="Click Login Button" owner="LoginPageKw">
<kw name="Click Button" owner="SeleniumLibrary">
<msg time="2025-08-21T17:17:47.251968" level="INFO">Clicking button 'xpath=//button[@type='submit']'.</msg>
<arg>${LOGIN_BUTTON}</arg>
<doc>Clicks the button identified by ``locator``.</doc>
<status status="PASS" start="2025-08-21T17:17:47.251080" elapsed="0.219929"/>
</kw>
<status status="PASS" start="2025-08-21T17:17:47.250444" elapsed="0.220829"/>
</kw>
<kw name="Page Should Contain text" owner="LoginPageKw">
<kw name="Sleep" owner="BuiltIn">
<msg time="2025-08-21T17:17:49.474270" level="INFO">Slept 2 seconds.</msg>
<arg>2s</arg>
<doc>Pauses the test executed for the given time.</doc>
<status status="PASS" start="2025-08-21T17:17:47.472399" elapsed="2.002117"/>
</kw>
<kw name="Page Should Contain" owner="SeleniumLibrary">
<msg time="2025-08-21T17:17:49.605648" level="INFO">Current page contains text 'Invalid credentials'.</msg>
<arg>${message}</arg>
<doc>Verifies that current page contains ``text``.</doc>
<status status="PASS" start="2025-08-21T17:17:49.479899" elapsed="0.126021"/>
</kw>
<arg>${message}</arg>
<status status="PASS" start="2025-08-21T17:17:47.471648" elapsed="2.134558"/>
</kw>
<arg>${case['userName']}</arg>
<arg>${case['Password']}</arg>
<arg>${case['Message']}</arg>
<status status="PASS" start="2025-08-21T17:17:46.637643" elapsed="2.968805"/>
</kw>
<kw name="Close Browser" owner="SeleniumLibrary">
<doc>Closes the current browser.</doc>
<status status="PASS" start="2025-08-21T17:17:49.606821" elapsed="5.231689"/>
</kw>
<var name="${case}">{'userName': 'User1', 'Password': 'Pass123', 'Message': 'Invalid credentials'}</var>
<status status="PASS" start="2025-08-21T17:17:37.705599" elapsed="17.133029"/>
</iter>
<iter>
<kw name="Open Login Page" owner="LoginPageKw">
<kw name="Open Browser" owner="SeleniumLibrary">
<msg time="2025-08-21T17:17:54.839887" level="INFO">Opening browser 'headlesschrome' to base url 'https://opensource-demo.orangehrmlive.com/web/index.php/auth/login'.</msg>
<arg>${URL}</arg>
<arg>${BROWSER}</arg>
<doc>Opens a new browser instance to the optional ``url``.</doc>
<status status="PASS" start="2025-08-21T17:17:54.839574" elapsed="4.384996"/>
</kw>
<kw name="Maximize Browser Window" owner="SeleniumLibrary">
<doc>Maximizes current browser window.</doc>
<status status="PASS" start="2025-08-21T17:17:59.224969" elapsed="0.041086"/>
</kw>
<kw name="Sleep" owner="BuiltIn">
<msg time="2025-08-21T17:18:02.268373" level="INFO">Slept 3 seconds.</msg>
<arg>3s</arg>
<doc>Pauses the test executed for the given time.</doc>
<status status="PASS" start="2025-08-21T17:17:59.266418" elapsed="3.002349"/>
</kw>
<status status="PASS" start="2025-08-21T17:17:54.839171" elapsed="7.430392"/>
</kw>
<kw name="Login" owner="LoginPageKw">
<kw name="Input User" owner="LoginPageKw">
<kw name="Input Text" owner="SeleniumLibrary">
<msg time="2025-08-21T17:18:02.276794" level="INFO">Typing text 'Adminn' into text field 'name=username'.</msg>
<arg>${USERNAME_FIELD}</arg>
<arg>${username}</arg>
<doc>Types the given ``text`` into the text field identified by ``locator``.</doc>
<status status="PASS" start="2025-08-21T17:18:02.275607" elapsed="0.131376"/>
</kw>
<arg>${user}</arg>
<status status="PASS" start="2025-08-21T17:18:02.274324" elapsed="0.132965"/>
</kw>
<kw name="Input Pass" owner="LoginPageKw">
<kw name="Input Text" owner="SeleniumLibrary">
<msg time="2025-08-21T17:18:02.409459" level="INFO">Typing text 'Pass123' into text field 'name=password'.</msg>
<arg>${PASSWORD_FIELD}</arg>
<arg>${password}</arg>
<doc>Types the given ``text`` into the text field identified by ``locator``.</doc>
<status status="PASS" start="2025-08-21T17:18:02.408675" elapsed="0.132730"/>
</kw>
<arg>${pass}</arg>
<status status="PASS" start="2025-08-21T17:18:02.407743" elapsed="0.133987"/>
</kw>
<kw name="Click Login Button" owner="LoginPageKw">
<kw name="Click Button" owner="SeleniumLibrary">
<msg time="2025-08-21T17:18:02.543804" level="INFO">Clicking button 'xpath=//button[@type='submit']'.</msg>
<arg>${LOGIN_BUTTON}</arg>
<doc>Clicks the button identified by ``locator``.</doc>
<status status="PASS" start="2025-08-21T17:18:02.543102" elapsed="0.113456"/>
</kw>
<status status="PASS" start="2025-08-21T17:18:02.542344" elapsed="0.114499"/>
</kw>
<kw name="Page Should Contain text" owner="LoginPageKw">
<kw name="Sleep" owner="BuiltIn">
<msg time="2025-08-21T17:18:04.659286" level="INFO">Slept 2 seconds.</msg>
<arg>2s</arg>
<doc>Pauses the test executed for the given time.</doc>
<status status="PASS" start="2025-08-21T17:18:02.658026" elapsed="2.001678"/>
</kw>
<kw name="Page Should Contain" owner="SeleniumLibrary">
<msg time="2025-08-21T17:18:04.690333" level="INFO">Current page contains text 'Invalid credentials'.</msg>
<arg>${message}</arg>
<doc>Verifies that current page contains ``text``.</doc>
<status status="PASS" start="2025-08-21T17:18:04.660305" elapsed="0.030169"/>
</kw>
<arg>${message}</arg>
<status status="PASS" start="2025-08-21T17:18:02.657203" elapsed="2.033420"/>
</kw>
<arg>${case['userName']}</arg>
<arg>${case['Password']}</arg>
<arg>${case['Message']}</arg>
<status status="PASS" start="2025-08-21T17:18:02.270828" elapsed="2.419918"/>
</kw>
<kw name="Close Browser" owner="SeleniumLibrary">
<doc>Closes the current browser.</doc>
<status status="PASS" start="2025-08-21T17:18:04.690954" elapsed="2.204661"/>
</kw>
<var name="${case}">{'userName': 'Adminn', 'Password': 'Pass123', 'Message': 'Invalid credentials'}</var>
<status status="PASS" start="2025-08-21T17:17:54.838852" elapsed="12.057546"/>
</iter>
<var>${case}</var>
<value>@{data['testdata']}</value>
<status status="PASS" start="2025-08-21T17:17:08.692841" elapsed="58.204222"/>
</for>
<status status="PASS" start="2025-08-21T17:17:08.688986" elapsed="58.209134"/>
</test>
<status status="PASS" start="2025-08-21T17:17:07.896233" elapsed="59.003990"/>
</suite>
<suite id="s1-s7" name="FirstTest" source="D:\Automation practice\Robot Training\Tests\FirstTest.robot">
<test id="s1-s7-t1" name="Verify Example Page Title" line="8">
<kw name="Open Browser" owner="SeleniumLibrary">
<msg time="2025-08-21T17:17:08.556473" level="INFO">Opening browser 'headlesschrome' to base url 'https://example.com'.</msg>
<arg>${URL}</arg>
<arg>headlesschrome</arg>
<doc>Opens a new browser instance to the optional ``url``.</doc>
<status status="PASS" start="2025-08-21T17:17:08.555792" elapsed="3.801948"/>
</kw>
<kw name="Sleep" owner="BuiltIn">
<msg time="2025-08-21T17:17:15.358870" level="INFO">Slept 3 seconds.</msg>
<arg>3s</arg>
<doc>Pauses the test executed for the given time.</doc>
<status status="PASS" start="2025-08-21T17:17:12.358132" elapsed="3.001031"/>
</kw>
<kw name="Title Should Be" owner="SeleniumLibrary">
<msg time="2025-08-21T17:17:16.095934" level="INFO">Page title is 'Example Domain'.</msg>
<arg>Example Domain</arg>
<doc>Verifies that the current page title equals ``title``.</doc>
<status status="PASS" start="2025-08-21T17:17:15.359520" elapsed="0.736643"/>
</kw>
<kw name="Sleep" owner="BuiltIn">
<msg time="2025-08-21T17:17:19.097860" level="INFO">Slept 3 seconds.</msg>
<arg>3s</arg>
<doc>Pauses the test executed for the given time.</doc>
<status status="PASS" start="2025-08-21T17:17:16.096561" elapsed="3.001843"/>
</kw>
<kw name="Close Browser" owner="SeleniumLibrary">
<doc>Closes the current browser.</doc>
<status status="PASS" start="2025-08-21T17:17:19.098849" elapsed="17.004830"/>
</kw>
<status status="PASS" start="2025-08-21T17:17:08.553833" elapsed="27.550251"/>
</test>
<status status="PASS" start="2025-08-21T17:17:07.867005" elapsed="28.238403"/>
</suite>
<suite id="s1-s8" name="ForLoop" source="D:\Automation practice\Robot Training\Tests\ForLoop.robot">
<test id="s1-s8-t1" name="For_Loop" line="12">
<for flavor="IN RANGE">
<iter>
<kw name="Log To Console" owner="BuiltIn">
<arg>${i}</arg>
<doc>Logs the given message to the console.</doc>
<status status="PASS" start="2025-08-21T17:17:08.389850" elapsed="0.000583"/>
</kw>
<var name="${i}">1</var>
<status status="PASS" start="2025-08-21T17:17:08.388486" elapsed="0.002118"/>
</iter>
<iter>
<kw name="Log To Console" owner="BuiltIn">
<arg>${i}</arg>
<doc>Logs the given message to the console.</doc>
<status status="PASS" start="2025-08-21T17:17:08.391160" elapsed="0.000457"/>
</kw>
<var name="${i}">2</var>
<status status="PASS" start="2025-08-21T17:17:08.390873" elapsed="0.000866"/>
</iter>
<iter>
<kw name="Log To Console" owner="BuiltIn">
<arg>${i}</arg>
<doc>Logs the given message to the console.</doc>
<status status="PASS" start="2025-08-21T17:17:08.392226" elapsed="0.000417"/>
</kw>
<var name="${i}">3</var>
<status status="PASS" start="2025-08-21T17:17:08.391986" elapsed="0.000779"/>
</iter>
<iter>
<kw name="Log To Console" owner="BuiltIn">
<arg>${i}</arg>
<doc>Logs the given message to the console.</doc>
<status status="PASS" start="2025-08-21T17:17:08.393271" elapsed="0.000424"/>
</kw>
<var name="${i}">4</var>
<status status="PASS" start="2025-08-21T17:17:08.392995" elapsed="0.000818"/>
</iter>
<iter>
<kw name="Log To Console" owner="BuiltIn">
<arg>${i}</arg>
<doc>Logs the given message to the console.</doc>
<status status="PASS" start="2025-08-21T17:17:08.394288" elapsed="0.000423"/>
</kw>
<var name="${i}">5</var>
<status status="PASS" start="2025-08-21T17:17:08.394055" elapsed="0.000769"/>
</iter>
<iter>
<kw name="Log To Console" owner="BuiltIn">
<arg>${i}</arg>
<doc>Logs the given message to the console.</doc>
<status status="PASS" start="2025-08-21T17:17:08.395330" elapsed="0.000418"/>
</kw>
<var name="${i}">6</var>
<status status="PASS" start="2025-08-21T17:17:08.395076" elapsed="0.000790"/>
</iter>
<iter>
<kw name="Log To Console" owner="BuiltIn">
<arg>${i}</arg>
<doc>Logs the given message to the console.</doc>
<status status="PASS" start="2025-08-21T17:17:08.396319" elapsed="0.000416"/>
</kw>
<var name="${i}">7</var>
<status status="PASS" start="2025-08-21T17:17:08.396088" elapsed="0.000760"/>
</iter>
<iter>
<kw name="Log To Console" owner="BuiltIn">
<arg>${i}</arg>
<doc>Logs the given message to the console.</doc>
<status status="PASS" start="2025-08-21T17:17:08.397332" elapsed="0.000419"/>
</kw>
<var name="${i}">8</var>
<status status="PASS" start="2025-08-21T17:17:08.397094" elapsed="0.000790"/>
</iter>
<iter>
<kw name="Log To Console" owner="BuiltIn">
<arg>${i}</arg>
<doc>Logs the given message to the console.</doc>
<status status="PASS" start="2025-08-21T17:17:08.398331" elapsed="0.000417"/>
</kw>
<var name="${i}">9</var>
<status status="PASS" start="2025-08-21T17:17:08.398107" elapsed="0.000754"/>
</iter>
<var>${i}</var>
<value>1</value>
<value>10</value>
<status status="PASS" start="2025-08-21T17:17:08.387965" elapsed="0.011024"/>
</for>
<status status="PASS" start="2025-08-21T17:17:08.387373" elapsed="0.011939"/>
</test>
<test id="s1-s8-t2" name="For_Loop for List" line="16">
<for flavor="IN">
<iter>
<kw name="Log To Console" owner="BuiltIn">
<arg>${element}</arg>
<doc>Logs the given message to the console.</doc>
<status status="PASS" start="2025-08-21T17:17:08.400912" elapsed="0.000422"/>
</kw>
<var name="${element}">1 2 3 4 5 6 7 8 9</var>
<status status="PASS" start="2025-08-21T17:17:08.400678" elapsed="0.000782"/>
</iter>
<var>${element}</var>
<value>@{nums}</value>
<status status="PASS" start="2025-08-21T17:17:08.400325" elapsed="0.001252"/>
</for>
<status status="PASS" start="2025-08-21T17:17:08.399815" elapsed="0.002022"/>
</test>
<test id="s1-s8-t3" name="For_loop with Strings" line="20">
<for flavor="IN">
<iter>
<kw name="Log To Console" owner="BuiltIn">
<arg>${string}</arg>
<doc>Logs the given message to the console.</doc>
<status status="PASS" start="2025-08-21T17:17:08.403740" elapsed="0.000424"/>
</kw>
<var name="${string}">mahi</var>
<status status="PASS" start="2025-08-21T17:17:08.403473" elapsed="0.000818"/>
</iter>
<iter>
<kw name="Log To Console" owner="BuiltIn">
<arg>${string}</arg>
<doc>Logs the given message to the console.</doc>
<status status="PASS" start="2025-08-21T17:17:08.404776" elapsed="0.000395"/>
</kw>
<var name="${string}">mahesh</var>
<status status="PASS" start="2025-08-21T17:17:08.404529" elapsed="0.000789"/>
</iter>
<iter>
<kw name="Log To Console" owner="BuiltIn">
<arg>${string}</arg>
<doc>Logs the given message to the console.</doc>
<status status="PASS" start="2025-08-21T17:17:08.405758" elapsed="0.000374"/>
</kw>
<var name="${string}">mahendra</var>
<status status="PASS" start="2025-08-21T17:17:08.405542" elapsed="0.000704"/>
</iter>
<var>${string}</var>
<value>@{str}</value>
<status status="PASS" start="2025-08-21T17:17:08.403083" elapsed="0.003291"/>
</for>
<status status="PASS" start="2025-08-21T17:17:08.402567" elapsed="0.004039"/>
</test>
<test id="s1-s8-t4" name="For_Loop with Condition" line="24">
<for flavor="IN RANGE">
<iter>
<kw name="Log To Console" owner="BuiltIn">
<arg>${i}</arg>
<doc>Logs the given message to the console.</doc>
<status status="PASS" start="2025-08-21T17:17:08.408218" elapsed="0.000411"/>
</kw>
<kw name="Exit For Loop If" owner="BuiltIn">
<arg>${i}==7</arg>
<doc>Stops executing the enclosing FOR loop if the ``condition`` is true.</doc>
<status status="PASS" start="2025-08-21T17:17:08.408872" elapsed="0.000535"/>
</kw>
<var name="${i}">1</var>
<status status="PASS" start="2025-08-21T17:17:08.407948" elapsed="0.001599"/>
</iter>
<iter>
<kw name="Log To Console" owner="BuiltIn">
<arg>${i}</arg>
<doc>Logs the given message to the console.</doc>
<status status="PASS" start="2025-08-21T17:17:08.410008" elapsed="0.000483"/>
</kw>
<kw name="Exit For Loop If" owner="BuiltIn">
<arg>${i}==7</arg>
<doc>Stops executing the enclosing FOR loop if the ``condition`` is true.</doc>
<status status="PASS" start="2025-08-21T17:17:08.410759" elapsed="0.000515"/>
</kw>
<var name="${i}">2</var>
<status status="PASS" start="2025-08-21T17:17:08.409767" elapsed="0.001637"/>
</iter>
<iter>
<kw name="Log To Console" owner="BuiltIn">
<arg>${i}</arg>
<doc>Logs the given message to the console.</doc>
<status status="PASS" start="2025-08-21T17:17:08.411852" elapsed="0.000403"/>
</kw>
<kw name="Exit For Loop If" owner="BuiltIn">
<arg>${i}==7</arg>
<doc>Stops executing the enclosing FOR loop if the ``condition`` is true.</doc>
<status status="PASS" start="2025-08-21T17:17:08.412496" elapsed="0.000447"/>
</kw>
<var name="${i}">3</var>
<status status="PASS" start="2025-08-21T17:17:08.411633" elapsed="0.001423"/>
</iter>
<iter>
<kw name="Log To Console" owner="BuiltIn">
<arg>${i}</arg>
<doc>Logs the given message to the console.</doc>
<status status="PASS" start="2025-08-21T17:17:08.413547" elapsed="0.000941"/>
</kw>
<kw name="Exit For Loop If" owner="BuiltIn">
<arg>${i}==7</arg>
<doc>Stops executing the enclosing FOR loop if the ``condition`` is true.</doc>
<status status="PASS" start="2025-08-21T17:17:08.414731" elapsed="0.000478"/>
</kw>
<var name="${i}">4</var>
<status status="PASS" start="2025-08-21T17:17:08.413312" elapsed="0.002047"/>
</iter>
<iter>
<kw name="Log To Console" owner="BuiltIn">
<arg>${i}</arg>
<doc>Logs the given message to the console.</doc>
<status status="PASS" start="2025-08-21T17:17:08.415847" elapsed="0.000392"/>
</kw>
<kw name="Exit For Loop If" owner="BuiltIn">
<arg>${i}==7</arg>
<doc>Stops executing the enclosing FOR loop if the ``condition`` is true.</doc>
<status status="PASS" start="2025-08-21T17:17:08.416488" elapsed="0.000485"/>
</kw>
<var name="${i}">5</var>
<status status="PASS" start="2025-08-21T17:17:08.415602" elapsed="0.001653"/>
</iter>
<iter>
<kw name="Log To Console" owner="BuiltIn">
<arg>${i}</arg>
<doc>Logs the given message to the console.</doc>
<status status="PASS" start="2025-08-21T17:17:08.420703" elapsed="0.000428"/>
</kw>
<kw name="Exit For Loop If" owner="BuiltIn">
<arg>${i}==7</arg>
<doc>Stops executing the enclosing FOR loop if the ``condition`` is true.</doc>
<status status="PASS" start="2025-08-21T17:17:08.421419" elapsed="0.000867"/>
</kw>
<var name="${i}">6</var>
<status status="PASS" start="2025-08-21T17:17:08.420361" elapsed="0.002083"/>
</iter>
<iter>
<kw name="Log To Console" owner="BuiltIn">
<arg>${i}</arg>
<doc>Logs the given message to the console.</doc>
<status status="PASS" start="2025-08-21T17:17:08.424062" elapsed="0.000946"/>
</kw>
<kw name="Exit For Loop If" owner="BuiltIn">
<msg time="2025-08-21T17:17:08.425810" level="INFO">Exiting for loop altogether.</msg>
<arg>${i}==7</arg>
<doc>Stops executing the enclosing FOR loop if the ``condition`` is true.</doc>
<status status="PASS" start="2025-08-21T17:17:08.425301" elapsed="0.000689"/>
</kw>
<var name="${i}">7</var>
<status status="PASS" start="2025-08-21T17:17:08.422908" elapsed="0.003235"/>
</iter>
<var>${i}</var>
<value>1</value>
<value>10</value>
<status status="PASS" start="2025-08-21T17:17:08.407526" elapsed="0.018741"/>
</for>
<status status="PASS" start="2025-08-21T17:17:08.407008" elapsed="0.019532"/>
</test>
<test id="s1-s8-t5" name="For_Loop With Dictonaries" line="29">
<kw name="Get Dictionary Keys" owner="Collections">
<msg time="2025-08-21T17:17:08.428219" level="INFO">@{dict_keys} = [ age | mob_no | name ]</msg>
<var>@{dict_keys}</var>
<arg>${var}</arg>
<doc>Returns keys of the given ``dictionary`` as a list.</doc>
<status status="PASS" start="2025-08-21T17:17:08.427681" elapsed="0.000630"/>
</kw>
<kw name="Log To Console" owner="BuiltIn">
<arg>${dict_keys}</arg>
<doc>Logs the given message to the console.</doc>
<status status="PASS" start="2025-08-21T17:17:08.428549" elapsed="0.000387"/>
</kw>
<kw name="Get Dictionary Values" owner="Collections">
<msg time="2025-08-21T17:17:08.429621" level="INFO">@{values} = [ 23 | 9100 | mahi ]</msg>
<var>@{values}</var>
<arg>${var}</arg>
<doc>Returns values of the given ``dictionary`` as a list.</doc>
<status status="PASS" start="2025-08-21T17:17:08.429187" elapsed="0.000513"/>
</kw>
<kw name="Log To Console" owner="BuiltIn">
<arg>${values}</arg>
<doc>Logs the given message to the console.</doc>
<status status="PASS" start="2025-08-21T17:17:08.429953" elapsed="0.000417"/>
</kw>
<for flavor="IN">
<iter>
<kw name="Log To Console" owner="BuiltIn">
<arg>${key}</arg>
<doc>Logs the given message to the console.</doc>
<status status="PASS" start="2025-08-21T17:17:08.431142" elapsed="0.000357"/>
</kw>
<kw name="Get From Dictionary" owner="Collections">
<msg time="2025-08-21T17:17:08.432170" level="INFO">${value} = 23</msg>
<var>${value}</var>
<arg>${var}</arg>
<arg>${key}</arg>
<doc>Returns a value from the given ``dictionary`` based on the given ``key``.</doc>
<status status="PASS" start="2025-08-21T17:17:08.431745" elapsed="0.000489"/>
</kw>
<kw name="Log To Console" owner="BuiltIn">
<arg>${value}</arg>
<doc>Logs the given message to the console.</doc>
<status status="PASS" start="2025-08-21T17:17:08.432496" elapsed="0.000377"/>
</kw>
<kw name="Log To Console" owner="BuiltIn">
<arg>${key}=${value}</arg>
<doc>Logs the given message to the console.</doc>
<status status="PASS" start="2025-08-21T17:17:08.433143" elapsed="0.000838"/>
</kw>
<var name="${key}">age</var>
<status status="PASS" start="2025-08-21T17:17:08.430890" elapsed="0.003310"/>
</iter>
<iter>
<kw name="Log To Console" owner="BuiltIn">
<arg>${key}</arg>
<doc>Logs the given message to the console.</doc>
<status status="PASS" start="2025-08-21T17:17:08.437725" elapsed="0.000524"/>
</kw>
<kw name="Get From Dictionary" owner="Collections">
<msg time="2025-08-21T17:17:08.439007" level="INFO">${value} = 9100</msg>
<var>${value}</var>
<arg>${var}</arg>
<arg>${key}</arg>
<doc>Returns a value from the given ``dictionary`` based on the given ``key``.</doc>
<status status="PASS" start="2025-08-21T17:17:08.438507" elapsed="0.000586"/>
</kw>
<kw name="Log To Console" owner="BuiltIn">
<arg>${value}</arg>
<doc>Logs the given message to the console.</doc>
<status status="PASS" start="2025-08-21T17:17:08.439352" elapsed="0.000421"/>
</kw>
<kw name="Log To Console" owner="BuiltIn">
<arg>${key}=${value}</arg>
<doc>Logs the given message to the console.</doc>
<status status="PASS" start="2025-08-21T17:17:08.440001" elapsed="0.000474"/>
</kw>
<var name="${key}">mob_no</var>
<status status="PASS" start="2025-08-21T17:17:08.437320" elapsed="0.003277"/>
</iter>
<iter>
<kw name="Log To Console" owner="BuiltIn">
<arg>${key}</arg>
<doc>Logs the given message to the console.</doc>
<status status="PASS" start="2025-08-21T17:17:08.441085" elapsed="0.000364"/>
</kw>
<kw name="Get From Dictionary" owner="Collections">
<msg time="2025-08-21T17:17:08.442100" level="INFO">${value} = mahi</msg>
<var>${value}</var>
<arg>${var}</arg>
<arg>${key}</arg>
<doc>Returns a value from the given ``dictionary`` based on the given ``key``.</doc>
<status status="PASS" start="2025-08-21T17:17:08.441676" elapsed="0.000486"/>
</kw>
<kw name="Log To Console" owner="BuiltIn">
<arg>${value}</arg>
<doc>Logs the given message to the console.</doc>
<status status="PASS" start="2025-08-21T17:17:08.442391" elapsed="0.000368"/>
</kw>
<kw name="Log To Console" owner="BuiltIn">
<arg>${key}=${value}</arg>
<doc>Logs the given message to the console.</doc>
<status status="PASS" start="2025-08-21T17:17:08.442985" elapsed="0.000467"/>
</kw>
<var name="${key}">name</var>
<status status="PASS" start="2025-08-21T17:17:08.440829" elapsed="0.002725"/>
</iter>
<var>${key}</var>
<value>@{dict_keys}</value>
<status status="PASS" start="2025-08-21T17:17:08.430534" elapsed="0.013158"/>
</for>
<status status="PASS" start="2025-08-21T17:17:08.427055" elapsed="0.016876"/>
</test>
<status status="PASS" start="2025-08-21T17:17:07.833991" elapsed="0.610646"/>
</suite>
<suite id="s1-s9" name="Headless" source="D:\Automation practice\Robot Training\Tests\Headless.robot">
<test id="s1-s9-t1" name="Run Tests under Headless Browser" line="7">
<kw name="Open Browser" owner="SeleniumLibrary">
<msg time="2025-08-21T17:17:08.417748" level="INFO">Opening browser 'headlesschrome' to base url 'https://www.google.com/'.</msg>
<arg>${URL}</arg>
<arg>headlesschrome</arg>
<doc>Opens a new browser instance to the optional ``url``.</doc>
<status status="PASS" start="2025-08-21T17:17:08.417064" elapsed="3.535772"/>
</kw>
<kw name="Maximize Browser Window" owner="SeleniumLibrary">
<doc>Maximizes current browser window.</doc>
<status status="PASS" start="2025-08-21T17:17:11.953206" elapsed="2.010433"/>
</kw>
<kw name="Sleep" owner="BuiltIn">
<msg time="2025-08-21T17:17:15.964943" level="INFO">Slept 2 seconds.</msg>
<arg>2s</arg>
<doc>Pauses the test executed for the given time.</doc>
<status status="PASS" start="2025-08-21T17:17:13.964088" elapsed="2.001109"/>
</kw>
<kw name="Input Text" owner="SeleniumLibrary">
<msg time="2025-08-21T17:17:15.967588" level="INFO">Typing text 'Automation Step by step' into text field 'class=gLFyf'.</msg>
<arg>class=gLFyf</arg>
<arg>Automation Step by step</arg>
<doc>Types the given ``text`` into the text field identified by ``locator``.</doc>
<status status="PASS" start="2025-08-21T17:17:15.966180" elapsed="2.278075"/>
</kw>
<kw name="Sleep" owner="BuiltIn">
<msg time="2025-08-21T17:17:20.245767" level="INFO">Slept 2 seconds.</msg>
<arg>2s</arg>
<doc>Pauses the test executed for the given time.</doc>
<status status="PASS" start="2025-08-21T17:17:18.244790" elapsed="2.001210"/>
</kw>
<kw name="Click Button" owner="SeleniumLibrary">
<msg time="2025-08-21T17:17:20.246920" level="INFO">Clicking button 'class=gNO89b'.</msg>
<arg>class=gNO89b</arg>
<doc>Clicks the button identified by ``locator``.</doc>
<status status="PASS" start="2025-08-21T17:17:20.246369" elapsed="6.879365"/>
</kw>
<kw name="Sleep" owner="BuiltIn">
<msg time="2025-08-21T17:17:29.126844" level="INFO">Slept 2 seconds.</msg>
<arg>2s</arg>
<doc>Pauses the test executed for the given time.</doc>
<status status="PASS" start="2025-08-21T17:17:27.126179" elapsed="2.000900"/>
</kw>
<kw name="Sleep" owner="BuiltIn">
<msg time="2025-08-21T17:17:34.128109" level="INFO">Slept 5 seconds.</msg>
<arg>5s</arg>
<doc>Pauses the test executed for the given time.</doc>
<status status="PASS" start="2025-08-21T17:17:29.127444" elapsed="5.001094"/>
</kw>
<kw name="Close Browser" owner="SeleniumLibrary">
<doc>Closes the current browser.</doc>
<status status="PASS" start="2025-08-21T17:17:34.129391" elapsed="2.629366"/>
</kw>
<status status="PASS" start="2025-08-21T17:17:08.415100" elapsed="28.344108"/>
</test>
<status status="PASS" start="2025-08-21T17:17:07.853976" elapsed="28.906323"/>
</suite>
<suite id="s1-s10" name="Iframes" source="D:\Automation practice\Robot Training\Tests\Iframes.robot">
<test id="s1-s10-t1" name="Handling iframes" line="6">
<kw name="Open Browser" owner="SeleniumLibrary">
<msg time="2025-08-21T17:17:08.329809" level="INFO">Opening browser 'headlesschrome' to base url 'https://www.w3schools.com/js/tryit.asp?filename=tryjs_myfirst'.</msg>
<arg>https://www.w3schools.com/js/tryit.asp?filename=tryjs_myfirst</arg>
<arg>headlesschrome</arg>
<doc>Opens a new browser instance to the optional ``url``.</doc>
<status status="PASS" start="2025-08-21T17:17:08.329291" elapsed="35.770271"/>
</kw>
<kw name="Maximize Browser Window" owner="SeleniumLibrary">
<doc>Maximizes current browser window.</doc>
<status status="PASS" start="2025-08-21T17:17:44.100124" elapsed="0.095097"/>
</kw>
<kw name="Select Frame" owner="SeleniumLibrary">
<msg time="2025-08-21T17:17:44.196885" level="INFO">Selecting frame 'id=iframeResult'.</msg>
<arg>id=iframeResult</arg>
<doc>Sets frame identified by ``locator`` as the current frame.</doc>
<status status="PASS" start="2025-08-21T17:17:44.195834" elapsed="0.868481"/>
</kw>
<kw name="Current Frame Should Contain" owner="SeleniumLibrary">
<msg time="2025-08-21T17:17:45.103449" level="INFO">Current frame contains text 'My First JavaScript'.</msg>
<arg>My First JavaScript</arg>
<doc>Verifies that the current frame contains ``text``.</doc>
<status status="PASS" start="2025-08-21T17:17:45.064810" elapsed="0.038894"/>
</kw>
<kw name="Current Frame Should Not Contain" owner="SeleniumLibrary">
<msg time="2025-08-21T17:17:45.190407" level="INFO">Current frame did not contain text 'text'.</msg>
<arg>text</arg>
<doc>Verifies that the current frame does not contain ``text``.</doc>
<status status="PASS" start="2025-08-21T17:17:45.104256" elapsed="0.086399"/>
</kw>
<kw name="Click Button" owner="SeleniumLibrary">
<msg time="2025-08-21T17:17:45.191647" level="INFO">Clicking button 'css=button[type='button']'.</msg>
<arg>css=button[type='button']</arg>
<doc>Clicks the button identified by ``locator``.</doc>
<status status="PASS" start="2025-08-21T17:17:45.191081" elapsed="1.035686"/>
</kw>
<kw name="Sleep" owner="BuiltIn">
<msg time="2025-08-21T17:17:49.230734" level="INFO">Slept 3 seconds.</msg>
<arg>3s</arg>
<doc>Pauses the test executed for the given time.</doc>
<status status="PASS" start="2025-08-21T17:17:46.227570" elapsed="3.003575"/>
</kw>
<kw name="Unselect Frame" owner="SeleniumLibrary">
<doc>Sets the main frame as the current frame.</doc>
<status status="PASS" start="2025-08-21T17:17:49.231639" elapsed="0.009385"/>
</kw>
<kw name="Frame Should Contain" owner="SeleniumLibrary">
<msg time="2025-08-21T17:17:49.594381" level="INFO">Searching for text from frame 'id=iframeResult'.</msg>
<msg time="2025-08-21T17:17:49.755865" level="INFO">Frame 'id=iframeResult' contains text 'My First JavaScript'.</msg>
<arg>id=iframeResult</arg>
<arg>My First JavaScript</arg>
<doc>Verifies that frame identified by ``locator`` contains ``text``.</doc>
<status status="PASS" start="2025-08-21T17:17:49.241478" elapsed="0.514630"/>
</kw>
<status status="PASS" start="2025-08-21T17:17:08.326265" elapsed="41.430248"/>
</test>
<status status="PASS" start="2025-08-21T17:17:07.765636" elapsed="41.992103"/>
</suite>
<suite id="s1-s11" name="LoginTest" source="D:\Automation practice\Robot Training\Tests\LoginTest.robot">
<test id="s1-s11-t1" name="Valid Login Test" line="11">
<kw name="Open Login Page" owner="LoginPageKw" type="SETUP">
<kw name="Open Browser" owner="SeleniumLibrary">
<msg time="2025-08-21T17:17:11.943467" level="INFO">Opening browser 'headlesschrome' to base url 'https://opensource-demo.orangehrmlive.com/web/index.php/auth/login'.</msg>
<arg>${URL}</arg>
<arg>${BROWSER}</arg>
<doc>Opens a new browser instance to the optional ``url``.</doc>
<status status="PASS" start="2025-08-21T17:17:11.942536" elapsed="6.712628"/>
</kw>
<kw name="Maximize Browser Window" owner="SeleniumLibrary">
<doc>Maximizes current browser window.</doc>
<status status="PASS" start="2025-08-21T17:17:18.655746" elapsed="0.236575"/>
</kw>
<kw name="Sleep" owner="BuiltIn">
<msg time="2025-08-21T17:17:21.893745" level="INFO">Slept 3 seconds.</msg>
<arg>3s</arg>
<doc>Pauses the test executed for the given time.</doc>
<status status="PASS" start="2025-08-21T17:17:18.892847" elapsed="3.001129"/>
</kw>
<status status="PASS" start="2025-08-21T17:17:11.941118" elapsed="9.953163"/>
</kw>
<kw name="Login" owner="LoginPageKw">
<kw name="Input User" owner="LoginPageKw">
<kw name="Input Text" owner="SeleniumLibrary">
<msg time="2025-08-21T17:17:21.897517" level="INFO">Typing text 'Admin' into text field 'name=username'.</msg>
<arg>${USERNAME_FIELD}</arg>
<arg>${username}</arg>
<doc>Types the given ``text`` into the text field identified by ``locator``.</doc>
<status status="PASS" start="2025-08-21T17:17:21.896555" elapsed="4.152317"/>
</kw>
<arg>${user}</arg>
<status status="PASS" start="2025-08-21T17:17:21.895671" elapsed="4.153515"/>
</kw>
<kw name="Input Pass" owner="LoginPageKw">
<kw name="Input Text" owner="SeleniumLibrary">
<msg time="2025-08-21T17:17:26.051129" level="INFO">Typing text 'admin123' into text field 'name=password'.</msg>
<arg>${PASSWORD_FIELD}</arg>
<arg>${password}</arg>
<doc>Types the given ``text`` into the text field identified by ``locator``.</doc>
<status status="PASS" start="2025-08-21T17:17:26.050509" elapsed="2.429158"/>
</kw>
<arg>${pass}</arg>
<status status="PASS" start="2025-08-21T17:17:26.049601" elapsed="2.430694"/>
</kw>
<kw name="Click Login Button" owner="LoginPageKw">
<kw name="Click Button" owner="SeleniumLibrary">
<msg time="2025-08-21T17:17:28.482473" level="INFO">Clicking button 'xpath=//button[@type='submit']'.</msg>
<arg>${LOGIN_BUTTON}</arg>
<doc>Clicks the button identified by ``locator``.</doc>
<status status="PASS" start="2025-08-21T17:17:28.481886" elapsed="0.629171"/>
</kw>
<status status="PASS" start="2025-08-21T17:17:28.480833" elapsed="0.630498"/>
</kw>
<kw name="Page Should Contain text" owner="LoginPageKw">
<kw name="Sleep" owner="BuiltIn">
<msg time="2025-08-21T17:17:31.113464" level="INFO">Slept 2 seconds.</msg>
<arg>2s</arg>
<doc>Pauses the test executed for the given time.</doc>
<status status="PASS" start="2025-08-21T17:17:29.112519" elapsed="2.001184"/>
</kw>
<kw name="Page Should Contain" owner="SeleniumLibrary">
<msg time="2025-08-21T17:17:31.228759" level="INFO">Current page contains text 'Dashboard'.</msg>
<arg>${message}</arg>
<doc>Verifies that current page contains ``text``.</doc>
<status status="PASS" start="2025-08-21T17:17:31.114107" elapsed="0.114852"/>
</kw>
<arg>${message}</arg>
<status status="PASS" start="2025-08-21T17:17:29.111739" elapsed="2.117470"/>
</kw>
<arg>Admin</arg>
<arg>admin123</arg>
<arg>Dashboard</arg>
<status status="PASS" start="2025-08-21T17:17:21.894785" elapsed="9.334637"/>
</kw>
<kw name="Close Browser" owner="SeleniumLibrary" type="TEARDOWN">
<doc>Closes the current browser.</doc>
<status status="PASS" start="2025-08-21T17:17:31.230510" elapsed="4.794666"/>
</kw>
<status status="PASS" start="2025-08-21T17:17:11.937748" elapsed="24.087660"/>
</test>
<test id="s1-s11-t2" name="Invalid Login Test" line="14">
<kw name="Open Login Page" owner="LoginPageKw" type="SETUP">
<kw name="Open Browser" owner="SeleniumLibrary">
<msg time="2025-08-21T17:17:36.028898" level="INFO">Opening browser 'headlesschrome' to base url 'https://opensource-demo.orangehrmlive.com/web/index.php/auth/login'.</msg>
<arg>${URL}</arg>
<arg>${BROWSER}</arg>
<doc>Opens a new browser instance to the optional ``url``.</doc>
<status status="PASS" start="2025-08-21T17:17:36.028256" elapsed="5.411679"/>
</kw>
<kw name="Maximize Browser Window" owner="SeleniumLibrary">
<doc>Maximizes current browser window.</doc>
<status status="PASS" start="2025-08-21T17:17:41.440443" elapsed="0.051837"/>
</kw>
<kw name="Sleep" owner="BuiltIn">
<msg time="2025-08-21T17:17:44.495149" level="INFO">Slept 3 seconds.</msg>
<arg>3s</arg>
<doc>Pauses the test executed for the given time.</doc>
<status status="PASS" start="2025-08-21T17:17:41.492706" elapsed="3.005241"/>
</kw>
<status status="PASS" start="2025-08-21T17:17:36.027481" elapsed="8.470945"/>
</kw>
<kw name="Login" owner="LoginPageKw">
<kw name="Input User" owner="LoginPageKw">
<kw name="Input Text" owner="SeleniumLibrary">
<msg time="2025-08-21T17:17:44.519727" level="INFO">Typing text 'Admin' into text field 'name=username'.</msg>
<arg>${USERNAME_FIELD}</arg>
<arg>${username}</arg>
<doc>Types the given ``text`` into the text field identified by ``locator``.</doc>
<status status="PASS" start="2025-08-21T17:17:44.506599" elapsed="0.656997"/>
</kw>
<arg>${user}</arg>
<status status="PASS" start="2025-08-21T17:17:44.505583" elapsed="0.658374"/>
</kw>
<kw name="Input Pass" owner="LoginPageKw">
<kw name="Input Text" owner="SeleniumLibrary">
<msg time="2025-08-21T17:17:45.166371" level="INFO">Typing text 'Admin' into text field 'name=password'.</msg>
<arg>${PASSWORD_FIELD}</arg>
<arg>${password}</arg>
<doc>Types the given ``text`` into the text field identified by ``locator``.</doc>
<status status="PASS" start="2025-08-21T17:17:45.165413" elapsed="0.609121"/>
</kw>
<arg>${pass}</arg>
<status status="PASS" start="2025-08-21T17:17:45.164443" elapsed="0.610396"/>
</kw>
<kw name="Click Login Button" owner="LoginPageKw">
<kw name="Click Button" owner="SeleniumLibrary">
<msg time="2025-08-21T17:17:45.776702" level="INFO">Clicking button 'xpath=//button[@type='submit']'.</msg>
<arg>${LOGIN_BUTTON}</arg>
<doc>Clicks the button identified by ``locator``.</doc>
<status status="PASS" start="2025-08-21T17:17:45.776069" elapsed="0.400118"/>
</kw>
<status status="PASS" start="2025-08-21T17:17:45.775289" elapsed="0.401238"/>
</kw>
<kw name="Page Should Contain text" owner="LoginPageKw">
<kw name="Sleep" owner="BuiltIn">
<msg time="2025-08-21T17:17:48.179709" level="INFO">Slept 2 seconds.</msg>
<arg>2s</arg>
<doc>Pauses the test executed for the given time.</doc>
<status status="PASS" start="2025-08-21T17:17:46.178168" elapsed="2.001762"/>
</kw>
<kw name="Page Should Contain" owner="SeleniumLibrary">
<msg time="2025-08-21T17:17:48.228088" level="INFO">Current page contains text 'Invalid credentials'.</msg>
<arg>${message}</arg>
<doc>Verifies that current page contains ``text``.</doc>
<status status="PASS" start="2025-08-21T17:17:48.180287" elapsed="0.048017"/>
</kw>
<arg>${message}</arg>
<status status="PASS" start="2025-08-21T17:17:46.177273" elapsed="2.051258"/>
</kw>
<arg>Admin</arg>
<arg>Admin</arg>
<arg>Invalid credentials</arg>
<status status="PASS" start="2025-08-21T17:17:44.504100" elapsed="3.724607"/>
</kw>
<kw name="Close Browser" owner="SeleniumLibrary" type="TEARDOWN">
<doc>Closes the current browser.</doc>
<status status="PASS" start="2025-08-21T17:17:48.229166" elapsed="2.342145"/>
</kw>
<status status="PASS" start="2025-08-21T17:17:36.026300" elapsed="14.545246"/>
</test>
<status status="PASS" start="2025-08-21T17:17:08.985915" elapsed="41.587058"/>
</suite>
<suite id="s1-s12" name="Practice" source="D:\Automation practice\Robot Training\Tests\Practice.robot">
<test id="s1-s12-t1" name="Practicing" line="6">
<kw name="Log To Console" owner="BuiltIn">
<arg>Hello</arg>
<doc>Logs the given message to the console.</doc>
<status status="PASS" start="2025-08-21T17:17:16.882731" elapsed="0.000759"/>
</kw>
<kw name="Log To Console" owner="BuiltIn">
<arg>message</arg>
<doc>Logs the given message to the console.</doc>
<status status="PASS" start="2025-08-21T17:17:16.883939" elapsed="0.000511"/>
</kw>
<status status="PASS" start="2025-08-21T17:17:16.879792" elapsed="0.005048"/>
</test>
<status status="PASS" start="2025-08-21T17:17:11.363859" elapsed="5.522231"/>
</suite>
<suite id="s1-s13" name="RestApi" source="D:\Automation practice\Robot Training\Tests\RestApi">
<suite id="s1-s13-s1" name="DELETE Request" source="D:\Automation practice\Robot Training\Tests\RestApi\DELETE_Request.robot">
<test id="s1-s13-s1-t1" name="Delete Post" line="10">
<kw name="Create Session" owner="RequestsLibrary">
<msg time="2025-08-21T17:17:14.461907" level="INFO">Creating Session using : alias=MySession, url=https://jsonplaceholder.typicode.com, headers={},                     cookies={}, auth=None, timeout=None, proxies=None, verify=False,                     debug=0 </msg>
<arg>MySession</arg>
<arg>${url}</arg>
<doc>Create Session: create a HTTP session to a server</doc>
<status status="PASS" start="2025-08-21T17:17:14.461343" elapsed="0.000986"/>
</kw>
<kw name="Set Variable" owner="BuiltIn">
<msg time="2025-08-21T17:17:14.463169" level="INFO">${delete_endpoint} = /posts/101</msg>
<var>${delete_endpoint}</var>
<arg>${endpoint}/101</arg>
<doc>Returns the given values which can then be assigned to a variables.</doc>
<status status="PASS" start="2025-08-21T17:17:14.462677" elapsed="0.000560"/>
</kw>
<kw name="DELETE On Session" owner="RequestsLibrary">
<msg time="2025-08-21T17:17:15.320314" level="INFO">DELETE Request : url=https://jsonplaceholder.typicode.com/posts/101 
 path_url=/posts/101 
 headers={'User-Agent': 'python-requests/2.32.4', 'Accept-Encoding': 'gzip, deflate', 'Accept': '*/*', 'Connection': 'keep-alive', 'Content-Length': '0'} 
 body=None 
 </msg>
<msg time="2025-08-21T17:17:15.320589" level="INFO">DELETE Response : url=https://jsonplaceholder.typicode.com/posts/101 
 status=200, reason=OK 
 headers={'Date': 'Thu, 21 Aug 2025 11:47:15 GMT', 'Content-Type': 'application/json; charset=utf-8', 'Transfer-Encoding': 'chunked', 'Connection': 'keep-alive', 'Access-Control-Allow-Credentials': 'true', 'Cache-Control': 'no-cache', 'Etag': 'W/"2-vyGp6PvFo4RvsFtPoIWeCReyIC8"', 'Expires': '-1', 'Nel': '{"report_to":"heroku-nel","response_headers":["Via"],"max_age":3600,"success_fraction":0.01,"failure_fraction":0.1}', 'Pragma': 'no-cache', 'Report-To': '{"group":"heroku-nel","endpoints":[{"url":"https://nel.heroku.com/reports?s=JcUdFjNWfucov6c%2FWU7P2fGmb342IjVM2Nj15h5ikO0%3D\\u0026sid=e11707d5-02a7-43ef-b45e-2cf4d2036f7d\\u0026ts=1755776835"}],"max_age":3600}', 'Reporting-Endpoints': 'heroku-nel="https://nel.heroku.com/reports?s=JcUdFjNWfucov6c%2FWU7P2fGmb342IjVM2Nj15h5ikO0%3D&amp;sid=e11707d5-02a7-43ef-b45e-2cf4d2036f7d&amp;ts=1755776835"', 'Server': 'cloudflare', 'Vary': 'Origin, Accept-Encoding', 'Via': '2.0 heroku-router', 'X-Content-Type-Options': 'nosniff', 'X-Powered-By': 'Express', 'X-Ratelimit-Limit': '1000', 'X-Ratelimit-Remaining': '999', 'X-Ratelimit-Reset': '1755776842', 'Cf-Cache-Status': 'DYNAMIC', 'Content-Encoding': 'gzip', 'CF-RAY': '9729e501de6b9bf1-MAA', 'alt-svc': 'h3=":443"; ma=86400'} 
 body={} 
 </msg>
<msg time="2025-08-21T17:17:15.320797" level="INFO">C:\Users\LENOVO\AppData\Local\Programs\Python\Python313\Lib\site-packages\urllib3\connectionpool.py:1097: InsecureRequestWarning: Unverified HTTPS request is being made to host 'jsonplaceholder.typicode.com'. Adding certificate verification is strongly advised. See: https://urllib3.readthedocs.io/en/latest/advanced-usage.html#tls-warnings
  warnings.warn(</msg>
<msg time="2025-08-21T17:17:15.321157" level="INFO">${response} = &lt;Response [200]&gt;</msg>
<var>${response}</var>
<arg>MySession</arg>
<arg>${delete_endpoint}</arg>
<doc>Sends a DELETE request on a previously created HTTP Session.</doc>
<status status="PASS" start="2025-08-21T17:17:14.463553" elapsed="0.857674"/>
</kw>
<kw name="Log To Console" owner="BuiltIn">
<arg>Response : ${response}</arg>
<doc>Logs the given message to the console.</doc>
<status status="PASS" start="2025-08-21T17:17:15.321603" elapsed="0.000538"/>
</kw>
<kw name="Status Should Be" owner="RequestsLibrary">
<arg>200</arg>
<arg>${response}</arg>
<doc>Fails if response status code is different than the expected.</doc>
<status status="PASS" start="2025-08-21T17:17:15.322389" elapsed="0.000519"/>
</kw>
<kw name="Convert To String" owner="BuiltIn">
<msg time="2025-08-21T17:17:15.324352" level="INFO">${status_code} = 200</msg>
<var>${status_code}</var>
<arg>${response.status_code}</arg>
<doc>Converts the given item to a Unicode string.</doc>
[...]
<status status="PASS" start="2025-08-21T17:17:34.908790" elapsed="0.000761"/>
</kw>
<kw name="Convert To String" owner="BuiltIn">
<msg time="2025-08-21T17:17:34.911364" level="INFO">${status_code} = 201</msg>
<var>${status_code}</var>
<arg>${response.status_code}</arg>
<doc>Converts the given item to a Unicode string.</doc>
<status status="PASS" start="2025-08-21T17:17:34.909887" elapsed="0.001594"/>
</kw>
<kw name="Log To Console" owner="BuiltIn">
<arg>Status Code :${status_code}</arg>
<doc>Logs the given message to the console.</doc>
<status status="PASS" start="2025-08-21T17:17:34.911785" elapsed="0.001061"/>
</kw>
<kw name="Should Be Equal" owner="BuiltIn">
<arg>201</arg>
<arg>${status_code}</arg>
<doc>Fails if the given objects are unequal.</doc>
<status status="PASS" start="2025-08-21T17:17:34.913191" elapsed="0.000574"/>
</kw>
<kw name="Convert To String" owner="BuiltIn">
<msg time="2025-08-21T17:17:34.915557" level="INFO">${body} = {
  "userId": "5",
  "id": 101,
  "title": "Checking Post Requests",
  "body": "This is for Checking the functionality of the Post method"
}</msg>
<var>${body}</var>
<arg>${response.content}</arg>
<doc>Converts the given item to a Unicode string.</doc>
<status status="PASS" start="2025-08-21T17:17:34.914078" elapsed="0.001579"/>
</kw>
<kw name="Log To Console" owner="BuiltIn">
<arg>${body}</arg>
<doc>Logs the given message to the console.</doc>
<status status="PASS" start="2025-08-21T17:17:34.916056" elapsed="0.001094"/>
</kw>
<kw name="Evaluate" owner="BuiltIn">
<msg time="2025-08-21T17:17:34.918639" level="INFO">${res_body} = {'userId': '5', 'id': 101, 'title': 'Checking Post Requests', 'body': 'This is for Checking the functionality of the Post method'}</msg>
<var>${res_body}</var>
<arg>${body}</arg>
<doc>Evaluates the given expression in Python and returns the result.</doc>
<status status="PASS" start="2025-08-21T17:17:34.917648" elapsed="0.001129"/>
</kw>
<kw name="Log To Console" owner="BuiltIn">
<arg>${res_body}</arg>
<doc>Logs the given message to the console.</doc>
<status status="PASS" start="2025-08-21T17:17:34.919136" elapsed="0.000643"/>
</kw>
<kw name="Log To Console" owner="BuiltIn">
<arg>Title is ${res_body}[title]</arg>
<doc>Logs the given message to the console.</doc>
<status status="PASS" start="2025-08-21T17:17:34.920169" elapsed="0.001275"/>
</kw>
<kw name="Log To Console" owner="BuiltIn">
<arg>id: ${res_body}[id]</arg>
<doc>Logs the given message to the console.</doc>
<status status="PASS" start="2025-08-21T17:17:34.921764" elapsed="0.000593"/>
</kw>
<kw name="Should Be Equal As Integers" owner="BuiltIn">
<msg time="2025-08-21T17:17:34.923092" level="INFO">Argument types are:
&lt;class 'int'&gt;
&lt;class 'str'&gt;</msg>
<arg>${res_body}[id]</arg>
<arg>101</arg>
<doc>Fails if objects are unequal after converting them to integers.</doc>
<status status="PASS" start="2025-08-21T17:17:34.922674" elapsed="0.000614"/>
</kw>
<status status="PASS" start="2025-08-21T17:17:33.848423" elapsed="1.075225"/>
</test>
<status status="PASS" start="2025-08-21T17:17:32.669346" elapsed="2.255441"/>
</suite>
<status status="PASS" start="2025-08-21T17:17:11.797000" elapsed="23.129000"/>
</suite>
<suite id="s1-s14" name="SetupOrTeardown" source="D:\Automation practice\Robot Training\Tests\SetupOrTeardown.robot">
<kw name="Log To Console" owner="BuiltIn" type="SETUP">
<arg>IM INSIDE SUITE SETUP</arg>
<doc>Logs the given message to the console.</doc>
<status status="PASS" start="2025-08-21T17:17:33.310086" elapsed="0.000755"/>
</kw>
<test id="s1-s14-t1" name="Checking Setup ad Teardown" line="12">
<kw name="Log To Console" owner="BuiltIn" type="SETUP">
<arg>IM INSIDE TEST SETUP</arg>
<doc>Logs the given message to the console.</doc>
<status status="PASS" start="2025-08-21T17:17:33.312360" elapsed="0.001398"/>
</kw>
<kw name="Log To Console" owner="BuiltIn">
<arg>Inside Test Case 1</arg>
<doc>Logs the given message to the console.</doc>
<status status="PASS" start="2025-08-21T17:17:33.314265" elapsed="0.000501"/>
</kw>
<kw name="Log To Console" owner="BuiltIn" type="TEARDOWN">
<arg>IM INSIDE TEST TEARDOWN</arg>
<doc>Logs the given message to the console.</doc>
<status status="PASS" start="2025-08-21T17:17:33.315299" elapsed="0.000457"/>
</kw>
<status status="PASS" start="2025-08-21T17:17:33.311269" elapsed="0.004684"/>
</test>
<test id="s1-s14-t2" name="Checking Setup ad Teardown 1" line="15">
<kw name="Log To Console" owner="BuiltIn" type="SETUP">
<arg>IM INSIDE TEST SETUP</arg>
<doc>Logs the given message to the console.</doc>
<status status="PASS" start="2025-08-21T17:17:33.317848" elapsed="0.000487"/>
</kw>
<kw name="Log To Console" owner="BuiltIn">
<arg>Inside Test Case 2</arg>
<doc>Logs the given message to the console.</doc>
<status status="PASS" start="2025-08-21T17:17:33.318692" elapsed="0.000445"/>
</kw>
<kw name="Log To Console" owner="BuiltIn" type="TEARDOWN">
<arg>IM INSIDE TEST TEARDOWN</arg>
<doc>Logs the given message to the console.</doc>
<status status="PASS" start="2025-08-21T17:17:33.319583" elapsed="0.000450"/>
</kw>
<status status="PASS" start="2025-08-21T17:17:33.316704" elapsed="0.003519"/>
</test>
<kw name="Log To Console" owner="BuiltIn" type="TEARDOWN">
<arg>IM INSIDE SUITE TEARDOWN</arg>
<doc>Logs the given message to the console.</doc>
<status status="PASS" start="2025-08-21T17:17:33.321492" elapsed="0.000451"/>
</kw>
<status status="PASS" start="2025-08-21T17:17:32.670283" elapsed="0.651857"/>
</suite>
<suite id="s1-s15" name="Tags" source="D:\Automation practice\Robot Training\Tests\Tags.robot">
<test id="s1-s15-t1" name="checking Tags keyword" line="7">
<kw name="Log To Console" owner="BuiltIn">
<arg>Inside Smoke ${TEST_TAGS}</arg>
<doc>Logs the given message to the console.</doc>
<status status="PASS" start="2025-08-21T17:17:35.778619" elapsed="0.000854"/>
</kw>
<tag>smoke</tag>
<status status="PASS" start="2025-08-21T17:17:35.776039" elapsed="0.003884"/>
</test>
<test id="s1-s15-t2" name="checking default Tags" line="12">
<kw name="Log To Console" owner="BuiltIn">
<arg>Inside Default ${TEST_TAGS}</arg>
<doc>Logs the given message to the console.</doc>
<status status="PASS" start="2025-08-21T17:17:35.781742" elapsed="0.000725"/>
</kw>
<tag>sanity</tag>
<status status="PASS" start="2025-08-21T17:17:35.780690" elapsed="0.002157"/>
</test>
<test id="s1-s15-t3" name="checking set Tags" line="16">
<kw name="Set Tags" owner="BuiltIn">
<msg time="2025-08-21T17:17:35.785095" level="INFO">Set tag 'regression'.</msg>
<arg>regression</arg>
<doc>Adds given ``tags`` for the current test or all tests in a suite.</doc>
<status status="PASS" start="2025-08-21T17:17:35.784596" elapsed="0.000646"/>
</kw>
<kw name="Log To Console" owner="BuiltIn">
<arg>Inside Set tag ${TEST_TAGS}</arg>
<doc>Logs the given message to the console.</doc>
<status status="PASS" start="2025-08-21T17:17:35.785518" elapsed="0.000472"/>
</kw>
<tag>regression</tag>
<tag>sanity</tag>
<status status="PASS" start="2025-08-21T17:17:35.783828" elapsed="0.002456"/>
</test>
<status status="PASS" start="2025-08-21T17:17:35.074060" elapsed="0.713051"/>
</suite>
<suite id="s1-s16" name="Templates" source="D:\Automation practice\Robot Training\Tests\Templates.robot">
<test id="s1-s16-t1" name="Valid Login" line="25">
<kw name="LoginTestCase">
<kw name="Open Browser" owner="SeleniumLibrary">
<msg time="2025-08-21T17:17:37.753520" level="INFO">Opening browser 'headlesschrome' to base url 'https://opensource-demo.orangehrmlive.com/web/index.php/auth/login'.</msg>
<arg>${URL}</arg>
<arg>headlesschrome</arg>
<doc>Opens a new browser instance to the optional ``url``.</doc>
<status status="PASS" start="2025-08-21T17:17:37.752489" elapsed="5.664501"/>
</kw>
<kw name="Maximize Browser Window" owner="SeleniumLibrary">
<doc>Maximizes current browser window.</doc>
<status status="PASS" start="2025-08-21T17:17:43.417422" elapsed="0.033610"/>
</kw>
<kw name="Sleep" owner="BuiltIn">
<msg time="2025-08-21T17:17:48.452686" level="INFO">Slept 5 seconds.</msg>
<arg>5s</arg>
<doc>Pauses the test executed for the given time.</doc>
<status status="PASS" start="2025-08-21T17:17:43.451434" elapsed="5.001520"/>
</kw>
<kw name="Input Text" owner="SeleniumLibrary">
<msg time="2025-08-21T17:17:48.456029" level="INFO">Typing text 'Admin' into text field 'name=username'.</msg>
<arg>name=username</arg>
<arg>${username}</arg>
<doc>Types the given ``text`` into the text field identified by ``locator``.</doc>
<status status="PASS" start="2025-08-21T17:17:48.453329" elapsed="0.242934"/>
</kw>
<kw name="Input Text" owner="SeleniumLibrary">
<msg time="2025-08-21T17:17:48.697600" level="INFO">Typing text 'admin123' into text field 'name=password'.</msg>
<arg>name=password</arg>
<arg>${password}</arg>
<doc>Types the given ``text`` into the text field identified by ``locator``.</doc>
<status status="PASS" start="2025-08-21T17:17:48.696750" elapsed="0.178026"/>
</kw>
<kw name="Click Button" owner="SeleniumLibrary">
<msg time="2025-08-21T17:17:48.875696" level="INFO">Clicking button 'xpath=//button[@type='submit']'.</msg>
<arg>xpath=//button[@type='submit']</arg>
<doc>Clicks the button identified by ``locator``.</doc>
<status status="PASS" start="2025-08-21T17:17:48.875171" elapsed="0.172841"/>
</kw>
<kw name="Sleep" owner="BuiltIn">
<msg time="2025-08-21T17:17:54.049301" level="INFO">Slept 5 seconds.</msg>
<arg>5s</arg>
<doc>Pauses the test executed for the given time.</doc>
<status status="PASS" start="2025-08-21T17:17:49.048566" elapsed="5.000905"/>
</kw>
<kw name="Page Should Contain" owner="SeleniumLibrary">
<msg time="2025-08-21T17:17:54.071453" level="INFO">Current page contains text 'Dashboard'.</msg>
<arg>${expected_message}</arg>
<doc>Verifies that current page contains ``text``.</doc>
<status status="PASS" start="2025-08-21T17:17:54.049730" elapsed="0.021906"/>
</kw>
<kw name="Close Browser" owner="SeleniumLibrary">
<doc>Closes the current browser.</doc>
<status status="PASS" start="2025-08-21T17:17:54.071857" elapsed="2.181312"/>
</kw>
<arg>Admin</arg>
<arg>admin123</arg>
<arg>Dashboard</arg>
<status status="PASS" start="2025-08-21T17:17:37.750156" elapsed="18.503300"/>
</kw>
<status status="PASS" start="2025-08-21T17:17:37.748525" elapsed="18.505301"/>
</test>
<test id="s1-s16-t2" name="Invalid Login" line="28">
<kw name="LoginTestCase">
<kw name="Open Browser" owner="SeleniumLibrary">
<msg time="2025-08-21T17:17:56.256782" level="INFO">Opening browser 'headlesschrome' to base url 'https://opensource-demo.orangehrmlive.com/web/index.php/auth/login'.</msg>
<arg>${URL}</arg>
<arg>headlesschrome</arg>
<doc>Opens a new browser instance to the optional ``url``.</doc>
<status status="PASS" start="2025-08-21T17:17:56.256252" elapsed="4.312559"/>
</kw>
<kw name="Maximize Browser Window" owner="SeleniumLibrary">
<doc>Maximizes current browser window.</doc>
<status status="PASS" start="2025-08-21T17:18:00.569051" elapsed="0.021938"/>
</kw>
<kw name="Sleep" owner="BuiltIn">
<msg time="2025-08-21T17:18:05.592030" level="INFO">Slept 5 seconds.</msg>
<arg>5s</arg>
<doc>Pauses the test executed for the given time.</doc>
<status status="PASS" start="2025-08-21T17:18:00.591281" elapsed="5.001084"/>
</kw>
<kw name="Input Text" owner="SeleniumLibrary">
<msg time="2025-08-21T17:18:05.593914" level="INFO">Typing text 'admin' into text field 'name=username'.</msg>
<arg>name=username</arg>
<arg>${username}</arg>
<doc>Types the given ``text`` into the text field identified by ``locator``.</doc>
<status status="PASS" start="2025-08-21T17:18:05.592921" elapsed="0.183213"/>
</kw>
<kw name="Input Text" owner="SeleniumLibrary">
<msg time="2025-08-21T17:18:05.777169" level="INFO">Typing text 'wrongpassword' into text field 'name=password'.</msg>
<arg>name=password</arg>
<arg>${password}</arg>
<doc>Types the given ``text`` into the text field identified by ``locator``.</doc>
<status status="PASS" start="2025-08-21T17:18:05.776597" elapsed="0.131783"/>
</kw>
<kw name="Click Button" owner="SeleniumLibrary">
<msg time="2025-08-21T17:18:05.909471" level="INFO">Clicking button 'xpath=//button[@type='submit']'.</msg>
<arg>xpath=//button[@type='submit']</arg>
<doc>Clicks the button identified by ``locator``.</doc>
<status status="PASS" start="2025-08-21T17:18:05.908986" elapsed="0.116931"/>
</kw>
<kw name="Sleep" owner="BuiltIn">
<msg time="2025-08-21T17:18:11.027562" level="INFO">Slept 5 seconds.</msg>
<arg>5s</arg>
<doc>Pauses the test executed for the given time.</doc>
<status status="PASS" start="2025-08-21T17:18:06.026276" elapsed="5.001549"/>
</kw>
<kw name="Page Should Contain" owner="SeleniumLibrary">
<msg time="2025-08-21T17:18:11.054990" level="INFO">Current page contains text 'Invalid credentials'.</msg>
<arg>${expected_message}</arg>
<doc>Verifies that current page contains ``text``.</doc>
<status status="PASS" start="2025-08-21T17:18:11.028211" elapsed="0.026919"/>
</kw>
<kw name="Close Browser" owner="SeleniumLibrary">
<doc>Closes the current browser.</doc>
<status status="PASS" start="2025-08-21T17:18:11.055365" elapsed="2.154935"/>
</kw>
<arg>admin</arg>
<arg>wrongpassword</arg>
<arg>Invalid credentials</arg>
<status status="PASS" start="2025-08-21T17:17:56.255468" elapsed="16.955089"/>
</kw>
<kw name="LoginTestCase">
<kw name="Open Browser" owner="SeleniumLibrary">
<msg time="2025-08-21T17:18:13.211909" level="INFO">Opening browser 'headlesschrome' to base url 'https://opensource-demo.orangehrmlive.com/web/index.php/auth/login'.</msg>
<arg>${URL}</arg>
<arg>headlesschrome</arg>
<doc>Opens a new browser instance to the optional ``url``.</doc>
<status status="PASS" start="2025-08-21T17:18:13.211550" elapsed="4.041088"/>
</kw>
<kw name="Maximize Browser Window" owner="SeleniumLibrary">
<doc>Maximizes current browser window.</doc>
<status status="PASS" start="2025-08-21T17:18:17.252820" elapsed="0.032855"/>
</kw>
<kw name="Sleep" owner="BuiltIn">
<msg time="2025-08-21T17:18:22.286936" level="INFO">Slept 5 seconds.</msg>
<arg>5s</arg>
<doc>Pauses the test executed for the given time.</doc>
<status status="PASS" start="2025-08-21T17:18:17.285955" elapsed="5.001381"/>
</kw>
<kw name="Input Text" owner="SeleniumLibrary">
<msg time="2025-08-21T17:18:22.289312" level="INFO">Typing text 'user' into text field 'name=username'.</msg>
<arg>name=username</arg>
<arg>${username}</arg>
<doc>Types the given ``text`` into the text field identified by ``locator``.</doc>
<status status="PASS" start="2025-08-21T17:18:22.288084" elapsed="0.136358"/>
</kw>
<kw name="Input Text" owner="SeleniumLibrary">
<msg time="2025-08-21T17:18:22.425460" level="INFO">Typing text 'admin123' into text field 'name=password'.</msg>
<arg>name=password</arg>
<arg>${password}</arg>
<doc>Types the given ``text`` into the text field identified by ``locator``.</doc>
<status status="PASS" start="2025-08-21T17:18:22.424915" elapsed="0.113226"/>
</kw>
<kw name="Click Button" owner="SeleniumLibrary">
<msg time="2025-08-21T17:18:22.539187" level="INFO">Clicking button 'xpath=//button[@type='submit']'.</msg>
<arg>xpath=//button[@type='submit']</arg>
<doc>Clicks the button identified by ``locator``.</doc>
<status status="PASS" start="2025-08-21T17:18:22.538448" elapsed="0.151118"/>
</kw>
<kw name="Sleep" owner="BuiltIn">
<msg time="2025-08-21T17:18:27.691631" level="INFO">Slept 5 seconds.</msg>
<arg>5s</arg>
<doc>Pauses the test executed for the given time.</doc>
<status status="PASS" start="2025-08-21T17:18:22.690365" elapsed="5.001678"/>
</kw>
<kw name="Page Should Contain" owner="SeleniumLibrary">
<msg time="2025-08-21T17:18:27.725045" level="INFO">Current page contains text 'Invalid credentials'.</msg>
<arg>${expected_message}</arg>
<doc>Verifies that current page contains ``text``.</doc>
<status status="PASS" start="2025-08-21T17:18:27.692715" elapsed="0.032467"/>
</kw>
<kw name="Close Browser" owner="SeleniumLibrary">
<doc>Closes the current browser.</doc>
<status status="PASS" start="2025-08-21T17:18:27.725414" elapsed="2.124786"/>
</kw>
<arg>user</arg>
<arg>admin123</arg>
<arg>Invalid credentials</arg>
<status status="PASS" start="2025-08-21T17:18:13.210963" elapsed="16.639795"/>
</kw>
<status status="PASS" start="2025-08-21T17:17:56.254548" elapsed="33.596914"/>
</test>
<status status="PASS" start="2025-08-21T17:17:36.410726" elapsed="53.443467"/>
</suite>
<suite id="s1-s17" name="Variables" source="D:\Automation practice\Robot Training\Tests\Variables.robot">
<test id="s1-s17-t1" name="Accesing Variables" line="18">
<kw name="Log To Console" owner="BuiltIn">
<arg>${Scalar}</arg>
<doc>Logs the given message to the console.</doc>
<status status="PASS" start="2025-08-21T17:17:39.859652" elapsed="0.002896"/>
</kw>
<kw name="Log To Console" owner="BuiltIn">
<arg>${lists}</arg>
<doc>Logs the given message to the console.</doc>
<status status="PASS" start="2025-08-21T17:17:39.863004" elapsed="0.000602"/>
</kw>
<kw name="Log To Console" owner="BuiltIn">
<arg>${dict}</arg>
<doc>Logs the given message to the console.</doc>
<status status="PASS" start="2025-08-21T17:17:39.863910" elapsed="0.000524"/>
</kw>
<kw name="Log To Console" owner="BuiltIn">
<arg>${env_var}</arg>
<doc>Logs the given message to the console.</doc>
<status status="PASS" start="2025-08-21T17:17:39.864750" elapsed="0.000505"/>
</kw>
<kw name="Log To Console" owner="BuiltIn">
<arg>${env_var1}</arg>
<doc>Logs the given message to the console.</doc>
<status status="PASS" start="2025-08-21T17:17:39.865581" elapsed="0.000577"/>
</kw>
<status status="PASS" start="2025-08-21T17:17:39.857142" elapsed="0.009399"/>
</test>
<status status="PASS" start="2025-08-21T17:17:37.870413" elapsed="1.997424"/>
</suite>
<doc>[https://pabot.org/?ref=log|Pabot] result from 20 executions.</doc>
<status status="PASS" start="2025-08-21T17:17:07.725000" elapsed="82.131000"/>
</suite>
<statistics>
<total>
<stat pass="33" fail="0" skip="0">All Tests</stat>
</total>
<tag>
<stat pass="1" fail="0" skip="0">regression</stat>
<stat pass="2" fail="0" skip="0">sanity</stat>
<stat pass="1" fail="0" skip="0">smoke</stat>
</tag>
<suite>
<stat name="Tests" id="s1" pass="33" fail="0" skip="0">Tests</stat>
<stat name="Add To cart" id="s1-s1" pass="1" fail="0" skip="0">Tests.Add To cart</stat>
<stat name="Assertions" id="s1-s2" pass="1" fail="0" skip="0">Tests.Assertions</stat>
<stat name="CustomLib" id="s1-s3" pass="1" fail="0" skip="0">Tests.CustomLib</stat>
<stat name="DataFromCsv" id="s1-s4" pass="3" fail="0" skip="0">Tests.DataFromCsv</stat>
<stat name="DataFromExcel" id="s1-s5" pass="3" fail="0" skip="0">Tests.DataFromExcel</stat>
<stat name="DataFromJson" id="s1-s6" pass="1" fail="0" skip="0">Tests.DataFromJson</stat>
<stat name="FirstTest" id="s1-s7" pass="1" fail="0" skip="0">Tests.FirstTest</stat>
<stat name="ForLoop" id="s1-s8" pass="5" fail="0" skip="0">Tests.ForLoop</stat>
<stat name="Headless" id="s1-s9" pass="1" fail="0" skip="0">Tests.Headless</stat>
<stat name="Iframes" id="s1-s10" pass="1" fail="0" skip="0">Tests.Iframes</stat>
<stat name="LoginTest" id="s1-s11" pass="2" fail="0" skip="0">Tests.LoginTest</stat>
<stat name="Practice" id="s1-s12" pass="1" fail="0" skip="0">Tests.Practice</stat>
<stat name="RestApi" id="s1-s13" pass="4" fail="0" skip="0">Tests.RestApi</stat>
<stat name="DELETE Request" id="s1-s13-s1" pass="1" fail="0" skip="0">Tests.RestApi.DELETE Request</stat>
<stat name="FirstApi" id="s1-s13-s2" pass="1" fail="0" skip="0">Tests.RestApi.FirstApi</stat>
<stat name="GET Request" id="s1-s13-s3" pass="1" fail="0" skip="0">Tests.RestApi.GET Request</stat>
<stat name="POST Request" id="s1-s13-s4" pass="1" fail="0" skip="0">Tests.RestApi.POST Request</stat>
<stat name="SetupOrTeardown" id="s1-s14" pass="2" fail="0" skip="0">Tests.SetupOrTeardown</stat>
<stat name="Tags" id="s1-s15" pass="3" fail="0" skip="0">Tests.Tags</stat>
<stat name="Templates" id="s1-s16" pass="2" fail="0" skip="0">Tests.Templates</stat>
<stat name="Variables" id="s1-s17" pass="1" fail="0" skip="0">Tests.Variables</stat>
</suite>
</statistics>
<errors>
</errors>
</robot>
