<?xml version="1.0" encoding="UTF-8"?>
<robot generator="Rebot 7.3.2 (Python 3.13.5 on win32)" generated="2025-08-21T17:44:13.868711" rpa="false" schemaversion="5">
<suite id="s1" name="Tests" source="D:\Automation practice\Robot Training\Tests">
<suite id="s1-s1" name="Add To cart" source="D:\Automation practice\Robot Training\Tests\Add To cart.robot">
<test id="s1-s1-t1" name="Adding Items to cart" line="8">
<kw name="Open Browser" owner="SeleniumLibrary">
<msg time="2025-08-21T17:42:47.864225" level="INFO">Opening browser 'chrome' to base url 'https://dineshvelhal.github.io/testautomation-playground/login.html'.</msg>
<arg>${url}</arg>
<arg>${BROWSER}</arg>
<doc>Opens a new browser instance to the optional ``url``.</doc>
<status status="PASS" start="2025-08-21T17:42:47.863601" elapsed="3.744594"/>
</kw>
<kw name="Input Text" owner="SeleniumLibrary">
<msg time="2025-08-21T17:42:51.609500" level="INFO">Typing text 'admin' into text field 'xpath=//input[@id='user']'.</msg>
<arg>xpath=//input[@id='user']</arg>
<arg>admin</arg>
<doc>Types the given ``text`` into the text field identified by ``locator``.</doc>
<status status="PASS" start="2025-08-21T17:42:51.608659" elapsed="5.095146"/>
</kw>
<kw name="Input Text" owner="SeleniumLibrary">
<msg time="2025-08-21T17:42:56.704782" level="INFO">Typing text 'admin' into text field 'xpath=//input[@id='password']'.</msg>
<arg>xpath=//input[@id='password']</arg>
<arg>admin</arg>
<doc>Types the given ``text`` into the text field identified by ``locator``.</doc>
<status status="PASS" start="2025-08-21T17:42:56.704199" elapsed="2.204232"/>
</kw>
<kw name="Click Button" owner="SeleniumLibrary">
<msg time="2025-08-21T17:42:58.909477" level="INFO">Clicking button 'xpath=//button[@id='login']'.</msg>
<arg>xpath=//button[@id='login']</arg>
<doc>Clicks the button identified by ``locator``.</doc>
<status status="PASS" start="2025-08-21T17:42:58.908907" elapsed="2.616164"/>
</kw>
<kw name="Click Element" owner="SeleniumLibrary">
<msg time="2025-08-21T17:43:01.526012" level="INFO">Clicking element 'xpath=//input[@id='rad_small']'.</msg>
<arg>xpath=//input[@id='rad_small']</arg>
<doc>Click the element identified by ``locator``.</doc>
<status status="PASS" start="2025-08-21T17:43:01.525472" elapsed="4.430442"/>
</kw>
<kw name="Select From List By Label" owner="SeleniumLibrary">
<msg time="2025-08-21T17:43:05.957106" level="INFO">Selecting options from selection list 'xpath=//select[@id='select_flavor']' by label Veggie Delight.</msg>
<arg>xpath=//select[@id='select_flavor']</arg>
<arg>Veggie Delight</arg>
<doc>Selects options from selection list ``locator`` by ``labels``.</doc>
<status status="PASS" start="2025-08-21T17:43:05.956446" elapsed="2.467683"/>
</kw>
<kw name="Click Element" owner="SeleniumLibrary">
<msg time="2025-08-21T17:43:08.425035" level="INFO">Clicking element 'id=rad_barbeque'.</msg>
<arg>id=rad_barbeque</arg>
<doc>Click the element identified by ``locator``.</doc>
<status status="PASS" start="2025-08-21T17:43:08.424533" elapsed="0.247214"/>
</kw>
<kw name="Click Element" owner="SeleniumLibrary">
<msg time="2025-08-21T17:43:08.672839" level="INFO">Clicking element 'id=green_olive'.</msg>
<arg>id=green_olive</arg>
<doc>Click the element identified by ``locator``.</doc>
<status status="PASS" start="2025-08-21T17:43:08.672286" elapsed="0.268184"/>
</kw>
<kw name="Click Element" owner="SeleniumLibrary">
<msg time="2025-08-21T17:43:08.941444" level="INFO">Clicking element 'id=tomoto'.</msg>
<arg>id=tomoto</arg>
<doc>Click the element identified by ``locator``.</doc>
<status status="PASS" start="2025-08-21T17:43:08.940923" elapsed="0.350680"/>
</kw>
<kw name="Input Text" owner="SeleniumLibrary">
<msg time="2025-08-21T17:43:09.292537" level="INFO">Typing text '5' into text field 'id=quantity'.</msg>
<arg>id=quantity</arg>
<arg>5</arg>
<doc>Types the given ``text`` into the text field identified by ``locator``.</doc>
<status status="PASS" start="2025-08-21T17:43:09.291989" elapsed="0.547345"/>
</kw>
<kw name="Click Button" owner="SeleniumLibrary">
<msg time="2025-08-21T17:43:09.841160" level="INFO">Clicking button 'id=submit_button'.</msg>
<arg>id=submit_button</arg>
<doc>Clicks the button identified by ``locator``.</doc>
<status status="PASS" start="2025-08-21T17:43:09.839840" elapsed="2.371900"/>
</kw>
<kw name="Wait Until Page Contains" owner="SeleniumLibrary">
<arg>Pizza added to the cart!</arg>
<arg>5s</arg>
<doc>Waits until ``text`` appears on the current page.</doc>
<status status="PASS" start="2025-08-21T17:43:12.212145" elapsed="0.049774"/>
</kw>
<kw name="Close Browser" owner="SeleniumLibrary">
<doc>Closes the current browser.</doc>
<status status="PASS" start="2025-08-21T17:43:12.262295" elapsed="7.843458"/>
</kw>
<doc>Addding items to cart...</doc>
<status status="PASS" start="2025-08-21T17:42:47.861767" elapsed="32.244518"/>
</test>
<status status="PASS" start="2025-08-21T17:42:47.278000" elapsed="32.245000"/>
</suite>
<suite id="s1-s2" name="Assertions" source="D:\Automation practice\Robot Training\Tests\Assertions.robot">
<test id="s1-s2-t1" name="Checking Assertions" line="5">
<kw name="Set Variable" owner="BuiltIn">
<msg time="2025-08-21T17:42:47.901894" level="INFO">${isValid} = True</msg>
<var>${isValid}</var>
<arg>${True}</arg>
<doc>Returns the given values which can then be assigned to a variables.</doc>
<status status="PASS" start="2025-08-21T17:42:47.901040" elapsed="0.000982"/>
</kw>
<kw name="Should Be True" owner="BuiltIn">
<arg>${isValid}</arg>
<doc>Fails if the given condition is not true.</doc>
<status status="PASS" start="2025-08-21T17:42:47.902368" elapsed="0.000414"/>
</kw>
<kw name="Log To Console" owner="BuiltIn">
<arg>${isValid}</arg>
<doc>Logs the given message to the console.</doc>
<status status="PASS" start="2025-08-21T17:42:47.903077" elapsed="0.000404"/>
</kw>
<kw name="Set Variable If" owner="BuiltIn">
<msg time="2025-08-21T17:42:47.904181" level="INFO">${isValid} = False</msg>
<var>${isValid}</var>
<arg>${isValid}</arg>
<arg>${False}</arg>
<doc>Sets variable based on the given condition.</doc>
<status status="PASS" start="2025-08-21T17:42:47.903746" elapsed="0.000508"/>
</kw>
<kw name="Should Not Be True" owner="BuiltIn">
<arg>${isValid}</arg>
<doc>Fails if the given condition is true.</doc>
<status status="PASS" start="2025-08-21T17:42:47.904507" elapsed="0.000333"/>
</kw>
<kw name="Log To Console" owner="BuiltIn">
<arg>${isValid}</arg>
<doc>Logs the given message to the console.</doc>
<status status="PASS" start="2025-08-21T17:42:47.905081" elapsed="0.000419"/>
</kw>
<status status="PASS" start="2025-08-21T17:42:47.899252" elapsed="0.006542"/>
</test>
<status status="PASS" start="2025-08-21T17:42:47.311248" elapsed="0.595357"/>
</suite>
<suite id="s1-s3" name="CustomLib" source="D:\Automation practice\Robot Training\Tests\CustomLib.robot">
<test id="s1-s3-t1" name="Adding two Nums" line="5">
<kw name="Add Two Nums" owner="CustomLibrary">
<msg time="2025-08-21T17:42:47.361312" level="INFO">${output} = 1020</msg>
<var>${output}</var>
<arg>10</arg>
<arg>20</arg>
<status status="PASS" start="2025-08-21T17:42:47.360863" elapsed="0.000524"/>
</kw>
<kw name="Log To Console" owner="BuiltIn">
<arg>${output}</arg>
<doc>Logs the given message to the console.</doc>
<status status="PASS" start="2025-08-21T17:42:47.361741" elapsed="0.000638"/>
</kw>
<kw name="Add Nums" owner="CustomLibrary">
<msg time="2025-08-21T17:42:47.363393" level="INFO">${output} = 60</msg>
<var>${output}</var>
<arg>10</arg>
<arg>20</arg>
<arg>30</arg>
<status status="PASS" start="2025-08-21T17:42:47.362814" elapsed="0.000648"/>
</kw>
<kw name="Log To Console" owner="BuiltIn">
<arg>${output}</arg>
<doc>Logs the given message to the console.</doc>
<status status="PASS" start="2025-08-21T17:42:47.363698" elapsed="0.000711"/>
</kw>
<status status="PASS" start="2025-08-21T17:42:47.359602" elapsed="0.005067"/>
</test>
<status status="PASS" start="2025-08-21T17:42:47.355256" elapsed="0.010158"/>
</suite>
<suite id="s1-s4" name="DataFromCsv" source="D:\Automation practice\Robot Training\Tests\DataFromCsv.robot">
<test id="s1-s4-t1" name="Login Tests Using CSV Admin and admin123" line="19">
<kw name="Open Login Page" owner="LoginPageKw" type="SETUP">
<kw name="Open Browser" owner="SeleniumLibrary">
<msg time="2025-08-21T17:42:48.018772" level="INFO">Opening browser 'chrome' to base url 'https://opensource-demo.orangehrmlive.com/web/index.php/auth/login'.</msg>
<arg>${URL}</arg>
<arg>${BROWSER}</arg>
<doc>Opens a new browser instance to the optional ``url``.</doc>
<status status="PASS" start="2025-08-21T17:42:48.018189" elapsed="7.348812"/>
</kw>
<kw name="Maximize Browser Window" owner="SeleniumLibrary">
<doc>Maximizes current browser window.</doc>
<status status="PASS" start="2025-08-21T17:42:55.368367" elapsed="0.660757"/>
</kw>
<kw name="Sleep" owner="BuiltIn">
<msg time="2025-08-21T17:42:59.030419" level="INFO">Slept 3 seconds.</msg>
<arg>3s</arg>
<doc>Pauses the test executed for the given time.</doc>
<status status="PASS" start="2025-08-21T17:42:56.029427" elapsed="3.001244"/>
</kw>
<status status="PASS" start="2025-08-21T17:42:48.016069" elapsed="11.014923"/>
</kw>
<kw name="Test Data">
<kw name="Login" owner="LoginPageKw">
<kw name="Input User" owner="LoginPageKw">
<kw name="Input Text" owner="SeleniumLibrary">
<msg time="2025-08-21T17:42:59.039991" level="INFO">Typing text 'Admin' into text field 'name=username'.</msg>
<arg>${USERNAME_FIELD}</arg>
<arg>${username}</arg>
<doc>Types the given ``text`` into the text field identified by ``locator``.</doc>
<status status="PASS" start="2025-08-21T17:42:59.038974" elapsed="1.523476"/>
</kw>
<arg>${user}</arg>
<status status="PASS" start="2025-08-21T17:42:59.038016" elapsed="1.524732"/>
</kw>
<kw name="Input Pass" owner="LoginPageKw">
<kw name="Input Text" owner="SeleniumLibrary">
<msg time="2025-08-21T17:43:00.579794" level="INFO">Typing text 'admin123' into text field 'name=password'.</msg>
<arg>${PASSWORD_FIELD}</arg>
<arg>${password}</arg>
<doc>Types the given ``text`` into the text field identified by ``locator``.</doc>
<status status="PASS" start="2025-08-21T17:43:00.564784" elapsed="5.141114"/>
</kw>
<arg>${pass}</arg>
<status status="PASS" start="2025-08-21T17:43:00.563201" elapsed="5.142967"/>
</kw>
<kw name="Click Login Button" owner="LoginPageKw">
<kw name="Click Button" owner="SeleniumLibrary">
<msg time="2025-08-21T17:43:05.707917" level="INFO">Clicking button 'xpath=//button[@type='submit']'.</msg>
<arg>${LOGIN_BUTTON}</arg>
<doc>Clicks the button identified by ``locator``.</doc>
<status status="PASS" start="2025-08-21T17:43:05.707267" elapsed="3.800957"/>
</kw>
<status status="PASS" start="2025-08-21T17:43:05.706581" elapsed="3.801963"/>
</kw>
<kw name="Page Should Contain text" owner="LoginPageKw">
<kw name="Sleep" owner="BuiltIn">
<msg time="2025-08-21T17:43:11.512074" level="INFO">Slept 2 seconds.</msg>
<arg>2s</arg>
<doc>Pauses the test executed for the given time.</doc>
<status status="PASS" start="2025-08-21T17:43:09.509863" elapsed="2.002476"/>
</kw>
<kw name="Page Should Contain" owner="SeleniumLibrary">
<msg time="2025-08-21T17:43:11.851018" level="INFO">Current page contains text 'Dashboard'.</msg>
<arg>${message}</arg>
<doc>Verifies that current page contains ``text``.</doc>
<status status="PASS" start="2025-08-21T17:43:11.538501" elapsed="0.312739"/>
</kw>
<arg>${message}</arg>
<status status="PASS" start="2025-08-21T17:43:09.508988" elapsed="2.342545"/>
</kw>
<arg>${userName}</arg>
<arg>${Password}</arg>
<arg>${Message}</arg>
<status status="PASS" start="2025-08-21T17:42:59.036329" elapsed="12.815411"/>
</kw>
<arg>userName=Admin</arg>
<arg>Password=admin123</arg>
<arg>Message=Dashboard</arg>
<status status="PASS" start="2025-08-21T17:42:59.031535" elapsed="12.820431"/>
</kw>
<kw name="Close Browser" owner="SeleniumLibrary" type="TEARDOWN">
<doc>Closes the current browser.</doc>
<status status="PASS" start="2025-08-21T17:43:11.852550" elapsed="7.798373"/>
</kw>
<status status="PASS" start="2025-08-21T17:42:48.013548" elapsed="31.637646"/>
</test>
<test id="s1-s4-t2" name="Login Tests Using CSV admin123 and admin123" line="19">
<kw name="Open Login Page" owner="LoginPageKw" type="SETUP">
<kw name="Open Browser" owner="SeleniumLibrary">
<msg time="2025-08-21T17:43:19.655929" level="INFO">Opening browser 'chrome' to base url 'https://opensource-demo.orangehrmlive.com/web/index.php/auth/login'.</msg>
<arg>${URL}</arg>
<arg>${BROWSER}</arg>
<doc>Opens a new browser instance to the optional ``url``.</doc>
<status status="PASS" start="2025-08-21T17:43:19.655336" elapsed="5.571753"/>
</kw>
<kw name="Maximize Browser Window" owner="SeleniumLibrary">
<doc>Maximizes current browser window.</doc>
<status status="PASS" start="2025-08-21T17:43:25.227403" elapsed="0.055903"/>
</kw>
<kw name="Sleep" owner="BuiltIn">
<msg time="2025-08-21T17:43:28.284881" level="INFO">Slept 3 seconds.</msg>
<arg>3s</arg>
<doc>Pauses the test executed for the given time.</doc>
<status status="PASS" start="2025-08-21T17:43:25.283963" elapsed="3.001125"/>
</kw>
<status status="PASS" start="2025-08-21T17:43:19.654550" elapsed="8.630770"/>
</kw>
<kw name="Test Data">
<kw name="Login" owner="LoginPageKw">
<kw name="Input User" owner="LoginPageKw">
<kw name="Input Text" owner="SeleniumLibrary">
<msg time="2025-08-21T17:43:28.288446" level="INFO">Typing text 'admin123' into text field 'name=username'.</msg>
<arg>${USERNAME_FIELD}</arg>
<arg>${username}</arg>
<doc>Types the given ``text`` into the text field identified by ``locator``.</doc>
<status status="PASS" start="2025-08-21T17:43:28.287939" elapsed="0.229740"/>
</kw>
<arg>${user}</arg>
<status status="PASS" start="2025-08-21T17:43:28.287298" elapsed="0.230776"/>
</kw>
<kw name="Input Pass" owner="LoginPageKw">
<kw name="Input Text" owner="SeleniumLibrary">
<msg time="2025-08-21T17:43:28.519979" level="INFO">Typing text 'admin123' into text field 'name=password'.</msg>
<arg>${PASSWORD_FIELD}</arg>
<arg>${password}</arg>
<doc>Types the given ``text`` into the text field identified by ``locator``.</doc>
<status status="PASS" start="2025-08-21T17:43:28.519287" elapsed="0.262573"/>
</kw>
<arg>${pass}</arg>
<status status="PASS" start="2025-08-21T17:43:28.518437" elapsed="0.263694"/>
</kw>
<kw name="Click Login Button" owner="LoginPageKw">
<kw name="Click Button" owner="SeleniumLibrary">
<msg time="2025-08-21T17:43:28.783742" level="INFO">Clicking button 'xpath=//button[@type='submit']'.</msg>
<arg>${LOGIN_BUTTON}</arg>
<doc>Clicks the button identified by ``locator``.</doc>
<status status="PASS" start="2025-08-21T17:43:28.783204" elapsed="1.173619"/>
</kw>
<status status="PASS" start="2025-08-21T17:43:28.782511" elapsed="1.174636"/>
</kw>
<kw name="Page Should Contain text" owner="LoginPageKw">
<kw name="Sleep" owner="BuiltIn">
<msg time="2025-08-21T17:43:31.963268" level="INFO">Slept 2 seconds.</msg>
<arg>2s</arg>
<doc>Pauses the test executed for the given time.</doc>
<status status="PASS" start="2025-08-21T17:43:29.958801" elapsed="2.004751"/>
</kw>
<kw name="Page Should Contain" owner="SeleniumLibrary">
<msg time="2025-08-21T17:43:31.999879" level="INFO">Current page contains text 'Invalid credentials'.</msg>
<arg>${message}</arg>
<doc>Verifies that current page contains ``text``.</doc>
<status status="PASS" start="2025-08-21T17:43:31.963956" elapsed="0.036170"/>
</kw>
<arg>${message}</arg>
<status status="PASS" start="2025-08-21T17:43:29.957583" elapsed="2.042789"/>
</kw>
<arg>${userName}</arg>
<arg>${Password}</arg>
<arg>${Message}</arg>
<status status="PASS" start="2025-08-21T17:43:28.286459" elapsed="3.714109"/>
</kw>
<arg>userName=admin123</arg>
<arg>Password=admin123</arg>
<arg>Message=Invalid credentials</arg>
<status status="PASS" start="2025-08-21T17:43:28.285670" elapsed="3.715110"/>
</kw>
<kw name="Close Browser" owner="SeleniumLibrary" type="TEARDOWN">
<doc>Closes the current browser.</doc>
<status status="PASS" start="2025-08-21T17:43:32.001451" elapsed="2.879254"/>
</kw>
<status status="PASS" start="2025-08-21T17:43:19.651998" elapsed="15.228949"/>
</test>
<test id="s1-s4-t3" name="Login Tests Using CSV admin12 and admin123" line="19">
<kw name="Open Login Page" owner="LoginPageKw" type="SETUP">
<kw name="Open Browser" owner="SeleniumLibrary">
<msg time="2025-08-21T17:43:34.885301" level="INFO">Opening browser 'chrome' to base url 'https://opensource-demo.orangehrmlive.com/web/index.php/auth/login'.</msg>
<arg>${URL}</arg>
<arg>${BROWSER}</arg>
<doc>Opens a new browser instance to the optional ``url``.</doc>
<status status="PASS" start="2025-08-21T17:43:34.884731" elapsed="2.672654"/>
</kw>
<kw name="Maximize Browser Window" owner="SeleniumLibrary">
<doc>Maximizes current browser window.</doc>
<status status="PASS" start="2025-08-21T17:43:37.558030" elapsed="2.804224"/>
</kw>
<kw name="Sleep" owner="BuiltIn">
<msg time="2025-08-21T17:43:43.363922" level="INFO">Slept 3 seconds.</msg>
<arg>3s</arg>
<doc>Pauses the test executed for the given time.</doc>
<status status="PASS" start="2025-08-21T17:43:40.362709" elapsed="3.001537"/>
</kw>
<status status="PASS" start="2025-08-21T17:43:34.884192" elapsed="8.480802"/>
</kw>
<kw name="Test Data">
<kw name="Login" owner="LoginPageKw">
<kw name="Input User" owner="LoginPageKw">
<kw name="Input Text" owner="SeleniumLibrary">
<msg time="2025-08-21T17:43:43.373784" level="INFO">Typing text 'admin12' into text field 'name=username'.</msg>
<arg>${USERNAME_FIELD}</arg>
<arg>${username}</arg>
<doc>Types the given ``text`` into the text field identified by ``locator``.</doc>
<status status="PASS" start="2025-08-21T17:43:43.372737" elapsed="0.244503"/>
</kw>
<arg>${user}</arg>
<status status="PASS" start="2025-08-21T17:43:43.371739" elapsed="0.245783"/>
</kw>
<kw name="Input Pass" owner="LoginPageKw">
<kw name="Input Text" owner="SeleniumLibrary">
<msg time="2025-08-21T17:43:43.620416" level="INFO">Typing text 'admin123' into text field 'name=password'.</msg>
<arg>${PASSWORD_FIELD}</arg>
<arg>${password}</arg>
<doc>Types the given ``text`` into the text field identified by ``locator``.</doc>
<status status="PASS" start="2025-08-21T17:43:43.618869" elapsed="0.169583"/>
</kw>
<arg>${pass}</arg>
<status status="PASS" start="2025-08-21T17:43:43.617902" elapsed="0.170738"/>
</kw>
<kw name="Click Login Button" owner="LoginPageKw">
<kw name="Click Button" owner="SeleniumLibrary">
<msg time="2025-08-21T17:43:43.789993" level="INFO">Clicking button 'xpath=//button[@type='submit']'.</msg>
<arg>${LOGIN_BUTTON}</arg>
<doc>Clicks the button identified by ``locator``.</doc>
<status status="PASS" start="2025-08-21T17:43:43.789543" elapsed="0.914622"/>
</kw>
<status status="PASS" start="2025-08-21T17:43:43.788926" elapsed="0.915510"/>
</kw>
<kw name="Page Should Contain text" owner="LoginPageKw">
<kw name="Sleep" owner="BuiltIn">
<msg time="2025-08-21T17:43:46.707538" level="INFO">Slept 2 seconds.</msg>
<arg>2s</arg>
<doc>Pauses the test executed for the given time.</doc>
<status status="PASS" start="2025-08-21T17:43:44.706582" elapsed="2.001110"/>
</kw>
<kw name="Page Should Contain" owner="SeleniumLibrary">
<msg time="2025-08-21T17:43:46.733139" level="INFO">Current page contains text 'Invalid credentials'.</msg>
<arg>${message}</arg>
<doc>Verifies that current page contains ``text``.</doc>
<status status="PASS" start="2025-08-21T17:43:46.708228" elapsed="0.025122"/>
</kw>
<arg>${message}</arg>
<status status="PASS" start="2025-08-21T17:43:44.704942" elapsed="2.028644"/>
</kw>
<arg>${userName}</arg>
<arg>${Password}</arg>
<arg>${Message}</arg>
<status status="PASS" start="2025-08-21T17:43:43.368236" elapsed="3.365509"/>
</kw>
<arg>userName=admin12</arg>
<arg>Password=admin123</arg>
<arg>Message=Invalid credentials</arg>
<status status="PASS" start="2025-08-21T17:43:43.366193" elapsed="3.367742"/>
</kw>
<kw name="Close Browser" owner="SeleniumLibrary" type="TEARDOWN">
<doc>Closes the current browser.</doc>
<status status="PASS" start="2025-08-21T17:43:46.734387" elapsed="2.221443"/>
</kw>
<status status="PASS" start="2025-08-21T17:43:34.882013" elapsed="14.074078"/>
</test>
<status status="PASS" start="2025-08-21T17:42:47.357759" elapsed="61.599358"/>
</suite>
<suite id="s1-s5" name="DataFromExcel" source="D:\Automation practice\Robot Training\Tests\DataFromExcel.robot">
<test id="s1-s5-t1" name="Login Test Using Excel Data Admin and admin123" line="21">
<kw name="Open Login Page" owner="LoginPageKw" type="SETUP">
<kw name="Open Browser" owner="SeleniumLibrary">
<msg time="2025-08-21T17:42:56.218304" level="INFO">Opening browser 'chrome' to base url 'https://opensource-demo.orangehrmlive.com/web/index.php/auth/login'.</msg>
<arg>${URL}</arg>
<arg>${BROWSER}</arg>
<doc>Opens a new browser instance to the optional ``url``.</doc>
<status status="PASS" start="2025-08-21T17:42:56.217580" elapsed="3.195430"/>
</kw>
<kw name="Maximize Browser Window" owner="SeleniumLibrary">
<doc>Maximizes current browser window.</doc>
<status status="PASS" start="2025-08-21T17:42:59.413762" elapsed="2.717320"/>
</kw>
<kw name="Sleep" owner="BuiltIn">
<msg time="2025-08-21T17:43:05.163142" level="INFO">Slept 3 seconds.</msg>
<arg>3s</arg>
<doc>Pauses the test executed for the given time.</doc>
<status status="PASS" start="2025-08-21T17:43:02.131579" elapsed="3.031968"/>
</kw>
<status status="PASS" start="2025-08-21T17:42:56.215774" elapsed="8.948101"/>
</kw>
<kw name="Test Data">
<kw name="Login" owner="LoginPageKw">
<kw name="Input User" owner="LoginPageKw">
<kw name="Input Text" owner="SeleniumLibrary">
<msg time="2025-08-21T17:43:05.212750" level="INFO">Typing text 'Admin' into text field 'name=username'.</msg>
<arg>${USERNAME_FIELD}</arg>
<arg>${username}</arg>
<doc>Types the given ``text`` into the text field identified by ``locator``.</doc>
<status status="PASS" start="2025-08-21T17:43:05.211430" elapsed="1.421959"/>
</kw>
<arg>${user}</arg>
<status status="PASS" start="2025-08-21T17:43:05.184949" elapsed="1.448750"/>
</kw>
<kw name="Input Pass" owner="LoginPageKw">
<kw name="Input Text" owner="SeleniumLibrary">
<msg time="2025-08-21T17:43:06.635788" level="INFO">Typing text 'admin123' into text field 'name=password'.</msg>
<arg>${PASSWORD_FIELD}</arg>
<arg>${password}</arg>
<doc>Types the given ``text`` into the text field identified by ``locator``.</doc>
<status status="PASS" start="2025-08-21T17:43:06.635094" elapsed="1.471592"/>
</kw>
<arg>${pass}</arg>
<status status="PASS" start="2025-08-21T17:43:06.634149" elapsed="1.472803"/>
</kw>
<kw name="Click Login Button" owner="LoginPageKw">
<kw name="Click Button" owner="SeleniumLibrary">
<msg time="2025-08-21T17:43:08.108430" level="INFO">Clicking button 'xpath=//button[@type='submit']'.</msg>
<arg>${LOGIN_BUTTON}</arg>
<doc>Clicks the button identified by ``locator``.</doc>
<status status="PASS" start="2025-08-21T17:43:08.107968" elapsed="0.467844"/>
</kw>
<status status="PASS" start="2025-08-21T17:43:08.107312" elapsed="0.468856"/>
</kw>
<kw name="Page Should Contain text" owner="LoginPageKw">
<kw name="Sleep" owner="BuiltIn">
<msg time="2025-08-21T17:43:10.584569" level="INFO">Slept 2 seconds.</msg>
<arg>2s</arg>
<doc>Pauses the test executed for the given time.</doc>
<status status="PASS" start="2025-08-21T17:43:08.577494" elapsed="2.007440"/>
</kw>
<kw name="Page Should Contain" owner="SeleniumLibrary">
<msg time="2025-08-21T17:43:10.952276" level="INFO">Current page contains text 'Dashboard'.</msg>
<arg>${message}</arg>
<doc>Verifies that current page contains ``text``.</doc>
<status status="PASS" start="2025-08-21T17:43:10.585507" elapsed="0.367048"/>
</kw>
<arg>${message}</arg>
<status status="PASS" start="2025-08-21T17:43:08.576624" elapsed="2.376238"/>
</kw>
<arg>${userName}</arg>
<arg>${Password}</arg>
<arg>${Message}</arg>
<status status="PASS" start="2025-08-21T17:43:05.180893" elapsed="5.772197"/>
</kw>
<arg>userName=Admin</arg>
<arg>Password=admin123</arg>
<arg>Message=Dashboard</arg>
<status status="PASS" start="2025-08-21T17:43:05.164480" elapsed="5.788853"/>
</kw>
<kw name="Close Browser" owner="SeleniumLibrary" type="TEARDOWN">
<doc>Closes the current browser.</doc>
<status status="PASS" start="2025-08-21T17:43:10.953978" elapsed="9.072630"/>
</kw>
<status status="PASS" start="2025-08-21T17:42:56.213208" elapsed="23.813649"/>
</test>
<test id="s1-s5-t2" name="Login Test Using Excel Data AdminUser and admin123" line="21">
<kw name="Open Login Page" owner="LoginPageKw" type="SETUP">
<kw name="Open Browser" owner="SeleniumLibrary">
<msg time="2025-08-21T17:43:20.033414" level="INFO">Opening browser 'chrome' to base url 'https://opensource-demo.orangehrmlive.com/web/index.php/auth/login'.</msg>
<arg>${URL}</arg>
<arg>${BROWSER}</arg>
<doc>Opens a new browser instance to the optional ``url``.</doc>
<status status="PASS" start="2025-08-21T17:43:20.032601" elapsed="6.635828"/>
</kw>
<kw name="Maximize Browser Window" owner="SeleniumLibrary">
<doc>Maximizes current browser window.</doc>
<status status="PASS" start="2025-08-21T17:43:26.668927" elapsed="0.053743"/>
</kw>
<kw name="Sleep" owner="BuiltIn">
<msg time="2025-08-21T17:43:29.723991" level="INFO">Slept 3 seconds.</msg>
<arg>3s</arg>
<doc>Pauses the test executed for the given time.</doc>
<status status="PASS" start="2025-08-21T17:43:26.723269" elapsed="3.001000"/>
</kw>
<status status="PASS" start="2025-08-21T17:43:20.031738" elapsed="9.692849"/>
</kw>
<kw name="Test Data">
<kw name="Login" owner="LoginPageKw">
<kw name="Input User" owner="LoginPageKw">
<kw name="Input Text" owner="SeleniumLibrary">
<msg time="2025-08-21T17:43:29.851864" level="INFO">Typing text 'AdminUser' into text field 'name=username'.</msg>
<arg>${USERNAME_FIELD}</arg>
<arg>${username}</arg>
<doc>Types the given ``text`` into the text field identified by ``locator``.</doc>
<status status="PASS" start="2025-08-21T17:43:29.850435" elapsed="0.719250"/>
</kw>
<arg>${user}</arg>
<status status="PASS" start="2025-08-21T17:43:29.821728" elapsed="0.748302"/>
</kw>
<kw name="Input Pass" owner="LoginPageKw">
<kw name="Input Text" owner="SeleniumLibrary">
<msg time="2025-08-21T17:43:30.572087" level="INFO">Typing text 'admin123' into text field 'name=password'.</msg>
<arg>${PASSWORD_FIELD}</arg>
<arg>${password}</arg>
<doc>Types the given ``text`` into the text field identified by ``locator``.</doc>
<status status="PASS" start="2025-08-21T17:43:30.571376" elapsed="0.691214"/>
</kw>
<arg>${pass}</arg>
<status status="PASS" start="2025-08-21T17:43:30.570465" elapsed="0.692487"/>
</kw>
<kw name="Click Login Button" owner="LoginPageKw">
<kw name="Click Button" owner="SeleniumLibrary">
<msg time="2025-08-21T17:43:31.265357" level="INFO">Clicking button 'xpath=//button[@type='submit']'.</msg>
<arg>${LOGIN_BUTTON}</arg>
<doc>Clicks the button identified by ``locator``.</doc>
<status status="PASS" start="2025-08-21T17:43:31.264680" elapsed="0.534756"/>
</kw>
<status status="PASS" start="2025-08-21T17:43:31.263492" elapsed="0.536197"/>
</kw>
<kw name="Page Should Contain text" owner="LoginPageKw">
<kw name="Sleep" owner="BuiltIn">
<msg time="2025-08-21T17:43:33.802398" level="INFO">Slept 2 seconds.</msg>
<arg>2s</arg>
<doc>Pauses the test executed for the given time.</doc>
<status status="PASS" start="2025-08-21T17:43:31.800957" elapsed="2.002019"/>
</kw>
<kw name="Page Should Contain" owner="SeleniumLibrary">
<msg time="2025-08-21T17:43:33.848869" level="INFO">Current page contains text 'Invalid credentials'.</msg>
<arg>${message}</arg>
<doc>Verifies that current page contains ``text``.</doc>
<status status="PASS" start="2025-08-21T17:43:33.804077" elapsed="0.044952"/>
</kw>
<arg>${message}</arg>
<status status="PASS" start="2025-08-21T17:43:31.800103" elapsed="2.049119"/>
</kw>
<arg>${userName}</arg>
<arg>${Password}</arg>
<arg>${Message}</arg>
<status status="PASS" start="2025-08-21T17:43:29.817940" elapsed="4.031436"/>
</kw>
<arg>userName=AdminUser</arg>
<arg>Password=admin123</arg>
<arg>Message=Invalid credentials</arg>
<status status="PASS" start="2025-08-21T17:43:29.725059" elapsed="4.124452"/>
</kw>
<kw name="Close Browser" owner="SeleniumLibrary" type="TEARDOWN">
<doc>Closes the current browser.</doc>
<status status="PASS" start="2025-08-21T17:43:33.850059" elapsed="2.337827"/>
</kw>
<status status="PASS" start="2025-08-21T17:43:20.027649" elapsed="16.161052"/>
</test>
<test id="s1-s5-t3" name="Login Test Using Excel Data Admin123 and Admin123" line="21">
<kw name="Open Login Page" owner="LoginPageKw" type="SETUP">
<kw name="Open Browser" owner="SeleniumLibrary">
<msg time="2025-08-21T17:43:36.201280" level="INFO">Opening browser 'chrome' to base url 'https://opensource-demo.orangehrmlive.com/web/index.php/auth/login'.</msg>
<arg>${URL}</arg>
<arg>${BROWSER}</arg>
<doc>Opens a new browser instance to the optional ``url``.</doc>
<status status="PASS" start="2025-08-21T17:43:36.199449" elapsed="4.577217"/>
</kw>
<kw name="Maximize Browser Window" owner="SeleniumLibrary">
<doc>Maximizes current browser window.</doc>
<status status="PASS" start="2025-08-21T17:43:40.777174" elapsed="2.197576"/>
</kw>
<kw name="Sleep" owner="BuiltIn">
<msg time="2025-08-21T17:43:45.976100" level="INFO">Slept 3 seconds.</msg>
<arg>3s</arg>
<doc>Pauses the test executed for the given time.</doc>
<status status="PASS" start="2025-08-21T17:43:42.975129" elapsed="3.001256"/>
</kw>
<status status="PASS" start="2025-08-21T17:43:36.198149" elapsed="9.778495"/>
</kw>
<kw name="Test Data">
<kw name="Login" owner="LoginPageKw">
<kw name="Input User" owner="LoginPageKw">
<kw name="Input Text" owner="SeleniumLibrary">
<msg time="2025-08-21T17:43:45.981445" level="INFO">Typing text 'Admin123' into text field 'name=username'.</msg>
<arg>${USERNAME_FIELD}</arg>
<arg>${username}</arg>
<doc>Types the given ``text`` into the text field identified by ``locator``.</doc>
<status status="PASS" start="2025-08-21T17:43:45.980836" elapsed="0.176024"/>
</kw>
<arg>${user}</arg>
<status status="PASS" start="2025-08-21T17:43:45.979945" elapsed="0.177191"/>
</kw>
<kw name="Input Pass" owner="LoginPageKw">
<kw name="Input Text" owner="SeleniumLibrary">
<msg time="2025-08-21T17:43:46.159604" level="INFO">Typing text 'Admin123' into text field 'name=password'.</msg>
<arg>${PASSWORD_FIELD}</arg>
<arg>${password}</arg>
<doc>Types the given ``text`` into the text field identified by ``locator``.</doc>
<status status="PASS" start="2025-08-21T17:43:46.159032" elapsed="0.132664"/>
</kw>
<arg>${pass}</arg>
<status status="PASS" start="2025-08-21T17:43:46.157516" elapsed="0.134453"/>
</kw>
<kw name="Click Login Button" owner="LoginPageKw">
<kw name="Click Button" owner="SeleniumLibrary">
<msg time="2025-08-21T17:43:46.293249" level="INFO">Clicking button 'xpath=//button[@type='submit']'.</msg>
<arg>${LOGIN_BUTTON}</arg>
<doc>Clicks the button identified by ``locator``.</doc>
<status status="PASS" start="2025-08-21T17:43:46.292836" elapsed="0.119201"/>
</kw>
<status status="PASS" start="2025-08-21T17:43:46.292276" elapsed="0.120078"/>
</kw>
<kw name="Page Should Contain text" owner="LoginPageKw">
<kw name="Sleep" owner="BuiltIn">
<msg time="2025-08-21T17:43:48.414062" level="INFO">Slept 2 seconds.</msg>
<arg>2s</arg>
<doc>Pauses the test executed for the given time.</doc>
<status status="PASS" start="2025-08-21T17:43:46.413557" elapsed="2.000747"/>
</kw>
<kw name="Page Should Contain" owner="SeleniumLibrary">
<msg time="2025-08-21T17:43:48.444085" level="INFO">Current page contains text 'Invalid credentials'.</msg>
<arg>${message}</arg>
<doc>Verifies that current page contains ``text``.</doc>
<status status="PASS" start="2025-08-21T17:43:48.414667" elapsed="0.029603"/>
</kw>
<arg>${message}</arg>
<status status="PASS" start="2025-08-21T17:43:46.412769" elapsed="2.031709"/>
</kw>
<arg>${userName}</arg>
<arg>${Password}</arg>
<arg>${Message}</arg>
<status status="PASS" start="2025-08-21T17:43:45.978211" elapsed="2.466426"/>
</kw>
<arg>userName=Admin123</arg>
<arg>Password=Admin123</arg>
<arg>Message=Invalid credentials</arg>
<status status="PASS" start="2025-08-21T17:43:45.977065" elapsed="2.467742"/>
</kw>
<kw name="Close Browser" owner="SeleniumLibrary" type="TEARDOWN">
<doc>Closes the current browser.</doc>
<status status="PASS" start="2025-08-21T17:43:48.445254" elapsed="2.349555"/>
</kw>
<status status="PASS" start="2025-08-21T17:43:36.191101" elapsed="14.604313"/>
</test>
<status status="PASS" start="2025-08-21T17:42:47.309895" elapsed="63.488686"/>
</suite>
<suite id="s1-s6" name="DataFromJson" source="D:\Automation practice\Robot Training\Tests\DataFromJson.robot">
<test id="s1-s6-t1" name="Login Test with JSON Data" line="10">
<kw name="Load Json From File" owner="JSONLibrary">
<msg time="2025-08-21T17:42:48.356105" level="INFO">${data} = {'testdata': [{'userName': 'Admin', 'Password': 'admin123', 'Message': 'Dashboard'}, {'userName': 'User1', 'Password': 'Pass123', 'Message': 'Invalid credentials'}, {'userName': 'Adminn', 'Password': ...</msg>
<var>${data}</var>
<arg>${JSON_FILE}</arg>
<doc>Load JSON from file.</doc>
<status status="PASS" start="2025-08-21T17:42:48.355155" elapsed="0.001055"/>
</kw>
<kw name="Log To Console" owner="BuiltIn">
<arg>${data}</arg>
<doc>Logs the given message to the console.</doc>
<status status="PASS" start="2025-08-21T17:42:48.356581" elapsed="0.000737"/>
</kw>
<kw name="Log To Console" owner="BuiltIn">
<arg>${data['testdata'][2]}</arg>
<doc>Logs the given message to the console.</doc>
<status status="PASS" start="2025-08-21T17:42:48.357559" elapsed="0.000928"/>
</kw>
<for flavor="IN">
<iter>
<kw name="Open Login Page" owner="LoginPageKw">
<kw name="Open Browser" owner="SeleniumLibrary">
<msg time="2025-08-21T17:42:48.361870" level="INFO">Opening browser 'chrome' to base url 'https://opensource-demo.orangehrmlive.com/web/index.php/auth/login'.</msg>
<arg>${URL}</arg>
<arg>${BROWSER}</arg>
<doc>Opens a new browser instance to the optional ``url``.</doc>
<status status="PASS" start="2025-08-21T17:42:48.361341" elapsed="6.975770"/>
</kw>
<kw name="Maximize Browser Window" owner="SeleniumLibrary">
<doc>Maximizes current browser window.</doc>
<status status="PASS" start="2025-08-21T17:42:55.337771" elapsed="0.054165"/>
</kw>
<kw name="Sleep" owner="BuiltIn">
<msg time="2025-08-21T17:42:58.392765" level="INFO">Slept 3 seconds.</msg>
<arg>3s</arg>
<doc>Pauses the test executed for the given time.</doc>
<status status="PASS" start="2025-08-21T17:42:55.392222" elapsed="3.000850"/>
</kw>
<status status="PASS" start="2025-08-21T17:42:48.360701" elapsed="10.032658"/>
</kw>
<kw name="Login" owner="LoginPageKw">
<kw name="Input User" owner="LoginPageKw">
<kw name="Input Text" owner="SeleniumLibrary">
<msg time="2025-08-21T17:42:58.401931" level="INFO">Typing text 'Admin' into text field 'name=username'.</msg>
<arg>${USERNAME_FIELD}</arg>
<arg>${username}</arg>
<doc>Types the given ``text`` into the text field identified by ``locator``.</doc>
<status status="PASS" start="2025-08-21T17:42:58.400714" elapsed="0.275603"/>
</kw>
<arg>${user}</arg>
<status status="PASS" start="2025-08-21T17:42:58.398233" elapsed="0.278408"/>
</kw>
<kw name="Input Pass" owner="LoginPageKw">
<kw name="Input Text" owner="SeleniumLibrary">
<msg time="2025-08-21T17:42:58.678972" level="INFO">Typing text 'admin123' into text field 'name=password'.</msg>
<arg>${PASSWORD_FIELD}</arg>
<arg>${password}</arg>
<doc>Types the given ``text`` into the text field identified by ``locator``.</doc>
<status status="PASS" start="2025-08-21T17:42:58.678076" elapsed="0.548546"/>
</kw>
<arg>${pass}</arg>
<status status="PASS" start="2025-08-21T17:42:58.677161" elapsed="0.549836"/>
</kw>
<kw name="Click Login Button" owner="LoginPageKw">
<kw name="Click Button" owner="SeleniumLibrary">
<msg time="2025-08-21T17:42:59.229850" level="INFO">Clicking button 'xpath=//button[@type='submit']'.</msg>
<arg>${LOGIN_BUTTON}</arg>
<doc>Clicks the button identified by ``locator``.</doc>
<status status="PASS" start="2025-08-21T17:42:59.228864" elapsed="2.377340"/>
</kw>
<status status="PASS" start="2025-08-21T17:42:59.227415" elapsed="2.379111"/>
</kw>
<kw name="Page Should Contain text" owner="LoginPageKw">
<kw name="Sleep" owner="BuiltIn">
<msg time="2025-08-21T17:43:03.632497" level="INFO">Slept 2 seconds.</msg>
<arg>2s</arg>
<doc>Pauses the test executed for the given time.</doc>
<status status="PASS" start="2025-08-21T17:43:01.607747" elapsed="2.025041"/>
</kw>
<kw name="Page Should Contain" owner="SeleniumLibrary">
<msg time="2025-08-21T17:43:04.376396" level="INFO">Current page contains text 'Dashboard'.</msg>
<arg>${message}</arg>
<doc>Verifies that current page contains ``text``.</doc>
<status status="PASS" start="2025-08-21T17:43:03.633495" elapsed="0.743101"/>
</kw>
<arg>${message}</arg>
<status status="PASS" start="2025-08-21T17:43:01.606928" elapsed="2.769919"/>
</kw>
<arg>${case['userName']}</arg>
<arg>${case['Password']}</arg>
<arg>${case['Message']}</arg>
<status status="PASS" start="2025-08-21T17:42:58.393906" elapsed="5.983121"/>
</kw>
<kw name="Close Browser" owner="SeleniumLibrary">
<doc>Closes the current browser.</doc>
<status status="PASS" start="2025-08-21T17:43:04.377343" elapsed="14.560016"/>
</kw>
<var name="${case}">{'userName': 'Admin', 'Password': 'admin123', 'Message': 'Dashboard'}</var>
<status status="PASS" start="2025-08-21T17:42:48.360346" elapsed="30.577329"/>
</iter>
<iter>
<kw name="Open Login Page" owner="LoginPageKw">
<kw name="Open Browser" owner="SeleniumLibrary">
<msg time="2025-08-21T17:43:18.940296" level="INFO">Opening browser 'chrome' to base url 'https://opensource-demo.orangehrmlive.com/web/index.php/auth/login'.</msg>
<arg>${URL}</arg>
<arg>${BROWSER}</arg>
<doc>Opens a new browser instance to the optional ``url``.</doc>
<status status="PASS" start="2025-08-21T17:43:18.939609" elapsed="2.312263"/>
</kw>
<kw name="Maximize Browser Window" owner="SeleniumLibrary">
<doc>Maximizes current browser window.</doc>
<status status="PASS" start="2025-08-21T17:43:21.252300" elapsed="2.624969"/>
</kw>
<kw name="Sleep" owner="BuiltIn">
<msg time="2025-08-21T17:43:26.884611" level="INFO">Slept 3 seconds.</msg>
<arg>3s</arg>
<doc>Pauses the test executed for the given time.</doc>
<status status="PASS" start="2025-08-21T17:43:23.877633" elapsed="3.007443"/>
</kw>
<status status="PASS" start="2025-08-21T17:43:18.938712" elapsed="7.946767"/>
</kw>
<kw name="Login" owner="LoginPageKw">
<kw name="Input User" owner="LoginPageKw">
<kw name="Input Text" owner="SeleniumLibrary">
<msg time="2025-08-21T17:43:26.893399" level="INFO">Typing text 'User1' into text field 'name=username'.</msg>
<arg>${USERNAME_FIELD}</arg>
<arg>${username}</arg>
<doc>Types the given ``text`` into the text field identified by ``locator``.</doc>
<status status="PASS" start="2025-08-21T17:43:26.892218" elapsed="0.482016"/>
</kw>
<arg>${user}</arg>
<status status="PASS" start="2025-08-21T17:43:26.890671" elapsed="0.483871"/>
</kw>
<kw name="Input Pass" owner="LoginPageKw">
<kw name="Input Text" owner="SeleniumLibrary">
<msg time="2025-08-21T17:43:27.382571" level="INFO">Typing text 'Pass123' into text field 'name=password'.</msg>
<arg>${PASSWORD_FIELD}</arg>
<arg>${password}</arg>
<doc>Types the given ``text`` into the text field identified by ``locator``.</doc>
<status status="PASS" start="2025-08-21T17:43:27.376409" elapsed="0.249047"/>
</kw>
<arg>${pass}</arg>
<status status="PASS" start="2025-08-21T17:43:27.375060" elapsed="0.250648"/>
</kw>
<kw name="Click Login Button" owner="LoginPageKw">
<kw name="Click Button" owner="SeleniumLibrary">
<msg time="2025-08-21T17:43:27.627155" level="INFO">Clicking button 'xpath=//button[@type='submit']'.</msg>
<arg>${LOGIN_BUTTON}</arg>
<doc>Clicks the button identified by ``locator``.</doc>
<status status="PASS" start="2025-08-21T17:43:27.626648" elapsed="0.996502"/>
</kw>
<status status="PASS" start="2025-08-21T17:43:27.626029" elapsed="0.997511"/>
</kw>
<kw name="Page Should Contain text" owner="LoginPageKw">
<kw name="Sleep" owner="BuiltIn">
<msg time="2025-08-21T17:43:30.635160" level="INFO">Slept 2 seconds.</msg>
<arg>2s</arg>
<doc>Pauses the test executed for the given time.</doc>
<status status="PASS" start="2025-08-21T17:43:28.625598" elapsed="2.009819"/>
</kw>
<kw name="Page Should Contain" owner="SeleniumLibrary">
<msg time="2025-08-21T17:43:30.822186" level="INFO">Current page contains text 'Invalid credentials'.</msg>
<arg>${message}</arg>
<doc>Verifies that current page contains ``text``.</doc>
<status status="PASS" start="2025-08-21T17:43:30.638887" elapsed="0.183504"/>
</kw>
<arg>${message}</arg>
<status status="PASS" start="2025-08-21T17:43:28.624301" elapsed="2.198343"/>
</kw>
<arg>${case['userName']}</arg>
<arg>${case['Password']}</arg>
<arg>${case['Message']}</arg>
<status status="PASS" start="2025-08-21T17:43:26.886414" elapsed="3.936430"/>
</kw>
<kw name="Close Browser" owner="SeleniumLibrary">
<doc>Closes the current browser.</doc>
<status status="PASS" start="2025-08-21T17:43:30.823189" elapsed="4.026365"/>
</kw>
<var name="${case}">{'userName': 'User1', 'Password': 'Pass123', 'Message': 'Invalid credentials'}</var>
<status status="PASS" start="2025-08-21T17:43:18.938188" elapsed="15.911580"/>
</iter>
<iter>
<kw name="Open Login Page" owner="LoginPageKw">
<kw name="Open Browser" owner="SeleniumLibrary">
<msg time="2025-08-21T17:43:34.852042" level="INFO">Opening browser 'chrome' to base url 'https://opensource-demo.orangehrmlive.com/web/index.php/auth/login'.</msg>
<arg>${URL}</arg>
<arg>${BROWSER}</arg>
<doc>Opens a new browser instance to the optional ``url``.</doc>
<status status="PASS" start="2025-08-21T17:43:34.851305" elapsed="2.788245"/>
</kw>
<kw name="Maximize Browser Window" owner="SeleniumLibrary">
<doc>Maximizes current browser window.</doc>
<status status="PASS" start="2025-08-21T17:43:37.640064" elapsed="2.597637"/>
</kw>
<kw name="Sleep" owner="BuiltIn">
<msg time="2025-08-21T17:43:43.239455" level="INFO">Slept 3 seconds.</msg>
<arg>3s</arg>
<doc>Pauses the test executed for the given time.</doc>
<status status="PASS" start="2025-08-21T17:43:40.238211" elapsed="3.002136"/>
</kw>
<status status="PASS" start="2025-08-21T17:43:34.850601" elapsed="8.390165"/>
</kw>
<kw name="Login" owner="LoginPageKw">
<kw name="Input User" owner="LoginPageKw">
<kw name="Input Text" owner="SeleniumLibrary">
<msg time="2025-08-21T17:43:43.250381" level="INFO">Typing text 'Adminn' into text field 'name=username'.</msg>
<arg>${USERNAME_FIELD}</arg>
<arg>${username}</arg>
<doc>Types the given ``text`` into the text field identified by ``locator``.</doc>
<status status="PASS" start="2025-08-21T17:43:43.249810" elapsed="0.221479"/>
</kw>
<arg>${user}</arg>
<status status="PASS" start="2025-08-21T17:43:43.249075" elapsed="0.222582"/>
</kw>
<kw name="Input Pass" owner="LoginPageKw">
<kw name="Input Text" owner="SeleniumLibrary">
<msg time="2025-08-21T17:43:43.473337" level="INFO">Typing text 'Pass123' into text field 'name=password'.</msg>
<arg>${PASSWORD_FIELD}</arg>
<arg>${password}</arg>
<doc>Types the given ``text`` into the text field identified by ``locator``.</doc>
<status status="PASS" start="2025-08-21T17:43:43.472810" elapsed="0.214706"/>
</kw>
<arg>${pass}</arg>
<status status="PASS" start="2025-08-21T17:43:43.472051" elapsed="0.215843"/>
</kw>
<kw name="Click Login Button" owner="LoginPageKw">
<kw name="Click Button" owner="SeleniumLibrary">
<msg time="2025-08-21T17:43:43.689529" level="INFO">Clicking button 'xpath=//button[@type='submit']'.</msg>
<arg>${LOGIN_BUTTON}</arg>
<doc>Clicks the button identified by ``locator``.</doc>
<status status="PASS" start="2025-08-21T17:43:43.689047" elapsed="0.150736"/>
</kw>
<status status="PASS" start="2025-08-21T17:43:43.688383" elapsed="0.151668"/>
</kw>
<kw name="Page Should Contain text" owner="LoginPageKw">
<kw name="Sleep" owner="BuiltIn">
<msg time="2025-08-21T17:43:45.842020" level="INFO">Slept 2 seconds.</msg>
<arg>2s</arg>
<doc>Pauses the test executed for the given time.</doc>
<status status="PASS" start="2025-08-21T17:43:43.841158" elapsed="2.001047"/>
</kw>
<kw name="Page Should Contain" owner="SeleniumLibrary">
<msg time="2025-08-21T17:43:45.867959" level="INFO">Current page contains text 'Invalid credentials'.</msg>
<arg>${message}</arg>
<doc>Verifies that current page contains ``text``.</doc>
<status status="PASS" start="2025-08-21T17:43:45.842438" elapsed="0.025722"/>
</kw>
<arg>${message}</arg>
<status status="PASS" start="2025-08-21T17:43:43.840428" elapsed="2.027950"/>
</kw>
<arg>${case['userName']}</arg>
<arg>${case['Password']}</arg>
<arg>${case['Message']}</arg>
<status status="PASS" start="2025-08-21T17:43:43.241314" elapsed="2.627227"/>
</kw>
<kw name="Close Browser" owner="SeleniumLibrary">
<doc>Closes the current browser.</doc>
<status status="PASS" start="2025-08-21T17:43:45.868840" elapsed="2.256532"/>
</kw>
<var name="${case}">{'userName': 'Adminn', 'Password': 'Pass123', 'Message': 'Invalid credentials'}</var>
<status status="PASS" start="2025-08-21T17:43:34.850163" elapsed="13.275452"/>
</iter>
<var>${case}</var>
<value>@{data['testdata']}</value>
<status status="PASS" start="2025-08-21T17:42:48.358688" elapsed="59.767128"/>
</for>
<status status="PASS" start="2025-08-21T17:42:48.353202" elapsed="59.773046"/>
</test>
<status status="PASS" start="2025-08-21T17:42:47.520051" elapsed="60.607173"/>
</suite>
<suite id="s1-s7" name="FirstTest" source="D:\Automation practice\Robot Training\Tests\FirstTest.robot">
<test id="s1-s7-t1" name="Verify Example Page Title" line="8">
<kw name="Open Browser" owner="SeleniumLibrary">
<msg time="2025-08-21T17:42:48.041616" level="INFO">Opening browser 'chrome' to base url 'https://example.com'.</msg>
<arg>${URL}</arg>
<arg>${BROWSER}</arg>
<doc>Opens a new browser instance to the optional ``url``.</doc>
<status status="PASS" start="2025-08-21T17:42:48.040936" elapsed="3.448914"/>
</kw>
<kw name="Sleep" owner="BuiltIn">
<msg time="2025-08-21T17:42:54.491339" level="INFO">Slept 3 seconds.</msg>
<arg>3s</arg>
<doc>Pauses the test executed for the given time.</doc>
<status status="PASS" start="2025-08-21T17:42:51.490283" elapsed="3.001299"/>
</kw>
<kw name="Title Should Be" owner="SeleniumLibrary">
<msg time="2025-08-21T17:42:55.549342" level="INFO">Page title is 'Example Domain'.</msg>
<arg>Example Domain</arg>
<doc>Verifies that the current page title equals ``title``.</doc>
<status status="PASS" start="2025-08-21T17:42:54.492011" elapsed="1.057851"/>
</kw>
<kw name="Sleep" owner="BuiltIn">
<msg time="2025-08-21T17:42:58.553666" level="INFO">Slept 3 seconds.</msg>
<arg>3s</arg>
<doc>Pauses the test executed for the given time.</doc>
<status status="PASS" start="2025-08-21T17:42:55.550162" elapsed="3.004045"/>
</kw>
<kw name="Close Browser" owner="SeleniumLibrary">
<doc>Closes the current browser.</doc>
<status status="PASS" start="2025-08-21T17:42:58.554895" elapsed="20.909657"/>
</kw>
<status status="PASS" start="2025-08-21T17:42:48.038912" elapsed="31.426010"/>
</test>
<status status="PASS" start="2025-08-21T17:42:47.468475" elapsed="31.997241"/>
</suite>
<suite id="s1-s8" name="ForLoop" source="D:\Automation practice\Robot Training\Tests\ForLoop.robot">
<test id="s1-s8-t1" name="For_Loop" line="12">
<for flavor="IN RANGE">
<iter>
<kw name="Log To Console" owner="BuiltIn">
<arg>${i}</arg>
<doc>Logs the given message to the console.</doc>
<status status="PASS" start="2025-08-21T17:42:47.889933" elapsed="0.000738"/>
</kw>
<var name="${i}">1</var>
<status status="PASS" start="2025-08-21T17:42:47.887277" elapsed="0.005751"/>
</iter>
<iter>
<kw name="Log To Console" owner="BuiltIn">
<arg>${i}</arg>
<doc>Logs the given message to the console.</doc>
<status status="PASS" start="2025-08-21T17:42:47.893750" elapsed="0.000784"/>
</kw>
<var name="${i}">2</var>
<status status="PASS" start="2025-08-21T17:42:47.893428" elapsed="0.001246"/>
</iter>
<iter>
<kw name="Log To Console" owner="BuiltIn">
<arg>${i}</arg>
<doc>Logs the given message to the console.</doc>
<status status="PASS" start="2025-08-21T17:42:47.895895" elapsed="0.000458"/>
</kw>
<var name="${i}">3</var>
<status status="PASS" start="2025-08-21T17:42:47.894962" elapsed="0.001533"/>
</iter>
<iter>
<kw name="Log To Console" owner="BuiltIn">
<arg>${i}</arg>
<doc>Logs the given message to the console.</doc>
<status status="PASS" start="2025-08-21T17:42:47.897000" elapsed="0.000470"/>
</kw>
<var name="${i}">4</var>
<status status="PASS" start="2025-08-21T17:42:47.896744" elapsed="0.000845"/>
</iter>
<iter>
<kw name="Log To Console" owner="BuiltIn">
<arg>${i}</arg>
<doc>Logs the given message to the console.</doc>
<status status="PASS" start="2025-08-21T17:42:47.898159" elapsed="0.000439"/>
</kw>
<var name="${i}">5</var>
<status status="PASS" start="2025-08-21T17:42:47.897923" elapsed="0.000803"/>
</iter>
<iter>
<kw name="Log To Console" owner="BuiltIn">
<arg>${i}</arg>
<doc>Logs the given message to the console.</doc>
<status status="PASS" start="2025-08-21T17:42:47.899198" elapsed="0.000398"/>
</kw>
<var name="${i}">6</var>
<status status="PASS" start="2025-08-21T17:42:47.898971" elapsed="0.000748"/>
</iter>
<iter>
<kw name="Log To Console" owner="BuiltIn">
<arg>${i}</arg>
<doc>Logs the given message to the console.</doc>
<status status="PASS" start="2025-08-21T17:42:47.900177" elapsed="0.000366"/>
</kw>
<var name="${i}">7</var>
<status status="PASS" start="2025-08-21T17:42:47.899953" elapsed="0.000701"/>
</iter>
<iter>
<kw name="Log To Console" owner="BuiltIn">
<arg>${i}</arg>
<doc>Logs the given message to the console.</doc>
<status status="PASS" start="2025-08-21T17:42:47.901087" elapsed="0.000382"/>
</kw>
<var name="${i}">8</var>
<status status="PASS" start="2025-08-21T17:42:47.900875" elapsed="0.000717"/>
</iter>
<iter>
<kw name="Log To Console" owner="BuiltIn">
<arg>${i}</arg>
<doc>Logs the given message to the console.</doc>
<status status="PASS" start="2025-08-21T17:42:47.902336" elapsed="0.000673"/>
</kw>
<var name="${i}">9</var>
<status status="PASS" start="2025-08-21T17:42:47.902087" elapsed="0.001059"/>
</iter>
<var>${i}</var>
<value>1</value>
<value>10</value>
<status status="PASS" start="2025-08-21T17:42:47.886656" elapsed="0.016622"/>
</for>
<status status="PASS" start="2025-08-21T17:42:47.885998" elapsed="0.017577"/>
</test>
<test id="s1-s8-t2" name="For_Loop for List" line="16">
<for flavor="IN">
<iter>
<kw name="Log To Console" owner="BuiltIn">
<arg>${element}</arg>
<doc>Logs the given message to the console.</doc>
<status status="PASS" start="2025-08-21T17:42:47.905409" elapsed="0.000661"/>
</kw>
<var name="${element}">1 2 3 4 5 6 7 8 9</var>
<status status="PASS" start="2025-08-21T17:42:47.905181" elapsed="0.001036"/>
</iter>
<var>${element}</var>
<value>@{nums}</value>
<status status="PASS" start="2025-08-21T17:42:47.904802" elapsed="0.001529"/>
</for>
<status status="PASS" start="2025-08-21T17:42:47.904165" elapsed="0.002691"/>
</test>
<test id="s1-s8-t3" name="For_loop with Strings" line="20">
<for flavor="IN">
<iter>
<kw name="Log To Console" owner="BuiltIn">
<arg>${string}</arg>
<doc>Logs the given message to the console.</doc>
<status status="PASS" start="2025-08-21T17:42:47.908641" elapsed="0.000395"/>
</kw>
<var name="${string}">mahi</var>
<status status="PASS" start="2025-08-21T17:42:47.908406" elapsed="0.000781"/>
</iter>
<iter>
<kw name="Log To Console" owner="BuiltIn">
<arg>${string}</arg>
<doc>Logs the given message to the console.</doc>
<status status="PASS" start="2025-08-21T17:42:47.909676" elapsed="0.000401"/>
</kw>
<var name="${string}">mahesh</var>
<status status="PASS" start="2025-08-21T17:42:47.909413" elapsed="0.000792"/>
</iter>
<iter>
<kw name="Log To Console" owner="BuiltIn">
<arg>${string}</arg>
<doc>Logs the given message to the console.</doc>
<status status="PASS" start="2025-08-21T17:42:47.910687" elapsed="0.000384"/>
</kw>
<var name="${string}">mahendra</var>
<status status="PASS" start="2025-08-21T17:42:47.910444" elapsed="0.000759"/>
</iter>
<var>${string}</var>
<value>@{str}</value>
<status status="PASS" start="2025-08-21T17:42:47.908057" elapsed="0.003254"/>
</for>
<status status="PASS" start="2025-08-21T17:42:47.907572" elapsed="0.004023"/>
</test>
<test id="s1-s8-t4" name="For_Loop with Condition" line="24">
<for flavor="IN RANGE">
<iter>
<kw name="Log To Console" owner="BuiltIn">
<arg>${i}</arg>
<doc>Logs the given message to the console.</doc>
<status status="PASS" start="2025-08-21T17:42:47.913187" elapsed="0.000450"/>
</kw>
<kw name="Exit For Loop If" owner="BuiltIn">
<arg>${i}==7</arg>
<doc>Stops executing the enclosing FOR loop if the ``condition`` is true.</doc>
<status status="PASS" start="2025-08-21T17:42:47.913927" elapsed="0.000550"/>
</kw>
<var name="${i}">1</var>
<status status="PASS" start="2025-08-21T17:42:47.912928" elapsed="0.001681"/>
</iter>
<iter>
<kw name="Log To Console" owner="BuiltIn">
<arg>${i}</arg>
<doc>Logs the given message to the console.</doc>
<status status="PASS" start="2025-08-21T17:42:47.915117" elapsed="0.000455"/>
</kw>
<kw name="Exit For Loop If" owner="BuiltIn">
<arg>${i}==7</arg>
<doc>Stops executing the enclosing FOR loop if the ``condition`` is true.</doc>
<status status="PASS" start="2025-08-21T17:42:47.915848" elapsed="0.000529"/>
</kw>
<var name="${i}">2</var>
<status status="PASS" start="2025-08-21T17:42:47.914864" elapsed="0.001625"/>
</iter>
<iter>
<kw name="Log To Console" owner="BuiltIn">
<arg>${i}</arg>
<doc>Logs the given message to the console.</doc>
<status status="PASS" start="2025-08-21T17:42:47.916967" elapsed="0.000435"/>
</kw>
<kw name="Exit For Loop If" owner="BuiltIn">
<arg>${i}==7</arg>
<doc>Stops executing the enclosing FOR loop if the ``condition`` is true.</doc>
<status status="PASS" start="2025-08-21T17:42:47.922277" elapsed="0.000570"/>
</kw>
<var name="${i}">3</var>
<status status="PASS" start="2025-08-21T17:42:47.916729" elapsed="0.006259"/>
</iter>
<iter>
<kw name="Log To Console" owner="BuiltIn">
<arg>${i}</arg>
<doc>Logs the given message to the console.</doc>
<status status="PASS" start="2025-08-21T17:42:47.923472" elapsed="0.000973"/>
</kw>
<kw name="Exit For Loop If" owner="BuiltIn">
<arg>${i}==7</arg>
<doc>Stops executing the enclosing FOR loop if the ``condition`` is true.</doc>
<status status="PASS" start="2025-08-21T17:42:47.924740" elapsed="0.000519"/>
</kw>
<var name="${i}">4</var>
<status status="PASS" start="2025-08-21T17:42:47.923238" elapsed="0.002161"/>
</iter>
<iter>
<kw name="Log To Console" owner="BuiltIn">
<arg>${i}</arg>
<doc>Logs the given message to the console.</doc>
<status status="PASS" start="2025-08-21T17:42:47.925959" elapsed="0.000407"/>
</kw>
<kw name="Exit For Loop If" owner="BuiltIn">
<arg>${i}==7</arg>
<doc>Stops executing the enclosing FOR loop if the ``condition`` is true.</doc>
<status status="PASS" start="2025-08-21T17:42:47.926620" elapsed="0.000567"/>
</kw>
<var name="${i}">5</var>
<status status="PASS" start="2025-08-21T17:42:47.925704" elapsed="0.001777"/>
</iter>
<iter>
<kw name="Log To Console" owner="BuiltIn">
<arg>${i}</arg>
<doc>Logs the given message to the console.</doc>
<status status="PASS" start="2025-08-21T17:42:47.927978" elapsed="0.000412"/>
</kw>
<kw name="Exit For Loop If" owner="BuiltIn">
<arg>${i}==7</arg>
<doc>Stops executing the enclosing FOR loop if the ``condition`` is true.</doc>
<status status="PASS" start="2025-08-21T17:42:47.928634" elapsed="0.000515"/>
</kw>
<var name="${i}">6</var>
<status status="PASS" start="2025-08-21T17:42:47.927751" elapsed="0.001533"/>
</iter>
<iter>
<kw name="Log To Console" owner="BuiltIn">
<arg>${i}</arg>
<doc>Logs the given message to the console.</doc>
<status status="PASS" start="2025-08-21T17:42:47.929763" elapsed="0.000391"/>
</kw>
<kw name="Exit For Loop If" owner="BuiltIn">
<msg time="2025-08-21T17:42:47.930988" level="INFO">Exiting for loop altogether.</msg>
<arg>${i}==7</arg>
<doc>Stops executing the enclosing FOR loop if the ``condition`` is true.</doc>
<status status="PASS" start="2025-08-21T17:42:47.930399" elapsed="0.000740"/>
</kw>
<var name="${i}">7</var>
<status status="PASS" start="2025-08-21T17:42:47.929525" elapsed="0.001760"/>
</iter>
<var>${i}</var>
<value>1</value>
<value>10</value>
<status status="PASS" start="2025-08-21T17:42:47.912485" elapsed="0.018914"/>
</for>
<status status="PASS" start="2025-08-21T17:42:47.911980" elapsed="0.019674"/>
</test>
<test id="s1-s8-t5" name="For_Loop With Dictonaries" line="29">
<kw name="Get Dictionary Keys" owner="Collections">
<msg time="2025-08-21T17:42:47.933175" level="INFO">@{dict_keys} = [ age | mob_no | name ]</msg>
<var>@{dict_keys}</var>
<arg>${var}</arg>
<doc>Returns keys of the given ``dictionary`` as a list.</doc>
<status status="PASS" start="2025-08-21T17:42:47.932719" elapsed="0.000528"/>
</kw>
<kw name="Log To Console" owner="BuiltIn">
<arg>${dict_keys}</arg>
<doc>Logs the given message to the console.</doc>
<status status="PASS" start="2025-08-21T17:42:47.933495" elapsed="0.000396"/>
</kw>
<kw name="Get Dictionary Values" owner="Collections">
<msg time="2025-08-21T17:42:47.934575" level="INFO">@{values} = [ 23 | 9100 | mahi ]</msg>
<var>@{values}</var>
<arg>${var}</arg>
<doc>Returns values of the given ``dictionary`` as a list.</doc>
<status status="PASS" start="2025-08-21T17:42:47.934137" elapsed="0.000504"/>
</kw>
<kw name="Log To Console" owner="BuiltIn">
<arg>${values}</arg>
<doc>Logs the given message to the console.</doc>
<status status="PASS" start="2025-08-21T17:42:47.934868" elapsed="0.000361"/>
</kw>
<for flavor="IN">
<iter>
<kw name="Log To Console" owner="BuiltIn">
<arg>${key}</arg>
<doc>Logs the given message to the console.</doc>
<status status="PASS" start="2025-08-21T17:42:47.935988" elapsed="0.000370"/>
</kw>
<kw name="Get From Dictionary" owner="Collections">
<msg time="2025-08-21T17:42:47.937028" level="INFO">${value} = 23</msg>
<var>${value}</var>
<arg>${var}</arg>
<arg>${key}</arg>
<doc>Returns a value from the given ``dictionary`` based on the given ``key``.</doc>
<status status="PASS" start="2025-08-21T17:42:47.936582" elapsed="0.000513"/>
</kw>
<kw name="Log To Console" owner="BuiltIn">
<arg>${value}</arg>
<doc>Logs the given message to the console.</doc>
<status status="PASS" start="2025-08-21T17:42:47.937339" elapsed="0.000422"/>
</kw>
<kw name="Log To Console" owner="BuiltIn">
<arg>${key}=${value}</arg>
<doc>Logs the given message to the console.</doc>
<status status="PASS" start="2025-08-21T17:42:47.938027" elapsed="0.000516"/>
</kw>
<var name="${key}">age</var>
<status status="PASS" start="2025-08-21T17:42:47.935761" elapsed="0.002906"/>
</iter>
<iter>
<kw name="Log To Console" owner="BuiltIn">
<arg>${key}</arg>
<doc>Logs the given message to the console.</doc>
<status status="PASS" start="2025-08-21T17:42:47.939173" elapsed="0.000433"/>
</kw>
<kw name="Get From Dictionary" owner="Collections">
<msg time="2025-08-21T17:42:47.940301" level="INFO">${value} = 9100</msg>
<var>${value}</var>
<arg>${var}</arg>
<arg>${key}</arg>
<doc>Returns a value from the given ``dictionary`` based on the given ``key``.</doc>
<status status="PASS" start="2025-08-21T17:42:47.939880" elapsed="0.000485"/>
</kw>
<kw name="Log To Console" owner="BuiltIn">
<arg>${value}</arg>
<doc>Logs the given message to the console.</doc>
<status status="PASS" start="2025-08-21T17:42:47.940612" elapsed="0.000383"/>
</kw>
<kw name="Log To Console" owner="BuiltIn">
<arg>${key}=${value}</arg>
<doc>Logs the given message to the console.</doc>
<status status="PASS" start="2025-08-21T17:42:47.941244" elapsed="0.000508"/>
</kw>
<var name="${key}">mob_no</var>
<status status="PASS" start="2025-08-21T17:42:47.938927" elapsed="0.002934"/>
</iter>
<iter>
<kw name="Log To Console" owner="BuiltIn">
<arg>${key}</arg>
<doc>Logs the given message to the console.</doc>
<status status="PASS" start="2025-08-21T17:42:47.942341" elapsed="0.000408"/>
</kw>
<kw name="Get From Dictionary" owner="Collections">
<msg time="2025-08-21T17:42:47.943438" level="INFO">${value} = mahi</msg>
<var>${value}</var>
<arg>${var}</arg>
<arg>${key}</arg>
<doc>Returns a value from the given ``dictionary`` based on the given ``key``.</doc>
<status status="PASS" start="2025-08-21T17:42:47.943012" elapsed="0.000505"/>
</kw>
<kw name="Log To Console" owner="BuiltIn">
<arg>${value}</arg>
<doc>Logs the given message to the console.</doc>
<status status="PASS" start="2025-08-21T17:42:47.943790" elapsed="0.000388"/>
</kw>
<kw name="Log To Console" owner="BuiltIn">
<arg>${key}=${value}</arg>
<doc>Logs the given message to the console.</doc>
<status status="PASS" start="2025-08-21T17:42:47.944408" elapsed="0.000463"/>
</kw>
<var name="${key}">name</var>
<status status="PASS" start="2025-08-21T17:42:47.942114" elapsed="0.002871"/>
</iter>
<var>${key}</var>
<value>@{dict_keys}</value>
<status status="PASS" start="2025-08-21T17:42:47.935386" elapsed="0.009717"/>
</for>
<status status="PASS" start="2025-08-21T17:42:47.932172" elapsed="0.013153"/>
</test>
<status status="PASS" start="2025-08-21T17:42:47.336828" elapsed="0.609179"/>
</suite>
<suite id="s1-s9" name="Headless" source="D:\Automation practice\Robot Training\Tests\Headless.robot">
<test id="s1-s9-t1" name="Run Tests under Headless Browser" line="7">
<kw name="Open Browser" owner="SeleniumLibrary">
<msg time="2025-08-21T17:42:47.894405" level="INFO">Opening browser 'headlesschrome' to base url 'https://www.google.com/'.</msg>
<arg>${URL}</arg>
<arg>headlesschrome</arg>
<doc>Opens a new browser instance to the optional ``url``.</doc>
<status status="PASS" start="2025-08-21T17:42:47.893785" elapsed="3.947940"/>
</kw>
<kw name="Maximize Browser Window" owner="SeleniumLibrary">
<doc>Maximizes current browser window.</doc>
<status status="PASS" start="2025-08-21T17:42:51.842107" elapsed="2.102513"/>
</kw>
<kw name="Sleep" owner="BuiltIn">
<msg time="2025-08-21T17:42:55.945928" level="INFO">Slept 2 seconds.</msg>
<arg>2s</arg>
<doc>Pauses the test executed for the given time.</doc>
<status status="PASS" start="2025-08-21T17:42:53.944929" elapsed="2.001193"/>
</kw>
<kw name="Input Text" owner="SeleniumLibrary">
<msg time="2025-08-21T17:42:55.947019" level="INFO">Typing text 'Automation Step by step' into text field 'class=gLFyf'.</msg>
<arg>class=gLFyf</arg>
<arg>Automation Step by step</arg>
<doc>Types the given ``text`` into the text field identified by ``locator``.</doc>
<status status="PASS" start="2025-08-21T17:42:55.946390" elapsed="1.629496"/>
</kw>
<kw name="Sleep" owner="BuiltIn">
<msg time="2025-08-21T17:42:59.576902" level="INFO">Slept 2 seconds.</msg>
<arg>2s</arg>
<doc>Pauses the test executed for the given time.</doc>
<status status="PASS" start="2025-08-21T17:42:57.576177" elapsed="2.001003"/>
</kw>
<kw name="Click Button" owner="SeleniumLibrary">
<msg time="2025-08-21T17:42:59.578325" level="INFO">Clicking button 'class=gNO89b'.</msg>
<arg>class=gNO89b</arg>
<doc>Clicks the button identified by ``locator``.</doc>
<status status="PASS" start="2025-08-21T17:42:59.577640" elapsed="7.047494"/>
</kw>
<kw name="Sleep" owner="BuiltIn">
<msg time="2025-08-21T17:43:08.626823" level="INFO">Slept 2 seconds.</msg>
<arg>2s</arg>
<doc>Pauses the test executed for the given time.</doc>
<status status="PASS" start="2025-08-21T17:43:06.625538" elapsed="2.001559"/>
</kw>
<kw name="Sleep" owner="BuiltIn">
<msg time="2025-08-21T17:43:13.628501" level="INFO">Slept 5 seconds.</msg>
<arg>5s</arg>
<doc>Pauses the test executed for the given time.</doc>
<status status="PASS" start="2025-08-21T17:43:08.627468" elapsed="5.001368"/>
</kw>
<kw name="Close Browser" owner="SeleniumLibrary">
<doc>Closes the current browser.</doc>
<status status="PASS" start="2025-08-21T17:43:13.629209" elapsed="6.145441"/>
</kw>
<status status="PASS" start="2025-08-21T17:42:47.891931" elapsed="31.883100"/>
</test>
<status status="PASS" start="2025-08-21T17:42:47.349123" elapsed="32.426946"/>
</suite>
<suite id="s1-s10" name="Iframes" source="D:\Automation practice\Robot Training\Tests\Iframes.robot">
<test id="s1-s10-t1" name="Handling iframes" line="6">
<kw name="Open Browser" owner="SeleniumLibrary">
<msg time="2025-08-21T17:42:47.862000" level="INFO">Opening browser 'chrome' to base url 'https://www.w3schools.com/js/tryit.asp?filename=tryjs_myfirst'.</msg>
<arg>https://www.w3schools.com/js/tryit.asp?filename=tryjs_myfirst</arg>
<arg>${BROWSER}</arg>
<doc>Opens a new browser instance to the optional ``url``.</doc>
<status status="PASS" start="2025-08-21T17:42:47.861359" elapsed="3.370324"/>
</kw>
<kw name="Maximize Browser Window" owner="SeleniumLibrary">
<doc>Maximizes current browser window.</doc>
<status status="PASS" start="2025-08-21T17:42:51.232109" elapsed="45.928995"/>
</kw>
<kw name="Select Frame" owner="SeleniumLibrary">
<msg time="2025-08-21T17:43:37.162391" level="INFO">Selecting frame 'id=iframeResult'.</msg>
<arg>id=iframeResult</arg>
<doc>Sets frame identified by ``locator`` as the current frame.</doc>
<status status="PASS" start="2025-08-21T17:43:37.161535" elapsed="0.215965"/>
</kw>
<kw name="Current Frame Should Contain" owner="SeleniumLibrary">
<msg time="2025-08-21T17:43:37.643469" level="INFO">Current frame contains text 'My First JavaScript'.</msg>
<arg>My First JavaScript</arg>
<doc>Verifies that the current frame contains ``text``.</doc>
<status status="PASS" start="2025-08-21T17:43:37.378068" elapsed="0.265640"/>
</kw>
<kw name="Current Frame Should Not Contain" owner="SeleniumLibrary">
<msg time="2025-08-21T17:43:40.373693" level="INFO">Current frame did not contain text 'text'.</msg>
<arg>text</arg>
<doc>Verifies that the current frame does not contain ``text``.</doc>
<status status="PASS" start="2025-08-21T17:43:37.644723" elapsed="2.729279"/>
</kw>
<kw name="Click Button" owner="SeleniumLibrary">
<msg time="2025-08-21T17:43:40.375046" level="INFO">Clicking button 'css=button[type='button']'.</msg>
<arg>css=button[type='button']</arg>
<doc>Clicks the button identified by ``locator``.</doc>
<status status="PASS" start="2025-08-21T17:43:40.374497" elapsed="0.877970"/>
</kw>
<kw name="Sleep" owner="BuiltIn">
<msg time="2025-08-21T17:43:44.254143" level="INFO">Slept 3 seconds.</msg>
<arg>3s</arg>
<doc>Pauses the test executed for the given time.</doc>
<status status="PASS" start="2025-08-21T17:43:41.252988" elapsed="3.001332"/>
</kw>
<kw name="Unselect Frame" owner="SeleniumLibrary">
<doc>Sets the main frame as the current frame.</doc>
<status status="PASS" start="2025-08-21T17:43:44.254675" elapsed="0.007304"/>
</kw>
<kw name="Frame Should Contain" owner="SeleniumLibrary">
<msg time="2025-08-21T17:43:44.297472" level="INFO">Searching for text from frame 'id=iframeResult'.</msg>
<msg time="2025-08-21T17:43:44.311360" level="INFO">Frame 'id=iframeResult' contains text 'My First JavaScript'.</msg>
<arg>id=iframeResult</arg>
<arg>My First JavaScript</arg>
<doc>Verifies that frame identified by ``locator`` contains ``text``.</doc>
<status status="PASS" start="2025-08-21T17:43:44.262284" elapsed="0.049192"/>
</kw>
<status status="PASS" start="2025-08-21T17:42:47.859560" elapsed="56.452118"/>
</test>
<status status="PASS" start="2025-08-21T17:42:47.342526" elapsed="56.969794"/>
</suite>
<suite id="s1-s11" name="LoginTest" source="D:\Automation practice\Robot Training\Tests\LoginTest.robot">
<test id="s1-s11-t1" name="Valid Login Test" line="11">
<kw name="Open Login Page" owner="LoginPageKw" type="SETUP">
<kw name="Open Browser" owner="SeleniumLibrary">
<msg time="2025-08-21T17:42:51.830090" level="INFO">Opening browser 'chrome' to base url 'https://opensource-demo.orangehrmlive.com/web/index.php/auth/login'.</msg>
<arg>${URL}</arg>
<arg>${BROWSER}</arg>
<doc>Opens a new browser instance to the optional ``url``.</doc>
<status status="PASS" start="2025-08-21T17:42:51.829415" elapsed="4.942111"/>
</kw>
<kw name="Maximize Browser Window" owner="SeleniumLibrary">
<doc>Maximizes current browser window.</doc>
<status status="PASS" start="2025-08-21T17:42:56.772030" elapsed="2.879593"/>
</kw>
<kw name="Sleep" owner="BuiltIn">
<msg time="2025-08-21T17:43:02.655615" level="INFO">Slept 3 seconds.</msg>
<arg>3s</arg>
<doc>Pauses the test executed for the given time.</doc>
<status status="PASS" start="2025-08-21T17:42:59.652122" elapsed="3.004574"/>
</kw>
<status status="PASS" start="2025-08-21T17:42:51.826822" elapsed="10.832221"/>
</kw>
<kw name="Login" owner="LoginPageKw">
<kw name="Input User" owner="LoginPageKw">
<kw name="Input Text" owner="SeleniumLibrary">
<msg time="2025-08-21T17:43:02.788083" level="INFO">Typing text 'Admin' into text field 'name=username'.</msg>
<arg>${USERNAME_FIELD}</arg>
<arg>${username}</arg>
<doc>Types the given ``text`` into the text field identified by ``locator``.</doc>
<status status="PASS" start="2025-08-21T17:43:02.746672" elapsed="3.611807"/>
</kw>
<arg>${user}</arg>
<status status="PASS" start="2025-08-21T17:43:02.706026" elapsed="3.652788"/>
</kw>
<kw name="Input Pass" owner="LoginPageKw">
<kw name="Input Text" owner="SeleniumLibrary">
<msg time="2025-08-21T17:43:06.361652" level="INFO">Typing text 'admin123' into text field 'name=password'.</msg>
<arg>${PASSWORD_FIELD}</arg>
<arg>${password}</arg>
<doc>Types the given ``text`` into the text field identified by ``locator``.</doc>
<status status="PASS" start="2025-08-21T17:43:06.360804" elapsed="1.842466"/>
</kw>
<arg>${pass}</arg>
<status status="PASS" start="2025-08-21T17:43:06.359309" elapsed="1.844211"/>
</kw>
<kw name="Click Login Button" owner="LoginPageKw">
<kw name="Click Button" owner="SeleniumLibrary">
<msg time="2025-08-21T17:43:08.204980" level="INFO">Clicking button 'xpath=//button[@type='submit']'.</msg>
<arg>${LOGIN_BUTTON}</arg>
<doc>Clicks the button identified by ``locator``.</doc>
<status status="PASS" start="2025-08-21T17:43:08.204493" elapsed="2.015350"/>
</kw>
<status status="PASS" start="2025-08-21T17:43:08.203893" elapsed="2.016261"/>
</kw>
<kw name="Page Should Contain text" owner="LoginPageKw">
<kw name="Sleep" owner="BuiltIn">
<msg time="2025-08-21T17:43:12.223627" level="INFO">Slept 2 seconds.</msg>
<arg>2s</arg>
<doc>Pauses the test executed for the given time.</doc>
<status status="PASS" start="2025-08-21T17:43:10.221509" elapsed="2.002697"/>
</kw>
<kw name="Page Should Contain" owner="SeleniumLibrary">
<msg time="2025-08-21T17:43:12.427337" level="INFO">Current page contains text 'Dashboard'.</msg>
<arg>${message}</arg>
<doc>Verifies that current page contains ``text``.</doc>
<status status="PASS" start="2025-08-21T17:43:12.224585" elapsed="0.202984"/>
</kw>
<arg>${message}</arg>
<status status="PASS" start="2025-08-21T17:43:10.220617" elapsed="2.207211"/>
</kw>
<arg>Admin</arg>
<arg>admin123</arg>
<arg>Dashboard</arg>
<status status="PASS" start="2025-08-21T17:43:02.702690" elapsed="9.725339"/>
</kw>
<kw name="Close Browser" owner="SeleniumLibrary" type="TEARDOWN">
<doc>Closes the current browser.</doc>
<status status="PASS" start="2025-08-21T17:43:12.428555" elapsed="7.471777"/>
</kw>
<status status="PASS" start="2025-08-21T17:42:51.824391" elapsed="28.076619"/>
</test>
<test id="s1-s11-t2" name="Invalid Login Test" line="14">
<kw name="Open Login Page" owner="LoginPageKw" type="SETUP">
<kw name="Open Browser" owner="SeleniumLibrary">
<msg time="2025-08-21T17:43:19.904441" level="INFO">Opening browser 'chrome' to base url 'https://opensource-demo.orangehrmlive.com/web/index.php/auth/login'.</msg>
<arg>${URL}</arg>
<arg>${BROWSER}</arg>
<doc>Opens a new browser instance to the optional ``url``.</doc>
<status status="PASS" start="2025-08-21T17:43:19.903909" elapsed="7.385523"/>
</kw>
<kw name="Maximize Browser Window" owner="SeleniumLibrary">
<doc>Maximizes current browser window.</doc>
<status status="PASS" start="2025-08-21T17:43:27.289860" elapsed="0.082636"/>
</kw>
<kw name="Sleep" owner="BuiltIn">
<msg time="2025-08-21T17:43:30.388739" level="INFO">Slept 3 seconds.</msg>
<arg>3s</arg>
<doc>Pauses the test executed for the given time.</doc>
<status status="PASS" start="2025-08-21T17:43:27.372831" elapsed="3.016147"/>
</kw>
<status status="PASS" start="2025-08-21T17:43:19.903255" elapsed="10.485991"/>
</kw>
<kw name="Login" owner="LoginPageKw">
<kw name="Input User" owner="LoginPageKw">
<kw name="Input Text" owner="SeleniumLibrary">
<msg time="2025-08-21T17:43:30.413392" level="INFO">Typing text 'Admin' into text field 'name=username'.</msg>
<arg>${USERNAME_FIELD}</arg>
<arg>${username}</arg>
<doc>Types the given ``text`` into the text field identified by ``locator``.</doc>
<status status="PASS" start="2025-08-21T17:43:30.412263" elapsed="0.946357"/>
</kw>
<arg>${user}</arg>
<status status="PASS" start="2025-08-21T17:43:30.401252" elapsed="0.957687"/>
</kw>
<kw name="Input Pass" owner="LoginPageKw">
<kw name="Input Text" owner="SeleniumLibrary">
<msg time="2025-08-21T17:43:31.362523" level="INFO">Typing text 'Admin' into text field 'name=password'.</msg>
<arg>${PASSWORD_FIELD}</arg>
<arg>${password}</arg>
<doc>Types the given ``text`` into the text field identified by ``locator``.</doc>
<status status="PASS" start="2025-08-21T17:43:31.360202" elapsed="0.560230"/>
</kw>
<arg>${pass}</arg>
<status status="PASS" start="2025-08-21T17:43:31.359376" elapsed="0.561337"/>
</kw>
<kw name="Click Login Button" owner="LoginPageKw">
<kw name="Click Button" owner="SeleniumLibrary">
<msg time="2025-08-21T17:43:31.922334" level="INFO">Clicking button 'xpath=//button[@type='submit']'.</msg>
<arg>${LOGIN_BUTTON}</arg>
<doc>Clicks the button identified by ``locator``.</doc>
<status status="PASS" start="2025-08-21T17:43:31.921760" elapsed="1.463885"/>
</kw>
<status status="PASS" start="2025-08-21T17:43:31.921099" elapsed="1.464869"/>
</kw>
<kw name="Page Should Contain text" owner="LoginPageKw">
<kw name="Sleep" owner="BuiltIn">
<msg time="2025-08-21T17:43:35.388196" level="INFO">Slept 2 seconds.</msg>
<arg>2s</arg>
<doc>Pauses the test executed for the given time.</doc>
<status status="PASS" start="2025-08-21T17:43:33.387299" elapsed="2.001096"/>
</kw>
<kw name="Page Should Contain" owner="SeleniumLibrary">
<msg time="2025-08-21T17:43:35.410359" level="INFO">Current page contains text 'Invalid credentials'.</msg>
<arg>${message}</arg>
<doc>Verifies that current page contains ``text``.</doc>
<status status="PASS" start="2025-08-21T17:43:35.388709" elapsed="0.021781"/>
</kw>
<arg>${message}</arg>
<status status="PASS" start="2025-08-21T17:43:33.386408" elapsed="2.024223"/>
</kw>
<arg>Admin</arg>
<arg>Admin</arg>
<arg>Invalid credentials</arg>
<status status="PASS" start="2025-08-21T17:43:30.397699" elapsed="5.013036"/>
</kw>
<kw name="Close Browser" owner="SeleniumLibrary" type="TEARDOWN">
<doc>Closes the current browser.</doc>
<status status="PASS" start="2025-08-21T17:43:35.411073" elapsed="2.324338"/>
</kw>
<status status="PASS" start="2025-08-21T17:43:19.902386" elapsed="17.833386"/>
</test>
<status status="PASS" start="2025-08-21T17:42:48.436835" elapsed="49.304913"/>
</suite>
<suite id="s1-s12" name="Practice" source="D:\Automation practice\Robot Training\Tests\Practice.robot">
<test id="s1-s12-t1" name="Practicing" line="6">
<kw name="Log To Console" owner="BuiltIn">
<arg>Hello</arg>
<doc>Logs the given message to the console.</doc>
<status status="PASS" start="2025-08-21T17:42:56.133310" elapsed="0.001944"/>
</kw>
<kw name="Log To Console" owner="BuiltIn">
<arg>message</arg>
<doc>Logs the given message to the console.</doc>
<status status="PASS" start="2025-08-21T17:42:56.136742" elapsed="0.000584"/>
</kw>
<status status="PASS" start="2025-08-21T17:42:56.130811" elapsed="0.006910"/>
</test>
<status status="PASS" start="2025-08-21T17:42:50.613265" elapsed="5.525259"/>
</suite>
<suite id="s1-s13" name="RestApi" source="D:\Automation practice\Robot Training\Tests\RestApi">
<suite id="s1-s13-s1" name="DELETE Request" source="D:\Automation practice\Robot Training\Tests\RestApi\DELETE_Request.robot">
<test id="s1-s13-s1-t1" name="Delete Post" line="10">
<kw name="Create Session" owner="RequestsLibrary">
<msg time="2025-08-21T17:42:54.099120" level="INFO">Creating Session using : alias=MySession, url=https://jsonplaceholder.typicode.com, headers={},                     cookies={}, auth=None, timeout=None, proxies=None, verify=False,                     debug=0 </msg>
<arg>MySession</arg>
<arg>${url}</arg>
<doc>Create Session: create a HTTP session to a server</doc>
<status status="PASS" start="2025-08-21T17:42:54.098596" elapsed="0.001005"/>
</kw>
<kw name="Set Variable" owner="BuiltIn">
<msg time="2025-08-21T17:42:54.106085" level="INFO">${delete_endpoint} = /posts/101</msg>
<var>${delete_endpoint}</var>
<arg>${endpoint}/101</arg>
<doc>Returns the given values which can then be assigned to a variables.</doc>
<status status="PASS" start="2025-08-21T17:42:54.103199" elapsed="0.003053"/>
</kw>
<kw name="DELETE On Session" owner="RequestsLibrary">
<msg time="2025-08-21T17:42:54.882637" level="INFO">DELETE Request : url=https://jsonplaceholder.typicode.com/posts/101 
 path_url=/posts/101 
 headers={'User-Agent': 'python-requests/2.32.4', 'Accept-Encoding': 'gzip, deflate', 'Accept': '*/*', 'Connection': 'keep-alive', 'Content-Length': '0'} 
 body=None 
 </msg>
<msg time="2025-08-21T17:42:54.882890" level="INFO">DELETE Response : url=https://jsonplaceholder.typicode.com/posts/101 
 status=200, reason=OK 
 headers={'Date': 'Thu, 21 Aug 2025 12:12:55 GMT', 'Content-Type': 'application/json; charset=utf-8', 'Transfer-Encoding': 'chunked', 'Connection': 'keep-alive', 'Access-Control-Allow-Credentials': 'true', 'Cache-Control': 'no-cache', 'Etag': 'W/"2-vyGp6PvFo4RvsFtPoIWeCReyIC8"', 'Expires': '-1', 'Nel': '{"report_to":"heroku-nel","response_headers":["Via"],"max_age":3600,"success_fraction":0.01,"failure_fraction":0.1}', 'Pragma': 'no-cache', 'Report-To': '{"group":"heroku-nel","endpoints":[{"url":"https://nel.heroku.com/reports?s=Xv84%2Bcd7SzW5U3u4zH%2Fb5g2yTJI9dLlKtdB2QwIqZx4%3D\\u0026sid=e11707d5-02a7-43ef-b45e-2cf4d2036f7d\\u0026ts=1755778374"}],"max_age":3600}', 'Reporting-Endpoints': 'heroku-nel="https://nel.heroku.com/reports?s=Xv84%2Bcd7SzW5U3u4zH%2Fb5g2yTJI9dLlKtdB2QwIqZx4%3D&amp;sid=e11707d5-02a7-43ef-b45e-2cf4d2036f7d&amp;ts=1755778374"', 'Server': 'cloudflare', 'Vary': 'Origin, Accept-Encoding', 'Via': '2.0 heroku-router', 'X-Content-Type-Options': 'nosniff', 'X-Powered-By': 'Express', 'X-Ratelimit-Limit': '1000', 'X-Ratelimit-Remaining': '999', 'X-Ratelimit-Reset': '1755778402', 'Cf-Cache-Status': 'DYNAMIC', 'Content-Encoding': 'gzip', 'CF-RAY': '972a0a9aeacd7e78-MAA', 'alt-svc': 'h3=":443"; ma=86400'} 
 body={} 
 </msg>
<msg time="2025-08-21T17:42:54.883282" level="INFO">C:\Users\LENOVO\AppData\Local\Programs\Python\Python313\Lib\site-packages\urllib3\connectionpool.py:1097: InsecureRequestWarning: Unverified HTTPS request is being made to host 'jsonplaceholder.typicode.com'. Adding certificate verification is strongly advised. See: https://urllib3.readthedocs.io/en/latest/advanced-usage.html#tls-warnings
  warnings.warn(</msg>
<msg time="2025-08-21T17:42:54.883629" level="INFO">${response} = &lt;Response [200]&gt;</msg>
<var>${response}</var>
<arg>MySession</arg>
<arg>${delete_endpoint}</arg>
<doc>Sends a DELETE request on a previously created HTTP Session.</doc>
<status status="PASS" start="2025-08-21T17:42:54.106552" elapsed="0.777136"/>
</kw>
<kw name="Log To Console" owner="BuiltIn">
<arg>Response : ${response}</arg>
<doc>Logs the given message to the console.</doc>
<status status="PASS" start="2025-08-21T17:42:54.883952" elapsed="0.000533"/>
</kw>
<kw name="Status Should Be" owner="RequestsLibrary">
<arg>200</arg>
<arg>${response}</arg>
<doc>Fails if response status code is different than the expected.</doc>
<status status="PASS" start="2025-08-21T17:42:54.884717" elapsed="0.000552"/>
</kw>
<kw name="Convert To String" owner="BuiltIn">
<msg time="2025-08-21T17:42:54.887103" level="INFO">${status_code} = 200</msg>
<var>${status_code}</var>
<arg>${response.status_code}</arg>
<doc>Converts the given item to a Unicode string.</doc>
<status status="PASS" start="2025-08-21T17:42:54.885515" elapsed="0.001670"/>
</kw>
<kw name="Log To Console" owner="BuiltIn">
[...]
</kw>
<kw name="Log To Console" owner="BuiltIn">
<arg>Response :${response}</arg>
<doc>Logs the given message to the console.</doc>
<status status="PASS" start="2025-08-21T17:43:13.469177" elapsed="0.000668"/>
</kw>
<kw name="Status Should Be" owner="RequestsLibrary">
<arg>201</arg>
<arg>${response}</arg>
<doc>Fails if response status code is different than the expected.</doc>
<status status="PASS" start="2025-08-21T17:43:13.470147" elapsed="0.000673"/>
</kw>
<kw name="Convert To String" owner="BuiltIn">
<msg time="2025-08-21T17:43:13.472666" level="INFO">${status_code} = 201</msg>
<var>${status_code}</var>
<arg>${response.status_code}</arg>
<doc>Converts the given item to a Unicode string.</doc>
<status status="PASS" start="2025-08-21T17:43:13.471138" elapsed="0.001623"/>
</kw>
<kw name="Log To Console" owner="BuiltIn">
<arg>Status Code :${status_code}</arg>
<doc>Logs the given message to the console.</doc>
<status status="PASS" start="2025-08-21T17:43:13.473093" elapsed="0.000615"/>
</kw>
<kw name="Should Be Equal" owner="BuiltIn">
<arg>201</arg>
<arg>${status_code}</arg>
<doc>Fails if the given objects are unequal.</doc>
<status status="PASS" start="2025-08-21T17:43:13.474055" elapsed="0.000543"/>
</kw>
<kw name="Convert To String" owner="BuiltIn">
<msg time="2025-08-21T17:43:13.476361" level="INFO">${body} = {
  "userId": "5",
  "id": 101,
  "title": "Checking Post Requests",
  "body": "This is for Checking the functionality of the Post method"
}</msg>
<var>${body}</var>
<arg>${response.content}</arg>
<doc>Converts the given item to a Unicode string.</doc>
<status status="PASS" start="2025-08-21T17:43:13.474902" elapsed="0.001551"/>
</kw>
<kw name="Log To Console" owner="BuiltIn">
<arg>${body}</arg>
<doc>Logs the given message to the console.</doc>
<status status="PASS" start="2025-08-21T17:43:13.476803" elapsed="0.001168"/>
</kw>
<kw name="Evaluate" owner="BuiltIn">
<msg time="2025-08-21T17:43:13.479182" level="INFO">${res_body} = {'userId': '5', 'id': 101, 'title': 'Checking Post Requests', 'body': 'This is for Checking the functionality of the Post method'}</msg>
<var>${res_body}</var>
<arg>${body}</arg>
<doc>Evaluates the given expression in Python and returns the result.</doc>
<status status="PASS" start="2025-08-21T17:43:13.478363" elapsed="0.000924"/>
</kw>
<kw name="Log To Console" owner="BuiltIn">
<arg>${res_body}</arg>
<doc>Logs the given message to the console.</doc>
<status status="PASS" start="2025-08-21T17:43:13.479627" elapsed="0.001523"/>
</kw>
<kw name="Log To Console" owner="BuiltIn">
<arg>Title is ${res_body}[title]</arg>
<doc>Logs the given message to the console.</doc>
<status status="PASS" start="2025-08-21T17:43:13.481761" elapsed="0.001852"/>
</kw>
<kw name="Log To Console" owner="BuiltIn">
<arg>id: ${res_body}[id]</arg>
<doc>Logs the given message to the console.</doc>
<status status="PASS" start="2025-08-21T17:43:13.484036" elapsed="0.000647"/>
</kw>
<kw name="Should Be Equal As Integers" owner="BuiltIn">
<msg time="2025-08-21T17:43:13.485515" level="INFO">Argument types are:
&lt;class 'int'&gt;
&lt;class 'str'&gt;</msg>
<arg>${res_body}[id]</arg>
<arg>101</arg>
<doc>Fails if objects are unequal after converting them to integers.</doc>
<status status="PASS" start="2025-08-21T17:43:13.485022" elapsed="0.000681"/>
</kw>
<status status="PASS" start="2025-08-21T17:43:12.619681" elapsed="0.866396"/>
</test>
<status status="PASS" start="2025-08-21T17:43:09.444646" elapsed="4.042653"/>
</suite>
<status status="PASS" start="2025-08-21T17:42:51.535000" elapsed="21.954000"/>
</suite>
<suite id="s1-s14" name="SetupOrTeardown" source="D:\Automation practice\Robot Training\Tests\SetupOrTeardown.robot">
<kw name="Log To Console" owner="BuiltIn" type="SETUP">
<arg>IM INSIDE SUITE SETUP</arg>
<doc>Logs the given message to the console.</doc>
<status status="PASS" start="2025-08-21T17:43:13.541584" elapsed="0.000798"/>
</kw>
<test id="s1-s14-t1" name="Checking Setup ad Teardown" line="12">
<kw name="Log To Console" owner="BuiltIn" type="SETUP">
<arg>IM INSIDE TEST SETUP</arg>
<doc>Logs the given message to the console.</doc>
<status status="PASS" start="2025-08-21T17:43:13.543891" elapsed="0.000621"/>
</kw>
<kw name="Log To Console" owner="BuiltIn">
<arg>Inside Test Case 1</arg>
<doc>Logs the given message to the console.</doc>
<status status="PASS" start="2025-08-21T17:43:13.544934" elapsed="0.000527"/>
</kw>
<kw name="Log To Console" owner="BuiltIn" type="TEARDOWN">
<arg>IM INSIDE TEST TEARDOWN</arg>
<doc>Logs the given message to the console.</doc>
<status status="PASS" start="2025-08-21T17:43:13.545999" elapsed="0.000635"/>
</kw>
<status status="PASS" start="2025-08-21T17:43:13.542792" elapsed="0.004157"/>
</test>
<test id="s1-s14-t2" name="Checking Setup ad Teardown 1" line="15">
<kw name="Log To Console" owner="BuiltIn" type="SETUP">
<arg>IM INSIDE TEST SETUP</arg>
<doc>Logs the given message to the console.</doc>
<status status="PASS" start="2025-08-21T17:43:13.549731" elapsed="0.000656"/>
</kw>
<kw name="Log To Console" owner="BuiltIn">
<arg>Inside Test Case 2</arg>
<doc>Logs the given message to the console.</doc>
<status status="PASS" start="2025-08-21T17:43:13.550748" elapsed="0.000463"/>
</kw>
<kw name="Log To Console" owner="BuiltIn" type="TEARDOWN">
<arg>IM INSIDE TEST TEARDOWN</arg>
<doc>Logs the given message to the console.</doc>
<status status="PASS" start="2025-08-21T17:43:13.551736" elapsed="0.000506"/>
</kw>
<status status="PASS" start="2025-08-21T17:43:13.548056" elapsed="0.004387"/>
</test>
<kw name="Log To Console" owner="BuiltIn" type="TEARDOWN">
<arg>IM INSIDE SUITE TEARDOWN</arg>
<doc>Logs the given message to the console.</doc>
<status status="PASS" start="2025-08-21T17:43:13.553809" elapsed="0.000687"/>
</kw>
<status status="PASS" start="2025-08-21T17:43:12.644840" elapsed="0.909904"/>
</suite>
<suite id="s1-s15" name="Tags" source="D:\Automation practice\Robot Training\Tests\Tags.robot">
<test id="s1-s15-t1" name="checking Tags keyword" line="7">
<kw name="Log To Console" owner="BuiltIn">
<arg>Inside Smoke ${TEST_TAGS}</arg>
<doc>Logs the given message to the console.</doc>
<status status="PASS" start="2025-08-21T17:43:17.121195" elapsed="0.000842"/>
</kw>
<tag>smoke</tag>
<status status="PASS" start="2025-08-21T17:43:17.118452" elapsed="0.004034"/>
</test>
<test id="s1-s15-t2" name="checking default Tags" line="12">
<kw name="Log To Console" owner="BuiltIn">
<arg>Inside Default ${TEST_TAGS}</arg>
<doc>Logs the given message to the console.</doc>
<status status="PASS" start="2025-08-21T17:43:17.124120" elapsed="0.000723"/>
</kw>
<tag>sanity</tag>
<status status="PASS" start="2025-08-21T17:43:17.123209" elapsed="0.002000"/>
</test>
<test id="s1-s15-t3" name="checking set Tags" line="16">
<kw name="Set Tags" owner="BuiltIn">
<msg time="2025-08-21T17:43:17.127638" level="INFO">Set tag 'regression'.</msg>
<arg>regression</arg>
<doc>Adds given ``tags`` for the current test or all tests in a suite.</doc>
<status status="PASS" start="2025-08-21T17:43:17.127092" elapsed="0.000724"/>
</kw>
<kw name="Log To Console" owner="BuiltIn">
<arg>Inside Set tag ${TEST_TAGS}</arg>
<doc>Logs the given message to the console.</doc>
<status status="PASS" start="2025-08-21T17:43:17.128127" elapsed="0.000621"/>
</kw>
<tag>regression</tag>
<tag>sanity</tag>
<status status="PASS" start="2025-08-21T17:43:17.126340" elapsed="0.002765"/>
</test>
<status status="PASS" start="2025-08-21T17:43:16.365897" elapsed="0.764233"/>
</suite>
<suite id="s1-s16" name="Templates" source="D:\Automation practice\Robot Training\Tests\Templates.robot">
<test id="s1-s16-t1" name="Valid Login" line="25">
<kw name="LoginTestCase">
<kw name="Open Browser" owner="SeleniumLibrary">
<msg time="2025-08-21T17:43:17.144317" level="INFO">Opening browser 'chrome' to base url 'https://opensource-demo.orangehrmlive.com/web/index.php/auth/login'.</msg>
<arg>${URL}</arg>
<arg>${BROWSER}</arg>
<doc>Opens a new browser instance to the optional ``url``.</doc>
<status status="PASS" start="2025-08-21T17:43:17.143484" elapsed="6.150056"/>
</kw>
<kw name="Maximize Browser Window" owner="SeleniumLibrary">
<doc>Maximizes current browser window.</doc>
<status status="PASS" start="2025-08-21T17:43:23.294187" elapsed="0.196199"/>
</kw>
<kw name="Sleep" owner="BuiltIn">
<msg time="2025-08-21T17:43:28.493970" level="INFO">Slept 5 seconds.</msg>
<arg>5s</arg>
<doc>Pauses the test executed for the given time.</doc>
<status status="PASS" start="2025-08-21T17:43:23.490812" elapsed="5.005132"/>
</kw>
<kw name="Input Text" owner="SeleniumLibrary">
<msg time="2025-08-21T17:43:28.501236" level="INFO">Typing text 'Admin' into text field 'name=username'.</msg>
<arg>name=username</arg>
<arg>${username}</arg>
<doc>Types the given ``text`` into the text field identified by ``locator``.</doc>
<status status="PASS" start="2025-08-21T17:43:28.498278" elapsed="0.254988"/>
</kw>
<kw name="Input Text" owner="SeleniumLibrary">
<msg time="2025-08-21T17:43:28.754367" level="INFO">Typing text 'admin123' into text field 'name=password'.</msg>
<arg>name=password</arg>
<arg>${password}</arg>
<doc>Types the given ``text`` into the text field identified by ``locator``.</doc>
<status status="PASS" start="2025-08-21T17:43:28.753662" elapsed="0.269052"/>
</kw>
<kw name="Click Button" owner="SeleniumLibrary">
<msg time="2025-08-21T17:43:29.023666" level="INFO">Clicking button 'xpath=//button[@type='submit']'.</msg>
<arg>xpath=//button[@type='submit']</arg>
<doc>Clicks the button identified by ``locator``.</doc>
<status status="PASS" start="2025-08-21T17:43:29.023129" elapsed="0.166562"/>
</kw>
<kw name="Sleep" owner="BuiltIn">
<msg time="2025-08-21T17:43:34.191130" level="INFO">Slept 5 seconds.</msg>
<arg>5s</arg>
<doc>Pauses the test executed for the given time.</doc>
<status status="PASS" start="2025-08-21T17:43:29.190106" elapsed="5.001251"/>
</kw>
<kw name="Page Should Contain" owner="SeleniumLibrary">
<msg time="2025-08-21T17:43:34.218031" level="INFO">Current page contains text 'Dashboard'.</msg>
<arg>${expected_message}</arg>
<doc>Verifies that current page contains ``text``.</doc>
<status status="PASS" start="2025-08-21T17:43:34.191638" elapsed="0.026547"/>
</kw>
<kw name="Close Browser" owner="SeleniumLibrary">
<doc>Closes the current browser.</doc>
<status status="PASS" start="2025-08-21T17:43:34.218490" elapsed="2.382798"/>
</kw>
<arg>Admin</arg>
<arg>admin123</arg>
<arg>Dashboard</arg>
<status status="PASS" start="2025-08-21T17:43:17.141300" elapsed="19.460401"/>
</kw>
<status status="PASS" start="2025-08-21T17:43:17.138450" elapsed="19.463953"/>
</test>
<test id="s1-s16-t2" name="Invalid Login" line="28">
<kw name="LoginTestCase">
<kw name="Open Browser" owner="SeleniumLibrary">
<msg time="2025-08-21T17:43:36.675982" level="INFO">Opening browser 'chrome' to base url 'https://opensource-demo.orangehrmlive.com/web/index.php/auth/login'.</msg>
<arg>${URL}</arg>
<arg>${BROWSER}</arg>
<doc>Opens a new browser instance to the optional ``url``.</doc>
<status status="PASS" start="2025-08-21T17:43:36.634887" elapsed="3.815088"/>
</kw>
<kw name="Maximize Browser Window" owner="SeleniumLibrary">
<doc>Maximizes current browser window.</doc>
<status status="PASS" start="2025-08-21T17:43:40.450442" elapsed="2.145104"/>
</kw>
<kw name="Sleep" owner="BuiltIn">
<msg time="2025-08-21T17:43:47.596936" level="INFO">Slept 5 seconds.</msg>
<arg>5s</arg>
<doc>Pauses the test executed for the given time.</doc>
<status status="PASS" start="2025-08-21T17:43:42.595926" elapsed="5.001207"/>
</kw>
<kw name="Input Text" owner="SeleniumLibrary">
<msg time="2025-08-21T17:43:47.598030" level="INFO">Typing text 'admin' into text field 'name=username'.</msg>
<arg>name=username</arg>
<arg>${username}</arg>
<doc>Types the given ``text`` into the text field identified by ``locator``.</doc>
<status status="PASS" start="2025-08-21T17:43:47.597485" elapsed="0.106558"/>
</kw>
<kw name="Input Text" owner="SeleniumLibrary">
<msg time="2025-08-21T17:43:47.705474" level="INFO">Typing text 'wrongpassword' into text field 'name=password'.</msg>
<arg>name=password</arg>
<arg>${password}</arg>
<doc>Types the given ``text`` into the text field identified by ``locator``.</doc>
<status status="PASS" start="2025-08-21T17:43:47.704681" elapsed="0.122054"/>
</kw>
<kw name="Click Button" owner="SeleniumLibrary">
<msg time="2025-08-21T17:43:47.827275" level="INFO">Clicking button 'xpath=//button[@type='submit']'.</msg>
<arg>xpath=//button[@type='submit']</arg>
<doc>Clicks the button identified by ``locator``.</doc>
<status status="PASS" start="2025-08-21T17:43:47.826946" elapsed="1.160459"/>
</kw>
<kw name="Sleep" owner="BuiltIn">
<msg time="2025-08-21T17:43:53.989077" level="INFO">Slept 5 seconds.</msg>
<arg>5s</arg>
<doc>Pauses the test executed for the given time.</doc>
<status status="PASS" start="2025-08-21T17:43:48.987811" elapsed="5.001951"/>
</kw>
<kw name="Page Should Contain" owner="SeleniumLibrary">
<msg time="2025-08-21T17:43:54.042237" level="INFO">Current page contains text 'Invalid credentials'.</msg>
<arg>${expected_message}</arg>
<doc>Verifies that current page contains ``text``.</doc>
<status status="PASS" start="2025-08-21T17:43:53.990624" elapsed="0.051789"/>
</kw>
<kw name="Close Browser" owner="SeleniumLibrary">
<doc>Closes the current browser.</doc>
<status status="PASS" start="2025-08-21T17:43:54.042718" elapsed="2.230727"/>
</kw>
<arg>admin</arg>
<arg>wrongpassword</arg>
<arg>Invalid credentials</arg>
<status status="PASS" start="2025-08-21T17:43:36.605885" elapsed="19.668143"/>
</kw>
<kw name="LoginTestCase">
<kw name="Open Browser" owner="SeleniumLibrary">
<msg time="2025-08-21T17:43:56.277772" level="INFO">Opening browser 'chrome' to base url 'https://opensource-demo.orangehrmlive.com/web/index.php/auth/login'.</msg>
<arg>${URL}</arg>
<arg>${BROWSER}</arg>
<doc>Opens a new browser instance to the optional ``url``.</doc>
<status status="PASS" start="2025-08-21T17:43:56.276706" elapsed="4.103524"/>
</kw>
<kw name="Maximize Browser Window" owner="SeleniumLibrary">
<doc>Maximizes current browser window.</doc>
<status status="PASS" start="2025-08-21T17:44:00.380412" elapsed="0.031475"/>
</kw>
<kw name="Sleep" owner="BuiltIn">
<msg time="2025-08-21T17:44:05.412957" level="INFO">Slept 5 seconds.</msg>
<arg>5s</arg>
<doc>Pauses the test executed for the given time.</doc>
<status status="PASS" start="2025-08-21T17:44:00.412056" elapsed="5.001303"/>
</kw>
<kw name="Input Text" owner="SeleniumLibrary">
<msg time="2025-08-21T17:44:05.415962" level="INFO">Typing text 'user' into text field 'name=username'.</msg>
<arg>name=username</arg>
<arg>${username}</arg>
<doc>Types the given ``text`` into the text field identified by ``locator``.</doc>
<status status="PASS" start="2025-08-21T17:44:05.414179" elapsed="0.135933"/>
</kw>
<kw name="Input Text" owner="SeleniumLibrary">
<msg time="2025-08-21T17:44:05.550532" level="INFO">Typing text 'admin123' into text field 'name=password'.</msg>
<arg>name=password</arg>
<arg>${password}</arg>
<doc>Types the given ``text`` into the text field identified by ``locator``.</doc>
<status status="PASS" start="2025-08-21T17:44:05.550281" elapsed="0.074699"/>
</kw>
<kw name="Click Button" owner="SeleniumLibrary">
<msg time="2025-08-21T17:44:05.625596" level="INFO">Clicking button 'xpath=//button[@type='submit']'.</msg>
<arg>xpath=//button[@type='submit']</arg>
<doc>Clicks the button identified by ``locator``.</doc>
<status status="PASS" start="2025-08-21T17:44:05.625224" elapsed="0.077347"/>
</kw>
<kw name="Sleep" owner="BuiltIn">
<msg time="2025-08-21T17:44:10.703738" level="INFO">Slept 5 seconds.</msg>
<arg>5s</arg>
<doc>Pauses the test executed for the given time.</doc>
<status status="PASS" start="2025-08-21T17:44:05.702816" elapsed="5.001343"/>
</kw>
<kw name="Page Should Contain" owner="SeleniumLibrary">
<msg time="2025-08-21T17:44:10.761431" level="INFO">Current page contains text 'Invalid credentials'.</msg>
<arg>${expected_message}</arg>
<doc>Verifies that current page contains ``text``.</doc>
<status status="PASS" start="2025-08-21T17:44:10.704862" elapsed="0.056754"/>
</kw>
<kw name="Close Browser" owner="SeleniumLibrary">
<doc>Closes the current browser.</doc>
<status status="PASS" start="2025-08-21T17:44:10.761924" elapsed="2.173739"/>
</kw>
<arg>user</arg>
<arg>admin123</arg>
<arg>Invalid credentials</arg>
<status status="PASS" start="2025-08-21T17:43:56.274918" elapsed="16.661720"/>
</kw>
<status status="PASS" start="2025-08-21T17:43:36.604573" elapsed="36.332970"/>
</test>
<status status="PASS" start="2025-08-21T17:43:16.422501" elapsed="56.518170"/>
</suite>
<suite id="s1-s17" name="Variables" source="D:\Automation practice\Robot Training\Tests\Variables.robot">
<test id="s1-s17-t1" name="Accesing Variables" line="18">
<kw name="Log To Console" owner="BuiltIn">
<arg>${Scalar}</arg>
<doc>Logs the given message to the console.</doc>
<status status="PASS" start="2025-08-21T17:43:19.730894" elapsed="0.000864"/>
</kw>
<kw name="Log To Console" owner="BuiltIn">
<arg>${lists}</arg>
<doc>Logs the given message to the console.</doc>
<status status="PASS" start="2025-08-21T17:43:19.732220" elapsed="0.001501"/>
</kw>
<kw name="Log To Console" owner="BuiltIn">
<arg>${dict}</arg>
<doc>Logs the given message to the console.</doc>
<status status="PASS" start="2025-08-21T17:43:19.734768" elapsed="0.000818"/>
</kw>
<status status="PASS" start="2025-08-21T17:43:19.728426" elapsed="0.007547"/>
</test>
<status status="PASS" start="2025-08-21T17:43:19.176273" elapsed="0.560580"/>
</suite>
<doc>[https://pabot.org/?ref=log|Pabot] result from 20 executions.</doc>
<status status="PASS" start="2025-08-21T17:42:47.248000" elapsed="85.695000"/>
</suite>
<statistics>
<total>
<stat pass="33" fail="0" skip="0">All Tests</stat>
</total>
<tag>
<stat pass="1" fail="0" skip="0">regression</stat>
<stat pass="2" fail="0" skip="0">sanity</stat>
<stat pass="1" fail="0" skip="0">smoke</stat>
</tag>
<suite>
<stat name="Tests" id="s1" pass="33" fail="0" skip="0">Tests</stat>
<stat name="Add To cart" id="s1-s1" pass="1" fail="0" skip="0">Tests.Add To cart</stat>
<stat name="Assertions" id="s1-s2" pass="1" fail="0" skip="0">Tests.Assertions</stat>
<stat name="CustomLib" id="s1-s3" pass="1" fail="0" skip="0">Tests.CustomLib</stat>
<stat name="DataFromCsv" id="s1-s4" pass="3" fail="0" skip="0">Tests.DataFromCsv</stat>
<stat name="DataFromExcel" id="s1-s5" pass="3" fail="0" skip="0">Tests.DataFromExcel</stat>
<stat name="DataFromJson" id="s1-s6" pass="1" fail="0" skip="0">Tests.DataFromJson</stat>
<stat name="FirstTest" id="s1-s7" pass="1" fail="0" skip="0">Tests.FirstTest</stat>
<stat name="ForLoop" id="s1-s8" pass="5" fail="0" skip="0">Tests.ForLoop</stat>
<stat name="Headless" id="s1-s9" pass="1" fail="0" skip="0">Tests.Headless</stat>
<stat name="Iframes" id="s1-s10" pass="1" fail="0" skip="0">Tests.Iframes</stat>
<stat name="LoginTest" id="s1-s11" pass="2" fail="0" skip="0">Tests.LoginTest</stat>
<stat name="Practice" id="s1-s12" pass="1" fail="0" skip="0">Tests.Practice</stat>
<stat name="RestApi" id="s1-s13" pass="4" fail="0" skip="0">Tests.RestApi</stat>
<stat name="DELETE Request" id="s1-s13-s1" pass="1" fail="0" skip="0">Tests.RestApi.DELETE Request</stat>
<stat name="FirstApi" id="s1-s13-s2" pass="1" fail="0" skip="0">Tests.RestApi.FirstApi</stat>
<stat name="GET Request" id="s1-s13-s3" pass="1" fail="0" skip="0">Tests.RestApi.GET Request</stat>
<stat name="POST Request" id="s1-s13-s4" pass="1" fail="0" skip="0">Tests.RestApi.POST Request</stat>
<stat name="SetupOrTeardown" id="s1-s14" pass="2" fail="0" skip="0">Tests.SetupOrTeardown</stat>
<stat name="Tags" id="s1-s15" pass="3" fail="0" skip="0">Tests.Tags</stat>
<stat name="Templates" id="s1-s16" pass="2" fail="0" skip="0">Tests.Templates</stat>
<stat name="Variables" id="s1-s17" pass="1" fail="0" skip="0">Tests.Variables</stat>
</suite>
</statistics>
<errors>
</errors>
</robot>
