<?xml version="1.0" encoding="UTF-8"?>
<robot generator="Robot 7.3.2 (Python 3.13.5 on win32)" generated="2025-07-18T17:51:46.307561" rpa="false" schemaversion="5">
<suite id="s1" name="Tests" source="D:\Automation practice\Robot Training\Tests">
<suite id="s1-s1" name="Iframes" source="D:\Automation practice\Robot Training\Tests\Iframes.robot">
<test id="s1-s1-t1" name="Handling iframes" line="6">
<kw name="Open Browser" owner="SeleniumLibrary">
<msg time="2025-07-18T17:51:46.741704" level="INFO">Opening browser 'chrome' to base url 'https://www.w3schools.com/js/tryit.asp?filename=tryjs_myfirst'.</msg>
<arg>https://www.w3schools.com/js/tryit.asp?filename=tryjs_myfirst</arg>
<arg>chrome</arg>
<doc>Opens a new browser instance to the optional ``url``.</doc>
<status status="PASS" start="2025-07-18T17:51:46.741235" elapsed="32.823409"/>
</kw>
<kw name="Maximize Browser Window" owner="SeleniumLibrary">
<doc>Maximizes current browser window.</doc>
<status status="PASS" start="2025-07-18T17:52:19.565143" elapsed="0.100463"/>
</kw>
<kw name="Select Frame" owner="SeleniumLibrary">
<msg time="2025-07-18T17:52:19.666643" level="INFO">Selecting frame 'id=iframeResult'.</msg>
<arg>id=iframeResult</arg>
<doc>Sets frame identified by ``locator`` as the current frame.</doc>
<status status="PASS" start="2025-07-18T17:52:19.665949" elapsed="0.051219"/>
</kw>
<kw name="Current Frame Should Contain" owner="SeleniumLibrary">
<msg time="2025-07-18T17:52:19.733885" level="INFO">Current frame contains text 'My First JavaScript'.</msg>
<arg>My First JavaScript</arg>
<doc>Verifies that the current frame contains ``text``.</doc>
<status status="PASS" start="2025-07-18T17:52:19.717431" elapsed="0.016606"/>
</kw>
<kw name="Current Frame Should Not Contain" owner="SeleniumLibrary">
<msg time="2025-07-18T17:52:19.771741" level="INFO">Current frame did not contain text 'text'.</msg>
<arg>text</arg>
<doc>Verifies that the current frame does not contain ``text``.</doc>
<status status="PASS" start="2025-07-18T17:52:19.734274" elapsed="0.037746"/>
</kw>
<kw name="Click Button" owner="SeleniumLibrary">
<msg time="2025-07-18T17:52:19.773019" level="INFO">Clicking button 'css=button[type='button']'.</msg>
<arg>css=button[type='button']</arg>
<doc>Clicks the button identified by ``locator``.</doc>
<status status="PASS" start="2025-07-18T17:52:19.772461" elapsed="0.370047"/>
</kw>
<kw name="Sleep" owner="BuiltIn">
<msg time="2025-07-18T17:52:23.143517" level="INFO">Slept 3 seconds.</msg>
<arg>3s</arg>
<doc>Pauses the test executed for the given time.</doc>
<status status="PASS" start="2025-07-18T17:52:20.142854" elapsed="3.000797"/>
</kw>
<kw name="Unselect Frame" owner="SeleniumLibrary">
<doc>Sets the main frame as the current frame.</doc>
<status status="PASS" start="2025-07-18T17:52:23.143836" elapsed="0.002538"/>
</kw>
<kw name="Frame Should Contain" owner="SeleniumLibrary">
<msg time="2025-07-18T17:52:23.171926" level="INFO">Searching for text from frame 'id=iframeResult'.</msg>
<msg time="2025-07-18T17:52:23.181450" level="INFO">Frame 'id=iframeResult' contains text 'My First JavaScript'.</msg>
<arg>id=iframeResult</arg>
<arg>My First JavaScript</arg>
<doc>Verifies that frame identified by ``locator`` contains ``text``.</doc>
<status status="PASS" start="2025-07-18T17:52:23.146577" elapsed="0.034967"/>
</kw>
<status status="PASS" start="2025-07-18T17:51:46.739803" elapsed="36.441901"/>
</test>
<status status="PASS" start="2025-07-18T17:51:46.361541" elapsed="36.820625"/>
</suite>
<status status="PASS" start="2025-07-18T17:51:46.333122" elapsed="36.849784"/>
</suite>
<statistics>
<total>
<stat pass="1" fail="0" skip="0">All Tests</stat>
</total>
<tag>
</tag>
<suite>
<stat name="Tests" id="s1" pass="1" fail="0" skip="0">Tests</stat>
<stat name="Iframes" id="s1-s1" pass="1" fail="0" skip="0">Tests.Iframes</stat>
</suite>
</statistics>
<errors>
</errors>
</robot>
