<?xml version="1.0" encoding="UTF-8"?>
<robot generator="Robot 7.3.2 (Python 3.13.5 on win32)" generated="2025-08-21T17:17:36.328925" rpa="false" schemaversion="5">
<suite id="s1" name="Tests" source="D:\Automation practice\Robot Training\Tests">
<suite id="s1-s1" name="Templates" source="D:\Automation practice\Robot Training\Tests\Templates.robot">
<test id="s1-s1-t1" name="Valid Login" line="25">
<kw name="LoginTestCase">
<kw name="Open Browser" owner="SeleniumLibrary">
<msg time="2025-08-21T17:17:37.753520" level="INFO">Opening browser 'headlesschrome' to base url 'https://opensource-demo.orangehrmlive.com/web/index.php/auth/login'.</msg>
<arg>${URL}</arg>
<arg>headlesschrome</arg>
<doc>Opens a new browser instance to the optional ``url``.</doc>
<status status="PASS" start="2025-08-21T17:17:37.752489" elapsed="5.664501"/>
</kw>
<kw name="Maximize Browser Window" owner="SeleniumLibrary">
<doc>Maximizes current browser window.</doc>
<status status="PASS" start="2025-08-21T17:17:43.417422" elapsed="0.033610"/>
</kw>
<kw name="Sleep" owner="BuiltIn">
<msg time="2025-08-21T17:17:48.452686" level="INFO">Slept 5 seconds.</msg>
<arg>5s</arg>
<doc>Pauses the test executed for the given time.</doc>
<status status="PASS" start="2025-08-21T17:17:43.451434" elapsed="5.001520"/>
</kw>
<kw name="Input Text" owner="SeleniumLibrary">
<msg time="2025-08-21T17:17:48.456029" level="INFO">Typing text 'Admin' into text field 'name=username'.</msg>
<arg>name=username</arg>
<arg>${username}</arg>
<doc>Types the given ``text`` into the text field identified by ``locator``.</doc>
<status status="PASS" start="2025-08-21T17:17:48.453329" elapsed="0.242934"/>
</kw>
<kw name="Input Text" owner="SeleniumLibrary">
<msg time="2025-08-21T17:17:48.697600" level="INFO">Typing text 'admin123' into text field 'name=password'.</msg>
<arg>name=password</arg>
<arg>${password}</arg>
<doc>Types the given ``text`` into the text field identified by ``locator``.</doc>
<status status="PASS" start="2025-08-21T17:17:48.696750" elapsed="0.178026"/>
</kw>
<kw name="Click Button" owner="SeleniumLibrary">
<msg time="2025-08-21T17:17:48.875696" level="INFO">Clicking button 'xpath=//button[@type='submit']'.</msg>
<arg>xpath=//button[@type='submit']</arg>
<doc>Clicks the button identified by ``locator``.</doc>
<status status="PASS" start="2025-08-21T17:17:48.875171" elapsed="0.172841"/>
</kw>
<kw name="Sleep" owner="BuiltIn">
<msg time="2025-08-21T17:17:54.049301" level="INFO">Slept 5 seconds.</msg>
<arg>5s</arg>
<doc>Pauses the test executed for the given time.</doc>
<status status="PASS" start="2025-08-21T17:17:49.048566" elapsed="5.000905"/>
</kw>
<kw name="Page Should Contain" owner="SeleniumLibrary">
<msg time="2025-08-21T17:17:54.071453" level="INFO">Current page contains text 'Dashboard'.</msg>
<arg>${expected_message}</arg>
<doc>Verifies that current page contains ``text``.</doc>
<status status="PASS" start="2025-08-21T17:17:54.049730" elapsed="0.021906"/>
</kw>
<kw name="Close Browser" owner="SeleniumLibrary">
<doc>Closes the current browser.</doc>
<status status="PASS" start="2025-08-21T17:17:54.071857" elapsed="2.181312"/>
</kw>
<arg>Admin</arg>
<arg>admin123</arg>
<arg>Dashboard</arg>
<status status="PASS" start="2025-08-21T17:17:37.750156" elapsed="18.503300"/>
</kw>
<status status="PASS" start="2025-08-21T17:17:37.748525" elapsed="18.505301"/>
</test>
<test id="s1-s1-t2" name="Invalid Login" line="28">
<kw name="LoginTestCase">
<kw name="Open Browser" owner="SeleniumLibrary">
<msg time="2025-08-21T17:17:56.256782" level="INFO">Opening browser 'headlesschrome' to base url 'https://opensource-demo.orangehrmlive.com/web/index.php/auth/login'.</msg>
<arg>${URL}</arg>
<arg>headlesschrome</arg>
<doc>Opens a new browser instance to the optional ``url``.</doc>
<status status="PASS" start="2025-08-21T17:17:56.256252" elapsed="4.312559"/>
</kw>
<kw name="Maximize Browser Window" owner="SeleniumLibrary">
<doc>Maximizes current browser window.</doc>
<status status="PASS" start="2025-08-21T17:18:00.569051" elapsed="0.021938"/>
</kw>
<kw name="Sleep" owner="BuiltIn">
<msg time="2025-08-21T17:18:05.592030" level="INFO">Slept 5 seconds.</msg>
<arg>5s</arg>
<doc>Pauses the test executed for the given time.</doc>
<status status="PASS" start="2025-08-21T17:18:00.591281" elapsed="5.001084"/>
</kw>
<kw name="Input Text" owner="SeleniumLibrary">
<msg time="2025-08-21T17:18:05.593914" level="INFO">Typing text 'admin' into text field 'name=username'.</msg>
<arg>name=username</arg>
<arg>${username}</arg>
<doc>Types the given ``text`` into the text field identified by ``locator``.</doc>
<status status="PASS" start="2025-08-21T17:18:05.592921" elapsed="0.183213"/>
</kw>
<kw name="Input Text" owner="SeleniumLibrary">
<msg time="2025-08-21T17:18:05.777169" level="INFO">Typing text 'wrongpassword' into text field 'name=password'.</msg>
<arg>name=password</arg>
<arg>${password}</arg>
<doc>Types the given ``text`` into the text field identified by ``locator``.</doc>
<status status="PASS" start="2025-08-21T17:18:05.776597" elapsed="0.131783"/>
</kw>
<kw name="Click Button" owner="SeleniumLibrary">
<msg time="2025-08-21T17:18:05.909471" level="INFO">Clicking button 'xpath=//button[@type='submit']'.</msg>
<arg>xpath=//button[@type='submit']</arg>
<doc>Clicks the button identified by ``locator``.</doc>
<status status="PASS" start="2025-08-21T17:18:05.908986" elapsed="0.116931"/>
</kw>
<kw name="Sleep" owner="BuiltIn">
<msg time="2025-08-21T17:18:11.027562" level="INFO">Slept 5 seconds.</msg>
<arg>5s</arg>
<doc>Pauses the test executed for the given time.</doc>
<status status="PASS" start="2025-08-21T17:18:06.026276" elapsed="5.001549"/>
</kw>
<kw name="Page Should Contain" owner="SeleniumLibrary">
<msg time="2025-08-21T17:18:11.054990" level="INFO">Current page contains text 'Invalid credentials'.</msg>
<arg>${expected_message}</arg>
<doc>Verifies that current page contains ``text``.</doc>
<status status="PASS" start="2025-08-21T17:18:11.028211" elapsed="0.026919"/>
</kw>
<kw name="Close Browser" owner="SeleniumLibrary">
<doc>Closes the current browser.</doc>
<status status="PASS" start="2025-08-21T17:18:11.055365" elapsed="2.154935"/>
</kw>
<arg>admin</arg>
<arg>wrongpassword</arg>
<arg>Invalid credentials</arg>
<status status="PASS" start="2025-08-21T17:17:56.255468" elapsed="16.955089"/>
</kw>
<kw name="LoginTestCase">
<kw name="Open Browser" owner="SeleniumLibrary">
<msg time="2025-08-21T17:18:13.211909" level="INFO">Opening browser 'headlesschrome' to base url 'https://opensource-demo.orangehrmlive.com/web/index.php/auth/login'.</msg>
<arg>${URL}</arg>
<arg>headlesschrome</arg>
<doc>Opens a new browser instance to the optional ``url``.</doc>
<status status="PASS" start="2025-08-21T17:18:13.211550" elapsed="4.041088"/>
</kw>
<kw name="Maximize Browser Window" owner="SeleniumLibrary">
<doc>Maximizes current browser window.</doc>
<status status="PASS" start="2025-08-21T17:18:17.252820" elapsed="0.032855"/>
</kw>
<kw name="Sleep" owner="BuiltIn">
<msg time="2025-08-21T17:18:22.286936" level="INFO">Slept 5 seconds.</msg>
<arg>5s</arg>
<doc>Pauses the test executed for the given time.</doc>
<status status="PASS" start="2025-08-21T17:18:17.285955" elapsed="5.001381"/>
</kw>
<kw name="Input Text" owner="SeleniumLibrary">
<msg time="2025-08-21T17:18:22.289312" level="INFO">Typing text 'user' into text field 'name=username'.</msg>
<arg>name=username</arg>
<arg>${username}</arg>
<doc>Types the given ``text`` into the text field identified by ``locator``.</doc>
<status status="PASS" start="2025-08-21T17:18:22.288084" elapsed="0.136358"/>
</kw>
<kw name="Input Text" owner="SeleniumLibrary">
<msg time="2025-08-21T17:18:22.425460" level="INFO">Typing text 'admin123' into text field 'name=password'.</msg>
<arg>name=password</arg>
<arg>${password}</arg>
<doc>Types the given ``text`` into the text field identified by ``locator``.</doc>
<status status="PASS" start="2025-08-21T17:18:22.424915" elapsed="0.113226"/>
</kw>
<kw name="Click Button" owner="SeleniumLibrary">
<msg time="2025-08-21T17:18:22.539187" level="INFO">Clicking button 'xpath=//button[@type='submit']'.</msg>
<arg>xpath=//button[@type='submit']</arg>
<doc>Clicks the button identified by ``locator``.</doc>
<status status="PASS" start="2025-08-21T17:18:22.538448" elapsed="0.151118"/>
</kw>
<kw name="Sleep" owner="BuiltIn">
<msg time="2025-08-21T17:18:27.691631" level="INFO">Slept 5 seconds.</msg>
<arg>5s</arg>
<doc>Pauses the test executed for the given time.</doc>
<status status="PASS" start="2025-08-21T17:18:22.690365" elapsed="5.001678"/>
</kw>
<kw name="Page Should Contain" owner="SeleniumLibrary">
<msg time="2025-08-21T17:18:27.725045" level="INFO">Current page contains text 'Invalid credentials'.</msg>
<arg>${expected_message}</arg>
<doc>Verifies that current page contains ``text``.</doc>
<status status="PASS" start="2025-08-21T17:18:27.692715" elapsed="0.032467"/>
</kw>
<kw name="Close Browser" owner="SeleniumLibrary">
<doc>Closes the current browser.</doc>
<status status="PASS" start="2025-08-21T17:18:27.725414" elapsed="2.124786"/>
</kw>
<arg>user</arg>
<arg>admin123</arg>
<arg>Invalid credentials</arg>
<status status="PASS" start="2025-08-21T17:18:13.210963" elapsed="16.639795"/>
</kw>
<status status="PASS" start="2025-08-21T17:17:56.254548" elapsed="33.596914"/>
</test>
<status status="PASS" start="2025-08-21T17:17:36.410726" elapsed="53.443467"/>
</suite>
<status status="PASS" start="2025-08-21T17:17:36.368845" elapsed="53.487961"/>
</suite>
<statistics>
<total>
<stat pass="2" fail="0" skip="0">All Tests</stat>
</total>
<tag>
</tag>
<suite>
<stat name="Tests" id="s1" pass="2" fail="0" skip="0">Tests</stat>
<stat name="Templates" id="s1-s1" pass="2" fail="0" skip="0">Tests.Templates</stat>
</suite>
</statistics>
<errors>
</errors>
</robot>
