<?xml version="1.0" encoding="UTF-8"?>
<robot generator="Robot 7.3.2 (Python 3.13.5 on win32)" generated="2025-07-18T11:13:48.608128" rpa="false" schemaversion="5">
<suite id="s1" name="Tests" source="D:\Automation practice\Robot Training\tests">
<suite id="s1-s1" name="Practice" source="D:\Automation practice\Robot Training\tests\Practice.robot">
<test id="s1-s1-t1" name="Practicing" line="6">
<kw name="Log To Console" owner="BuiltIn">
<arg>Hello</arg>
<doc>Logs the given message to the console.</doc>
<status status="PASS" start="2025-07-18T11:13:50.147925" elapsed="0.000738"/>
</kw>
<kw name="Log To Console" owner="BuiltIn">
<arg>message</arg>
<doc>Logs the given message to the console.</doc>
<status status="PASS" start="2025-07-18T11:13:50.149220" elapsed="0.000703"/>
</kw>
<status status="PASS" start="2025-07-18T11:13:50.145773" elapsed="0.004554"/>
</test>
<status status="PASS" start="2025-07-18T11:13:48.856028" elapsed="1.294970"/>
</suite>
<status status="PASS" start="2025-07-18T11:13:48.772239" elapsed="1.379894"/>
</suite>
<statistics>
<total>
<stat pass="1" fail="0" skip="0">All Tests</stat>
</total>
<tag>
</tag>
<suite>
<stat name="Tests" id="s1" pass="1" fail="0" skip="0">Tests</stat>
<stat name="Practice" id="s1-s1" pass="1" fail="0" skip="0">Tests.Practice</stat>
</suite>
</statistics>
<errors>
</errors>
</robot>
